[0.008s] Invoking command in '/home/buhrmann/ws_moveit/build/point_cloud_circle_detector': CMAKE_PREFIX_PATH=${CMAKE_PREFIX_PATH}:/home/buhrmann/ws_moveit/install/moveit_configs_utils:/opt/ros/iron /usr/bin/cmake --build /home/buhrmann/ws_moveit/build/point_cloud_circle_detector -- -j28 -l28
[0.034s] -- Found ament_cmake: 2.0.7 (/opt/ros/iron/share/ament_cmake/cmake)
[0.103s] -- Found Python3: /usr/bin/python3.10 (found version "3.10.12") found components: Interpreter 
[0.147s] -- Override CMake install command with custom implementation using symlinks instead of copying resources
[0.187s] -- FLANN found (include: /usr/include, lib: /usr/lib/x86_64-linux-gnu/libflann_cpp.so)
[0.190s] -- Could NOT find Pcap (missing: PCAP_LIBRARIES PCAP_INCLUDE_DIRS) 
[0.190s] [0m** WARNING ** io features related to pcap will be disabled[0m
[0.253s] -- Found Python3: /usr/bin/python3.10 (found suitable version "3.10.12", minimum required is "3.10") found components: Interpreter Development.Module Development.Embed 
[0.658s] [0m** WARNING **  features related to /opt/ros/iron/lib/libpcl_msgs__rosidl_typesupport_fastrtps_cpp.so will be disabled[0m
[0.669s] -- Found Qhull version 8.0.2
[1.171s] [0m** WARNING **  features related to /opt/ros/iron/lib/libpcl_msgs__rosidl_typesupport_fastrtps_cpp.so will be disabled[0m
[1.175s] -- looking for PCL_COMMON
[1.176s] -- looking for PCL_KDTREE
[1.176s] -- looking for PCL_OCTREE
[1.176s] -- looking for PCL_SEARCH
[1.176s] -- looking for PCL_SAMPLE_CONSENSUS
[1.176s] -- looking for PCL_FILTERS
[1.176s] -- looking for PCL_2D
[1.176s] -- looking for PCL_GEOMETRY
[1.176s] -- looking for PCL_IO
[1.177s] -- looking for PCL_FEATURES
[1.177s] -- looking for PCL_ML
[1.177s] -- looking for PCL_SEGMENTATION
[1.177s] -- looking for PCL_SURFACE
[1.177s] -- looking for PCL_REGISTRATION
[1.178s] -- looking for PCL_KEYPOINTS
[1.178s] -- looking for PCL_TRACKING
[1.178s] -- looking for PCL_RECOGNITION
[1.178s] -- looking for PCL_STEREO
[1.179s] [0mPCL Libraries: TESSSSt[0m
[1.179s] [0mPCL Libraries: /usr/local/share/pcl-1.14[0m
[1.179s] [0mPCL Libraries: pcl_common;pcl_kdtree;pcl_octree;pcl_search;pcl_sample_consensus;pcl_filters;pcl_io;pcl_features;pcl_ml;pcl_segmentation;pcl_surface;pcl_registration;pcl_keypoints;pcl_tracking;pcl_recognition;pcl_stereo;Boost::system;Boost::iostreams;Boost::filesystem;Boost::serialization;FLANN::FLANN;QHULL::QHULL[0m
[1.179s] [0mPCL Libraries: /usr/lib/x86_64-linux-gnu/cmake/vtk-9.1[0m
[1.179s] -- Found sensor_msgs: 5.0.1 (/opt/ros/iron/share/sensor_msgs/cmake)
[1.188s] -- Found rosidl_generator_c: 4.0.1 (/opt/ros/iron/share/rosidl_generator_c/cmake)
[1.192s] -- Found rosidl_generator_cpp: 4.0.1 (/opt/ros/iron/share/rosidl_generator_cpp/cmake)
[1.200s] -- Using all available rosidl_typesupport_c: rosidl_typesupport_fastrtps_c;rosidl_typesupport_introspection_c
[1.210s] -- Using all available rosidl_typesupport_cpp: rosidl_typesupport_fastrtps_cpp;rosidl_typesupport_introspection_cpp
[1.306s] -- Found rclcpp: 21.0.8 (/opt/ros/iron/share/rclcpp/cmake)
[1.352s] -- Found rmw_implementation_cmake: 7.1.0 (/opt/ros/iron/share/rmw_implementation_cmake/cmake)
[1.354s] -- Found rmw_fastrtps_cpp: 7.1.4 (/opt/ros/iron/share/rmw_fastrtps_cpp/cmake)
[1.449s] -- Using RMW implementation 'rmw_fastrtps_cpp' as default
[1.531s] -- Found pcl_conversions: 2.5.4 (/opt/ros/iron/share/pcl_conversions/cmake)
[1.902s] -- Found ament_lint_auto: 0.14.4 (/opt/ros/iron/share/ament_lint_auto/cmake)
[1.942s] -- Configuring done
[1.969s] [33mCMake Warning at CMakeLists.txt:31 (add_executable):
[1.969s]   Cannot generate a safe runtime search path for target
[1.969s]   point_cloud_plantpot_ppf_detector because files in some directories may
[1.969s]   conflict with libraries in implicit directories:
[1.969s] 
[1.969s]     runtime library [libpcl_features.so.1.14] in /usr/lib/x86_64-linux-gnu may be hidden by files in:
[1.969s]       /usr/local/lib
[1.969s]     runtime library [libpcl_segmentation.so.1.14] in /usr/lib/x86_64-linux-gnu may be hidden by files in:
[1.969s]       /usr/local/lib
[1.969s] 
[1.969s]   Some of these libraries may not be found correctly.
[1.969s] 
[1.969s] [0m
[1.969s] -- Generating done
[1.976s] -- Build files have been written to: /home/buhrmann/ws_moveit/build/point_cloud_circle_detector
[2.003s] [35m[1mConsolidate compiler generated dependencies of target point_cloud_circle_detector[0m
[2.004s] [35m[1mConsolidate compiler generated dependencies of target point_cloud_cylinder_detector[0m
[2.004s] [35m[1mConsolidate compiler generated dependencies of target point_cloud_plantpot_detector[0m
[2.005s] [35m[1mConsolidate compiler generated dependencies of target point_cloud_plantpot_ppf_detector[0m
[2.014s] gmake[2]: *** No rule to make target '/usr/lib/x86_64-linux-gnu/libpcl_features.so.1.14', needed by 'point_cloud_plantpot_ppf_detector'.  Stop.
[2.014s] gmake[1]: *** [CMakeFiles/Makefile2:221: CMakeFiles/point_cloud_plantpot_ppf_detector.dir/all] Error 2
[2.014s] gmake[1]: *** Waiting for unfinished jobs....
[2.019s] [ 25%] Built target point_cloud_circle_detector
[2.027s] [ 75%] Built target point_cloud_plantpot_detector
[2.027s] [ 75%] Built target point_cloud_cylinder_detector
[2.028s] gmake: *** [Makefile:146: all] Error 2
[2.029s] Invoked command in '/home/buhrmann/ws_moveit/build/point_cloud_circle_detector' returned '2': CMAKE_PREFIX_PATH=${CMAKE_PREFIX_PATH}:/home/buhrmann/ws_moveit/install/moveit_configs_utils:/opt/ros/iron /usr/bin/cmake --build /home/buhrmann/ws_moveit/build/point_cloud_circle_detector -- -j28 -l28
