[0.482s] Invoking command in '/home/buhrmann/ws_moveit/build/point_cloud_circle_detector': CMAKE_PREFIX_PATH=${CMAKE_PREFIX_PATH}:/home/buhrmann/ws_moveit/install/ros2_azure_bridge:/home/buhrmann/ws_moveit/install/moveit_configs_utils:/opt/ros/iron /usr/bin/cmake --build /home/buhrmann/ws_moveit/build/point_cloud_circle_detector -- -j28 -l28
[0.566s] [  3%] [32mBuilding CXX object CMakeFiles/plantplot_ransac_conversion.dir/src/plantplot_ransac_conversion.cpp.o[0m
[0.575s] [ 10%] Built target cup_pointcloud_segmentation_color
[0.576s] [ 17%] Built target point_cloud_circle_detector
[0.577s] [ 25%] Built target point_cloud_cylinder_detector
[0.578s] [ 32%] Built target point_cloud_plantpot_edge_pfh_detector
[0.580s] [ 39%] Built target point_cloud_plantpot_rgb_edge_pfh_detector
[0.582s] [ 46%] Built target point_cloud_plantpot_ppf_detector
[0.582s] [ 53%] Built target cup_segmentation_color
[0.582s] [ 60%] Built target point_cloud_plantpot_detector
[0.583s] [ 67%] Built target hsv_color_filter
[0.585s] [ 75%] Built target point_cloud_plantpot_pfh_detector
[0.586s] [ 82%] Built target image_based_hsv_color_filter
[0.591s] [ 89%] Built target rgb_edge_filter
[0.599s] [ 96%] Built target plantplot_icp_conversion
[9.057s] [01m[K/home/buhrmann/ws_moveit/src/point_cloud_circle_detector/src/plantplot_ransac_conversion.cpp:26:17:[m[K [01;31m[Kerror: [m[Kâ€˜[01m[Ktf2_ros[m[Kâ€™ was not declared in this scope
[9.058s]    26 | std::shared_ptr<[01;31m[Ktf2_ros[m[K::Buffer> tf_buffer_;
[9.058s]       |                 [01;31m[K^~~~~~~[m[K
[9.058s] [01m[K/home/buhrmann/ws_moveit/src/point_cloud_circle_detector/src/plantplot_ransac_conversion.cpp:26:32:[m[K [01;31m[Kerror: [m[Ktemplate argument 1 is invalid
[9.058s]    26 | std::shared_ptr<tf2_ros::Buffer[01;31m[K>[m[K tf_buffer_;
[9.058s]       |                                [01;31m[K^[m[K
[9.066s] [01m[K/home/buhrmann/ws_moveit/src/point_cloud_circle_detector/src/plantplot_ransac_conversion.cpp:27:17:[m[K [01;31m[Kerror: [m[Kâ€˜[01m[Ktf2_ros[m[Kâ€™ was not declared in this scope
[9.066s]    27 | std::shared_ptr<[01;31m[Ktf2_ros[m[K::TransformListener> tf_listener_;
[9.066s]       |                 [01;31m[K^~~~~~~[m[K
[9.066s] [01m[K/home/buhrmann/ws_moveit/src/point_cloud_circle_detector/src/plantplot_ransac_conversion.cpp:27:43:[m[K [01;31m[Kerror: [m[Ktemplate argument 1 is invalid
[9.066s]    27 | std::shared_ptr<tf2_ros::TransformListener[01;31m[K>[m[K tf_listener_;
[9.066s]       |                                           [01;31m[K^[m[K
[9.128s] [01m[K/home/buhrmann/ws_moveit/src/point_cloud_circle_detector/src/plantplot_ransac_conversion.cpp:[m[K In constructor â€˜[01m[KPointCloudCustomObjectMatcher::PointCloudCustomObjectMatcher()[m[Kâ€™:
[9.128s] [01m[K/home/buhrmann/ws_moveit/src/point_cloud_circle_detector/src/plantplot_ransac_conversion.cpp:60:39:[m[K [01;31m[Kerror: [m[Kâ€˜[01m[Ktf2_ros[m[Kâ€™ was not declared in this scope
[9.128s]    60 |         tf_buffer_ = std::make_shared<[01;31m[Ktf2_ros[m[K::Buffer>(this->get_clock());
[9.128s]       |                                       [01;31m[K^~~~~~~[m[K
[9.128s] [01m[K/home/buhrmann/ws_moveit/src/point_cloud_circle_detector/src/plantplot_ransac_conversion.cpp:60:27:[m[K [01;31m[Kerror: [m[Kparse error in template argument list
[9.128s]    60 |         tf_buffer_ = std::[01;31m[Kmake_shared<tf2_ros::Buffer>[m[K(this->get_clock());
[9.128s]       |                           [01;31m[K^~~~~~~~~~~~~~~~~~~~~~~~~~~~[m[K
[9.128s] [01m[K/home/buhrmann/ws_moveit/src/point_cloud_circle_detector/src/plantplot_ransac_conversion.cpp:60:55:[m[K [01;31m[Kerror: [m[Kno matching function for call to â€˜[01m[Kmake_shared<<expression error> >(rclcpp::Clock::SharedPtr)[m[Kâ€™
[9.129s]    60 |         tf_buffer_ = [01;31m[Kstd::make_shared<tf2_ros::Buffer>(this->get_clock())[m[K;
[9.129s]       |                      [01;31m[K~~~~~~~~~~~~~~~~~~~~~~~~~~~~~~~~~^~~~~~~~~~~~~~~~~~~[m[K
[9.129s] In file included from [01m[K/usr/include/c++/11/memory:77[m[K,
[9.129s]                  from [01m[K/usr/local/include/pcl-1.14/pcl/memory.h:50[m[K,
[9.129s]                  from [01m[K/usr/local/include/pcl-1.14/pcl/pcl_base.h:46[m[K,
[9.129s]                  from [01m[K/usr/local/include/pcl-1.14/pcl/filters/filter.h:42[m[K,
[9.129s]                  from [01m[K/usr/local/include/pcl-1.14/pcl/filters/filter_indices.h:42[m[K,
[9.129s]                  from [01m[K/usr/local/include/pcl-1.14/pcl/filters/extract_indices.h:42[m[K,
[9.129s]                  from [01m[K/home/buhrmann/ws_moveit/src/point_cloud_circle_detector/src/plantplot_ransac_conversion.cpp:2[m[K:
[9.129s] [01m[K/usr/include/c++/11/bits/shared_ptr.h:875:5:[m[K [01;36m[Knote: [m[Kcandidate: â€˜[01m[Ktemplate<class _Tp, class ... _Args> std::shared_ptr<_Tp> std::make_shared(_Args&& ...)[m[Kâ€™
[9.129s]   875 |     [01;36m[Kmake_shared[m[K(_Args&&... __args)
[9.129s]       |     [01;36m[K^~~~~~~~~~~[m[K
[9.129s] [01m[K/usr/include/c++/11/bits/shared_ptr.h:875:5:[m[K [01;36m[Knote: [m[K  template argument deduction/substitution failed:
[9.129s] [01m[K/home/buhrmann/ws_moveit/src/point_cloud_circle_detector/src/plantplot_ransac_conversion.cpp:60:55:[m[K [01;31m[Kerror: [m[Ktemplate argument 1 is invalid
[9.129s]    60 |         tf_buffer_ = [01;31m[Kstd::make_shared<tf2_ros::Buffer>(this->get_clock())[m[K;
[9.129s]       |                      [01;31m[K~~~~~~~~~~~~~~~~~~~~~~~~~~~~~~~~~^~~~~~~~~~~~~~~~~~~[m[K
[9.129s] [01m[K/home/buhrmann/ws_moveit/src/point_cloud_circle_detector/src/plantplot_ransac_conversion.cpp:61:29:[m[K [01;31m[Kerror: [m[Kparse error in template argument list
[9.129s]    61 |         tf_listener_ = std::[01;31m[Kmake_shared<tf2_ros::TransformListener>[m[K(*tf_buffer_);
[9.129s]       |                             [01;31m[K^~~~~~~~~~~~~~~~~~~~~~~~~~~~~~~~~~~~~~~[m[K
[9.129s] [01m[K/home/buhrmann/ws_moveit/src/point_cloud_circle_detector/src/plantplot_ransac_conversion.cpp:61:69:[m[K [01;31m[Kerror: [m[Kinvalid type argument of unary â€˜[01m[K*[m[Kâ€™ (have â€˜[01m[Kint[m[Kâ€™)
[9.129s]    61 |         tf_listener_ = std::make_shared<tf2_ros::TransformListener>([01;31m[K*tf_buffer_[m[K);
[9.129s]       |                                                                     [01;31m[K^~~~~~~~~~~[m[K
[9.226s] In file included from [01m[K/opt/ros/iron/include/rclcpp/rclcpp/logging.hpp:24[m[K,
[9.226s]                  from [01m[K/opt/ros/iron/include/rclcpp/rclcpp/client.hpp:43[m[K,
[9.226s]                  from [01m[K/opt/ros/iron/include/rclcpp/rclcpp/callback_group.hpp:24[m[K,
[9.226s]                  from [01m[K/opt/ros/iron/include/rclcpp/rclcpp/any_executable.hpp:20[m[K,
[9.226s]                  from [01m[K/opt/ros/iron/include/rclcpp/rclcpp/memory_strategy.hpp:25[m[K,
[9.226s]                  from [01m[K/opt/ros/iron/include/rclcpp/rclcpp/memory_strategies.hpp:18[m[K,
[9.226s]                  from [01m[K/opt/ros/iron/include/rclcpp/rclcpp/executor_options.hpp:20[m[K,
[9.226s]                  from [01m[K/opt/ros/iron/include/rclcpp/rclcpp/executor.hpp:37[m[K,
[9.226s]                  from [01m[K/opt/ros/iron/include/rclcpp/rclcpp/executors/multi_threaded_executor.hpp:25[m[K,
[9.226s]                  from [01m[K/opt/ros/iron/include/rclcpp/rclcpp/executors.hpp:21[m[K,
[9.226s]                  from [01m[K/opt/ros/iron/include/rclcpp/rclcpp/rclcpp.hpp:167[m[K,
[9.226s]                  from [01m[K/home/buhrmann/ws_moveit/src/point_cloud_circle_detector/src/plantplot_ransac_conversion.cpp:5[m[K:
[9.226s] [01m[K/home/buhrmann/ws_moveit/src/point_cloud_circle_detector/src/plantplot_ransac_conversion.cpp:[m[K In member function â€˜[01m[Kvoid PointCloudCustomObjectMatcher::listener_callback(sensor_msgs::msg::PointCloud2_<std::allocator<void> >::SharedPtr)[m[Kâ€™:
[9.226s] [01m[K/home/buhrmann/ws_moveit/src/point_cloud_circle_detector/src/plantplot_ransac_conversion.cpp:178:74:[m[K [01;31m[Kerror: [m[Kâ€˜[01m[Kcloud_filtered_voxel[m[Kâ€™ was not declared in this scope; did you mean â€˜[01m[Kcloud_filtered_xyz[m[Kâ€™?
[9.226s]   178 |             RCLCPP_INFO(this->get_logger(), "Source points points: %zu", [01;31m[Kcloud_filtered_voxel[m[K->points.size());
[9.226s]       |                                                                          [01;31m[K^~~~~~~~~~~~~~~~~~~~[m[K
[9.261s] [01m[K/home/buhrmann/ws_moveit/src/point_cloud_circle_detector/src/plantplot_ransac_conversion.cpp:179:74:[m[K [01;31m[Kerror: [m[Kâ€˜[01m[Kcloud_filtered_voxel[m[Kâ€™ was not declared in this scope; did you mean â€˜[01m[Kcloud_filtered_xyz[m[Kâ€™?
[9.261s]   179 |             RCLCPP_INFO(this->get_logger(), "Target points points: %zu", [01;31m[Kcloud_filtered_voxel[m[K->points.size());
[9.261s]       |                                                                          [01;31m[K^~~~~~~~~~~~~~~~~~~~[m[K
[9.283s] [01m[K/home/buhrmann/ws_moveit/src/point_cloud_circle_detector/src/plantplot_ransac_conversion.cpp:[m[K In member function â€˜[01m[Kvoid PointCloudCustomObjectMatcher::overrideOrientationAndPlaceOnPlane(pcl::PointCloud<pcl::PointXYZ>::Ptr&)[m[Kâ€™:
[9.283s] [01m[K/home/buhrmann/ws_moveit/src/point_cloud_circle_detector/src/plantplot_ransac_conversion.cpp:238:78:[m[K [01;35m[Kwarning: [m[Kunused parameter â€˜[01m[Kcloud[m[Kâ€™ [[01;35m[K]8;;https://gcc.gnu.org/onlinedocs/gcc/Warning-Options.html#index-Wunused-parameter-Wunused-parameter]8;;[m[K]
[9.283s]   238 | void overrideOrientationAndPlaceOnPlane([01;35m[Kpcl::PointCloud<pcl::PointXYZ>::Ptr& cloud[m[K)
[9.283s]       |                                         [01;35m[K~~~~~~~~~~~~~~~~~~~~~~~~~~~~~~~~~~~~~^~~~~[m[K
[24.427s] gmake[2]: *** [CMakeFiles/plantplot_ransac_conversion.dir/build.make:76: CMakeFiles/plantplot_ransac_conversion.dir/src/plantplot_ransac_conversion.cpp.o] Error 1
[24.427s] gmake[1]: *** [CMakeFiles/Makefile2:501: CMakeFiles/plantplot_ransac_conversion.dir/all] Error 2
[24.427s] gmake: *** [Makefile:146: all] Error 2
[24.430s] Invoked command in '/home/buhrmann/ws_moveit/build/point_cloud_circle_detector' returned '2': CMAKE_PREFIX_PATH=${CMAKE_PREFIX_PATH}:/home/buhrmann/ws_moveit/install/ros2_azure_bridge:/home/buhrmann/ws_moveit/install/moveit_configs_utils:/opt/ros/iron /usr/bin/cmake --build /home/buhrmann/ws_moveit/build/point_cloud_circle_detector -- -j28 -l28
