[0.009s] Invoking command in '/home/buhrmann/ws_moveit/build/ppf_test_pkg': CMAKE_PREFIX_PATH=${CMAKE_PREFIX_PATH}:/home/buhrmann/ws_moveit/install/moveit_configs_utils:/opt/ros/iron /usr/bin/cmake --build /home/buhrmann/ws_moveit/build/ppf_test_pkg -- -j28 -l28
[0.071s] [35m[1mConsolidate compiler generated dependencies of target object_detection[0m
[0.091s] [ 50%] [32mBuilding CXX object CMakeFiles/object_detection.dir/src/object_detection.cpp.o[0m
[5.569s] [100%] [32m[1mLinking CXX executable object_detection[0m
[6.424s] /usr/bin/ld: CMakeFiles/object_detection.dir/src/object_detection.cpp.o: in function `PPFTestNode::compute_ppf_features(std::shared_ptr<pcl::PointCloud<pcl::PointXYZ> > const&)':
[6.424s] object_detection.cpp:(.text._ZN11PPFTestNode20compute_ppf_featuresERKSt10shared_ptrIN3pcl10PointCloudINS1_8PointXYZEEEE[_ZN11PPFTestNode20compute_ppf_featuresERKSt10shared_ptrIN3pcl10PointCloudINS1_8PointXYZEEEE]+0x1e5): undefined reference to `pcl::PPFEstimation<pcl::PointXYZ, pcl::PointXYZ, pcl::PPFSignature>::PPFEstimation()'
[6.426s] /usr/bin/ld: CMakeFiles/object_detection.dir/src/object_detection.cpp.o:(.data.rel.ro._ZTVN3pcl13PPFEstimationINS_8PointXYZES1_NS_12PPFSignatureEEE[_ZTVN3pcl13PPFEstimationINS_8PointXYZES1_NS_12PPFSignatureEEE]+0x58): undefined reference to `pcl::PPFEstimation<pcl::PointXYZ, pcl::PointXYZ, pcl::PPFSignature>::computeFeature(pcl::PointCloud<pcl::PPFSignature>&)'
[6.449s] collect2: error: ld returned 1 exit status
[6.450s] gmake[2]: *** [CMakeFiles/object_detection.dir/build.make:346: object_detection] Error 1
[6.450s] gmake[1]: *** [CMakeFiles/Makefile2:137: CMakeFiles/object_detection.dir/all] Error 2
[6.451s] gmake: *** [Makefile:146: all] Error 2
[6.453s] Invoked command in '/home/buhrmann/ws_moveit/build/ppf_test_pkg' returned '2': CMAKE_PREFIX_PATH=${CMAKE_PREFIX_PATH}:/home/buhrmann/ws_moveit/install/moveit_configs_utils:/opt/ros/iron /usr/bin/cmake --build /home/buhrmann/ws_moveit/build/ppf_test_pkg -- -j28 -l28
