[0.008s] Invoking command in '/home/buhrmann/ws_moveit/build/ppf_test_pkg': CMAKE_PREFIX_PATH=${CMAKE_PREFIX_PATH}:/home/buhrmann/ws_moveit/install/moveit_configs_utils:/opt/ros/iron /usr/bin/cmake /home/buhrmann/ws_moveit/src/ppf_test_pkg -DAMENT_CMAKE_SYMLINK_INSTALL=1 -DCMAKE_INSTALL_PREFIX=/home/buhrmann/ws_moveit/install/ppf_test_pkg
[0.125s] -- The C compiler identification is GNU 11.4.0
[0.225s] -- The CXX compiler identification is GNU 11.4.0
[0.232s] -- Detecting C compiler ABI info
[0.326s] -- Detecting C compiler ABI info - done
[0.330s] -- Check for working C compiler: /usr/bin/cc - skipped
[0.330s] -- Detecting C compile features
[0.330s] -- Detecting C compile features - done
[0.333s] -- Detecting CXX compiler ABI info
[0.443s] -- Detecting CXX compiler ABI info - done
[0.451s] -- Check for working CXX compiler: /usr/bin/c++ - skipped
[0.452s] -- Detecting CXX compile features
[0.452s] -- Detecting CXX compile features - done
[0.464s] -- Found ament_cmake: 2.0.7 (/opt/ros/iron/share/ament_cmake/cmake)
[0.649s] -- Found Python3: /usr/bin/python3.10 (found version "3.10.12") found components: Interpreter 
[0.686s] -- Override CMake install command with custom implementation using symlinks instead of copying resources
[0.738s] -- Found rclcpp: 21.0.8 (/opt/ros/iron/share/rclcpp/cmake)
[0.801s] -- Found rosidl_generator_c: 4.0.1 (/opt/ros/iron/share/rosidl_generator_c/cmake)
[0.815s] -- Found rosidl_generator_cpp: 4.0.1 (/opt/ros/iron/share/rosidl_generator_cpp/cmake)
[0.834s] -- Using all available rosidl_typesupport_c: rosidl_typesupport_fastrtps_c;rosidl_typesupport_introspection_c
[0.853s] -- Using all available rosidl_typesupport_cpp: rosidl_typesupport_fastrtps_cpp;rosidl_typesupport_introspection_cpp
[0.964s] -- Found rmw_implementation_cmake: 7.1.0 (/opt/ros/iron/share/rmw_implementation_cmake/cmake)
[0.970s] -- Found rmw_fastrtps_cpp: 7.1.4 (/opt/ros/iron/share/rmw_fastrtps_cpp/cmake)
[1.142s] -- Found OpenSSL: /usr/lib/x86_64-linux-gnu/libcrypto.so (found version "3.0.2")  
[1.171s] -- Found FastRTPS: /opt/ros/iron/include  
[1.210s] -- Using RMW implementation 'rmw_fastrtps_cpp' as default
[1.315s] -- Found pcl_conversions: 2.5.4 (/opt/ros/iron/share/pcl_conversions/cmake)
[1.568s] -- Checking for module 'eigen3'
[1.587s] --   Found eigen3, version 3.4.0
[1.678s] -- Found Eigen: /usr/include/eigen3 (Required is at least version "3.1") 
[1.678s] -- Eigen found (include: /usr/include/eigen3, version: 3.4.0)
[1.727s] -- Checking for module 'flann'
[1.740s] --   Found flann, version 1.9.1
[1.825s] -- Found FLANN: /usr/lib/x86_64-linux-gnu/libflann_cpp.so  
[1.825s] -- FLANN found (include: /usr/include, lib: /usr/lib/x86_64-linux-gnu/libflann_cpp.so)
[3.477s] -- Checking for module 'libusb-1.0'
[3.516s] --   Found libusb-1.0, version 1.0.25
[3.609s] -- Found libusb: /usr/lib/x86_64-linux-gnu/libusb-1.0.so  
[3.619s] -- OpenNI found (version: 1.5.4.0, include: /usr/include/ni, lib: /usr/lib/libOpenNI.so;libusb::libusb)
[3.774s] -- OpenNI2 found (version: 2.2.0.33, include: /usr/include/openni2, lib: /usr/lib/x86_64-linux-gnu/libOpenNI2.so;libusb::libusb)
[3.890s] -- Eigen found (include: /usr/include/eigen3, version: 3.4.0)
[3.896s] -- OpenNI found (version: 1.5.4.0, include: /usr/include/ni, lib: /usr/lib/libOpenNI.so;libusb::libusb)
[3.904s] -- OpenNI2 found (version: 2.2.0.33, include: /usr/include/openni2, lib: /usr/lib/x86_64-linux-gnu/libOpenNI2.so;libusb::libusb)
[4.027s] -- Found Qhull version 8.0.2
[4.140s] -- OpenNI found (version: 1.5.4.0, include: /usr/include/ni, lib: /usr/lib/libOpenNI.so;libusb::libusb)
[4.248s] -- Found PCL_COMMON: /usr/lib/x86_64-linux-gnu/libpcl_common.so  
[4.248s] -- Found PCL_KDTREE: /usr/lib/x86_64-linux-gnu/libpcl_kdtree.so  
[4.249s] -- Found PCL_OCTREE: /usr/lib/x86_64-linux-gnu/libpcl_octree.so  
[4.257s] -- Found PCL_SEARCH: /usr/lib/x86_64-linux-gnu/libpcl_search.so  
[4.258s] -- Found PCL_SAMPLE_CONSENSUS: /usr/lib/x86_64-linux-gnu/libpcl_sample_consensus.so  
[4.258s] -- Found PCL_FILTERS: /usr/lib/x86_64-linux-gnu/libpcl_filters.so  
[4.259s] -- Found PCL_2D: /usr/include/pcl-1.12  
[4.259s] -- Found PCL_GEOMETRY: /usr/include/pcl-1.12  
[4.259s] -- Found PCL_IO: /usr/lib/x86_64-linux-gnu/libpcl_io.so  
[4.260s] -- Found PCL_FEATURES: /usr/lib/x86_64-linux-gnu/libpcl_features.so  
[4.260s] -- Found PCL_ML: /usr/lib/x86_64-linux-gnu/libpcl_ml.so  
[4.261s] -- Found PCL_SEGMENTATION: /usr/lib/x86_64-linux-gnu/libpcl_segmentation.so  
[4.261s] -- Found PCL_VISUALIZATION: /usr/lib/x86_64-linux-gnu/libpcl_visualization.so  
[4.262s] -- Found PCL_SURFACE: /usr/lib/x86_64-linux-gnu/libpcl_surface.so  
[4.262s] -- Found PCL_REGISTRATION: /usr/lib/x86_64-linux-gnu/libpcl_registration.so  
[4.263s] -- Found PCL_KEYPOINTS: /usr/lib/x86_64-linux-gnu/libpcl_keypoints.so  
[4.263s] -- Found PCL_TRACKING: /usr/lib/x86_64-linux-gnu/libpcl_tracking.so  
[4.264s] -- Found PCL_RECOGNITION: /usr/lib/x86_64-linux-gnu/libpcl_recognition.so  
[4.264s] -- Found PCL_STEREO: /usr/lib/x86_64-linux-gnu/libpcl_stereo.so  
[4.264s] -- Found PCL_APPS: /usr/lib/x86_64-linux-gnu/libpcl_apps.so  
[4.265s] -- Found PCL_IN_HAND_SCANNER: /usr/include/pcl-1.12  
[4.265s] -- Found PCL_MODELER: /usr/include/pcl-1.12  
[4.265s] -- Found PCL_POINT_CLOUD_EDITOR: /usr/include/pcl-1.12  
[4.266s] -- Found PCL_OUTOFCORE: /usr/lib/x86_64-linux-gnu/libpcl_outofcore.so  
[4.266s] -- Found PCL_PEOPLE: /usr/lib/x86_64-linux-gnu/libpcl_people.so  
[4.280s] -- Found visualization_msgs: 5.0.1 (/opt/ros/iron/share/visualization_msgs/cmake)
[4.359s] [33mCMake Warning (dev) at CMakeLists.txt:16 (find_package):
[4.359s]   Policy CMP0074 is not set: find_package uses <PackageName>_ROOT variables.
[4.359s]   Run "cmake --help-policy CMP0074" for policy details.  Use the cmake_policy
[4.359s]   command to set the policy and suppress this warning.
[4.359s] 
[4.359s]   CMake variable PCL_ROOT is set to:
[4.359s] 
[4.359s]     /usr
[4.359s] 
[4.359s]   For compatibility, CMake is ignoring the variable.
[4.359s] This warning is for project developers.  Use -Wno-dev to suppress it.
[4.359s] [0m
[4.363s] [0mPCL version: 1.12.1[0m
[4.460s] -- Found ament_lint_auto: 0.14.4 (/opt/ros/iron/share/ament_lint_auto/cmake)
[4.500s] -- Configuring done
[4.542s] -- Generating done
[4.548s] -- Build files have been written to: /home/buhrmann/ws_moveit/build/ppf_test_pkg
[4.557s] Invoked command in '/home/buhrmann/ws_moveit/build/ppf_test_pkg' returned '0': CMAKE_PREFIX_PATH=${CMAKE_PREFIX_PATH}:/home/buhrmann/ws_moveit/install/moveit_configs_utils:/opt/ros/iron /usr/bin/cmake /home/buhrmann/ws_moveit/src/ppf_test_pkg -DAMENT_CMAKE_SYMLINK_INSTALL=1 -DCMAKE_INSTALL_PREFIX=/home/buhrmann/ws_moveit/install/ppf_test_pkg
[4.557s] Invoking command in '/home/buhrmann/ws_moveit/build/ppf_test_pkg': CMAKE_PREFIX_PATH=${CMAKE_PREFIX_PATH}:/home/buhrmann/ws_moveit/install/moveit_configs_utils:/opt/ros/iron /usr/bin/cmake --build /home/buhrmann/ws_moveit/build/ppf_test_pkg -- -j28 -l28
[4.630s] [ 50%] [32mBuilding CXX object CMakeFiles/object_detection.dir/src/object_detection.cpp.o[0m
[7.312s] [01m[K/home/buhrmann/ws_moveit/src/ppf_test_pkg/src/object_detection.cpp:[m[K In member function â€˜[01m[Kvoid PPFTestNode::compute_ppf_features(const Ptr&)[m[Kâ€™:
[7.312s] [01m[K/home/buhrmann/ws_moveit/src/ppf_test_pkg/src/object_detection.cpp:95:39:[m[K [01;31m[Kerror: [m[Kcannot convert â€˜[01m[Kpcl::PointCloud<pcl::Normal>::Ptr[m[Kâ€™ {aka â€˜[01m[Kstd::shared_ptr<pcl::PointCloud<pcl::Normal> >[m[Kâ€™} to â€˜[01m[Kconst PointCloudNConstPtr&[m[Kâ€™ {aka â€˜[01m[Kconst std::shared_ptr<const pcl::PointCloud<pcl::PointXYZ> >&[m[Kâ€™}
[7.312s]    95 |         ppf_estimator.setInputNormals([01;31m[Kcloud_normals[m[K);  // Set input normals
[7.312s]       |                                       [01;31m[K^~~~~~~~~~~~~[m[K
[7.312s]       |                                       [01;31m[K|[m[K
[7.312s]       |                                       [01;31m[Kpcl::PointCloud<pcl::Normal>::Ptr {aka std::shared_ptr<pcl::PointCloud<pcl::Normal> >}[m[K
[7.320s] In file included from [01m[K/usr/include/pcl-1.12/pcl/features/ppf.h:41[m[K,
[7.320s]                  from [01m[K/home/buhrmann/ws_moveit/src/ppf_test_pkg/src/object_detection.cpp:3[m[K:
[7.320s] [01m[K/usr/include/pcl-1.12/pcl/features/feature.h:345:51:[m[K [01;36m[Knote: [m[K  initializing argument 1 of â€˜[01m[Kvoid pcl::FeatureFromNormals<PointInT, PointNT, PointOutT>::setInputNormals(const PointCloudNConstPtr&) [with PointInT = pcl::PointXYZ; PointNT = pcl::PointXYZ; PointOutT = pcl::PPFSignature; pcl::FeatureFromNormals<PointInT, PointNT, PointOutT>::PointCloudNConstPtr = std::shared_ptr<const pcl::PointCloud<pcl::PointXYZ> >][m[Kâ€™
[7.320s]   345 |       setInputNormals ([01;36m[Kconst PointCloudNConstPtr &normals[m[K) { normals_ = normals; }
[7.320s]       |                        [01;36m[K~~~~~~~~~~~~~~~~~~~~~~~~~~~^~~~~~~[m[K
[8.886s] gmake[2]: *** [CMakeFiles/object_detection.dir/build.make:76: CMakeFiles/object_detection.dir/src/object_detection.cpp.o] Error 1
[8.886s] gmake[1]: *** [CMakeFiles/Makefile2:137: CMakeFiles/object_detection.dir/all] Error 2
[8.886s] gmake: *** [Makefile:146: all] Error 2
[8.888s] Invoked command in '/home/buhrmann/ws_moveit/build/ppf_test_pkg' returned '2': CMAKE_PREFIX_PATH=${CMAKE_PREFIX_PATH}:/home/buhrmann/ws_moveit/install/moveit_configs_utils:/opt/ros/iron /usr/bin/cmake --build /home/buhrmann/ws_moveit/build/ppf_test_pkg -- -j28 -l28
