[35m[1mConsolidate compiler generated dependencies of target cup_pointcloud_segmentation_color[0m
[  8%] Built target point_cloud_circle_detector
[ 16%] Built target point_cloud_plantpot_pfh_detector
[ 25%] Built target point_cloud_cylinder_detector
[ 33%] Built target rgb_edge_filter
[ 41%] Built target point_cloud_plantpot_edge_pfh_detector
[ 50%] Built target hsv_color_filter
[ 58%] Built target point_cloud_plantpot_ppf_detector
[ 66%] Built target cup_segmentation_color
[ 75%] Built target point_cloud_plantpot_detector
[ 83%] Built target image_based_hsv_color_filter
[ 91%] Built target point_cloud_plantpot_rgb_edge_pfh_detector
[ 95%] [32mBuilding CXX object CMakeFiles/cup_pointcloud_segmentation_color.dir/src/cup_pointcloud_segmentation_and_coloring.cpp.o[0m
[01m[K/home/buhrmann/ws_moveit/src/point_cloud_circle_detector/src/cup_pointcloud_segmentation_and_coloring.cpp:[m[K In member function â€˜[01m[Kvoid PointCloudGenerator::pointCloudCallback(std_msgs::msg::Float32MultiArray_<std::allocator<void> >::SharedPtr)[m[Kâ€™:
[01m[K/home/buhrmann/ws_moveit/src/point_cloud_circle_detector/src/cup_pointcloud_segmentation_and_coloring.cpp:127:21:[m[K [01;31m[Kerror: [m[Kâ€˜[01m[Khsv[m[Kâ€™ was not declared in this scope
  127 |         cv::inRange([01;31m[Khsv[m[K, cv::Scalar(0, 70, 50), cv::Scalar(10, 255, 255), mask1);
      |                     [01;31m[K^~~[m[K
gmake[2]: *** [CMakeFiles/cup_pointcloud_segmentation_color.dir/build.make:76: CMakeFiles/cup_pointcloud_segmentation_color.dir/src/cup_pointcloud_segmentation_and_coloring.cpp.o] Error 1
gmake[1]: *** [CMakeFiles/Makefile2:393: CMakeFiles/cup_pointcloud_segmentation_color.dir/all] Error 2
gmake: *** [Makefile:146: all] Error 2
