[ 12%] Built target ur5_read_positions
[ 25%] Built target gripper_close_moveit_test
[ 31%] [32mBuilding CXX object CMakeFiles/ur5_drop_sensor.dir/src/ur5_drop_sensor.cpp.o[0m
[ 43%] Built target ur5_pickup_sensor
[ 56%] Built target ur5_moveit_test
[ 68%] Built target ur5_moveit_test_object_detection
[ 81%] Built target ur5_moveit_test_launch
[ 93%] Built target gripper_open_moveit_test
[01m[K/home/buhrmann/ws_moveit/src/ur5_moveit_test/src/ur5_drop_sensor.cpp:[m[K In function â€˜[01m[Kint main(int, char**)[m[Kâ€™:
[01m[K/home/buhrmann/ws_moveit/src/ur5_moveit_test/src/ur5_drop_sensor.cpp:316:35:[m[K [01;31m[Kerror: [m[Kconflicting declaration â€˜[01m[Kgeometry_msgs::msg::PoseStamped target_pose[m[Kâ€™
  316 |   geometry_msgs::msg::PoseStamped [01;31m[Ktarget_pose[m[K = move_group_interface.getPoseTarget();
      |                                   [01;31m[K^~~~~~~~~~~[m[K
[01m[K/home/buhrmann/ws_moveit/src/ur5_moveit_test/src/ur5_drop_sensor.cpp:113:28:[m[K [01;36m[Knote: [m[Kprevious declaration as â€˜[01m[Kgeometry_msgs::msg::Pose target_pose[m[Kâ€™
  113 |   geometry_msgs::msg::Pose [01;36m[Ktarget_pose[m[K;
      |                            [01;36m[K^~~~~~~~~~~[m[K
gmake[2]: *** [CMakeFiles/ur5_drop_sensor.dir/build.make:76: CMakeFiles/ur5_drop_sensor.dir/src/ur5_drop_sensor.cpp.o] Error 1
gmake[1]: *** [CMakeFiles/Makefile2:333: CMakeFiles/ur5_drop_sensor.dir/all] Error 2
gmake: *** [Makefile:146: all] Error 2
