[ 50%] [32mBuilding CXX object CMakeFiles/add_object_to_planning_scene_node.dir/src/add_object_to_planning_scene.cpp.o[0m
[01m[K/home/buhrmann/ws_moveit/src/edit_planning_scene/src/add_object_to_planning_scene.cpp:[m[K In constructor â€˜[01m[KAddObjectToPlanningScene::AddObjectToPlanningScene()[m[Kâ€™:
[01m[K/home/buhrmann/ws_moveit/src/edit_planning_scene/src/add_object_to_planning_scene.cpp:20:5:[m[K [01;31m[Kerror: [m[Kâ€˜[01m[Kscene_loaded_publisher_[m[Kâ€™ was not declared in this scope
   20 |     [01;31m[Kscene_loaded_publisher_[m[K = this->create_publisher<std_msgs::msg::String>(
      |     [01;31m[K^~~~~~~~~~~~~~~~~~~~~~~[m[K
[01m[K/home/buhrmann/ws_moveit/src/edit_planning_scene/src/add_object_to_planning_scene.cpp:[m[K In member function â€˜[01m[Kvoid AddObjectToPlanningScene::publishSceneLoaded()[m[Kâ€™:
[01m[K/home/buhrmann/ws_moveit/src/edit_planning_scene/src/add_object_to_planning_scene.cpp:82:3:[m[K [01;31m[Kerror: [m[Kâ€˜[01m[Kscene_loaded_publisher_[m[Kâ€™ was not declared in this scope
   82 |   [01;31m[Kscene_loaded_publisher_[m[K->publish(message);
      |   [01;31m[K^~~~~~~~~~~~~~~~~~~~~~~[m[K
gmake[2]: *** [CMakeFiles/add_object_to_planning_scene_node.dir/build.make:76: CMakeFiles/add_object_to_planning_scene_node.dir/src/add_object_to_planning_scene.cpp.o] Error 1
gmake[1]: *** [CMakeFiles/Makefile2:137: CMakeFiles/add_object_to_planning_scene_node.dir/all] Error 2
gmake: *** [Makefile:146: all] Error 2
