[01m[K/home/buhrmann/ws_moveit/src/ur5_moveit_test/src/gripper_open_moveit_test.cpp:2:10:[m[K [01;31m[Kfatal error: [m[Krclcpp/rclcpp.hpp: No such file or directory
    2 | #include [01;31m[K<rclcpp/rclcpp.hpp>[m[K
      |          [01;31m[K^~~~~~~~~~~~~~~~~~~[m[K
compilation terminated.
gmake[2]: *** [CMakeFiles/gripper_open_moveit_test.dir/build.make:76: CMakeFiles/gripper_open_moveit_test.dir/src/gripper_open_moveit_test.cpp.o] Error 1
gmake[1]: *** [CMakeFiles/Makefile2:199: CMakeFiles/gripper_open_moveit_test.dir/all] Error 2
gmake: *** [Makefile:146: all] Error 2
