In file included from [01m[K/home/buhrmann/ws_moveit/src/ur5_moveit_test/src/ur5_pickup_sensor.cpp:4[m[K:
[01m[K/opt/ros/iron/include/tf2_geometry_msgs/tf2_geometry_msgs/tf2_geometry_msgs.h:35:2:[m[K [01;35m[Kwarning: [m[K#warning This header is obsolete, please include tf2_geometry_msgs/tf2_geometry_msgs.hpp instead [[01;35m[K]8;;https://gcc.gnu.org/onlinedocs/gcc/Warning-Options.html#index-Wcpp-Wcpp]8;;[m[K]
   35 | #[01;35m[Kwarning[m[K This header is obsolete, please include tf2_geometry_msgs/tf2_geometry_msgs.hpp instead
      |  [01;35m[K^~~~~~~[m[K
[01m[K/home/buhrmann/ws_moveit/src/ur5_moveit_test/src/ur5_pickup_sensor.cpp:5:10:[m[K [01;31m[Kfatal error: [m[Ktrajectory_msgs/JointTrajectory.h: No such file or directory
    5 | #include [01;31m[K<trajectory_msgs/JointTrajectory.h>[m[K
      |          [01;31m[K^~~~~~~~~~~~~~~~~~~~~~~~~~~~~~~~~~~[m[K
compilation terminated.
gmake[2]: *** [CMakeFiles/ur5_pickup_sensor.dir/build.make:76: CMakeFiles/ur5_pickup_sensor.dir/src/ur5_pickup_sensor.cpp.o] Error 1
gmake[1]: *** [CMakeFiles/Makefile2:305: CMakeFiles/ur5_pickup_sensor.dir/all] Error 2
gmake: *** [Makefile:146: all] Error 2
