[01m[K/home/buhrmann/ws_moveit/src/ur5_moveit_test/src/ur5_moveit_test_object_detection.cpp:[m[K In lambda function:
[01m[K/home/buhrmann/ws_moveit/src/ur5_moveit_test/src/ur5_moveit_test_object_detection.cpp:57:16:[m[K [01;35m[Kwarning: [m[Kunused variable â€˜[01m[Kangle_for_position[m[Kâ€™ [[01;35m[K]8;;https://gcc.gnu.org/onlinedocs/gcc/Warning-Options.html#index-Wunused-variable-Wunused-variable]8;;[m[K]
   57 |         double [01;35m[Kangle_for_position[m[K = i * angle_step;  // Angle for current position
      |                [01;35m[K^~~~~~~~~~~~~~~~~~[m[K
[01m[K/home/buhrmann/ws_moveit/src/ur5_moveit_test/src/ur5_pickup_sensor.cpp:[m[K In function â€˜[01m[Kint main(int, char**)[m[Kâ€™:
[01m[K/home/buhrmann/ws_moveit/src/ur5_moveit_test/src/ur5_pickup_sensor.cpp:35:9:[m[K [01;31m[Kerror: [m[Kâ€˜[01m[Kstruct moveit::planning_interface::MoveGroupInterface::Options[m[Kâ€™ has no member named â€˜[01m[Krobot_description_[m[Kâ€™; did you mean â€˜[01m[Krobot_description[m[Kâ€™?
   35 | options.[01;31m[Krobot_description_[m[K = "robot_description"; // Explicitly set robot description parameter
      |         [01;31m[K^~~~~~~~~~~~~~~~~~[m[K
      |         [32m[Krobot_description[m[K
[01m[K/home/buhrmann/ws_moveit/src/ur5_moveit_test/src/ur5_pickup_sensor.cpp:44:21:[m[K [01;31m[Kerror: [m[Kâ€˜[01m[Kstruct moveit::planning_interface::MoveGroupInterface::Options[m[Kâ€™ has no member named â€˜[01m[Krobot_description_[m[Kâ€™; did you mean â€˜[01m[Krobot_description[m[Kâ€™?
   44 |     gripper_options.[01;31m[Krobot_description_[m[K = "robot_description";
      |                     [01;31m[K^~~~~~~~~~~~~~~~~~[m[K
      |                     [32m[Krobot_description[m[K
[01m[K/home/buhrmann/ws_moveit/src/ur5_moveit_test/src/ur5_pickup_sensor.cpp:77:3:[m[K [01;31m[Kerror: [m[Kâ€˜[01m[Kmove_group_interface[m[Kâ€™ was not declared in this scope
   77 |   [01;31m[Kmove_group_interface[m[K.setPlanningTime(45.0);
      |   [01;31m[K^~~~~~~~~~~~~~~~~~~~[m[K
[01m[K/home/buhrmann/ws_moveit/src/ur5_moveit_test/src/ur5_pickup_sensor.cpp:114:3:[m[K [01;31m[Kerror: [m[Kâ€˜[01m[Kgripper_group[m[Kâ€™ was not declared in this scope
  114 |   [01;31m[Kgripper_group[m[K.setNamedTarget("open");
      |   [01;31m[K^~~~~~~~~~~~~[m[K
gmake[2]: *** [CMakeFiles/ur5_pickup_sensor.dir/build.make:76: CMakeFiles/ur5_pickup_sensor.dir/src/ur5_pickup_sensor.cpp.o] Error 1
gmake[1]: *** [CMakeFiles/Makefile2:305: CMakeFiles/ur5_pickup_sensor.dir/all] Error 2
gmake[1]: *** Waiting for unfinished jobs....
gmake: *** [Makefile:146: all] Error 2
