[35m[1mConsolidate compiler generated dependencies of target ur5_probe_sensor[0m
[  8%] Built target ur5_moveit_test_object_detection
[ 16%] Built target ur5_moveit_test_launch
[ 25%] Built target gripper_close_moveit_test
[ 33%] Built target ur5_pickup_sensor
[ 41%] Built target ur5_read_positions
[ 45%] [32mBuilding CXX object CMakeFiles/ur5_probe_sensor_service.dir/src/ur5_probe_sensor_service.cpp.o[0m
[ 54%] Built target ur5_probe_sensor
[ 62%] Built target ur5_moveit_test
[ 70%] Built target ur5_drop_sensor
[ 79%] Built target ur5_move_to_camera
[ 87%] Built target gripper_open_moveit_test
[ 95%] Built target ur5_move_to_home
[01m[K/home/buhrmann/ws_moveit/src/ur5_moveit_test/src/ur5_probe_sensor_service.cpp:[m[K In function â€˜[01m[Kint main(int, char**)[m[Kâ€™:
[01m[K/home/buhrmann/ws_moveit/src/ur5_moveit_test/src/ur5_probe_sensor_service.cpp:79:18:[m[K [01;35m[Kwarning: [m[Kunused variable â€˜[01m[Kangle_step[m[Kâ€™ [[01;35m[K]8;;https://gcc.gnu.org/onlinedocs/gcc/Warning-Options.html#index-Wunused-variable-Wunused-variable]8;;[m[K]
   79 |     const double [01;35m[Kangle_step[m[K = M_PI / (num_positions - 1);  // Divide the semicircle into equal parts
      |                  [01;35m[K^~~~~~~~~~[m[K
[01m[K/home/buhrmann/ws_moveit/src/ur5_moveit_test/src/ur5_probe_sensor_service.cpp:220:3:[m[K [01;31m[Kerror: [m[Kâ€˜[01m[Kwrist_1_constraint[m[Kâ€™ was not declared in this scope
  220 |   [01;31m[Kwrist_1_constraint[m[K.joint_name = "UR5_shoulder_pan_joint"; // Name of the joint
      |   [01;31m[K^~~~~~~~~~~~~~~~~~[m[K
[01m[K/home/buhrmann/ws_moveit/src/ur5_moveit_test/src/ur5_probe_sensor_service.cpp:249:43:[m[K [01;31m[Kerror: [m[Kâ€˜[01m[KUR5_shoulder_pan_joint[m[Kâ€™ was not declared in this scope
  249 |   constraints.joint_constraints.push_back([01;31m[KUR5_shoulder_pan_joint[m[K);
      |                                           [01;31m[K^~~~~~~~~~~~~~~~~~~~~~[m[K
[01m[K/home/buhrmann/ws_moveit/src/ur5_moveit_test/src/ur5_probe_sensor_service.cpp:271:21:[m[K [01;35m[Kwarning: [m[Kcomparison of integer expressions of different signedness: â€˜[01m[Kint[m[Kâ€™ and â€˜[01m[Kstd::vector<geometry_msgs::msg::Pose_<std::allocator<void> > >::size_type[m[Kâ€™ {aka â€˜[01m[Klong unsigned int[m[Kâ€™} [[01;35m[K]8;;https://gcc.gnu.org/onlinedocs/gcc/Warning-Options.html#index-Wsign-compare-Wsign-compare]8;;[m[K]
  271 |   for (int i = 0; [01;35m[Ki < target_poses.size()[m[K; i++) {
      |                   [01;35m[K~~^~~~~~~~~~~~~~~~~~~~~[m[K
gmake[2]: *** [CMakeFiles/ur5_probe_sensor_service.dir/build.make:76: CMakeFiles/ur5_probe_sensor_service.dir/src/ur5_probe_sensor_service.cpp.o] Error 1
gmake[1]: *** [CMakeFiles/Makefile2:393: CMakeFiles/ur5_probe_sensor_service.dir/all] Error 2
gmake: *** [Makefile:146: all] Error 2
