[35m[1mConsolidate compiler generated dependencies of target ur5_pickup_sensor[0m
[ 14%] Built target gripper_open_moveit_test
[ 28%] Built target gripper_close_moveit_test
[ 42%] Built target ur5_moveit_test_object_detection
[ 50%] [32mBuilding CXX object CMakeFiles/ur5_pickup_sensor.dir/src/ur5_pickup_sensor.cpp.o[0m
[ 64%] Built target ur5_read_positions
[ 78%] Built target ur5_moveit_test
[ 92%] Built target ur5_moveit_test_launch
In file included from [01m[K/home/buhrmann/ws_moveit/src/ur5_moveit_test/src/ur5_pickup_sensor.cpp:9[m[K:
[01m[K/opt/ros/iron/include/tf2_geometry_msgs/tf2_geometry_msgs/tf2_geometry_msgs.h:35:2:[m[K [01;35m[Kwarning: [m[K#warning This header is obsolete, please include tf2_geometry_msgs/tf2_geometry_msgs.hpp instead [[01;35m[K]8;;https://gcc.gnu.org/onlinedocs/gcc/Warning-Options.html#index-Wcpp-Wcpp]8;;[m[K]
   35 | #[01;35m[Kwarning[m[K This header is obsolete, please include tf2_geometry_msgs/tf2_geometry_msgs.hpp instead
      |  [01;35m[K^~~~~~~[m[K
[01m[K/home/buhrmann/ws_moveit/src/ur5_moveit_test/src/ur5_pickup_sensor.cpp:[m[K In function â€˜[01m[Kint main(int, char**)[m[Kâ€™:
[01m[K/home/buhrmann/ws_moveit/src/ur5_moveit_test/src/ur5_pickup_sensor.cpp:25:59:[m[K [01;31m[Kerror: [m[Kredeclaration of â€˜[01m[Kmoveit::planning_interface::MoveGroupInterface::Options options[m[Kâ€™
   25 |   moveit::planning_interface::MoveGroupInterface::Options [01;31m[Koptions[m[K("gripper", "robot_description", "/UR5");
      |                                                           [01;31m[K^~~~~~~[m[K
[01m[K/home/buhrmann/ws_moveit/src/ur5_moveit_test/src/ur5_pickup_sensor.cpp:21:59:[m[K [01;36m[Knote: [m[Kâ€˜[01m[Kmoveit::planning_interface::MoveGroupInterface::Options options[m[Kâ€™ previously declared here
   21 |   moveit::planning_interface::MoveGroupInterface::Options [01;36m[Koptions[m[K("ur5_arm", "robot_description", "/UR5");
      |                                                           [01;36m[K^~~~~~~[m[K
gmake[2]: *** [CMakeFiles/ur5_pickup_sensor.dir/build.make:76: CMakeFiles/ur5_pickup_sensor.dir/src/ur5_pickup_sensor.cpp.o] Error 1
gmake[1]: *** [CMakeFiles/Makefile2:305: CMakeFiles/ur5_pickup_sensor.dir/all] Error 2
gmake: *** [Makefile:146: all] Error 2
