[35m[1mConsolidate compiler generated dependencies of target point_cloud_plantpot_pfh_detector[0m
[ 20%] Built target point_cloud_cylinder_detector
[ 40%] Built target point_cloud_circle_detector
[ 60%] Built target point_cloud_plantpot_ppf_detector
[ 70%] [32mBuilding CXX object CMakeFiles/point_cloud_plantpot_pfh_detector.dir/src/point_cloud_plantpot_pfh_detector.cpp.o[0m
[ 90%] Built target point_cloud_plantpot_detector
[01m[K/home/buhrmann/ws_moveit/src/point_cloud_circle_detector/src/point_cloud_plantpot_pfh_detector.cpp:[m[K In member function â€˜[01m[Kvoid PointCloudCustomObjectMatcher::listener_callback(sensor_msgs::msg::PointCloud2_<std::allocator<void> >::SharedPtr)[m[Kâ€™:
[01m[K/home/buhrmann/ws_moveit/src/point_cloud_circle_detector/src/point_cloud_plantpot_pfh_detector.cpp:231:21:[m[K [01;31m[Kerror: [m[Kâ€˜[01m[KoverrideOrientation[m[Kâ€™ was not declared in this scope
  231 |                     [01;31m[KoverrideOrientation[m[K(aligned_object);  // Rotate the point cloud
      |                     [01;31m[K^~~~~~~~~~~~~~~~~~~[m[K
gmake[2]: *** [CMakeFiles/point_cloud_plantpot_pfh_detector.dir/build.make:76: CMakeFiles/point_cloud_plantpot_pfh_detector.dir/src/point_cloud_plantpot_pfh_detector.cpp.o] Error 1
gmake[1]: *** [CMakeFiles/Makefile2:249: CMakeFiles/point_cloud_plantpot_pfh_detector.dir/all] Error 2
gmake: *** [Makefile:146: all] Error 2
