[0.008s] Invoking command in '/home/buhrmann/ws_moveit/build/ppf_test_pkg': CMAKE_PREFIX_PATH=${CMAKE_PREFIX_PATH}:/home/buhrmann/ws_moveit/install/moveit_configs_utils:/opt/ros/iron /usr/bin/cmake /home/buhrmann/ws_moveit/src/ppf_test_pkg -DCMAKE_BUILD_TYPE=DEBUG -DCMAKE_INSTALL_PREFIX=/home/buhrmann/ws_moveit/install/ppf_test_pkg
[0.021s] -- Found ament_cmake: 2.0.7 (/opt/ros/iron/share/ament_cmake/cmake)
[0.114s] -- Found rclcpp: 21.0.8 (/opt/ros/iron/share/rclcpp/cmake)
[0.130s] -- Found rosidl_generator_c: 4.0.1 (/opt/ros/iron/share/rosidl_generator_c/cmake)
[0.134s] -- Found rosidl_generator_cpp: 4.0.1 (/opt/ros/iron/share/rosidl_generator_cpp/cmake)
[0.142s] -- Using all available rosidl_typesupport_c: rosidl_typesupport_fastrtps_c;rosidl_typesupport_introspection_c
[0.151s] -- Using all available rosidl_typesupport_cpp: rosidl_typesupport_fastrtps_cpp;rosidl_typesupport_introspection_cpp
[0.226s] -- Found rmw_implementation_cmake: 7.1.0 (/opt/ros/iron/share/rmw_implementation_cmake/cmake)
[0.228s] -- Found rmw_fastrtps_cpp: 7.1.4 (/opt/ros/iron/share/rmw_fastrtps_cpp/cmake)
[0.324s] -- Using RMW implementation 'rmw_fastrtps_cpp' as default
[0.404s] -- Found sensor_msgs: 5.0.1 (/opt/ros/iron/share/sensor_msgs/cmake)
[0.505s] -- Found visualization_msgs: 5.0.1 (/opt/ros/iron/share/visualization_msgs/cmake)
[0.614s] -- FLANN found (include: /usr/include, lib: /usr/lib/x86_64-linux-gnu/libflann_cpp.so)
[0.632s] -- OpenNI found (version: 1.5.4.0, include: /usr/include/ni, lib: /usr/lib/libOpenNI.so;libusb::libusb)
[0.642s] -- OpenNI2 found (version: 2.2.0.33, include: /usr/include/openni2, lib: /usr/lib/x86_64-linux-gnu/libOpenNI2.so;libusb::libusb)
[0.647s] -- Could NOT find Pcap (missing: PCAP_LIBRARIES PCAP_INCLUDE_DIRS) 
[0.648s] [0m** WARNING ** io features related to pcap will be disabled[0m
[0.906s] -- OpenNI found (version: 1.5.4.0, include: /usr/include/ni, lib: /usr/lib/libOpenNI.so;libusb::libusb)
[0.910s] -- OpenNI2 found (version: 2.2.0.33, include: /usr/include/openni2, lib: /usr/lib/x86_64-linux-gnu/libOpenNI2.so;libusb::libusb)
[1.133s] -- Found Qhull version 8.0.2
[1.355s] -- looking for PCL_COMMON
[1.355s] -- looking for PCL_KDTREE
[1.356s] -- looking for PCL_OCTREE
[1.356s] -- looking for PCL_SEARCH
[1.356s] -- looking for PCL_SAMPLE_CONSENSUS
[1.356s] -- looking for PCL_FILTERS
[1.356s] -- looking for PCL_2D
[1.356s] -- looking for PCL_GEOMETRY
[1.356s] -- looking for PCL_IO
[1.356s] -- looking for PCL_FEATURES
[1.357s] -- looking for PCL_ML
[1.357s] -- looking for PCL_SEGMENTATION
[1.357s] -- looking for PCL_VISUALIZATION
[1.357s] -- looking for PCL_SURFACE
[1.357s] -- looking for PCL_REGISTRATION
[1.358s] -- looking for PCL_KEYPOINTS
[1.358s] -- looking for PCL_TRACKING
[1.358s] -- looking for PCL_RECOGNITION
[1.358s] -- looking for PCL_STEREO
[1.358s] -- looking for PCL_OUTOFCORE
[1.359s] -- looking for PCL_PEOPLE
[1.359s] [0mPCL version: 1.14.1[0m
[1.359s] [0mPCL LIBRARIES: pcl_common;pcl_kdtree;pcl_octree;pcl_search;pcl_sample_consensus;pcl_filters;pcl_io;pcl_features;pcl_ml;pcl_segmentation;pcl_visualization;pcl_surface;pcl_registration;pcl_keypoints;pcl_tracking;pcl_recognition;pcl_stereo;pcl_outofcore;pcl_people;Boost::system;Boost::iostreams;Boost::filesystem;Boost::serialization;/usr/lib/libOpenNI.so;libusb::libusb;/usr/lib/x86_64-linux-gnu/libOpenNI2.so;libusb::libusb;VTK::ChartsCore;VTK::CommonColor;VTK::CommonComputationalGeometry;VTK::CommonCore;VTK::CommonDataModel;VTK::CommonExecutionModel;VTK::CommonMath;VTK::CommonMisc;VTK::CommonTransforms;VTK::FiltersCore;VTK::FiltersExtraction;VTK::FiltersGeneral;VTK::FiltersGeometry;VTK::FiltersModeling;VTK::FiltersSources;VTK::ImagingCore;VTK::ImagingSources;VTK::InteractionImage;VTK::InteractionStyle;VTK::InteractionWidgets;VTK::IOCore;VTK::IOGeometry;VTK::IOImage;VTK::IOLegacy;VTK::IOPLY;VTK::RenderingAnnotation;VTK::RenderingCore;VTK::RenderingContext2D;VTK::RenderingLOD;VTK::RenderingFreeType;VTK::ViewsCore;VTK::ViewsContext2D;VTK::RenderingOpenGL2;VTK::RenderingContextOpenGL2;VTK::GUISupportQt;FLANN::FLANN;QHULL::QHULL[0m
[1.365s] -- Found ament_lint_auto: 0.14.4 (/opt/ros/iron/share/ament_lint_auto/cmake)
[1.403s] -- Configuring done
[1.413s] -- Generating done
[1.416s] -- Build files have been written to: /home/buhrmann/ws_moveit/build/ppf_test_pkg
[1.424s] Invoked command in '/home/buhrmann/ws_moveit/build/ppf_test_pkg' returned '0': CMAKE_PREFIX_PATH=${CMAKE_PREFIX_PATH}:/home/buhrmann/ws_moveit/install/moveit_configs_utils:/opt/ros/iron /usr/bin/cmake /home/buhrmann/ws_moveit/src/ppf_test_pkg -DCMAKE_BUILD_TYPE=DEBUG -DCMAKE_INSTALL_PREFIX=/home/buhrmann/ws_moveit/install/ppf_test_pkg
[1.425s] Invoking command in '/home/buhrmann/ws_moveit/build/ppf_test_pkg': CMAKE_PREFIX_PATH=${CMAKE_PREFIX_PATH}:/home/buhrmann/ws_moveit/install/moveit_configs_utils:/opt/ros/iron /usr/bin/cmake --build /home/buhrmann/ws_moveit/build/ppf_test_pkg -- -j28 -l28
[1.480s] [35m[1mConsolidate compiler generated dependencies of target object_detection[0m
[1.505s] [ 50%] [32mBuilding CXX object CMakeFiles/object_detection.dir/src/object_detection.cpp.o[0m
[4.081s] [100%] [32m[1mLinking CXX executable object_detection[0m
[5.501s] /usr/bin/ld: CMakeFiles/object_detection.dir/src/object_detection.cpp.o: in function `main':
[5.501s] /home/buhrmann/ws_moveit/src/ppf_test_pkg/src/object_detection.cpp:18: undefined reference to `pcl::PPFEstimation<pcl::PointXYZ, pcl::PointXYZ, pcl::PPFSignature>::PPFEstimation()'
[5.502s] /usr/bin/ld: CMakeFiles/object_detection.dir/src/object_detection.cpp.o:(.data.rel.ro._ZTVN3pcl13PPFEstimationINS_8PointXYZES1_NS_12PPFSignatureEEE[_ZTVN3pcl13PPFEstimationINS_8PointXYZES1_NS_12PPFSignatureEEE]+0x58): undefined reference to `pcl::PPFEstimation<pcl::PointXYZ, pcl::PointXYZ, pcl::PPFSignature>::computeFeature(pcl::PointCloud<pcl::PPFSignature>&)'
[5.532s] collect2: error: ld returned 1 exit status
[5.534s] gmake[2]: *** [CMakeFiles/object_detection.dir/build.make:281: object_detection] Error 1
[5.534s] gmake[1]: *** [CMakeFiles/Makefile2:137: CMakeFiles/object_detection.dir/all] Error 2
[5.534s] gmake: *** [Makefile:146: all] Error 2
[5.536s] Invoked command in '/home/buhrmann/ws_moveit/build/ppf_test_pkg' returned '2': CMAKE_PREFIX_PATH=${CMAKE_PREFIX_PATH}:/home/buhrmann/ws_moveit/install/moveit_configs_utils:/opt/ros/iron /usr/bin/cmake --build /home/buhrmann/ws_moveit/build/ppf_test_pkg -- -j28 -l28
