[35m[1mConsolidate compiler generated dependencies of target plantplot_placement_service[0m
[  5%] Built target point_cloud_circle_detector
[ 11%] Built target point_cloud_plantpot_edge_pfh_detector
[ 17%] Built target rgb_edge_filter
[ 23%] Built target point_cloud_plantpot_detector
[ 29%] Built target point_cloud_cylinder_detector
[ 35%] Built target point_cloud_plantpot_ppf_detector
[ 41%] Built target point_cloud_plantpot_pfh_detector
[ 47%] Built target cup_segmentation_color
[ 52%] Built target image_based_hsv_color_filter
[ 58%] Built target hsv_color_filter
[ 64%] Built target point_cloud_plantpot_rgb_edge_pfh_detector
[ 70%] Built target cup_pointcloud_segmentation_color
[ 76%] Built target plantplot_icp_conversion
[ 82%] Built target plantplot_ransac_conversion
[ 88%] Built target plantpod_pointcloud_segmentation_and_coloring_service
[ 94%] Built target plantplot_placement
[ 97%] [32mBuilding CXX object CMakeFiles/plantplot_placement_service.dir/src/plantplot_placement_service.cpp.o[0m
[01m[K/home/buhrmann/ws_moveit/src/point_cloud_circle_detector/src/plantplot_placement_service.cpp:[m[K In function â€˜[01m[Kint main(int, char**)[m[Kâ€™:
[01m[K/home/buhrmann/ws_moveit/src/point_cloud_circle_detector/src/plantplot_placement_service.cpp:223:35:[m[K [01;31m[Kerror: [m[Kâ€˜[01m[KPointCloudCustomObjectMatcher[m[Kâ€™ was not declared in this scope
  223 |     rclcpp::spin(std::make_shared<[01;31m[KPointCloudCustomObjectMatcher[m[K>());
      |                                   [01;31m[K^~~~~~~~~~~~~~~~~~~~~~~~~~~~~[m[K
[01m[K/home/buhrmann/ws_moveit/src/point_cloud_circle_detector/src/plantplot_placement_service.cpp:223:65:[m[K [01;31m[Kerror: [m[Kno matching function for call to â€˜[01m[Kmake_shared<<expression error> >()[m[Kâ€™
  223 |     rclcpp::spin([01;31m[Kstd::make_shared<PointCloudCustomObjectMatcher>()[m[K);
      |                  [01;31m[K~~~~~~~~~~~~~~~~~~~~~~~~~~~~~~~~~~~~~~~~~~~~~~~^~[m[K
In file included from [01m[K/usr/include/c++/11/memory:77[m[K,
                 from [01m[K/opt/ros/iron/include/rclcpp/rclcpp/rclcpp.hpp:165[m[K,
                 from [01m[K/home/buhrmann/ws_moveit/src/point_cloud_circle_detector/src/plantplot_placement_service.cpp:2[m[K:
[01m[K/usr/include/c++/11/bits/shared_ptr.h:875:5:[m[K [01;36m[Knote: [m[Kcandidate: â€˜[01m[Ktemplate<class _Tp, class ... _Args> std::shared_ptr<_Tp> std::make_shared(_Args&& ...)[m[Kâ€™
  875 |     [01;36m[Kmake_shared[m[K(_Args&&... __args)
      |     [01;36m[K^~~~~~~~~~~[m[K
[01m[K/usr/include/c++/11/bits/shared_ptr.h:875:5:[m[K [01;36m[Knote: [m[K  template argument deduction/substitution failed:
[01m[K/home/buhrmann/ws_moveit/src/point_cloud_circle_detector/src/plantplot_placement_service.cpp:223:65:[m[K [01;31m[Kerror: [m[Ktemplate argument 1 is invalid
  223 |     rclcpp::spin([01;31m[Kstd::make_shared<PointCloudCustomObjectMatcher>()[m[K);
      |                  [01;31m[K~~~~~~~~~~~~~~~~~~~~~~~~~~~~~~~~~~~~~~~~~~~~~~~^~[m[K
gmake[2]: *** [CMakeFiles/plantplot_placement_service.dir/build.make:76: CMakeFiles/plantplot_placement_service.dir/src/plantplot_placement_service.cpp.o] Error 1
gmake[1]: *** [CMakeFiles/Makefile2:585: CMakeFiles/plantplot_placement_service.dir/all] Error 2
gmake: *** [Makefile:146: all] Error 2
