[0.014s] Invoking command in '/home/buhrmann/ws_moveit/build/point_cloud_circle_detector': CMAKE_PREFIX_PATH=${CMAKE_PREFIX_PATH}:/home/buhrmann/ws_moveit/install/ros2_azure_bridge:/home/buhrmann/ws_moveit/install/moveit_configs_utils:/opt/ros/iron /usr/bin/cmake --build /home/buhrmann/ws_moveit/build/point_cloud_circle_detector -- -j28 -l28
[0.088s] [35m[1mConsolidate compiler generated dependencies of target cup_pointcloud_segmentation_color[0m
[0.103s] [ 10%] Built target point_cloud_plantpot_detector
[0.103s] [ 20%] Built target point_cloud_circle_detector
[0.104s] [ 30%] Built target point_cloud_plantpot_ppf_detector
[0.105s] [ 40%] Built target point_cloud_plantpot_edge_pfh_detector
[0.105s] [ 60%] Built target point_cloud_plantpot_pfh_detector
[0.105s] [ 60%] Built target point_cloud_plantpot_rgb_edge_pfh_detector
[0.110s] [ 70%] Built target rgb_edge_filter
[0.113s] [ 80%] Built target point_cloud_cylinder_detector
[0.118s] [ 90%] Built target cup_segmentation_color
[0.121s] [ 95%] [32mBuilding CXX object CMakeFiles/cup_pointcloud_segmentation_color.dir/src/cup_pointcloud_segmentation_and_coloring.cpp.o[0m
[0.301s] In file included from [01m[K/home/buhrmann/ws_moveit/src/point_cloud_circle_detector/src/cup_pointcloud_segmentation_and_coloring.cpp:6[m[K:
[0.302s] [01m[K/opt/ros/iron/include/cv_bridge/cv_bridge/cv_bridge.h:42:2:[m[K [01;35m[Kwarning: [m[K#warning This header is obsolete, please include cv_bridge/cv_bridge.hpp instead [[01;35m[K]8;;https://gcc.gnu.org/onlinedocs/gcc/Warning-Options.html#index-Wcpp-Wcpp]8;;[m[K]
[0.302s]    42 | #[01;35m[Kwarning[m[K This header is obsolete, please include cv_bridge/cv_bridge.hpp instead
[0.302s]       |  [01;35m[K^~~~~~~[m[K
[5.829s] [01m[K/home/buhrmann/ws_moveit/src/point_cloud_circle_detector/src/cup_pointcloud_segmentation_and_coloring.cpp:[m[K In member function â€˜[01m[Kstd::tuple<int, int, int> PointCloudGenerator::get_random_rgb_from_int(int)[m[Kâ€™:
[5.829s] [01m[K/home/buhrmann/ws_moveit/src/point_cloud_circle_detector/src/cup_pointcloud_segmentation_and_coloring.cpp:48:14:[m[K [01;31m[Kerror: [m[Kâ€˜[01m[Kmt19937[m[Kâ€™ is not a member of â€˜[01m[Kstd[m[Kâ€™
[5.829s]    48 |         std::[01;31m[Kmt19937[m[K rng(input);  // Mersenne Twister RNG
[5.829s]       |              [01;31m[K^~~~~~~[m[K
[5.852s] [01m[K/home/buhrmann/ws_moveit/src/point_cloud_circle_detector/src/cup_pointcloud_segmentation_and_coloring.cpp:52:24:[m[K [01;31m[Kerror: [m[Kâ€˜[01m[Krng[m[Kâ€™ was not declared in this scope
[5.852s]    52 |         int red = dist([01;31m[Krng[m[K);    // Generate random value for Red channel
[5.852s]       |                        [01;31m[K^~~[m[K
[5.853s] [01m[K/home/buhrmann/ws_moveit/src/point_cloud_circle_detector/src/cup_pointcloud_segmentation_and_coloring.cpp:46:59:[m[K [01;35m[Kwarning: [m[Kunused parameter â€˜[01m[Kinput[m[Kâ€™ [[01;35m[K]8;;https://gcc.gnu.org/onlinedocs/gcc/Warning-Options.html#index-Wunused-parameter-Wunused-parameter]8;;[m[K]
[5.853s]    46 |     std::tuple<int, int, int> get_random_rgb_from_int([01;35m[Kint input[m[K) {
[5.853s]       |                                                       [01;35m[K~~~~^~~~~[m[K
[5.879s] [01m[K/home/buhrmann/ws_moveit/src/point_cloud_circle_detector/src/cup_pointcloud_segmentation_and_coloring.cpp:[m[K In member function â€˜[01m[Kvoid PointCloudGenerator::pointCloudCallback(std_msgs::msg::Float32MultiArray_<std::allocator<void> >::SharedPtr)[m[Kâ€™:
[5.879s] [01m[K/home/buhrmann/ws_moveit/src/point_cloud_circle_detector/src/cup_pointcloud_segmentation_and_coloring.cpp:99:78:[m[K [01;31m[Kerror: [m[Kexpected primary-expression before â€˜[01m[K)[m[Kâ€™ token
[5.879s]    99 |                 uint16_t depth = depth_cv_ptr->image.at<uint16_t>(data[i+1], [01;31m[K)[m[K;
[5.879s]       |                                                                              [01;31m[K^[m[K
[10.649s] gmake[2]: *** [CMakeFiles/cup_pointcloud_segmentation_color.dir/build.make:76: CMakeFiles/cup_pointcloud_segmentation_color.dir/src/cup_pointcloud_segmentation_and_coloring.cpp.o] Error 1
[10.649s] gmake[1]: *** [CMakeFiles/Makefile2:389: CMakeFiles/cup_pointcloud_segmentation_color.dir/all] Error 2
[10.649s] gmake: *** [Makefile:146: all] Error 2
[10.652s] Invoked command in '/home/buhrmann/ws_moveit/build/point_cloud_circle_detector' returned '2': CMAKE_PREFIX_PATH=${CMAKE_PREFIX_PATH}:/home/buhrmann/ws_moveit/install/ros2_azure_bridge:/home/buhrmann/ws_moveit/install/moveit_configs_utils:/opt/ros/iron /usr/bin/cmake --build /home/buhrmann/ws_moveit/build/point_cloud_circle_detector -- -j28 -l28
