-- The C compiler identification is GNU 11.4.0
-- The CXX compiler identification is GNU 11.4.0
-- Detecting C compiler ABI info
-- Detecting C compiler ABI info - done
-- Check for working C compiler: /usr/bin/cc - skipped
-- Detecting C compile features
-- Detecting C compile features - done
-- Detecting CXX compiler ABI info
-- Detecting CXX compiler ABI info - done
-- Check for working CXX compiler: /usr/bin/c++ - skipped
-- Detecting CXX compile features
-- Detecting CXX compile features - done
-- Found ament_cmake: 2.0.7 (/opt/ros/iron/share/ament_cmake/cmake)
-- Found Python3: /usr/bin/python3.10 (found version "3.10.12") found components: Interpreter 
-- Found rclcpp: 21.0.8 (/opt/ros/iron/share/rclcpp/cmake)
-- Found rosidl_generator_c: 4.0.1 (/opt/ros/iron/share/rosidl_generator_c/cmake)
-- Found rosidl_generator_cpp: 4.0.1 (/opt/ros/iron/share/rosidl_generator_cpp/cmake)
-- Using all available rosidl_typesupport_c: rosidl_typesupport_fastrtps_c;rosidl_typesupport_introspection_c
-- Using all available rosidl_typesupport_cpp: rosidl_typesupport_fastrtps_cpp;rosidl_typesupport_introspection_cpp
-- Found rmw_implementation_cmake: 7.1.0 (/opt/ros/iron/share/rmw_implementation_cmake/cmake)
-- Found rmw_fastrtps_cpp: 7.1.4 (/opt/ros/iron/share/rmw_fastrtps_cpp/cmake)
-- Found OpenSSL: /usr/lib/x86_64-linux-gnu/libcrypto.so (found version "3.0.2")  
-- Found FastRTPS: /opt/ros/iron/include  
-- Using RMW implementation 'rmw_fastrtps_cpp' as default
-- Found pcl_conversions: 2.5.4 (/opt/ros/iron/share/pcl_conversions/cmake)
-- Checking for module 'flann'
--   Found flann, version 1.9.1
-- Found FLANN: /usr/lib/x86_64-linux-gnu/libflann_cpp.so  
-- FLANN found (include: /usr/include, lib: /usr/lib/x86_64-linux-gnu/libflann_cpp.so)
-- Found OpenMP_CXX: -fopenmp (found version "4.5") 
-- Found OpenMP: TRUE (found version "4.5") found components: CXX 
-- Checking for module 'libusb-1.0'
--   Found libusb-1.0, version 1.0.25
-- Found libusb: /usr/lib/x86_64-linux-gnu/libusb-1.0.so  
-- OpenNI found (version: 1.5.4.0, include: /usr/include/ni, lib: /usr/lib/libOpenNI.so;libusb::libusb)
-- OpenNI2 found (version: 2.2.0.33, include: /usr/include/openni2, lib: /usr/lib/x86_64-linux-gnu/libOpenNI2.so;libusb::libusb)
-- Could NOT find Pcap (missing: PCAP_LIBRARIES PCAP_INCLUDE_DIRS) 
-- Found ZLIB: /usr/lib/x86_64-linux-gnu/libz.so (found version "1.2.11") 
-- Found PNG: /usr/lib/x86_64-linux-gnu/libpng.so (found version "1.6.37") 
-- OpenNI found (version: 1.5.4.0, include: /usr/include/ni, lib: /usr/lib/libOpenNI.so;libusb::libusb)
-- OpenNI2 found (version: 2.2.0.33, include: /usr/include/openni2, lib: /usr/lib/x86_64-linux-gnu/libOpenNI2.so;libusb::libusb)
-- Found Qhull version 8.0.2
-- Found PCL_COMMON: /usr/local/lib/libpcl_common.so  
-- Found PCL_KDTREE: /usr/local/lib/libpcl_kdtree.so  
-- Found PCL_OCTREE: /usr/local/lib/libpcl_octree.so  
-- Found PCL_SEARCH: /usr/local/lib/libpcl_search.so  
-- Found PCL_SAMPLE_CONSENSUS: /usr/local/lib/libpcl_sample_consensus.so  
-- Found PCL_FILTERS: /usr/local/lib/libpcl_filters.so  
-- Found PCL_2D: /usr/local/include/pcl-1.14  
-- Found PCL_GEOMETRY: /usr/local/include/pcl-1.14  
-- Found PCL_IO: /usr/local/lib/libpcl_io.so  
-- Found PCL_FEATURES: /usr/local/lib/libpcl_features.so  
-- Found PCL_ML: /usr/local/lib/libpcl_ml.so  
-- Found PCL_SEGMENTATION: /usr/local/lib/libpcl_segmentation.so  
-- Found PCL_VISUALIZATION: /usr/local/lib/libpcl_visualization.so  
-- Found PCL_SURFACE: /usr/local/lib/libpcl_surface.so  
-- Found PCL_REGISTRATION: /usr/local/lib/libpcl_registration.so  
-- Found PCL_KEYPOINTS: /usr/local/lib/libpcl_keypoints.so  
-- Found PCL_TRACKING: /usr/local/lib/libpcl_tracking.so  
-- Found PCL_RECOGNITION: /usr/local/lib/libpcl_recognition.so  
-- Found PCL_STEREO: /usr/local/lib/libpcl_stereo.so  
-- Found PCL_OUTOFCORE: /usr/local/lib/libpcl_outofcore.so  
-- Found PCL_PEOPLE: /usr/local/lib/libpcl_people.so  
-- Found visualization_msgs: 5.0.1 (/opt/ros/iron/share/visualization_msgs/cmake)
[33mCMake Warning (dev) at CMakeLists.txt:16 (find_package):
  Policy CMP0074 is not set: find_package uses <PackageName>_ROOT variables.
  Run "cmake --help-policy CMP0074" for policy details.  Use the cmake_policy
  command to set the policy and suppress this warning.

  CMake variable PCL_ROOT is set to:

    /usr/local

  For compatibility, CMake is ignoring the variable.
This warning is for project developers.  Use -Wno-dev to suppress it.
[0m
[0mPCL version: 1.14.1[0m
-- Found ament_lint_auto: 0.14.4 (/opt/ros/iron/share/ament_lint_auto/cmake)
-- Configuring done
-- Generating done
-- Build files have been written to: /home/buhrmann/ws_moveit/build/ppf_test_pkg
[ 50%] [32mBuilding CXX object CMakeFiles/object_detection.dir/src/object_detection.cpp.o[0m
[100%] [32m[1mLinking CXX executable object_detection[0m
/usr/bin/ld: CMakeFiles/object_detection.dir/src/object_detection.cpp.o: in function `PPFTestNode::compute_ppf_features(std::shared_ptr<pcl::PointCloud<pcl::PointXYZ> > const&)':
object_detection.cpp:(.text._ZN11PPFTestNode20compute_ppf_featuresERKSt10shared_ptrIN3pcl10PointCloudINS1_8PointXYZEEEE[_ZN11PPFTestNode20compute_ppf_featuresERKSt10shared_ptrIN3pcl10PointCloudINS1_8PointXYZEEEE]+0x1ce): undefined reference to `pcl::PPFEstimation<pcl::PointXYZ, pcl::PointXYZ, pcl::PPFSignature>::PPFEstimation()'
/usr/bin/ld: CMakeFiles/object_detection.dir/src/object_detection.cpp.o:(.data.rel.ro._ZTVN3pcl13PPFEstimationINS_8PointXYZES1_NS_12PPFSignatureEEE[_ZTVN3pcl13PPFEstimationINS_8PointXYZES1_NS_12PPFSignatureEEE]+0x58): undefined reference to `pcl::PPFEstimation<pcl::PointXYZ, pcl::PointXYZ, pcl::PPFSignature>::computeFeature(pcl::PointCloud<pcl::PPFSignature>&)'
collect2: error: ld returned 1 exit status
gmake[2]: *** [CMakeFiles/object_detection.dir/build.make:347: object_detection] Error 1
gmake[1]: *** [CMakeFiles/Makefile2:137: CMakeFiles/object_detection.dir/all] Error 2
gmake: *** [Makefile:146: all] Error 2
