[0.007s] Invoking command in '/home/buhrmann/ws_moveit/build/ppf_test_pkg': CMAKE_PREFIX_PATH=${CMAKE_PREFIX_PATH}:/home/buhrmann/ws_moveit/install/moveit_configs_utils:/opt/ros/iron /usr/bin/cmake /home/buhrmann/ws_moveit/src/ppf_test_pkg -DCMAKE_INSTALL_PREFIX=/home/buhrmann/ws_moveit/install/ppf_test_pkg
[0.066s] -- The C compiler identification is GNU 11.4.0
[0.132s] -- The CXX compiler identification is GNU 11.4.0
[0.136s] -- Detecting C compiler ABI info
[0.234s] -- Detecting C compiler ABI info - done
[0.239s] -- Check for working C compiler: /usr/bin/cc - skipped
[0.239s] -- Detecting C compile features
[0.239s] -- Detecting C compile features - done
[0.242s] -- Detecting CXX compiler ABI info
[0.348s] -- Detecting CXX compiler ABI info - done
[0.353s] -- Check for working CXX compiler: /usr/bin/c++ - skipped
[0.354s] -- Detecting CXX compile features
[0.354s] -- Detecting CXX compile features - done
[0.357s] -- Found ament_cmake: 2.0.7 (/opt/ros/iron/share/ament_cmake/cmake)
[0.502s] -- Found Python3: /usr/bin/python3.10 (found version "3.10.12") found components: Interpreter 
[0.593s] -- Found rclcpp: 21.0.8 (/opt/ros/iron/share/rclcpp/cmake)
[0.636s] -- Found rosidl_generator_c: 4.0.1 (/opt/ros/iron/share/rosidl_generator_c/cmake)
[0.647s] -- Found rosidl_generator_cpp: 4.0.1 (/opt/ros/iron/share/rosidl_generator_cpp/cmake)
[0.662s] -- Using all available rosidl_typesupport_c: rosidl_typesupport_fastrtps_c;rosidl_typesupport_introspection_c
[0.679s] -- Using all available rosidl_typesupport_cpp: rosidl_typesupport_fastrtps_cpp;rosidl_typesupport_introspection_cpp
[0.777s] -- Found rmw_implementation_cmake: 7.1.0 (/opt/ros/iron/share/rmw_implementation_cmake/cmake)
[0.781s] -- Found rmw_fastrtps_cpp: 7.1.4 (/opt/ros/iron/share/rmw_fastrtps_cpp/cmake)
[0.915s] -- Found OpenSSL: /usr/lib/x86_64-linux-gnu/libcrypto.so (found version "3.0.2")  
[0.935s] -- Found FastRTPS: /opt/ros/iron/include  
[0.968s] -- Using RMW implementation 'rmw_fastrtps_cpp' as default
[1.059s] -- Found pcl_conversions: 2.5.4 (/opt/ros/iron/share/pcl_conversions/cmake)
[1.336s] -- Checking for module 'flann'
[1.353s] --   Found flann, version 1.9.1
[1.447s] -- Found FLANN: /usr/lib/x86_64-linux-gnu/libflann_cpp.so  
[1.447s] -- FLANN found (include: /usr/include, lib: /usr/lib/x86_64-linux-gnu/libflann_cpp.so)
[1.818s] -- Found OpenMP_CXX: -fopenmp (found version "4.5") 
[1.818s] -- Found OpenMP: TRUE (found version "4.5") found components: CXX 
[1.947s] -- Checking for module 'libusb-1.0'
[1.986s] --   Found libusb-1.0, version 1.0.25
[2.075s] -- Found libusb: /usr/lib/x86_64-linux-gnu/libusb-1.0.so  
[2.077s] -- OpenNI found (version: 1.5.4.0, include: /usr/include/ni, lib: /usr/lib/libOpenNI.so;libusb::libusb)
[2.211s] -- OpenNI2 found (version: 2.2.0.33, include: /usr/include/openni2, lib: /usr/lib/x86_64-linux-gnu/libOpenNI2.so;libusb::libusb)
[2.213s] -- Could NOT find Pcap (missing: PCAP_LIBRARIES PCAP_INCLUDE_DIRS) 
[2.224s] -- Found ZLIB: /usr/lib/x86_64-linux-gnu/libz.so (found version "1.2.11") 
[2.235s] -- Found PNG: /usr/lib/x86_64-linux-gnu/libpng.so (found version "1.6.37") 
[3.636s] -- OpenNI found (version: 1.5.4.0, include: /usr/include/ni, lib: /usr/lib/libOpenNI.so;libusb::libusb)
[3.641s] -- OpenNI2 found (version: 2.2.0.33, include: /usr/include/openni2, lib: /usr/lib/x86_64-linux-gnu/libOpenNI2.so;libusb::libusb)
[3.863s] -- Found Qhull version 8.0.2
[4.109s] -- Found PCL_COMMON: /usr/local/lib/libpcl_common.so  
[4.109s] -- Found PCL_KDTREE: /usr/local/lib/libpcl_kdtree.so  
[4.110s] -- Found PCL_OCTREE: /usr/local/lib/libpcl_octree.so  
[4.110s] -- Found PCL_SEARCH: /usr/local/lib/libpcl_search.so  
[4.110s] -- Found PCL_SAMPLE_CONSENSUS: /usr/local/lib/libpcl_sample_consensus.so  
[4.110s] -- Found PCL_FILTERS: /usr/local/lib/libpcl_filters.so  
[4.110s] -- Found PCL_2D: /usr/local/include/pcl-1.14  
[4.111s] -- Found PCL_GEOMETRY: /usr/local/include/pcl-1.14  
[4.111s] -- Found PCL_IO: /usr/local/lib/libpcl_io.so  
[4.111s] -- Found PCL_FEATURES: /usr/local/lib/libpcl_features.so  
[4.111s] -- Found PCL_ML: /usr/local/lib/libpcl_ml.so  
[4.111s] -- Found PCL_SEGMENTATION: /usr/local/lib/libpcl_segmentation.so  
[4.112s] -- Found PCL_VISUALIZATION: /usr/local/lib/libpcl_visualization.so  
[4.112s] -- Found PCL_SURFACE: /usr/local/lib/libpcl_surface.so  
[4.112s] -- Found PCL_REGISTRATION: /usr/local/lib/libpcl_registration.so  
[4.112s] -- Found PCL_KEYPOINTS: /usr/local/lib/libpcl_keypoints.so  
[4.113s] -- Found PCL_TRACKING: /usr/local/lib/libpcl_tracking.so  
[4.113s] -- Found PCL_RECOGNITION: /usr/local/lib/libpcl_recognition.so  
[4.113s] -- Found PCL_STEREO: /usr/local/lib/libpcl_stereo.so  
[4.113s] -- Found PCL_OUTOFCORE: /usr/local/lib/libpcl_outofcore.so  
[4.114s] -- Found PCL_PEOPLE: /usr/local/lib/libpcl_people.so  
[4.125s] -- Found visualization_msgs: 5.0.1 (/opt/ros/iron/share/visualization_msgs/cmake)
[4.199s] [33mCMake Warning (dev) at CMakeLists.txt:16 (find_package):
[4.199s]   Policy CMP0074 is not set: find_package uses <PackageName>_ROOT variables.
[4.199s]   Run "cmake --help-policy CMP0074" for policy details.  Use the cmake_policy
[4.199s]   command to set the policy and suppress this warning.
[4.199s] 
[4.200s]   CMake variable PCL_ROOT is set to:
[4.200s] 
[4.200s]     /usr/local
[4.200s] 
[4.200s]   For compatibility, CMake is ignoring the variable.
[4.200s] This warning is for project developers.  Use -Wno-dev to suppress it.
[4.200s] [0m
[4.203s] [0mPCL version: 1.14.1[0m
[4.298s] -- Found ament_lint_auto: 0.14.4 (/opt/ros/iron/share/ament_lint_auto/cmake)
[4.335s] -- Configuring done
[4.349s] -- Generating done
[4.353s] -- Build files have been written to: /home/buhrmann/ws_moveit/build/ppf_test_pkg
[4.362s] Invoked command in '/home/buhrmann/ws_moveit/build/ppf_test_pkg' returned '0': CMAKE_PREFIX_PATH=${CMAKE_PREFIX_PATH}:/home/buhrmann/ws_moveit/install/moveit_configs_utils:/opt/ros/iron /usr/bin/cmake /home/buhrmann/ws_moveit/src/ppf_test_pkg -DCMAKE_INSTALL_PREFIX=/home/buhrmann/ws_moveit/install/ppf_test_pkg
[4.363s] Invoking command in '/home/buhrmann/ws_moveit/build/ppf_test_pkg': CMAKE_PREFIX_PATH=${CMAKE_PREFIX_PATH}:/home/buhrmann/ws_moveit/install/moveit_configs_utils:/opt/ros/iron /usr/bin/cmake --build /home/buhrmann/ws_moveit/build/ppf_test_pkg -- -j28 -l28
[4.433s] [ 50%] [32mBuilding CXX object CMakeFiles/object_detection.dir/src/object_detection.cpp.o[0m
[10.068s] [100%] [32m[1mLinking CXX executable object_detection[0m
[11.245s] /usr/bin/ld: CMakeFiles/object_detection.dir/src/object_detection.cpp.o: in function `PPFTestNode::compute_ppf_features(std::shared_ptr<pcl::PointCloud<pcl::PointXYZ> > const&)':
[11.245s] object_detection.cpp:(.text._ZN11PPFTestNode20compute_ppf_featuresERKSt10shared_ptrIN3pcl10PointCloudINS1_8PointXYZEEEE[_ZN11PPFTestNode20compute_ppf_featuresERKSt10shared_ptrIN3pcl10PointCloudINS1_8PointXYZEEEE]+0x1ce): undefined reference to `pcl::PPFEstimation<pcl::PointXYZ, pcl::PointXYZ, pcl::PPFSignature>::PPFEstimation()'
[11.247s] /usr/bin/ld: CMakeFiles/object_detection.dir/src/object_detection.cpp.o:(.data.rel.ro._ZTVN3pcl13PPFEstimationINS_8PointXYZES1_NS_12PPFSignatureEEE[_ZTVN3pcl13PPFEstimationINS_8PointXYZES1_NS_12PPFSignatureEEE]+0x58): undefined reference to `pcl::PPFEstimation<pcl::PointXYZ, pcl::PointXYZ, pcl::PPFSignature>::computeFeature(pcl::PointCloud<pcl::PPFSignature>&)'
[11.277s] collect2: error: ld returned 1 exit status
[11.278s] gmake[2]: *** [CMakeFiles/object_detection.dir/build.make:347: object_detection] Error 1
[11.278s] gmake[1]: *** [CMakeFiles/Makefile2:137: CMakeFiles/object_detection.dir/all] Error 2
[11.278s] gmake: *** [Makefile:146: all] Error 2
[11.280s] Invoked command in '/home/buhrmann/ws_moveit/build/ppf_test_pkg' returned '2': CMAKE_PREFIX_PATH=${CMAKE_PREFIX_PATH}:/home/buhrmann/ws_moveit/install/moveit_configs_utils:/opt/ros/iron /usr/bin/cmake --build /home/buhrmann/ws_moveit/build/ppf_test_pkg -- -j28 -l28
