[33mCMake Warning (dev) at CMakeLists.txt:22 (find_package):
  Policy CMP0074 is not set: find_package uses <PackageName>_ROOT variables.
  Run "cmake --help-policy CMP0074" for policy details.  Use the cmake_policy
  command to set the policy and suppress this warning.

  CMake variable PCL_ROOT is set to:

    /usr/local

  For compatibility, CMake is ignoring the variable.
This warning is for project developers.  Use -Wno-dev to suppress it.
[0m
In file included from [01m[K/usr/local/include/pcl-1.14/pcl/features/organized_edge_detection.h:416[m[K,
                 from [01m[K/home/buhrmann/ws_moveit/src/point_cloud_circle_detector/src/point_cloud_plantpot_edge_pfh_detector.cpp:5[m[K:
/usr/local/include/pcl-1.14/pcl/features/impl/organized_edge_detection.hpp: In instantiation of â€˜[01m[Kvoid pcl::OrganizedEdgeBase<PointT, PointLT>::compute(pcl::PointCloud<PointOutT>&, std::vector<pcl::PointIndices>&) const [with PointT = pcl::PointXYZ; PointLT = pcl::PointXYZ][m[Kâ€™:
[01m[K/home/buhrmann/ws_moveit/src/point_cloud_circle_detector/src/point_cloud_plantpot_edge_pfh_detector.cpp:29:26:[m[K   required from here
[01m[K/usr/local/include/pcl-1.14/pcl/features/impl/organized_edge_detection.hpp:56:17:[m[K [01;31m[Kerror: [m[Kno matching function for call to â€˜[01m[Kpcl::PointCloud<pcl::PointXYZ>::resize(std::size_t, pcl::Label&)[m[Kâ€™
   56 |   [01;31m[Klabels.resize (input_->size (), invalid_pt)[m[K;
      |   [01;31m[K~~~~~~~~~~~~~~^~~~~~~~~~~~~~~~~~~~~~~~~~~~~[m[K
In file included from [01m[K/home/buhrmann/ws_moveit/src/point_cloud_circle_detector/src/point_cloud_plantpot_edge_pfh_detector.cpp:2[m[K:
[01m[K/usr/local/include/pcl-1.14/pcl/point_cloud.h:462:7:[m[K [01;36m[Knote: [m[Kcandidate: â€˜[01m[Kvoid pcl::PointCloud<PointT>::resize(std::size_t) [with PointT = pcl::PointXYZ; std::size_t = long unsigned int][m[Kâ€™
  462 |       [01;36m[Kresize[m[K(std::size_t count)
      |       [01;36m[K^~~~~~[m[K
[01m[K/usr/local/include/pcl-1.14/pcl/point_cloud.h:462:7:[m[K [01;36m[Knote: [m[K  candidate expects 1 argument, 2 provided
[01m[K/usr/local/include/pcl-1.14/pcl/point_cloud.h:482:7:[m[K [01;36m[Knote: [m[Kcandidate: â€˜[01m[Kvoid pcl::PointCloud<PointT>::resize(pcl::uindex_t, pcl::uindex_t) [with PointT = pcl::PointXYZ; pcl::uindex_t = unsigned int][m[Kâ€™
  482 |       [01;36m[Kresize[m[K(uindex_t new_width, uindex_t new_height)
      |       [01;36m[K^~~~~~[m[K
[01m[K/usr/local/include/pcl-1.14/pcl/point_cloud.h:482:43:[m[K [01;36m[Knote: [m[K  no known conversion for argument 2 from â€˜[01m[Kpcl::Label[m[Kâ€™ to â€˜[01m[Kpcl::uindex_t[m[Kâ€™ {aka â€˜[01m[Kunsigned int[m[Kâ€™}
  482 |       resize(uindex_t new_width, [01;36m[Kuindex_t new_height[m[K)
      |                                  [01;36m[K~~~~~~~~~^~~~~~~~~~[m[K
[01m[K/usr/local/include/pcl-1.14/pcl/point_cloud.h:502:7:[m[K [01;36m[Knote: [m[Kcandidate: â€˜[01m[Kvoid pcl::PointCloud<PointT>::resize(pcl::index_t, const PointT&) [with PointT = pcl::PointXYZ; pcl::index_t = int][m[Kâ€™
  502 |       [01;36m[Kresize[m[K(index_t count, const PointT& value)
      |       [01;36m[K^~~~~~[m[K
[01m[K/usr/local/include/pcl-1.14/pcl/point_cloud.h:502:43:[m[K [01;36m[Knote: [m[K  no known conversion for argument 2 from â€˜[01m[Kpcl::Label[m[Kâ€™ to â€˜[01m[Kconst pcl::PointXYZ&[m[Kâ€™
  502 |       resize(index_t count, [01;36m[Kconst PointT& value[m[K)
      |                             [01;36m[K~~~~~~~~~~~~~~^~~~~[m[K
[01m[K/usr/local/include/pcl-1.14/pcl/point_cloud.h:523:7:[m[K [01;36m[Knote: [m[Kcandidate: â€˜[01m[Kvoid pcl::PointCloud<PointT>::resize(pcl::index_t, pcl::index_t, const PointT&) [with PointT = pcl::PointXYZ; pcl::index_t = int][m[Kâ€™
  523 |       [01;36m[Kresize[m[K(index_t new_width, index_t new_height, const PointT& value)
      |       [01;36m[K^~~~~~[m[K
[01m[K/usr/local/include/pcl-1.14/pcl/point_cloud.h:523:7:[m[K [01;36m[Knote: [m[K  candidate expects 3 arguments, 2 provided
gmake[2]: *** [CMakeFiles/point_cloud_plantpot_edge_pfh_detector.dir/build.make:76: CMakeFiles/point_cloud_plantpot_edge_pfh_detector.dir/src/point_cloud_plantpot_edge_pfh_detector.cpp.o] Error 1
gmake[1]: *** [CMakeFiles/Makefile2:277: CMakeFiles/point_cloud_plantpot_edge_pfh_detector.dir/all] Error 2
gmake[1]: *** Waiting for unfinished jobs....
[01m[K/home/buhrmann/ws_moveit/src/point_cloud_circle_detector/src/point_cloud_plantpot_pfh_detector.cpp:[m[K In member function â€˜[01m[Kvoid PointCloudCustomObjectMatcher::overrideOrientationAndPlaceOnPlane(pcl::PointCloud<pcl::PointXYZ>::Ptr&)[m[Kâ€™:
[01m[K/home/buhrmann/ws_moveit/src/point_cloud_circle_detector/src/point_cloud_plantpot_pfh_detector.cpp:269:78:[m[K [01;35m[Kwarning: [m[Kunused parameter â€˜[01m[Kcloud[m[Kâ€™ [[01;35m[K]8;;https://gcc.gnu.org/onlinedocs/gcc/Warning-Options.html#index-Wunused-parameter-Wunused-parameter]8;;[m[K]
  269 | void overrideOrientationAndPlaceOnPlane([01;35m[Kpcl::PointCloud<pcl::PointXYZ>::Ptr& cloud[m[K)
      |                                         [01;35m[K~~~~~~~~~~~~~~~~~~~~~~~~~~~~~~~~~~~~~^~~~~[m[K
/usr/bin/ld: CMakeFiles/point_cloud_plantpot_detector.dir/src/point_cloud_custom_plant_pot_detection.cpp.o: in function `pcl::SampleConsensusInitialAlignment<pcl::PointXYZ, pcl::PointXYZ, pcl::FPFHSignature33>::SampleConsensusInitialAlignment()':
point_cloud_custom_plant_pot_detection.cpp:(.text._ZN3pcl31SampleConsensusInitialAlignmentINS_8PointXYZES1_NS_15FPFHSignature33EEC2Ev[_ZN3pcl31SampleConsensusInitialAlignmentINS_8PointXYZES1_NS_15FPFHSignature33EEC5Ev]+0x11e): undefined reference to `pcl::registration::TransformationEstimationSVD<pcl::PointXYZ, pcl::PointXYZ, float>::TransformationEstimationSVD(bool)'
collect2: error: ld returned 1 exit status
gmake[2]: *** [CMakeFiles/point_cloud_plantpot_detector.dir/build.make:319: point_cloud_plantpot_detector] Error 1
gmake[1]: *** [CMakeFiles/Makefile2:199: CMakeFiles/point_cloud_plantpot_detector.dir/all] Error 2
gmake: *** [Makefile:146: all] Error 2
