[  4%] [34m[1mAutomatic MOC for target gtest_main[0m
[  8%] [34m[1mAutomatic MOC for target gtest[0m
[ 12%] [34m[1mAutomatic MOC for target moveit_setup_app_plugins[0m
[ 12%] Built target gtest_main_autogen
[ 12%] Built target gtest_autogen
[35m[1mConsolidate compiler generated dependencies of target gtest_main[0m
[ 12%] Built target moveit_setup_app_plugins_autogen
[ 24%] Built target gtest_main
[ 28%] [32mBuilding CXX object gtest/CMakeFiles/gtest.dir/src/gtest-all.cc.o[0m
[35m[1mConsolidate compiler generated dependencies of target moveit_setup_app_plugins[0m
[ 32%] [32mBuilding CXX object CMakeFiles/moveit_setup_app_plugins.dir/src/launches_widget.cpp.o[0m
[ 36%] [32mBuilding CXX object CMakeFiles/moveit_setup_app_plugins.dir/src/perception_widget.cpp.o[0m
[ 40%] [32mBuilding CXX object CMakeFiles/moveit_setup_app_plugins.dir/include/moveit_setup_app_plugins/moc_launches_widget.cpp.o[0m
[ 44%] [32mBuilding CXX object CMakeFiles/moveit_setup_app_plugins.dir/include/moveit_setup_app_plugins/moc_perception_widget.cpp.o[0m
[ 48%] [32m[1mLinking CXX static library libgtest.a[0m
[ 52%] Built target gtest
[01m[Kc++:[m[K [01;31m[Kfatal error: [m[KKilled signal terminated program cc1plus
compilation terminated.
gmake[2]: *** [CMakeFiles/moveit_setup_app_plugins.dir/build.make:168: CMakeFiles/moveit_setup_app_plugins.dir/src/perception_widget.cpp.o] Error 1
gmake[2]: *** Waiting for unfinished jobs....
