[35m[1mConsolidate compiler generated dependencies of target point_cloud_plantpot_edge_pfh_detector[0m
[ 16%] Built target point_cloud_cylinder_detector
[ 33%] Built target point_cloud_circle_detector
[ 50%] Built target point_cloud_plantpot_ppf_detector
[ 58%] [32mBuilding CXX object CMakeFiles/point_cloud_plantpot_edge_pfh_detector.dir/src/point_cloud_plantpot_edge_pfh_detector.cpp.o[0m
[ 75%] Built target point_cloud_plantpot_detector
[ 91%] Built target point_cloud_plantpot_pfh_detector
[01m[K/home/buhrmann/ws_moveit/src/point_cloud_circle_detector/src/point_cloud_plantpot_edge_pfh_detector.cpp:[m[K In function â€˜[01m[Kint main()[m[Kâ€™:
[01m[K/home/buhrmann/ws_moveit/src/point_cloud_circle_detector/src/point_cloud_plantpot_edge_pfh_detector.cpp:25:41:[m[K [01;31m[Kerror: [m[Kexpected primary-expression before â€˜[01m[Kegdes[m[Kâ€™
   25 |     (   pcl::PointCloud<pcl::PointXYZ > [01;31m[Kegdes[m[K; // Store the labels (e.g., edge, non-edge, boundary)
      |                                         [01;31m[K^~~~~[m[K
[01m[K/home/buhrmann/ws_moveit/src/point_cloud_circle_detector/src/point_cloud_plantpot_edge_pfh_detector.cpp:25:40:[m[K [01;31m[Kerror: [m[Kexpected â€˜[01m[K)[m[Kâ€™ before â€˜[01m[Kegdes[m[Kâ€™
   25 |     [34m[K([m[K   pcl::PointCloud<pcl::PointXYZ >[01;31m[K [m[K[32m[Kegdes[m[K; // Store the labels (e.g., edge, non-edge, boundary)
      |     [34m[K~[m[K                                  [01;31m[K^[m[K[32m[K~~~~~[m[K
      |                                        [32m[K)[m[K
[01m[K/home/buhrmann/ws_moveit/src/point_cloud_circle_detector/src/point_cloud_plantpot_edge_pfh_detector.cpp:29:27:[m[K [01;31m[Kerror: [m[Kâ€˜[01m[Kegdes[m[Kâ€™ was not declared in this scope
   29 |     edge_detector.compute([01;31m[Kegdes[m[K, label_indices);
      |                           [01;31m[K^~~~~[m[K
gmake[2]: *** [CMakeFiles/point_cloud_plantpot_edge_pfh_detector.dir/build.make:76: CMakeFiles/point_cloud_plantpot_edge_pfh_detector.dir/src/point_cloud_plantpot_edge_pfh_detector.cpp.o] Error 1
gmake[1]: *** [CMakeFiles/Makefile2:277: CMakeFiles/point_cloud_plantpot_edge_pfh_detector.dir/all] Error 2
gmake: *** [Makefile:146: all] Error 2
