[0.008s] Invoking command in '/home/buhrmann/ws_moveit/build/ppf_test_pkg': CMAKE_PREFIX_PATH=${CMAKE_PREFIX_PATH}:/home/buhrmann/ws_moveit/install/moveit_configs_utils:/opt/ros/iron /usr/bin/cmake --build /home/buhrmann/ws_moveit/build/ppf_test_pkg -- -j28 -l28
[0.028s] -- Found ament_cmake: 2.0.7 (/opt/ros/iron/share/ament_cmake/cmake)
[0.110s] -- Found rclcpp: 21.0.8 (/opt/ros/iron/share/rclcpp/cmake)
[0.126s] -- Found rosidl_generator_c: 4.0.1 (/opt/ros/iron/share/rosidl_generator_c/cmake)
[0.130s] -- Found rosidl_generator_cpp: 4.0.1 (/opt/ros/iron/share/rosidl_generator_cpp/cmake)
[0.137s] -- Using all available rosidl_typesupport_c: rosidl_typesupport_fastrtps_c;rosidl_typesupport_introspection_c
[0.147s] -- Using all available rosidl_typesupport_cpp: rosidl_typesupport_fastrtps_cpp;rosidl_typesupport_introspection_cpp
[0.221s] -- Found rmw_implementation_cmake: 7.1.0 (/opt/ros/iron/share/rmw_implementation_cmake/cmake)
[0.223s] -- Found rmw_fastrtps_cpp: 7.1.4 (/opt/ros/iron/share/rmw_fastrtps_cpp/cmake)
[0.293s] -- Using RMW implementation 'rmw_fastrtps_cpp' as default
[0.371s] -- Found sensor_msgs: 5.0.1 (/opt/ros/iron/share/sensor_msgs/cmake)
[0.470s] -- Found visualization_msgs: 5.0.1 (/opt/ros/iron/share/visualization_msgs/cmake)
[0.568s] -- FLANN found (include: /usr/include, lib: /usr/lib/x86_64-linux-gnu/libflann_cpp.so)
[0.577s] -- OpenNI found (version: 1.5.4.0, include: /usr/include/ni, lib: /usr/lib/libOpenNI.so;libusb::libusb)
[0.581s] -- OpenNI2 found (version: 2.2.0.33, include: /usr/include/openni2, lib: /usr/lib/x86_64-linux-gnu/libOpenNI2.so;libusb::libusb)
[0.583s] [0m** WARNING ** io features related to pcap will be disabled[0m
[0.583s] -- Could NOT find Pcap (missing: PCAP_LIBRARIES PCAP_INCLUDE_DIRS) 
[0.851s] -- OpenNI found (version: 1.5.4.0, include: /usr/include/ni, lib: /usr/lib/libOpenNI.so;libusb::libusb)
[0.855s] -- OpenNI2 found (version: 2.2.0.33, include: /usr/include/openni2, lib: /usr/lib/x86_64-linux-gnu/libOpenNI2.so;libusb::libusb)
[1.080s] -- Found Qhull version 8.0.2
[1.305s] -- looking for PCL_COMMON
[1.305s] -- looking for PCL_KDTREE
[1.305s] -- looking for PCL_OCTREE
[1.305s] -- looking for PCL_SEARCH
[1.306s] -- looking for PCL_SAMPLE_CONSENSUS
[1.306s] -- looking for PCL_FILTERS
[1.306s] -- looking for PCL_2D
[1.306s] -- looking for PCL_GEOMETRY
[1.306s] -- looking for PCL_IO
[1.306s] -- looking for PCL_FEATURES
[1.306s] -- looking for PCL_ML
[1.307s] -- looking for PCL_SEGMENTATION
[1.307s] -- looking for PCL_VISUALIZATION
[1.307s] -- looking for PCL_SURFACE
[1.307s] -- looking for PCL_REGISTRATION
[1.307s] -- looking for PCL_KEYPOINTS
[1.308s] -- looking for PCL_TRACKING
[1.308s] -- looking for PCL_RECOGNITION
[1.308s] -- looking for PCL_STEREO
[1.308s] -- looking for PCL_OUTOFCORE
[1.308s] -- looking for PCL_PEOPLE
[1.309s] [0mPCL version: 1.14.1[0m
[1.309s] [0mPCL LIBRARIES: pcl_common;pcl_kdtree;pcl_octree;pcl_search;pcl_sample_consensus;pcl_filters;pcl_io;pcl_features;pcl_ml;pcl_segmentation;pcl_visualization;pcl_surface;pcl_registration;pcl_keypoints;pcl_tracking;pcl_recognition;pcl_stereo;pcl_outofcore;pcl_people;Boost::system;Boost::iostreams;Boost::filesystem;Boost::serialization;/usr/lib/libOpenNI.so;libusb::libusb;/usr/lib/x86_64-linux-gnu/libOpenNI2.so;libusb::libusb;VTK::ChartsCore;VTK::CommonColor;VTK::CommonComputationalGeometry;VTK::CommonCore;VTK::CommonDataModel;VTK::CommonExecutionModel;VTK::CommonMath;VTK::CommonMisc;VTK::CommonTransforms;VTK::FiltersCore;VTK::FiltersExtraction;VTK::FiltersGeneral;VTK::FiltersGeometry;VTK::FiltersModeling;VTK::FiltersSources;VTK::ImagingCore;VTK::ImagingSources;VTK::InteractionImage;VTK::InteractionStyle;VTK::InteractionWidgets;VTK::IOCore;VTK::IOGeometry;VTK::IOImage;VTK::IOLegacy;VTK::IOPLY;VTK::RenderingAnnotation;VTK::RenderingCore;VTK::RenderingContext2D;VTK::RenderingLOD;VTK::RenderingFreeType;VTK::ViewsCore;VTK::ViewsContext2D;VTK::RenderingOpenGL2;VTK::RenderingContextOpenGL2;VTK::GUISupportQt;FLANN::FLANN;QHULL::QHULL[0m
[1.314s] -- Found ament_lint_auto: 0.14.4 (/opt/ros/iron/share/ament_lint_auto/cmake)
[1.352s] -- Configuring done
[1.363s] -- Generating done
[1.366s] -- Build files have been written to: /home/buhrmann/ws_moveit/build/ppf_test_pkg
[1.391s] [35m[1mConsolidate compiler generated dependencies of target object_detection[0m
[1.405s] [ 50%] [32mBuilding CXX object CMakeFiles/object_detection.dir/src/object_detection.cpp.o[0m
[1.411s] [01m[K/home/buhrmann/ws_moveit/src/ppf_test_pkg/src/object_detection.cpp:1:26:[m[K [01;35m[Kwarning: [m[Kmissing terminating " character
[1.411s]     1 | #define PCL_NO_PRECOMPILE[01;35m[K"[m[K
[1.411s]       |                          [01;35m[K^[m[K
[1.411s] [01m[K/home/buhrmann/ws_moveit/src/ppf_test_pkg/src/object_detection.cpp:1:9:[m[K [01;35m[Kwarning: [m[KISO C++11 requires whitespace after the macro name
[1.411s]     1 | #define [01;35m[KPCL_NO_PRECOMPILE[m[K"
[1.411s]       |         [01;35m[K^~~~~~~~~~~~~~~~~[m[K
[3.685s] In file included from [01m[K/usr/local/include/pcl-1.14/pcl/features/ppf.h:104[m[K,
[3.685s]                  from [01m[K/home/buhrmann/ws_moveit/src/ppf_test_pkg/src/object_detection.cpp:4[m[K:
[3.685s] /usr/local/include/pcl-1.14/pcl/features/impl/ppf.hpp: In instantiation of â€˜[01m[Kvoid pcl::PPFEstimation<PointInT, PointNT, PointOutT>::computeFeature(pcl::PPFEstimation<PointInT, PointNT, PointOutT>::PointCloudOut&) [with PointInT = pcl::PointXYZ; PointNT = pcl::PointXYZ; PointOutT = pcl::PPFSignature; pcl::PPFEstimation<PointInT, PointNT, PointOutT>::PointCloudOut = pcl::PointCloud<pcl::PPFSignature>][m[Kâ€™:
[3.685s] [01m[K/usr/local/include/pcl-1.14/pcl/features/impl/ppf.hpp:61:1:[m[K   required from here
[3.685s] [01m[K/usr/local/include/pcl-1.14/pcl/features/impl/ppf.hpp:80:54:[m[K [01;31m[Kerror: [m[Kâ€˜[01m[Kconst struct pcl::PointXYZ[m[Kâ€™ has no member named â€˜[01m[KgetNormalVector4fMap[m[Kâ€™; did you mean â€˜[01m[KgetVector4fMap[m[Kâ€™?
[3.685s]    80 |                                       [01;31m[K(*normals_)[i].getNormalVector4fMap[m[K (),
[3.685s]       |                                       [01;31m[K~~~~~~~~~~~~~~~^~~~~~~~~~~~~~~~~~~~[m[K
[3.685s]       |                                       [32m[KgetVector4fMap[m[K
[3.685s] [01m[K/usr/local/include/pcl-1.14/pcl/features/impl/ppf.hpp:82:54:[m[K [01;31m[Kerror: [m[Kâ€˜[01m[Kconst struct pcl::PointXYZ[m[Kâ€™ has no member named â€˜[01m[KgetNormalVector4fMap[m[Kâ€™; did you mean â€˜[01m[KgetVector4fMap[m[Kâ€™?
[3.685s]    82 |                                       [01;31m[K(*normals_)[j].getNormalVector4fMap[m[K (),
[3.685s]       |                                       [01;31m[K~~~~~~~~~~~~~~~^~~~~~~~~~~~~~~~~~~~[m[K
[3.685s]       |                                       [32m[KgetVector4fMap[m[K
[3.685s] [01m[K/usr/local/include/pcl-1.14/pcl/features/impl/ppf.hpp:87:67:[m[K [01;31m[Kerror: [m[Kâ€˜[01m[Kconst struct pcl::PointXYZ[m[Kâ€™ has no member named â€˜[01m[KgetNormalVector3fMap[m[Kâ€™; did you mean â€˜[01m[KgetVector3fMap[m[Kâ€™?
[3.685s]    87 |                           model_reference_normal = [01;31m[K(*normals_)[i].getNormalVector3fMap[m[K (),
[3.685s]       |                                                    [01;31m[K~~~~~~~~~~~~~~~^~~~~~~~~~~~~~~~~~~~[m[K
[3.685s]       |                                                    [32m[KgetVector3fMap[m[K
[5.789s] gmake[2]: *** [CMakeFiles/object_detection.dir/build.make:76: CMakeFiles/object_detection.dir/src/object_detection.cpp.o] Error 1
[5.789s] gmake[1]: *** [CMakeFiles/Makefile2:137: CMakeFiles/object_detection.dir/all] Error 2
[5.789s] gmake: *** [Makefile:146: all] Error 2
[5.791s] Invoked command in '/home/buhrmann/ws_moveit/build/ppf_test_pkg' returned '2': CMAKE_PREFIX_PATH=${CMAKE_PREFIX_PATH}:/home/buhrmann/ws_moveit/install/moveit_configs_utils:/opt/ros/iron /usr/bin/cmake --build /home/buhrmann/ws_moveit/build/ppf_test_pkg -- -j28 -l28
