[35m[1mConsolidate compiler generated dependencies of target hsv_color_filter[0m
[  9%] Built target point_cloud_plantpot_pfh_detector
[ 18%] Built target point_cloud_plantpot_edge_pfh_detector
[ 27%] Built target cup_pointcloud_segmentation_color
[ 36%] Built target cup_segmentation_color
[ 45%] Built target point_cloud_cylinder_detector
[ 54%] Built target point_cloud_plantpot_detector
[ 63%] Built target point_cloud_plantpot_rgb_edge_pfh_detector
[ 72%] Built target rgb_edge_filter
[ 77%] [32mBuilding CXX object CMakeFiles/hsv_color_filter.dir/src/hsv_color_filter.cpp.o[0m
[ 86%] Built target point_cloud_circle_detector
[ 95%] Built target point_cloud_plantpot_ppf_detector
[01m[K/home/buhrmann/ws_moveit/src/point_cloud_circle_detector/src/hsv_color_filter.cpp:[m[K In member function â€˜[01m[Kvoid ColorFilterNode::cloud_callback(sensor_msgs::msg::PointCloud2_<std::allocator<void> >::SharedPtr)[m[Kâ€™:
[01m[K/home/buhrmann/ws_moveit/src/point_cloud_circle_detector/src/hsv_color_filter.cpp:142:36:[m[K [01;31m[Kerror: [m[Kâ€˜[01m[Kcloud_rgb[m[Kâ€™ was not declared in this scope
  142 |         cond_removal.setInputCloud([01;31m[Kcloud_rgb[m[K);
      |                                    [01;31m[K^~~~~~~~~[m[K
gmake[2]: *** [CMakeFiles/hsv_color_filter.dir/build.make:76: CMakeFiles/hsv_color_filter.dir/src/hsv_color_filter.cpp.o] Error 1
gmake[1]: *** [CMakeFiles/Makefile2:417: CMakeFiles/hsv_color_filter.dir/all] Error 2
gmake: *** [Makefile:146: all] Error 2
