[0.183s] Invoking command in '/home/buhrmann/ws_moveit/build/point_cloud_circle_detector': CMAKE_PREFIX_PATH=${CMAKE_PREFIX_PATH}:/home/buhrmann/ws_moveit/install/ros2_azure_bridge:/home/buhrmann/ws_moveit/install/moveit_configs_utils:/opt/ros/iron /usr/bin/cmake --build /home/buhrmann/ws_moveit/build/point_cloud_circle_detector -- -j28 -l28
[0.230s] [35m[1mConsolidate compiler generated dependencies of target hsv_color_filter[0m
[0.242s] [  9%] Built target point_cloud_plantpot_pfh_detector
[0.243s] [ 18%] Built target point_cloud_plantpot_edge_pfh_detector
[0.243s] [ 27%] Built target cup_pointcloud_segmentation_color
[0.243s] [ 36%] Built target cup_segmentation_color
[0.244s] [ 45%] Built target point_cloud_cylinder_detector
[0.244s] [ 54%] Built target point_cloud_plantpot_detector
[0.244s] [ 63%] Built target point_cloud_plantpot_rgb_edge_pfh_detector
[0.245s] [ 72%] Built target rgb_edge_filter
[0.245s] [ 77%] [32mBuilding CXX object CMakeFiles/hsv_color_filter.dir/src/hsv_color_filter.cpp.o[0m
[0.245s] [ 86%] Built target point_cloud_circle_detector
[0.247s] [ 95%] Built target point_cloud_plantpot_ppf_detector
[3.431s] [01m[K/home/buhrmann/ws_moveit/src/point_cloud_circle_detector/src/hsv_color_filter.cpp:[m[K In member function â€˜[01m[Kvoid ColorFilterNode::cloud_callback(sensor_msgs::msg::PointCloud2_<std::allocator<void> >::SharedPtr)[m[Kâ€™:
[3.431s] [01m[K/home/buhrmann/ws_moveit/src/point_cloud_circle_detector/src/hsv_color_filter.cpp:142:36:[m[K [01;31m[Kerror: [m[Kâ€˜[01m[Kcloud_rgb[m[Kâ€™ was not declared in this scope
[3.431s]   142 |         cond_removal.setInputCloud([01;31m[Kcloud_rgb[m[K);
[3.431s]       |                                    [01;31m[K^~~~~~~~~[m[K
[4.472s] gmake[2]: *** [CMakeFiles/hsv_color_filter.dir/build.make:76: CMakeFiles/hsv_color_filter.dir/src/hsv_color_filter.cpp.o] Error 1
[4.472s] gmake[1]: *** [CMakeFiles/Makefile2:417: CMakeFiles/hsv_color_filter.dir/all] Error 2
[4.472s] gmake: *** [Makefile:146: all] Error 2
[4.474s] Invoked command in '/home/buhrmann/ws_moveit/build/point_cloud_circle_detector' returned '2': CMAKE_PREFIX_PATH=${CMAKE_PREFIX_PATH}:/home/buhrmann/ws_moveit/install/ros2_azure_bridge:/home/buhrmann/ws_moveit/install/moveit_configs_utils:/opt/ros/iron /usr/bin/cmake --build /home/buhrmann/ws_moveit/build/point_cloud_circle_detector -- -j28 -l28
