[35m[1mConsolidate compiler generated dependencies of target object_detection[0m
[ 50%] [32mBuilding CXX object CMakeFiles/object_detection.dir/src/object_detection.cpp.o[0m
[01m[K/home/buhrmann/ws_moveit/src/ppf_test_pkg/src/object_detection.cpp:[m[K In member function â€˜[01m[Kvoid PPFTestNode::compute_ppf_features(const Ptr&)[m[Kâ€™:
[01m[K/home/buhrmann/ws_moveit/src/ppf_test_pkg/src/object_detection.cpp:100:39:[m[K [01;31m[Kerror: [m[Kcannot convert â€˜[01m[Kpcl::PointCloud<pcl::Normal>::Ptr[m[Kâ€™ {aka â€˜[01m[Kstd::shared_ptr<pcl::PointCloud<pcl::Normal> >[m[Kâ€™} to â€˜[01m[Kconst PointCloudNConstPtr&[m[Kâ€™ {aka â€˜[01m[Kconst std::shared_ptr<const pcl::PointCloud<pcl::PointXYZ> >&[m[Kâ€™}
  100 |         ppf_estimator.setInputNormals([01;31m[Kcloud_normals[m[K);  // Set input normals
      |                                       [01;31m[K^~~~~~~~~~~~~[m[K
      |                                       [01;31m[K|[m[K
      |                                       [01;31m[Kpcl::PointCloud<pcl::Normal>::Ptr {aka std::shared_ptr<pcl::PointCloud<pcl::Normal> >}[m[K
In file included from [01m[K/usr/include/pcl-1.12/pcl/features/ppf.h:41[m[K,
                 from [01m[K/home/buhrmann/ws_moveit/src/ppf_test_pkg/src/object_detection.cpp:3[m[K:
[01m[K/usr/include/pcl-1.12/pcl/features/feature.h:345:51:[m[K [01;36m[Knote: [m[K  initializing argument 1 of â€˜[01m[Kvoid pcl::FeatureFromNormals<PointInT, PointNT, PointOutT>::setInputNormals(const PointCloudNConstPtr&) [with PointInT = pcl::PointXYZ; PointNT = pcl::PointXYZ; PointOutT = pcl::PPFSignature; pcl::FeatureFromNormals<PointInT, PointNT, PointOutT>::PointCloudNConstPtr = std::shared_ptr<const pcl::PointCloud<pcl::PointXYZ> >][m[Kâ€™
  345 |       setInputNormals ([01;36m[Kconst PointCloudNConstPtr &normals[m[K) { normals_ = normals; }
      |                        [01;36m[K~~~~~~~~~~~~~~~~~~~~~~~~~~~^~~~~~~[m[K
gmake[2]: *** [CMakeFiles/object_detection.dir/build.make:76: CMakeFiles/object_detection.dir/src/object_detection.cpp.o] Error 1
gmake[1]: *** [CMakeFiles/Makefile2:137: CMakeFiles/object_detection.dir/all] Error 2
gmake: *** [Makefile:146: all] Error 2
