[0.008s] Invoking command in '/home/buhrmann/ws_moveit/build/ppf_test_pkg': CMAKE_PREFIX_PATH=${CMAKE_PREFIX_PATH}:/home/buhrmann/ws_moveit/install/moveit_configs_utils:/opt/ros/iron /usr/bin/cmake --build /home/buhrmann/ws_moveit/build/ppf_test_pkg -- -j28 -l28
[0.026s] -- Found ament_cmake: 2.0.7 (/opt/ros/iron/share/ament_cmake/cmake)
[0.093s] -- Override CMake install command with custom implementation using symlinks instead of copying resources
[0.096s] -- Found rclcpp: 21.0.8 (/opt/ros/iron/share/rclcpp/cmake)
[0.111s] -- Found rosidl_generator_c: 4.0.1 (/opt/ros/iron/share/rosidl_generator_c/cmake)
[0.114s] -- Found rosidl_generator_cpp: 4.0.1 (/opt/ros/iron/share/rosidl_generator_cpp/cmake)
[0.122s] -- Using all available rosidl_typesupport_c: rosidl_typesupport_fastrtps_c;rosidl_typesupport_introspection_c
[0.130s] -- Using all available rosidl_typesupport_cpp: rosidl_typesupport_fastrtps_cpp;rosidl_typesupport_introspection_cpp
[0.205s] -- Found rmw_implementation_cmake: 7.1.0 (/opt/ros/iron/share/rmw_implementation_cmake/cmake)
[0.207s] -- Found rmw_fastrtps_cpp: 7.1.4 (/opt/ros/iron/share/rmw_fastrtps_cpp/cmake)
[0.289s] -- Using RMW implementation 'rmw_fastrtps_cpp' as default
[0.383s] -- Found pcl_conversions: 2.5.4 (/opt/ros/iron/share/pcl_conversions/cmake)
[0.603s] -- Eigen found (include: /usr/include/eigen3, version: 3.4.0)
[0.626s] -- FLANN found (include: /usr/include, lib: /usr/lib/x86_64-linux-gnu/libflann_cpp.so)
[0.848s] -- OpenNI found (version: 1.5.4.0, include: /usr/include/ni, lib: /usr/lib/libOpenNI.so;libusb::libusb)
[0.856s] -- OpenNI2 found (version: 2.2.0.33, include: /usr/include/openni2, lib: /usr/lib/x86_64-linux-gnu/libOpenNI2.so;libusb::libusb)
[0.968s] -- Eigen found (include: /usr/include/eigen3, version: 3.4.0)
[0.973s] -- OpenNI found (version: 1.5.4.0, include: /usr/include/ni, lib: /usr/lib/libOpenNI.so;libusb::libusb)
[0.977s] -- OpenNI2 found (version: 2.2.0.33, include: /usr/include/openni2, lib: /usr/lib/x86_64-linux-gnu/libOpenNI2.so;libusb::libusb)
[1.071s] -- Found Qhull version 8.0.2
[1.175s] -- OpenNI found (version: 1.5.4.0, include: /usr/include/ni, lib: /usr/lib/libOpenNI.so;libusb::libusb)
[1.304s] -- Found visualization_msgs: 5.0.1 (/opt/ros/iron/share/visualization_msgs/cmake)
[1.380s] [33mCMake Warning (dev) at CMakeLists.txt:16 (find_package):
[1.380s]   Policy CMP0074 is not set: find_package uses <PackageName>_ROOT variables.
[1.380s]   Run "cmake --help-policy CMP0074" for policy details.  Use the cmake_policy
[1.380s]   command to set the policy and suppress this warning.
[1.380s] 
[1.380s]   CMake variable PCL_ROOT is set to:
[1.380s] 
[1.380s]     /usr
[1.380s] 
[1.380s]   For compatibility, CMake is ignoring the variable.
[1.380s] This warning is for project developers.  Use -Wno-dev to suppress it.
[1.380s] [0m
[1.384s] [0mPCL version: 1.12.1[0m
[1.475s] -- Found ament_lint_auto: 0.14.4 (/opt/ros/iron/share/ament_lint_auto/cmake)
[1.518s] -- Configuring done
[1.532s] -- Generating done
[1.536s] -- Build files have been written to: /home/buhrmann/ws_moveit/build/ppf_test_pkg
[1.562s] [35m[1mConsolidate compiler generated dependencies of target object_detection[0m
[1.584s] [ 50%] [32m[1mLinking CXX executable object_detection[0m
[2.358s] /usr/bin/ld: CMakeFiles/object_detection.dir/src/object_detection.cpp.o: in function `PPFTestNode::compute_ppf_features(std::shared_ptr<pcl::PointCloud<pcl::PointXYZ> > const&)':
[2.358s] object_detection.cpp:(.text._ZN11PPFTestNode20compute_ppf_featuresERKSt10shared_ptrIN3pcl10PointCloudINS1_8PointXYZEEEE[_ZN11PPFTestNode20compute_ppf_featuresERKSt10shared_ptrIN3pcl10PointCloudINS1_8PointXYZEEEE]+0x1e5): undefined reference to `pcl::PPFEstimation<pcl::PointXYZ, pcl::PointXYZ, pcl::PPFSignature>::PPFEstimation()'
[2.360s] /usr/bin/ld: CMakeFiles/object_detection.dir/src/object_detection.cpp.o:(.data.rel.ro._ZTVN3pcl13PPFEstimationINS_8PointXYZES1_NS_12PPFSignatureEEE[_ZTVN3pcl13PPFEstimationINS_8PointXYZES1_NS_12PPFSignatureEEE]+0x58): undefined reference to `pcl::PPFEstimation<pcl::PointXYZ, pcl::PointXYZ, pcl::PPFSignature>::computeFeature(pcl::PointCloud<pcl::PPFSignature>&)'
[2.382s] collect2: error: ld returned 1 exit status
[2.383s] gmake[2]: *** [CMakeFiles/object_detection.dir/build.make:346: object_detection] Error 1
[2.383s] gmake[1]: *** [CMakeFiles/Makefile2:137: CMakeFiles/object_detection.dir/all] Error 2
[2.384s] gmake: *** [Makefile:146: all] Error 2
[2.386s] Invoked command in '/home/buhrmann/ws_moveit/build/ppf_test_pkg' returned '2': CMAKE_PREFIX_PATH=${CMAKE_PREFIX_PATH}:/home/buhrmann/ws_moveit/install/moveit_configs_utils:/opt/ros/iron /usr/bin/cmake --build /home/buhrmann/ws_moveit/build/ppf_test_pkg -- -j28 -l28
