[  7%] Built target ur5_moveit_test_object_detection
[ 11%] [32mBuilding CXX object CMakeFiles/ur5_probe_sensor_service.dir/src/ur5_probe_sensor_service.cpp.o[0m
[ 19%] Built target gripper_open_moveit_test
[ 26%] Built target ur5_read_positions
[ 34%] Built target ur5_moveit_test
[ 42%] Built target gripper_close_moveit_test
[ 50%] Built target ur5_probe_sensor
[ 57%] Built target ur5_moveit_test_launch
[ 65%] Built target ur5_move_to_camera
[ 76%] Built target ur5_image_octmap_path
[ 80%] Built target ur5_pickup_sensor
[ 88%] Built target ur5_move_to_home
[ 96%] Built target ur5_drop_sensor
[01m[K/home/buhrmann/ws_moveit/src/ur5_moveit_test/src/ur5_probe_sensor_service.cpp:[m[K In function â€˜[01m[Kint main(int, char**)[m[Kâ€™:
[01m[K/home/buhrmann/ws_moveit/src/ur5_moveit_test/src/ur5_probe_sensor_service.cpp:84:53:[m[K [01;31m[Kerror: [m[Kâ€˜[01m[KM_Pi[m[Kâ€™ was not declared in this scope; did you mean â€˜[01m[KM_PI[m[Kâ€™?
   84 |     double Angles[8] = {start_angle , start_angle + [01;31m[KM_Pi[m[K * 3/28, start_angle +  M_Pi * 6/28, start_angle + M_Pi * 9/28, start_angle +  M_Pi * 12/28, start_angle +  M_Pi * 15/28 , start_angle +  M_Pi * 18/28,  start_angle + M_PI * 3/4};
      |                                                     [01;31m[K^~~~[m[K
      |                                                     [32m[KM_PI[m[K
[01m[K/home/buhrmann/ws_moveit/src/ur5_moveit_test/src/ur5_probe_sensor_service.cpp:79:18:[m[K [01;35m[Kwarning: [m[Kunused variable â€˜[01m[Kangle_step[m[Kâ€™ [[01;35m[K]8;;https://gcc.gnu.org/onlinedocs/gcc/Warning-Options.html#index-Wunused-variable-Wunused-variable]8;;[m[K]
   79 |     const double [01;35m[Kangle_step[m[K = M_PI / (num_positions - 1);  // Divide the semicircle into equal parts
      |                  [01;35m[K^~~~~~~~~~[m[K
[01m[K/home/buhrmann/ws_moveit/src/ur5_moveit_test/src/ur5_probe_sensor_service.cpp:272:21:[m[K [01;35m[Kwarning: [m[Kcomparison of integer expressions of different signedness: â€˜[01m[Kint[m[Kâ€™ and â€˜[01m[Kstd::vector<geometry_msgs::msg::Pose_<std::allocator<void> > >::size_type[m[Kâ€™ {aka â€˜[01m[Klong unsigned int[m[Kâ€™} [[01;35m[K]8;;https://gcc.gnu.org/onlinedocs/gcc/Warning-Options.html#index-Wsign-compare-Wsign-compare]8;;[m[K]
  272 |   for (int i = 0; [01;35m[Ki < target_poses.size()[m[K; i++) {
      |                   [01;35m[K~~^~~~~~~~~~~~~~~~~~~~~[m[K
gmake[2]: *** [CMakeFiles/ur5_probe_sensor_service.dir/build.make:76: CMakeFiles/ur5_probe_sensor_service.dir/src/ur5_probe_sensor_service.cpp.o] Error 1
gmake[1]: *** [CMakeFiles/Makefile2:395: CMakeFiles/ur5_probe_sensor_service.dir/all] Error 2
gmake: *** [Makefile:146: all] Error 2
