[01m[K/home/buhrmann/ws_moveit/src/ur5_moveit_test/src/ur5_pickup_sensor.cpp:[m[K In function â€˜[01m[Kint main(int, char**)[m[Kâ€™:
[01m[K/home/buhrmann/ws_moveit/src/ur5_moveit_test/src/ur5_pickup_sensor.cpp:375:3:[m[K [01;31m[Kerror: [m[Kâ€˜[01m[Khome_pose[m[Kâ€™ was not declared in this scope
  375 |   [01;31m[Khome_pose[m[K.orientation.x = 0.9553;
      |   [01;31m[K^~~~~~~~~[m[K
[01m[K/home/buhrmann/ws_moveit/src/ur5_moveit_test/src/ur5_pickup_sensor.cpp:398:8:[m[K [01;31m[Kerror: [m[Kredeclaration of â€˜[01m[Kbool success[m[Kâ€™
  398 |   bool [01;31m[Ksuccess[m[K = (move_group_interface.plan(plan_home) == moveit::core::MoveItErrorCode::SUCCESS);
      |        [01;31m[K^~~~~~~[m[K
[01m[K/home/buhrmann/ws_moveit/src/ur5_moveit_test/src/ur5_pickup_sensor.cpp:162:8:[m[K [01;36m[Knote: [m[Kâ€˜[01m[Kbool success[m[Kâ€™ previously declared here
  162 |   bool [01;36m[Ksuccess[m[K = (move_group_interface.plan(plan) == moveit::core::MoveItErrorCode::SUCCESS);
      |        [01;36m[K^~~~~~~[m[K
[01m[K/home/buhrmann/ws_moveit/src/ur5_moveit_test/src/ur5_pickup_sensor.cpp:16:35:[m[K [01;35m[Kwarning: [m[Kignoring return value of â€˜[01m[Krcutils_ret_t rcutils_logging_set_logger_level(const char*, int)[m[Kâ€™ declared with attribute â€˜[01m[Kwarn_unused_result[m[Kâ€™ [[01;35m[K]8;;https://gcc.gnu.org/onlinedocs/gcc/Warning-Options.html#index-Wunused-result-Wunused-result]8;;[m[K]
   16 |   [01;35m[Krcutils_logging_set_logger_level("UR5.moveit.moveit.ros.trajectory_execution_manager", RCUTILS_LOG_SEVERITY_DEBUG)[m[K;
      |   [01;35m[K~~~~~~~~~~~~~~~~~~~~~~~~~~~~~~~~^~~~~~~~~~~~~~~~~~~~~~~~~~~~~~~~~~~~~~~~~~~~~~~~~~~~~~~~~~~~~~~~~~~~~~~~~~~~~~~~~~[m[K
[01m[K/home/buhrmann/ws_moveit/src/ur5_moveit_test/src/ur5_pickup_sensor.cpp:310:35:[m[K [01;35m[Kwarning: [m[Kignoring return value of â€˜[01m[Krcutils_ret_t rcutils_logging_set_logger_level(const char*, int)[m[Kâ€™ declared with attribute â€˜[01m[Kwarn_unused_result[m[Kâ€™ [[01;35m[K]8;;https://gcc.gnu.org/onlinedocs/gcc/Warning-Options.html#index-Wunused-result-Wunused-result]8;;[m[K]
  310 |   [01;35m[Krcutils_logging_set_logger_level("UR5.moveit.moveit.ros.trajectory_execution_manager", RCUTILS_LOG_SEVERITY_DEBUG)[m[K;
      |   [01;35m[K~~~~~~~~~~~~~~~~~~~~~~~~~~~~~~~~^~~~~~~~~~~~~~~~~~~~~~~~~~~~~~~~~~~~~~~~~~~~~~~~~~~~~~~~~~~~~~~~~~~~~~~~~~~~~~~~~~[m[K
gmake[2]: *** [CMakeFiles/ur5_pickup_sensor.dir/build.make:76: CMakeFiles/ur5_pickup_sensor.dir/src/ur5_pickup_sensor.cpp.o] Error 1
gmake[1]: *** [CMakeFiles/Makefile2:307: CMakeFiles/ur5_pickup_sensor.dir/all] Error 2
gmake: *** [Makefile:146: all] Error 2
