[0.009s] Invoking command in '/home/buhrmann/ws_moveit/build/point_cloud_circle_detector': CMAKE_PREFIX_PATH=${CMAKE_PREFIX_PATH}:/home/buhrmann/ws_moveit/install/moveit_configs_utils:/opt/ros/iron /usr/bin/cmake --build /home/buhrmann/ws_moveit/build/point_cloud_circle_detector -- -j28 -l28
[0.051s] [35m[1mConsolidate compiler generated dependencies of target point_cloud_plantpot_rgb_edge_pfh_detector[0m
[0.062s] [ 14%] Built target point_cloud_plantpot_detector
[0.062s] [ 28%] Built target point_cloud_plantpot_edge_pfh_detector
[0.065s] [ 35%] [32mBuilding CXX object CMakeFiles/point_cloud_plantpot_rgb_edge_pfh_detector.dir/src/point_cloud_plantpot_rgb_edge_pfh_detector.cpp.o[0m
[0.066s] [ 50%] Built target point_cloud_plantpot_pfh_detector
[0.066s] [ 64%] Built target point_cloud_plantpot_ppf_detector
[0.068s] [ 78%] Built target point_cloud_cylinder_detector
[0.069s] [ 92%] Built target point_cloud_circle_detector
[2.620s] [01m[K/home/buhrmann/ws_moveit/src/point_cloud_circle_detector/src/point_cloud_plantpot_rgb_edge_pfh_detector.cpp:[m[K In constructor â€˜[01m[KPointCloudSubscriber::PointCloudSubscriber()[m[Kâ€™:
[2.620s] [01m[K/home/buhrmann/ws_moveit/src/point_cloud_circle_detector/src/point_cloud_plantpot_rgb_edge_pfh_detector.cpp:15:9:[m[K [01;31m[Kerror: [m[Kâ€˜[01m[Ksubscription_[m[Kâ€™ was not declared in this scope; did you mean â€˜[01m[Krmw_subscription_t[m[Kâ€™?
[2.620s]    15 |         [01;31m[Ksubscription_[m[K = this->create_subscription<sensor_msgs::msg::PointCloud2>(
[2.620s]       |         [01;31m[K^~~~~~~~~~~~~[m[K
[2.620s]       |         [32m[Krmw_subscription_t[m[K
[3.848s] gmake[2]: *** [CMakeFiles/point_cloud_plantpot_rgb_edge_pfh_detector.dir/build.make:76: CMakeFiles/point_cloud_plantpot_rgb_edge_pfh_detector.dir/src/point_cloud_plantpot_rgb_edge_pfh_detector.cpp.o] Error 1
[3.848s] gmake[1]: *** [CMakeFiles/Makefile2:305: CMakeFiles/point_cloud_plantpot_rgb_edge_pfh_detector.dir/all] Error 2
[3.848s] gmake: *** [Makefile:146: all] Error 2
[3.850s] Invoked command in '/home/buhrmann/ws_moveit/build/point_cloud_circle_detector' returned '2': CMAKE_PREFIX_PATH=${CMAKE_PREFIX_PATH}:/home/buhrmann/ws_moveit/install/moveit_configs_utils:/opt/ros/iron /usr/bin/cmake --build /home/buhrmann/ws_moveit/build/point_cloud_circle_detector -- -j28 -l28
