[35m[1mConsolidate compiler generated dependencies of target ur5_pickup_sensor[0m
[ 14%] Built target ur5_moveit_test_launch
[ 28%] Built target gripper_close_moveit_test
[ 42%] Built target ur5_moveit_test_object_detection
[ 50%] [32mBuilding CXX object CMakeFiles/ur5_pickup_sensor.dir/src/ur5_pickup_sensor.cpp.o[0m
[ 64%] Built target gripper_open_moveit_test
[ 78%] Built target ur5_moveit_test
[ 92%] Built target ur5_read_positions
[01m[K/home/buhrmann/ws_moveit/src/ur5_moveit_test/src/ur5_pickup_sensor.cpp:[m[K In function â€˜[01m[Kint main(int, char**)[m[Kâ€™:
[01m[K/home/buhrmann/ws_moveit/src/ur5_moveit_test/src/ur5_pickup_sensor.cpp:273:28:[m[K [01;31m[Kerror: [m[Kâ€˜[01m[Kclass moveit::planning_interface::PlanningSceneInterface[m[Kâ€™ has no member named â€˜[01m[KdetachObject[m[Kâ€™
  273 |   planning_scene_interface.[01;31m[KdetachObject[m[K("Sensor");
      |                            [01;31m[K^~~~~~~~~~~~[m[K
gmake[2]: *** [CMakeFiles/ur5_pickup_sensor.dir/build.make:76: CMakeFiles/ur5_pickup_sensor.dir/src/ur5_pickup_sensor.cpp.o] Error 1
gmake[1]: *** [CMakeFiles/Makefile2:305: CMakeFiles/ur5_pickup_sensor.dir/all] Error 2
gmake: *** [Makefile:146: all] Error 2
