[01m[K/home/buhrmann/ws_moveit/src/point_cloud_circle_detector/src/cup_pointcloud_segmentation_and_coloring.cpp:[m[K In member function â€˜[01m[Kstd::tuple<int, int, int> PointCloudGenerator::get_random_rgb_from_int(int)[m[Kâ€™:
[01m[K/home/buhrmann/ws_moveit/src/point_cloud_circle_detector/src/cup_pointcloud_segmentation_and_coloring.cpp:56:12:[m[K [01;31m[Kerror: [m[Kâ€˜[01m[Kdepth_cv_ptr[m[Kâ€™ was not declared in this scope
   56 | cv::rotate([01;31m[Kdepth_cv_ptr[m[K->image, rotated_depth_image, cv::ROTATE_180);
      |            [01;31m[K^~~~~~~~~~~~[m[K
[01m[K/home/buhrmann/ws_moveit/src/point_cloud_circle_detector/src/cup_pointcloud_segmentation_and_coloring.cpp:56:33:[m[K [01;31m[Kerror: [m[Kâ€˜[01m[Krotated_depth_image[m[Kâ€™ was not declared in this scope
   56 | cv::rotate(depth_cv_ptr->image, [01;31m[Krotated_depth_image[m[K, cv::ROTATE_180);
      |                                 [01;31m[K^~~~~~~~~~~~~~~~~~~[m[K
[01m[K/home/buhrmann/ws_moveit/src/point_cloud_circle_detector/src/cup_pointcloud_segmentation_and_coloring.cpp:59:49:[m[K [01;31m[Kerror: [m[Kexpected primary-expression before â€˜[01m[K>[m[Kâ€™ token
   59 | uint16_t depth = rotated_depth_image.at<uint16_t[01;31m[K>[m[K(data[i+2], data[i+1]);
      |                                                 [01;31m[K^[m[K
[01m[K/home/buhrmann/ws_moveit/src/point_cloud_circle_detector/src/cup_pointcloud_segmentation_and_coloring.cpp:59:51:[m[K [01;31m[Kerror: [m[Kâ€˜[01m[Kdata[m[Kâ€™ was not declared in this scope; did you mean â€˜[01m[Kstd::data[m[Kâ€™?
   59 | uint16_t depth = rotated_depth_image.at<uint16_t>([01;31m[Kdata[m[K[i+2], data[i+1]);
      |                                                   [01;31m[K^~~~[m[K
      |                                                   [32m[Kstd::data[m[K
In file included from [01m[K/usr/include/c++/11/array:41[m[K,
                 from [01m[K/usr/include/c++/11/tuple:39[m[K,
                 from [01m[K/usr/include/c++/11/bits/unique_ptr.h:37[m[K,
                 from [01m[K/usr/include/c++/11/memory:76[m[K,
                 from [01m[K/opt/ros/iron/include/rclcpp/rclcpp/rclcpp.hpp:165[m[K,
                 from [01m[K/home/buhrmann/ws_moveit/src/point_cloud_circle_detector/src/cup_pointcloud_segmentation_and_coloring.cpp:1[m[K:
[01m[K/usr/include/c++/11/bits/range_access.h:319:5:[m[K [01;36m[Knote: [m[Kâ€˜[01m[Kstd::data[m[Kâ€™ declared here
  319 |     [01;36m[Kdata[m[K(initializer_list<_Tp> __il) noexcept
      |     [01;36m[K^~~~[m[K
[01m[K/home/buhrmann/ws_moveit/src/point_cloud_circle_detector/src/cup_pointcloud_segmentation_and_coloring.cpp:59:56:[m[K [01;31m[Kerror: [m[Kâ€˜[01m[Ki[m[Kâ€™ was not declared in this scope
   59 | uint16_t depth = rotated_depth_image.at<uint16_t>(data[[01;31m[Ki[m[K+2], data[i+1]);
      |                                                        [01;31m[K^[m[K
[01m[K/home/buhrmann/ws_moveit/src/point_cloud_circle_detector/src/cup_pointcloud_segmentation_and_coloring.cpp:59:10:[m[K [01;35m[Kwarning: [m[Kunused variable â€˜[01m[Kdepth[m[Kâ€™ [[01;35m[K]8;;https://gcc.gnu.org/onlinedocs/gcc/Warning-Options.html#index-Wunused-variable-Wunused-variable]8;;[m[K]
   59 | uint16_t [01;35m[Kdepth[m[K = rotated_depth_image.at<uint16_t>(data[i+2], data[i+1]);
      |          [01;35m[K^~~~~[m[K
[01m[K/home/buhrmann/ws_moveit/src/point_cloud_circle_detector/src/cup_pointcloud_segmentation_and_coloring.cpp:[m[K In member function â€˜[01m[Kvoid PointCloudGenerator::pointCloudCallback(std_msgs::msg::Float32MultiArray_<std::allocator<void> >::SharedPtr)[m[Kâ€™:
[01m[K/home/buhrmann/ws_moveit/src/point_cloud_circle_detector/src/cup_pointcloud_segmentation_and_coloring.cpp:80:9:[m[K [01;35m[Kwarning: [m[Kthis â€˜[01m[Kif[m[Kâ€™ clause does not guard... [[01;35m[K]8;;https://gcc.gnu.org/onlinedocs/gcc/Warning-Options.html#index-Wmisleading-indentation-Wmisleading-indentation]8;;[m[K]
   80 |         [01;35m[Kif[m[K (!current_rgb_ || !current_depth_) return;cv::Mat rotated_depth_image;
      |         [01;35m[K^~[m[K
[01m[K/home/buhrmann/ws_moveit/src/point_cloud_circle_detector/src/cup_pointcloud_segmentation_and_coloring.cpp:80:54:[m[K [01;36m[Knote: [m[K...this statement, but the latter is misleadingly indented as if it were guarded by the â€˜[01m[Kif[m[Kâ€™
   80 |         if (!current_rgb_ || !current_depth_) return;[01;36m[Kcv[m[K::Mat rotated_depth_image;
      |                                                      [01;36m[K^~[m[K
[01m[K/home/buhrmann/ws_moveit/src/point_cloud_circle_detector/src/cup_pointcloud_segmentation_and_coloring.cpp:81:12:[m[K [01;31m[Kerror: [m[Kâ€˜[01m[Kdepth_cv_ptr[m[Kâ€™ was not declared in this scope
   81 | cv::rotate([01;31m[Kdepth_cv_ptr[m[K->image, rotated_depth_image, cv::ROTATE_180);
      |            [01;31m[K^~~~~~~~~~~~[m[K
[01m[K/home/buhrmann/ws_moveit/src/point_cloud_circle_detector/src/cup_pointcloud_segmentation_and_coloring.cpp:84:51:[m[K [01;31m[Kerror: [m[Kâ€˜[01m[Kdata[m[Kâ€™ was not declared in this scope; did you mean â€˜[01m[Kstd::data[m[Kâ€™?
   84 | uint16_t depth = rotated_depth_image.at<uint16_t>([01;31m[Kdata[m[K[i+2], data[i+1]);
      |                                                   [01;31m[K^~~~[m[K
      |                                                   [32m[Kstd::data[m[K
In file included from [01m[K/usr/include/c++/11/array:41[m[K,
                 from [01m[K/usr/include/c++/11/tuple:39[m[K,
                 from [01m[K/usr/include/c++/11/bits/unique_ptr.h:37[m[K,
                 from [01m[K/usr/include/c++/11/memory:76[m[K,
                 from [01m[K/opt/ros/iron/include/rclcpp/rclcpp/rclcpp.hpp:165[m[K,
                 from [01m[K/home/buhrmann/ws_moveit/src/point_cloud_circle_detector/src/cup_pointcloud_segmentation_and_coloring.cpp:1[m[K:
[01m[K/usr/include/c++/11/bits/range_access.h:319:5:[m[K [01;36m[Knote: [m[Kâ€˜[01m[Kstd::data[m[Kâ€™ declared here
  319 |     [01;36m[Kdata[m[K(initializer_list<_Tp> __il) noexcept
      |     [01;36m[K^~~~[m[K
[01m[K/home/buhrmann/ws_moveit/src/point_cloud_circle_detector/src/cup_pointcloud_segmentation_and_coloring.cpp:84:56:[m[K [01;31m[Kerror: [m[Kâ€˜[01m[Ki[m[Kâ€™ was not declared in this scope
   84 | uint16_t depth = rotated_depth_image.at<uint16_t>(data[[01;31m[Ki[m[K+2], data[i+1]);
      |                                                        [01;31m[K^[m[K
[01m[K/home/buhrmann/ws_moveit/src/point_cloud_circle_detector/src/cup_pointcloud_segmentation_and_coloring.cpp:118:17:[m[K [01;31m[Kerror: [m[Kredeclaration of â€˜[01m[Kcv::Mat rotated_depth_image[m[Kâ€™
  118 |         cv::Mat [01;31m[Krotated_depth_image[m[K;
      |                 [01;31m[K^~~~~~~~~~~~~~~~~~~[m[K
[01m[K/home/buhrmann/ws_moveit/src/point_cloud_circle_detector/src/cup_pointcloud_segmentation_and_coloring.cpp:80:62:[m[K [01;36m[Knote: [m[Kâ€˜[01m[Kcv::Mat rotated_depth_image[m[Kâ€™ previously declared here
   80 |         if (!current_rgb_ || !current_depth_) return;cv::Mat [01;36m[Krotated_depth_image[m[K;
      |                                                              [01;36m[K^~~~~~~~~~~~~~~~~~~[m[K
[01m[K/home/buhrmann/ws_moveit/src/point_cloud_circle_detector/src/cup_pointcloud_segmentation_and_coloring.cpp:84:10:[m[K [01;35m[Kwarning: [m[Kunused variable â€˜[01m[Kdepth[m[Kâ€™ [[01;35m[K]8;;https://gcc.gnu.org/onlinedocs/gcc/Warning-Options.html#index-Wunused-variable-Wunused-variable]8;;[m[K]
   84 | uint16_t [01;35m[Kdepth[m[K = rotated_depth_image.at<uint16_t>(data[i+2], data[i+1]);
      |          [01;35m[K^~~~~[m[K
gmake[2]: *** [CMakeFiles/cup_pointcloud_segmentation_color.dir/build.make:76: CMakeFiles/cup_pointcloud_segmentation_color.dir/src/cup_pointcloud_segmentation_and_coloring.cpp.o] Error 1
gmake[1]: *** [CMakeFiles/Makefile2:389: CMakeFiles/cup_pointcloud_segmentation_color.dir/all] Error 2
gmake: *** [Makefile:146: all] Error 2
