[0.011s] Invoking command in '/home/buhrmann/ws_moveit/build/point_cloud_circle_detector': CMAKE_PREFIX_PATH=${CMAKE_PREFIX_PATH}:/home/buhrmann/ws_moveit/install/moveit_configs_utils:/opt/ros/iron /usr/bin/cmake --build /home/buhrmann/ws_moveit/build/point_cloud_circle_detector -- -j28 -l28
[0.082s] -- Found ament_cmake: 2.0.7 (/opt/ros/iron/share/ament_cmake/cmake)
[0.204s] -- Found sensor_msgs: 5.0.1 (/opt/ros/iron/share/sensor_msgs/cmake)
[0.225s] -- Found rosidl_generator_c: 4.0.1 (/opt/ros/iron/share/rosidl_generator_c/cmake)
[0.230s] -- Found rosidl_generator_cpp: 4.0.1 (/opt/ros/iron/share/rosidl_generator_cpp/cmake)
[0.241s] -- Using all available rosidl_typesupport_c: rosidl_typesupport_fastrtps_c;rosidl_typesupport_introspection_c
[0.252s] -- Using all available rosidl_typesupport_cpp: rosidl_typesupport_fastrtps_cpp;rosidl_typesupport_introspection_cpp
[0.363s] -- Found rclcpp: 21.0.8 (/opt/ros/iron/share/rclcpp/cmake)
[0.417s] -- Found rmw_implementation_cmake: 7.1.0 (/opt/ros/iron/share/rmw_implementation_cmake/cmake)
[0.420s] -- Found rmw_fastrtps_cpp: 7.1.4 (/opt/ros/iron/share/rmw_fastrtps_cpp/cmake)
[0.519s] -- Using RMW implementation 'rmw_fastrtps_cpp' as default
[0.610s] -- Found pcl_conversions: 2.5.4 (/opt/ros/iron/share/pcl_conversions/cmake)
[0.711s] -- Eigen found (include: /usr/include/eigen3, version: 3.4.0)
[0.734s] -- FLANN found (include: /usr/include, lib: /usr/lib/x86_64-linux-gnu/libflann_cpp.so)
[1.050s] -- OpenNI found (version: 1.5.4.0, include: /usr/include/ni, lib: /usr/lib/libOpenNI.so;libusb::libusb)
[1.056s] -- OpenNI2 found (version: 2.2.0.33, include: /usr/include/openni2, lib: /usr/lib/x86_64-linux-gnu/libOpenNI2.so;libusb::libusb)
[1.175s] -- Eigen found (include: /usr/include/eigen3, version: 3.4.0)
[1.179s] -- OpenNI found (version: 1.5.4.0, include: /usr/include/ni, lib: /usr/lib/libOpenNI.so;libusb::libusb)
[1.184s] -- OpenNI2 found (version: 2.2.0.33, include: /usr/include/openni2, lib: /usr/lib/x86_64-linux-gnu/libOpenNI2.so;libusb::libusb)
[1.290s] -- Found Qhull version 8.0.2
[1.383s] -- OpenNI found (version: 1.5.4.0, include: /usr/include/ni, lib: /usr/lib/libOpenNI.so;libusb::libusb)
[1.509s] [33mCMake Warning (dev) at CMakeLists.txt:22 (find_package):
[1.510s]   Policy CMP0074 is not set: find_package uses <PackageName>_ROOT variables.
[1.510s]   Run "cmake --help-policy CMP0074" for policy details.  Use the cmake_policy
[1.510s]   command to set the policy and suppress this warning.
[1.510s] 
[1.510s]   CMake variable PCL_ROOT is set to:
[1.510s] 
[1.510s]     /usr
[1.510s] 
[1.510s]   For compatibility, CMake is ignoring the variable.
[1.510s] This warning is for project developers.  Use -Wno-dev to suppress it.
[1.510s] [0m
[1.990s] -- Found ament_lint_auto: 0.14.4 (/opt/ros/iron/share/ament_lint_auto/cmake)
[2.035s] -- Added test 'cppcheck' to perform static code analysis on C / C++ code
[2.035s] -- Configured cppcheck include dirs: 
[2.036s] -- Configured cppcheck exclude dirs and/or files: 
[2.036s] -- Added test 'lint_cmake' to check CMake code style
[2.037s] -- Added test 'uncrustify' to check C / C++ code style
[2.037s] -- Configured uncrustify additional arguments: 
[2.038s] -- Added test 'xmllint' to check XML markup files
[2.039s] -- Configuring done
[2.108s] -- Generating done
[2.125s] -- Build files have been written to: /home/buhrmann/ws_moveit/build/point_cloud_circle_detector
[2.152s] [35m[1mConsolidate compiler generated dependencies of target point_cloud_plantpot_pfh_detector[0m
[2.152s] [35m[1mConsolidate compiler generated dependencies of target point_cloud_circle_detector[0m
[2.153s] [35m[1mConsolidate compiler generated dependencies of target point_cloud_plantpot_ppf_detector[0m
[2.154s] [35m[1mConsolidate compiler generated dependencies of target point_cloud_cylinder_detector[0m
[2.154s] [35m[1mConsolidate compiler generated dependencies of target point_cloud_plantpot_detector[0m
[2.163s] [  8%] [32mBuilding CXX object CMakeFiles/point_cloud_plantpot_edge_pfh_detector.dir/src/point_cloud_plantpot_edge__pfh_detector.cpp.o[0m
[2.201s] [ 41%] Built target point_cloud_plantpot_detector
[2.201s] [ 41%] Built target point_cloud_cylinder_detector
[2.201s] [ 58%] Built target point_cloud_circle_detector
[2.201s] [ 75%] Built target point_cloud_plantpot_ppf_detector
[2.201s] [ 91%] Built target point_cloud_plantpot_pfh_detector
[3.924s] [01m[K/home/buhrmann/ws_moveit/src/point_cloud_circle_detector/src/point_cloud_plantpot_edge__pfh_detector.cpp:[m[K In function â€˜[01m[Kint main()[m[Kâ€™:
[3.924s] [01m[K/home/buhrmann/ws_moveit/src/point_cloud_circle_detector/src/point_cloud_plantpot_edge__pfh_detector.cpp:20:10:[m[K [01;31m[Kerror: [m[Kâ€˜[01m[KOrganizedEdgeDetection[m[Kâ€™ is not a member of â€˜[01m[Kpcl[m[Kâ€™; did you mean â€˜[01m[KOrganizedEdgeBase[m[Kâ€™?
[3.924s]    20 |     pcl::[01;31m[KOrganizedEdgeDetection[m[K<pcl::PointXYZ> edge_detector;
[3.924s]       |          [01;31m[K^~~~~~~~~~~~~~~~~~~~~~[m[K
[3.924s]       |          [32m[KOrganizedEdgeBase[m[K
[3.924s] [01m[K/home/buhrmann/ws_moveit/src/point_cloud_circle_detector/src/point_cloud_plantpot_edge__pfh_detector.cpp:20:46:[m[K [01;31m[Kerror: [m[Kexpected primary-expression before â€˜[01m[K>[m[Kâ€™ token
[3.924s]    20 |     pcl::OrganizedEdgeDetection<pcl::PointXYZ[01;31m[K>[m[K edge_detector;
[3.925s]       |                                              [01;31m[K^[m[K
[3.930s] [01m[K/home/buhrmann/ws_moveit/src/point_cloud_circle_detector/src/point_cloud_plantpot_edge__pfh_detector.cpp:20:48:[m[K [01;31m[Kerror: [m[Kâ€˜[01m[Kedge_detector[m[Kâ€™ was not declared in this scope
[3.930s]    20 |     pcl::OrganizedEdgeDetection<pcl::PointXYZ> [01;31m[Kedge_detector[m[K;
[3.930s]       |                                                [01;31m[K^~~~~~~~~~~~~[m[K
[4.330s] gmake[2]: *** [CMakeFiles/point_cloud_plantpot_edge_pfh_detector.dir/build.make:76: CMakeFiles/point_cloud_plantpot_edge_pfh_detector.dir/src/point_cloud_plantpot_edge__pfh_detector.cpp.o] Error 1
[4.330s] gmake[1]: *** [CMakeFiles/Makefile2:277: CMakeFiles/point_cloud_plantpot_edge_pfh_detector.dir/all] Error 2
[4.331s] gmake: *** [Makefile:146: all] Error 2
[4.332s] Invoked command in '/home/buhrmann/ws_moveit/build/point_cloud_circle_detector' returned '2': CMAKE_PREFIX_PATH=${CMAKE_PREFIX_PATH}:/home/buhrmann/ws_moveit/install/moveit_configs_utils:/opt/ros/iron /usr/bin/cmake --build /home/buhrmann/ws_moveit/build/point_cloud_circle_detector -- -j28 -l28
