-- Found ament_cmake: 2.0.7 (/opt/ros/iron/share/ament_cmake/cmake)
-- Found moveit_visual_tools: 4.1.0 (/home/buhrmann/ws_moveit/install/moveit_visual_tools/share/moveit_visual_tools/cmake)
-- Found rosidl_generator_c: 4.0.1 (/opt/ros/iron/share/rosidl_generator_c/cmake)
-- Found rosidl_generator_cpp: 4.0.1 (/opt/ros/iron/share/rosidl_generator_cpp/cmake)
-- Using all available rosidl_typesupport_c: rosidl_typesupport_fastrtps_c;rosidl_typesupport_introspection_c
-- Using all available rosidl_typesupport_cpp: rosidl_typesupport_fastrtps_cpp;rosidl_typesupport_introspection_cpp
-- Found Boost: /usr/lib/x86_64-linux-gnu/cmake/Boost-1.74.0/BoostConfig.cmake (found version "1.74.0") found components: chrono date_time filesystem iostreams program_options regex serialization system thread 
-- Found parameter_traits: 0.3.9 (/opt/ros/iron/share/parameter_traits/cmake)
-- Found rmw_implementation_cmake: 7.1.0 (/opt/ros/iron/share/rmw_implementation_cmake/cmake)
-- Found rmw_fastrtps_cpp: 7.1.4 (/opt/ros/iron/share/rmw_fastrtps_cpp/cmake)
-- Using RMW implementation 'rmw_fastrtps_cpp' as default
-- Found rclcpp_lifecycle: 21.0.8 (/opt/ros/iron/share/rclcpp_lifecycle/cmake)
-- Found Boost: /usr/lib/x86_64-linux-gnu/cmake/Boost-1.74.0/BoostConfig.cmake (found version "1.74.0") found components: filesystem 
-- library: /usr/lib/x86_64-linux-gnu/libcurl.so
-- Ensuring Eigen3 include directory is part of orocos-kdl CMake target
-- Found Boost: /usr/lib/x86_64-linux-gnu/cmake/Boost-1.74.0/BoostConfig.cmake (found version "1.74.0") found components: system filesystem date_time program_options thread chrono 
-- Setting assimp_DIR to: '/opt/ros/iron/share/rviz_assimp_vendor/cmake/../../../opt/rviz_assimp_vendor/lib/cmake/assimp-4.1'
-- Setting OGRE_DIR to: '/opt/ros/iron/share/rviz_ogre_vendor/cmake/../../../opt/rviz_ogre_vendor/lib/OGRE/cmake'
-- Found OGRE
--   static     : OFF
--   components : MeshLodGenerator;Overlay;Paging;Property;RTShaderSystem;Terrain;Volume
--   plugins    : Plugin_BSPSceneManager;Plugin_OctreeSceneManager;Plugin_PCZSceneManager;Plugin_ParticleFX;RenderSystem_GL;RenderSystem_GL3Plus;Codec_STBI
--   media      : /opt/ros/iron/opt/rviz_ogre_vendor/share/OGRE/Media
-- OGRE_LIBRARIES: OgreMeshLodGenerator;OgreOverlay;OgrePaging;OgreProperty;OgreRTShaderSystem;OgreTerrain;OgreVolume;OgreMain
-- OGRE_LIBRARY_DIRS: /opt/ros/iron/opt/rviz_ogre_vendor/lib
-- OGRE_PLUGINS: Plugin_BSPSceneManager;Plugin_OctreeSceneManager;Plugin_PCZSceneManager;Plugin_ParticleFX;RenderSystem_GL;RenderSystem_GL3Plus;Codec_STBI
-- OGRE_PLUGIN_DIR: /opt/ros/iron/opt/rviz_ogre_vendor/lib/OGRE
-- rviz_ogre_vendor::OgreOverlay for IMPORTED_LOCATION_RELEASE: /opt/ros/iron/opt/rviz_ogre_vendor/lib/libOgreOverlay.so
-- rviz_ogre_vendor::OgreOverlay for IMPORTED_LOCATION_DEBUG: /opt/ros/iron/opt/rviz_ogre_vendor/lib/libOgreOverlay.so
-- rviz_ogre_vendor::OgreMain for IMPORTED_LOCATION_RELEASE: /opt/ros/iron/opt/rviz_ogre_vendor/lib/libOgreMain.so
-- rviz_ogre_vendor::OgreMain for IMPORTED_LOCATION_DEBUG: /opt/ros/iron/opt/rviz_ogre_vendor/lib/libOgreMain.so
-- Could not find freeimage library
-- Found moveit_ros_planning_interface: 2.11.0 (/home/buhrmann/ws_moveit/install/moveit_ros_planning_interface/share/moveit_ros_planning_interface/cmake)
-- Found Boost: /usr/lib/x86_64-linux-gnu/cmake/Boost-1.74.0/BoostConfig.cmake (found version "1.74.0") found components: date_time filesystem program_options system thread 
-- Found Boost: /usr/lib/x86_64-linux-gnu/cmake/Boost-1.74.0/BoostConfig.cmake (found version "1.74.0") found components: thread system filesystem regex date_time program_options 
-- Found Boost: /usr/lib/x86_64-linux-gnu/cmake/Boost-1.74.0/BoostConfig.cmake (found version "1.74.0") found components: system filesystem date_time program_options thread 
-- Found common_services_package: 0.0.0 (/home/buhrmann/ws_moveit/install/common_services_package/share/common_services_package/cmake)
-- Found rosidl_default_generators: 1.5.0 (/opt/ros/iron/share/rosidl_default_generators/cmake)
-- Found rosidl_adapter: 4.0.1 (/opt/ros/iron/share/rosidl_adapter/cmake)
-- Found cv_bridge: 3.5.0 (/opt/ros/iron/share/cv_bridge/cmake)
-- Found pcl_conversions: 2.5.4 (/opt/ros/iron/share/pcl_conversions/cmake)
-- FLANN found (include: /usr/include, lib: /usr/lib/x86_64-linux-gnu/libflann_cpp.so)
-- OpenNI found (version: 1.5.4.0, include: /usr/include/ni, lib: /usr/lib/libOpenNI.so;libusb::libusb)
-- OpenNI2 found (version: 2.2.0.33, include: /usr/include/openni2, lib: /usr/lib/x86_64-linux-gnu/libOpenNI2.so;libusb::libusb)
-- Could NOT find Pcap (missing: PCAP_LIBRARIES PCAP_INCLUDE_DIRS) 
-- OpenNI found (version: 1.5.4.0, include: /usr/include/ni, lib: /usr/lib/libOpenNI.so;libusb::libusb)
-- OpenNI2 found (version: 2.2.0.33, include: /usr/include/openni2, lib: /usr/lib/x86_64-linux-gnu/libOpenNI2.so;libusb::libusb)
-- Found Qhull version 8.0.2
-- Found ament_lint_auto: 0.14.4 (/opt/ros/iron/share/ament_lint_auto/cmake)
-- Added test 'cppcheck' to perform static code analysis on C / C++ code
-- Configured cppcheck include dirs: 
-- Configured cppcheck exclude dirs and/or files: 
-- Added test 'flake8' to check Python code syntax and style conventions
-- Configured 'flake8' exclude dirs and/or files: 
-- Added test 'lint_cmake' to check CMake code style
-- Added test 'pep257' to check Python code against some of the docstring style conventions in PEP 257
-- Added test 'uncrustify' to check C / C++ code style
-- Configured uncrustify additional arguments: 
-- Added test 'xmllint' to check XML markup files
-- Configuring done
-- Generating done
-- Build files have been written to: /home/buhrmann/ws_moveit/build/ur5_moveit_test
[35m[1mConsolidate compiler generated dependencies of target ur5_probe_sensor[0m
[35m[1mConsolidate compiler generated dependencies of target ur5_moveit_test_object_detection[0m
[35m[1mConsolidate compiler generated dependencies of target gripper_open_moveit_test[0m
[35m[1mConsolidate compiler generated dependencies of target gripper_close_moveit_test[0m
[35m[1mConsolidate compiler generated dependencies of target ur5_probe_sensor_service[0m
[35m[1mConsolidate compiler generated dependencies of target ur5_pickup_sensor[0m
[35m[1mConsolidate compiler generated dependencies of target ur5_move_plantpot_to_home[0m
[35m[1mConsolidate compiler generated dependencies of target ur5_moveit_test[0m
[35m[1mConsolidate compiler generated dependencies of target ur5_moveit_test_launch[0m
[35m[1mConsolidate compiler generated dependencies of target ur5_move_to_home[0m
[35m[1mConsolidate compiler generated dependencies of target ur5_read_positions[0m
[35m[1mConsolidate compiler generated dependencies of target ur5_drop_sensor[0m
[35m[1mConsolidate compiler generated dependencies of target ur5_move_to_camera[0m
[35m[1mConsolidate compiler generated dependencies of target ur5_image_octmap_path[0m
[  7%] Built target ur5_moveit_test_object_detection
[ 28%] Built target gripper_open_moveit_test
[ 28%] Built target ur5_move_plantpot_to_home
[ 28%] Built target ur5_pickup_sensor
[ 35%] Built target ur5_probe_sensor
[ 42%] Built target gripper_close_moveit_test
[ 46%] [32mBuilding CXX object CMakeFiles/ur5_probe_sensor_service.dir/src/ur5_probe_sensor_service.cpp.o[0m
[ 67%] Built target ur5_read_positions
[ 67%] Built target ur5_move_to_home
[ 67%] Built target ur5_drop_sensor
[ 75%] Built target ur5_moveit_test_launch
[ 82%] Built target ur5_moveit_test
[ 89%] Built target ur5_move_to_camera
[ 92%] [32mBuilding CXX object CMakeFiles/ur5_image_octmap_path.dir/src/ur5_image_octmap_path.cpp.o[0m
[01m[K/home/buhrmann/ws_moveit/src/ur5_moveit_test/src/ur5_probe_sensor_service.cpp:[m[K In function â€˜[01m[Kint main(int, char**)[m[Kâ€™:
[01m[K/home/buhrmann/ws_moveit/src/ur5_moveit_test/src/ur5_probe_sensor_service.cpp:103:18:[m[K [01;35m[Kwarning: [m[Kunused variable â€˜[01m[Kangle_step[m[Kâ€™ [[01;35m[K]8;;https://gcc.gnu.org/onlinedocs/gcc/Warning-Options.html#index-Wunused-variable-Wunused-variable]8;;[m[K]
  103 |     const double [01;35m[Kangle_step[m[K = M_PI / (num_positions - 1);  // Divide the semicircle into equal parts
      |                  [01;35m[K^~~~~~~~~~[m[K
[01m[K/home/buhrmann/ws_moveit/src/ur5_moveit_test/src/ur5_probe_sensor_service.cpp:296:21:[m[K [01;35m[Kwarning: [m[Kcomparison of integer expressions of different signedness: â€˜[01m[Kint[m[Kâ€™ and â€˜[01m[Kstd::vector<geometry_msgs::msg::Pose_<std::allocator<void> > >::size_type[m[Kâ€™ {aka â€˜[01m[Klong unsigned int[m[Kâ€™} [[01;35m[K]8;;https://gcc.gnu.org/onlinedocs/gcc/Warning-Options.html#index-Wsign-compare-Wsign-compare]8;;[m[K]
  296 |   for (int i = 0; [01;35m[Ki < target_poses.size()[m[K; i++) {
      |                   [01;35m[K~~^~~~~~~~~~~~~~~~~~~~~[m[K
[01m[K/home/buhrmann/ws_moveit/src/ur5_moveit_test/src/ur5_probe_sensor_service.cpp:359:40:[m[K [01;31m[Kerror: [m[Kexpected â€˜[01m[K;[m[Kâ€™ before â€˜[01m[Krclcpp[m[Kâ€™
  359 |   cloud_message_publisher->publish(msg)
      |                                        [01;31m[K^[m[K
      |                                        [32m[K;[m[K
  360 |   // Shutdown ROS after the task is finished
  361 |   [32m[Krclcpp[m[K::shutdown();
      |   [32m[K~~~~~~[m[K                                
gmake[2]: *** [CMakeFiles/ur5_probe_sensor_service.dir/build.make:76: CMakeFiles/ur5_probe_sensor_service.dir/src/ur5_probe_sensor_service.cpp.o] Error 1
gmake[1]: *** [CMakeFiles/Makefile2:397: CMakeFiles/ur5_probe_sensor_service.dir/all] Error 2
gmake[1]: *** Waiting for unfinished jobs....
[01m[K/home/buhrmann/ws_moveit/src/ur5_moveit_test/src/ur5_image_octmap_path.cpp:[m[K In lambda function:
[01m[K/home/buhrmann/ws_moveit/src/ur5_moveit_test/src/ur5_image_octmap_path.cpp:250:65:[m[K [01;35m[Kwarning: [m[Kunused parameter â€˜[01m[Kfuture[m[Kâ€™ [[01;35m[K]8;;https://gcc.gnu.org/onlinedocs/gcc/Warning-Options.html#index-Wunused-parameter-Wunused-parameter]8;;[m[K]
  250 |       [this]([01;35m[Krclcpp::Client<std_srvs::srv::Empty>::SharedFuture future[m[K) {
      |              [01;35m[K~~~~~~~~~~~~~~~~~~~~~~~~~~~~~~~~~~~~~~~~~~~~~~~~~~~^~~~~~[m[K
[ 96%] [32m[1mLinking CXX executable ur5_image_octmap_path[0m
[ 96%] Built target ur5_image_octmap_path
gmake: *** [Makefile:146: all] Error 2
