[01m[K/home/buhrmann/ws_moveit/src/ur5_moveit_test/src/ur5_probe_sensor.cpp:[m[K In lambda function:
[01m[K/home/buhrmann/ws_moveit/src/ur5_moveit_test/src/ur5_probe_sensor.cpp:138:15:[m[K [01;31m[Kerror: [m[Kconflicting declaration â€˜[01m[Kfloat x[m[Kâ€™
  138 |         float [01;31m[Kx[m[K = chroma * (1.0f - std::abs(fmod(h_prime, 2.0f) - 1.0f));
      |               [01;31m[K^[m[K
[01m[K/home/buhrmann/ws_moveit/src/ur5_moveit_test/src/ur5_probe_sensor.cpp:66:16:[m[K [01;36m[Knote: [m[Kprevious declaration as â€˜[01m[Kdouble x[m[Kâ€™
   66 |         double [01;36m[Kx[m[K = center_x + radius * cos(Angles[i]);
      |                [01;36m[K^[m[K
[01m[K/home/buhrmann/ws_moveit/src/ur5_moveit_test/src/ur5_probe_sensor.cpp:177:40:[m[K [01;31m[Kerror: [m[Kexpected â€˜[01m[K;[m[Kâ€™ before â€˜[01m[Kabove_target_pose[m[Kâ€™
  177 |         above_target_pose = target_pose
      |                                        [01;31m[K^[m[K
      |                                        [32m[K;[m[K
  178 |         [32m[Kabove_target_pose[m[K.position.z += 0.07;
      |         [32m[K~~~~~~~~~~~~~~~~~[m[K               
[01m[K/home/buhrmann/ws_moveit/src/ur5_moveit_test/src/ur5_probe_sensor.cpp:65:16:[m[K [01;35m[Kwarning: [m[Kunused variable â€˜[01m[Kangle_for_position[m[Kâ€™ [[01;35m[K]8;;https://gcc.gnu.org/onlinedocs/gcc/Warning-Options.html#index-Wunused-variable-Wunused-variable]8;;[m[K]
   65 |         double [01;35m[Kangle_for_position[m[K = i * angle_step;  // Angle for current position
      |                [01;35m[K^~~~~~~~~~~~~~~~~~[m[K
gmake[2]: *** [CMakeFiles/ur5_probe_sensor.dir/build.make:76: CMakeFiles/ur5_probe_sensor.dir/src/ur5_probe_sensor.cpp.o] Error 1
gmake[1]: *** [CMakeFiles/Makefile2:361: CMakeFiles/ur5_probe_sensor.dir/all] Error 2
gmake[1]: *** Waiting for unfinished jobs....
gmake: *** [Makefile:146: all] Error 2
