[01m[K/home/buhrmann/ws_moveit/src/point_cloud_circle_detector/src/plantpod_pointcloud_segmentation_and_coloring_service.cpp:232:50:[m[K [01;31m[Kerror: [m[Kâ€˜[01m[KGetFloat32MultiArray[m[Kâ€™ is not a member of â€˜[01m[Kcommon_services_package::srv[m[Kâ€™; did you mean â€˜[01m[KGetFloat32Array[m[Kâ€™?
  232 |     rclcpp::Client<common_services_package::srv::[01;31m[KGetFloat32MultiArray[m[K>::SharedPtr cup_service_client_;
      |                                                  [01;31m[K^~~~~~~~~~~~~~~~~~~~[m[K
      |                                                  [32m[KGetFloat32Array[m[K
[01m[K/home/buhrmann/ws_moveit/src/point_cloud_circle_detector/src/plantpod_pointcloud_segmentation_and_coloring_service.cpp:232:70:[m[K [01;31m[Kerror: [m[Ktemplate argument 1 is invalid
  232 |     rclcpp::Client<common_services_package::srv::GetFloat32MultiArray[01;31m[K>[m[K::SharedPtr cup_service_client_;
      |                                                                      [01;31m[K^[m[K
[01m[K/home/buhrmann/ws_moveit/src/point_cloud_circle_detector/src/plantpod_pointcloud_segmentation_and_coloring_service.cpp:232:73:[m[K [01;31m[Kerror: [m[Kexpected â€˜[01m[K;[m[Kâ€™ at end of member declaration
  232 |     rclcpp::Client<common_services_package::srv::GetFloat32MultiArray>::[01;31m[KSharedPtr[m[K cup_service_client_;
      |                                                                         [01;31m[K^~~~~~~~~[m[K
      |                                                                                  [32m[K;[m[K
[01m[K/home/buhrmann/ws_moveit/src/point_cloud_circle_detector/src/plantpod_pointcloud_segmentation_and_coloring_service.cpp:232:83:[m[K [01;31m[Kerror: [m[Kâ€˜[01m[Kcup_service_client_[m[Kâ€™ does not name a type
  232 |     rclcpp::Client<common_services_package::srv::GetFloat32MultiArray>::SharedPtr [01;31m[Kcup_service_client_[m[K;
      |                                                                                   [01;31m[K^~~~~~~~~~~~~~~~~~~[m[K
[01m[K/home/buhrmann/ws_moveit/src/point_cloud_circle_detector/src/plantpod_pointcloud_segmentation_and_coloring_service.cpp:[m[K In constructor â€˜[01m[KPointCloudGenerator::PointCloudGenerator()[m[Kâ€™:
[01m[K/home/buhrmann/ws_moveit/src/point_cloud_circle_detector/src/plantpod_pointcloud_segmentation_and_coloring_service.cpp:43:9:[m[K [01;31m[Kerror: [m[Kâ€˜[01m[Kcup_service_client_[m[Kâ€™ was not declared in this scope
   43 |         [01;31m[Kcup_service_client_[m[K = create_client<common_services_package::srv::GetFloat32Array>("/UR5/service/cup_pixel_coordinates");
      |         [01;31m[K^~~~~~~~~~~~~~~~~~~[m[K
[01m[K/home/buhrmann/ws_moveit/src/point_cloud_circle_detector/src/plantpod_pointcloud_segmentation_and_coloring_service.cpp:[m[K In member function â€˜[01m[Kvoid PointCloudGenerator::call_cup_service()[m[Kâ€™:
[01m[K/home/buhrmann/ws_moveit/src/point_cloud_circle_detector/src/plantpod_pointcloud_segmentation_and_coloring_service.cpp:97:14:[m[K [01;31m[Kerror: [m[Kâ€˜[01m[Kcup_service_client_[m[Kâ€™ was not declared in this scope
   97 |         if (![01;31m[Kcup_service_client_[m[K->wait_for_service(1s)) {
      |              [01;31m[K^~~~~~~~~~~~~~~~~~~[m[K
[01m[K/home/buhrmann/ws_moveit/src/point_cloud_circle_detector/src/plantpod_pointcloud_segmentation_and_coloring_service.cpp:114:23:[m[K [01;31m[Kerror: [m[Kâ€˜[01m[Kcup_service_client_[m[Kâ€™ was not declared in this scope
  114 |         auto future = [01;31m[Kcup_service_client_[m[K->async_send_request(request, response_received_callback);
      |                       [01;31m[K^~~~~~~~~~~~~~~~~~~[m[K
gmake[2]: *** [CMakeFiles/plantpod_pointcloud_segmentation_and_coloring_service.dir/build.make:76: CMakeFiles/plantpod_pointcloud_segmentation_and_coloring_service.dir/src/plantpod_pointcloud_segmentation_and_coloring_service.cpp.o] Error 1
gmake[1]: *** [CMakeFiles/Makefile2:557: CMakeFiles/plantpod_pointcloud_segmentation_and_coloring_service.dir/all] Error 2
gmake: *** [Makefile:146: all] Error 2
