[01m[K/home/buhrmann/ws_moveit/src/ur5_moveit_test/src/ur5_drop_sensor.cpp:[m[K In function â€˜[01m[Kint main(int, char**)[m[Kâ€™:
[01m[K/home/buhrmann/ws_moveit/src/ur5_moveit_test/src/ur5_drop_sensor.cpp:63:39:[m[K [01;31m[Kerror: [m[Kâ€˜[01m[Kclass moveit::planning_interface::MoveGroupInterface[m[Kâ€™ has no member named â€˜[01m[KgetNumPlanningAttempts[m[Kâ€™; did you mean â€˜[01m[KsetNumPlanningAttempts[m[Kâ€™?
   63 |   int attempts = move_group_interface.[01;31m[KgetNumPlanningAttempts[m[K();
      |                                       [01;31m[K^~~~~~~~~~~~~~~~~~~~~~[m[K
      |                                       [32m[KsetNumPlanningAttempts[m[K
gmake[2]: *** [CMakeFiles/ur5_drop_sensor.dir/build.make:76: CMakeFiles/ur5_drop_sensor.dir/src/ur5_drop_sensor.cpp.o] Error 1
gmake[1]: *** [CMakeFiles/Makefile2:333: CMakeFiles/ur5_drop_sensor.dir/all] Error 2
gmake: *** [Makefile:146: all] Error 2
