[01m[K/home/buhrmann/ws_moveit/src/ur5_moveit_test/src/ur5_probe_sensor.cpp:[m[K In lambda function:
[01m[K/home/buhrmann/ws_moveit/src/ur5_moveit_test/src/ur5_probe_sensor.cpp:52:20:[m[K [01;35m[Kwarning: [m[Kunused variable â€˜[01m[Kangle_step[m[Kâ€™ [[01;35m[K]8;;https://gcc.gnu.org/onlinedocs/gcc/Warning-Options.html#index-Wunused-variable-Wunused-variable]8;;[m[K]
   52 |       const double [01;35m[Kangle_step[m[K = M_PI / (num_positions - 1);  // Divide the semicircle into equal parts
      |                    [01;35m[K^~~~~~~~~~[m[K
[01m[K/home/buhrmann/ws_moveit/src/ur5_moveit_test/src/ur5_probe_sensor.cpp:[m[K In function â€˜[01m[Kint main(int, char**)[m[Kâ€™:
[01m[K/home/buhrmann/ws_moveit/src/ur5_moveit_test/src/ur5_probe_sensor.cpp:251:3:[m[K [01;31m[Kerror: [m[Kexpected initializer before â€˜[01m[Kfor[m[Kâ€™
  251 |   [01;31m[Kfor[m[K (int i = 0; i < target_poses.size(); i++) {
      |   [01;31m[K^~~[m[K
[01m[K/home/buhrmann/ws_moveit/src/ur5_moveit_test/src/ur5_probe_sensor.cpp:251:19:[m[K [01;31m[Kerror: [m[Kâ€˜[01m[Ki[m[Kâ€™ was not declared in this scope
  251 |   for (int i = 0; [01;31m[Ki[m[K < target_poses.size(); i++) {
      |                   [01;31m[K^[m[K
[01m[K/home/buhrmann/ws_moveit/src/ur5_moveit_test/src/ur5_probe_sensor.cpp:242:8:[m[K [01;35m[Kwarning: [m[Kunused variable â€˜[01m[Ksuccess[m[Kâ€™ [[01;35m[K]8;;https://gcc.gnu.org/onlinedocs/gcc/Warning-Options.html#index-Wunused-variable-Wunused-variable]8;;[m[K]
  242 |   bool [01;35m[Ksuccess[m[K;
      |        [01;35m[K^~~~~~~[m[K
[01m[K/home/buhrmann/ws_moveit/src/ur5_moveit_test/src/ur5_probe_sensor.cpp:247:16:[m[K [01;35m[Kwarning: [m[Kunused variable â€˜[01m[Keef_step[m[Kâ€™ [[01;35m[K]8;;https://gcc.gnu.org/onlinedocs/gcc/Warning-Options.html#index-Wunused-variable-Wunused-variable]8;;[m[K]
  247 |   const double [01;35m[Keef_step[m[K = 0.005;
      |                [01;35m[K^~~~~~~~[m[K
[01m[K/home/buhrmann/ws_moveit/src/ur5_moveit_test/src/ur5_probe_sensor.cpp:248:10:[m[K [01;35m[Kwarning: [m[Kunused variable â€˜[01m[Kfraction[m[Kâ€™ [[01;35m[K]8;;https://gcc.gnu.org/onlinedocs/gcc/Warning-Options.html#index-Wunused-variable-Wunused-variable]8;;[m[K]
  248 |   double [01;35m[Kfraction[m[K;
      |          [01;35m[K^~~~~~~~[m[K
gmake[2]: *** [CMakeFiles/ur5_probe_sensor.dir/build.make:76: CMakeFiles/ur5_probe_sensor.dir/src/ur5_probe_sensor.cpp.o] Error 1
gmake[1]: *** [CMakeFiles/Makefile2:361: CMakeFiles/ur5_probe_sensor.dir/all] Error 2
gmake: *** [Makefile:146: all] Error 2
