[0.019s] Invoking command in '/home/buhrmann/ws_moveit/build/point_cloud_circle_detector': CMAKE_PREFIX_PATH=${CMAKE_PREFIX_PATH}:/home/buhrmann/ws_moveit/install/ros2_azure_bridge:/home/buhrmann/ws_moveit/install/moveit_configs_utils:/opt/ros/iron /usr/bin/cmake --build /home/buhrmann/ws_moveit/build/point_cloud_circle_detector -- -j28 -l28
[0.091s] [35m[1mConsolidate compiler generated dependencies of target cup_pointcloud_segmentation_color[0m
[0.113s] [ 20%] Built target point_cloud_plantpot_pfh_detector
[0.113s] [ 20%] Built target point_cloud_plantpot_ppf_detector
[0.113s] [ 30%] Built target point_cloud_plantpot_rgb_edge_pfh_detector
[0.113s] [ 40%] Built target point_cloud_plantpot_detector
[0.116s] [ 50%] Built target point_cloud_cylinder_detector
[0.117s] [ 55%] [32mBuilding CXX object CMakeFiles/cup_pointcloud_segmentation_color.dir/src/cup_pointcloud_segmentation_and_coloring.cpp.o[0m
[0.118s] [ 65%] Built target rgb_edge_filter
[0.125s] [ 75%] Built target point_cloud_plantpot_edge_pfh_detector
[0.126s] [ 95%] Built target point_cloud_circle_detector
[0.126s] [ 95%] Built target cup_segmentation_color
[2.429s] [01m[K/home/buhrmann/ws_moveit/src/point_cloud_circle_detector/src/cup_pointcloud_segmentation_and_coloring.cpp:36:26:[m[K [01;31m[Kerror: [m[Kâ€˜[01m[Kcustom_msgs[m[Kâ€™ was not declared in this scope; did you mean â€˜[01m[Kstd_msgs[m[Kâ€™?
[2.429s]    36 |     rclcpp::Subscription<[01;31m[Kcustom_msgs[m[K::msg::RgbdMessage>::SharedPtr rgbd_sub_;
[2.429s]       |                          [01;31m[K^~~~~~~~~~~[m[K
[2.429s]       |                          [32m[Kstd_msgs[m[K
[2.429s] [01m[K/home/buhrmann/ws_moveit/src/point_cloud_circle_detector/src/cup_pointcloud_segmentation_and_coloring.cpp:36:55:[m[K [01;31m[Kerror: [m[Ktemplate argument 1 is invalid
[2.429s]    36 |     rclcpp::Subscription<custom_msgs::msg::RgbdMessage[01;31m[K>[m[K::SharedPtr rgbd_sub_;
[2.429s]       |                                                       [01;31m[K^[m[K
[2.429s] [01m[K/home/buhrmann/ws_moveit/src/point_cloud_circle_detector/src/cup_pointcloud_segmentation_and_coloring.cpp:36:55:[m[K [01;31m[Kerror: [m[Ktemplate argument 3 is invalid
[2.429s] [01m[K/home/buhrmann/ws_moveit/src/point_cloud_circle_detector/src/cup_pointcloud_segmentation_and_coloring.cpp:36:55:[m[K [01;31m[Kerror: [m[Ktemplate argument 4 is invalid
[2.429s] [01m[K/home/buhrmann/ws_moveit/src/point_cloud_circle_detector/src/cup_pointcloud_segmentation_and_coloring.cpp:36:55:[m[K [01;31m[Kerror: [m[Ktemplate argument 5 is invalid
[2.429s] [01m[K/home/buhrmann/ws_moveit/src/point_cloud_circle_detector/src/cup_pointcloud_segmentation_and_coloring.cpp:36:58:[m[K [01;31m[Kerror: [m[Kexpected â€˜[01m[K;[m[Kâ€™ at end of member declaration
[2.430s]    36 |     rclcpp::Subscription<custom_msgs::msg::RgbdMessage>::[01;31m[KSharedPtr[m[K rgbd_sub_;
[2.430s]       |                                                          [01;31m[K^~~~~~~~~[m[K
[2.430s]       |                                                                   [32m[K;[m[K
[2.431s] [01m[K/home/buhrmann/ws_moveit/src/point_cloud_circle_detector/src/cup_pointcloud_segmentation_and_coloring.cpp:36:68:[m[K [01;31m[Kerror: [m[Kâ€˜[01m[Krgbd_sub_[m[Kâ€™ does not name a type
[2.431s]    36 |     rclcpp::Subscription<custom_msgs::msg::RgbdMessage>::SharedPtr [01;31m[Krgbd_sub_[m[K;
[2.431s]       |                                                                    [01;31m[K^~~~~~~~~[m[K
[2.437s] [01m[K/home/buhrmann/ws_moveit/src/point_cloud_circle_detector/src/cup_pointcloud_segmentation_and_coloring.cpp:[m[K In constructor â€˜[01m[KHeaderAnalyzer::HeaderAnalyzer()[m[Kâ€™:
[2.437s] [01m[K/home/buhrmann/ws_moveit/src/point_cloud_circle_detector/src/cup_pointcloud_segmentation_and_coloring.cpp:9:9:[m[K [01;31m[Kerror: [m[Kâ€˜[01m[Krgbd_sub_[m[Kâ€™ was not declared in this scope
[2.437s]     9 |         [01;31m[Krgbd_sub_[m[K = create_subscription<custom_msgs::msg::RgbdMessage>(
[2.437s]       |         [01;31m[K^~~~~~~~~[m[K
[2.443s] [01m[K/home/buhrmann/ws_moveit/src/point_cloud_circle_detector/src/cup_pointcloud_segmentation_and_coloring.cpp:9:41:[m[K [01;31m[Kerror: [m[Kâ€˜[01m[Kcustom_msgs[m[Kâ€™ was not declared in this scope; did you mean â€˜[01m[Kstd_msgs[m[Kâ€™?
[2.443s]     9 |         rgbd_sub_ = create_subscription<[01;31m[Kcustom_msgs[m[K::msg::RgbdMessage>(
[2.443s]       |                                         [01;31m[K^~~~~~~~~~~[m[K
[2.443s]       |                                         [32m[Kstd_msgs[m[K
[2.443s] [01m[K/home/buhrmann/ws_moveit/src/point_cloud_circle_detector/src/cup_pointcloud_segmentation_and_coloring.cpp:9:21:[m[K [01;31m[Kerror: [m[Kparse error in template argument list
[2.443s]     9 |         rgbd_sub_ = [01;31m[Kcreate_subscription<custom_msgs::msg::RgbdMessage>[m[K(
[2.443s]       |                     [01;31m[K^~~~~~~~~~~~~~~~~~~~~~~~~~~~~~~~~~~~~~~~~~~~~~~~~~[m[K
[2.448s] [01m[K/home/buhrmann/ws_moveit/src/point_cloud_circle_detector/src/cup_pointcloud_segmentation_and_coloring.cpp:9:71:[m[K [01;31m[Kerror: [m[Kno matching function for call to â€˜[01m[KHeaderAnalyzer::create_subscription<<expression error> >(const char [13], int, std::_Bind_helper<false, void (HeaderAnalyzer::*)(std::shared_ptr<sensor_msgs::msg::Image_<std::allocator<void> > >), HeaderAnalyzer*, const std::_Placeholder<1>&>::type)[m[Kâ€™
[2.448s]     9 |         rgbd_sub_ = [01;31m[Kcreate_subscription<custom_msgs::msg::RgbdMessage>([m[K
[2.448s]       |                     [01;31m[K~~~~~~~~~~~~~~~~~~~~~~~~~~~~~~~~~~~~~~~~~~~~~~~~~~^[m[K
[2.448s]    10 | [01;31m[K            "/camera/rgbd", 10,[m[K
[2.448s]       |             [01;31m[K~~~~~~~~~~~~~~~~~~~[m[K                                        
[2.448s]    11 | [01;31m[K            std::bind(&HeaderAnalyzer::rgbdCallback, this, std::placeholders::_1)[m[K
[2.448s]       |             [01;31m[K~~~~~~~~~~~~~~~~~~~~~~~~~~~~~~~~~~~~~~~~~~~~~~~~~~~~~~~~~~~~~~~~~~~~~[m[K
[2.448s]    12 | [01;31m[K        )[m[K;
[2.448s]       |         [01;31m[K~[m[K                                                              
[2.448s] In file included from [01m[K/opt/ros/iron/include/rclcpp/rclcpp/executors/single_threaded_executor.hpp:28[m[K,
[2.448s]                  from [01m[K/opt/ros/iron/include/rclcpp/rclcpp/executors.hpp:22[m[K,
[2.448s]                  from [01m[K/opt/ros/iron/include/rclcpp/rclcpp/rclcpp.hpp:167[m[K,
[2.448s]                  from [01m[K/home/buhrmann/ws_moveit/src/point_cloud_circle_detector/src/cup_pointcloud_segmentation_and_coloring.cpp:1[m[K:
[2.448s] [01m[K/opt/ros/iron/include/rclcpp/rclcpp/node.hpp:220:3:[m[K [01;36m[Knote: [m[Kcandidate: â€˜[01m[Ktemplate<class MessageT, class CallbackT, class AllocatorT, class SubscriptionT, class MessageMemoryStrategyT> std::shared_ptr<ROSMessageT> rclcpp::Node::create_subscription(const string&, const rclcpp::QoS&, CallbackT&&, const rclcpp::SubscriptionOptionsWithAllocator<AllocatorT>&, typename MessageMemoryStrategyT::SharedPtr)[m[Kâ€™
[2.448s]   220 |   [01;36m[Kcreate_subscription[m[K(
[2.448s]       |   [01;36m[K^~~~~~~~~~~~~~~~~~~[m[K
[2.448s] [01m[K/opt/ros/iron/include/rclcpp/rclcpp/node.hpp:220:3:[m[K [01;36m[Knote: [m[K  template argument deduction/substitution failed:
[2.448s] [01m[K/home/buhrmann/ws_moveit/src/point_cloud_circle_detector/src/cup_pointcloud_segmentation_and_coloring.cpp:9:71:[m[K [01;31m[Kerror: [m[Ktemplate argument 1 is invalid
[2.448s]     9 |         rgbd_sub_ = [01;31m[Kcreate_subscription<custom_msgs::msg::RgbdMessage>([m[K
[2.448s]       |                     [01;31m[K~~~~~~~~~~~~~~~~~~~~~~~~~~~~~~~~~~~~~~~~~~~~~~~~~~^[m[K
[2.448s]    10 | [01;31m[K            "/camera/rgbd", 10,[m[K
[2.449s]       |             [01;31m[K~~~~~~~~~~~~~~~~~~~[m[K                                        
[2.449s]    11 | [01;31m[K            std::bind(&HeaderAnalyzer::rgbdCallback, this, std::placeholders::_1)[m[K
[2.449s]       |             [01;31m[K~~~~~~~~~~~~~~~~~~~~~~~~~~~~~~~~~~~~~~~~~~~~~~~~~~~~~~~~~~~~~~~~~~~~~[m[K
[2.449s]    12 | [01;31m[K        )[m[K;
[2.449s]       |         [01;31m[K~[m[K                                                              
[3.191s] gmake[2]: *** [CMakeFiles/cup_pointcloud_segmentation_color.dir/build.make:76: CMakeFiles/cup_pointcloud_segmentation_color.dir/src/cup_pointcloud_segmentation_and_coloring.cpp.o] Error 1
[3.191s] gmake[1]: *** [CMakeFiles/Makefile2:389: CMakeFiles/cup_pointcloud_segmentation_color.dir/all] Error 2
[3.192s] gmake: *** [Makefile:146: all] Error 2
[3.194s] Invoked command in '/home/buhrmann/ws_moveit/build/point_cloud_circle_detector' returned '2': CMAKE_PREFIX_PATH=${CMAKE_PREFIX_PATH}:/home/buhrmann/ws_moveit/install/ros2_azure_bridge:/home/buhrmann/ws_moveit/install/moveit_configs_utils:/opt/ros/iron /usr/bin/cmake --build /home/buhrmann/ws_moveit/build/point_cloud_circle_detector -- -j28 -l28
