[01m[K/home/buhrmann/ws_moveit/src/edit_planning_scene/src/add_object_to_planning_scene.cpp:[m[K In member function â€˜[01m[Kvoid AddObjectToPlanningScene::addObjectsToScene()[m[Kâ€™:
[01m[K/home/buhrmann/ws_moveit/src/edit_planning_scene/src/add_object_to_planning_scene.cpp:90:7:[m[K [01;31m[Kerror: [m[Kâ€˜[01m[Kcollision_object[m[Kâ€™ was not declared in this scope; did you mean â€˜[01m[Kcollision_objects[m[Kâ€™?
   90 |       [01;31m[Kcollision_object[m[K.operation = collision_object.ADD;
      |       [01;31m[K^~~~~~~~~~~~~~~~[m[K
      |       [32m[Kcollision_objects[m[K
[01m[K/home/buhrmann/ws_moveit/src/edit_planning_scene/src/add_object_to_planning_scene.cpp:113:25:[m[K [01;31m[Kerror: [m[Kâ€˜[01m[Kclass std::vector<moveit_msgs::msg::CollisionObject_<std::allocator<void> >, std::allocator<moveit_msgs::msg::CollisionObject_<std::allocator<void> > > >[m[Kâ€™ has no member named â€˜[01m[Koperation[m[Kâ€™; did you mean â€˜[01m[Koperator=[m[Kâ€™?
  113 |       collision_objects.[01;31m[Koperation[m[K = moveit_msgs::msg::CollisionObject::ADD;
      |                         [01;31m[K^~~~~~~~~[m[K
      |                         [32m[Koperator=[m[K
gmake[2]: *** [CMakeFiles/add_object_to_planning_scene_node.dir/build.make:76: CMakeFiles/add_object_to_planning_scene_node.dir/src/add_object_to_planning_scene.cpp.o] Error 1
gmake[1]: *** [CMakeFiles/Makefile2:137: CMakeFiles/add_object_to_planning_scene_node.dir/all] Error 2
gmake: *** [Makefile:146: all] Error 2
