[35m[1mConsolidate compiler generated dependencies of target cup_segmentation_color[0m
[ 11%] Built target point_cloud_circle_detector
[ 22%] Built target point_cloud_plantpot_pfh_detector
[ 33%] Built target point_cloud_plantpot_ppf_detector
[ 44%] Built target rgb_edge_filter
[ 61%] Built target point_cloud_plantpot_edge_pfh_detector
[ 66%] Built target point_cloud_plantpot_detector
[ 77%] Built target point_cloud_plantpot_rgb_edge_pfh_detector
[ 88%] Built target point_cloud_cylinder_detector
[ 94%] [32mBuilding CXX object CMakeFiles/cup_segmentation_color.dir/src/cup_segmentation_and_coloring.cpp.o[0m
[01m[K/home/buhrmann/ws_moveit/src/point_cloud_circle_detector/src/cup_segmentation_and_coloring.cpp:125:10:[m[K [01;31m[Kerror: [m[Kâ€˜[01m[Kvoid CupPointCloudProcessor::process_cups_pointcloud()[m[Kâ€™ cannot be overloaded with â€˜[01m[Kvoid CupPointCloudProcessor::process_cups_pointcloud()[m[Kâ€™
  125 |     void [01;31m[Kprocess_cups_pointcloud[m[K()
      |          [01;31m[K^~~~~~~~~~~~~~~~~~~~~~~[m[K
[01m[K/home/buhrmann/ws_moveit/src/point_cloud_circle_detector/src/cup_segmentation_and_coloring.cpp:99:10:[m[K [01;36m[Knote: [m[Kprevious declaration â€˜[01m[Kvoid CupPointCloudProcessor::process_cups_pointcloud()[m[Kâ€™
   99 |     void [01;36m[Kprocess_cups_pointcloud[m[K()
      |          [01;36m[K^~~~~~~~~~~~~~~~~~~~~~~[m[K
gmake[2]: *** [CMakeFiles/cup_segmentation_color.dir/build.make:76: CMakeFiles/cup_segmentation_color.dir/src/cup_segmentation_and_coloring.cpp.o] Error 1
gmake[1]: *** [CMakeFiles/Makefile2:361: CMakeFiles/cup_segmentation_color.dir/all] Error 2
gmake: *** [Makefile:146: all] Error 2
