[0.029s] Invoking command in '/home/buhrmann/ws_moveit/build/point_cloud_circle_detector': CMAKE_PREFIX_PATH=${CMAKE_PREFIX_PATH}:/home/buhrmann/ws_moveit/install/ros2_azure_bridge:/home/buhrmann/ws_moveit/install/moveit_configs_utils:/opt/ros/iron /usr/bin/cmake --build /home/buhrmann/ws_moveit/build/point_cloud_circle_detector -- -j28 -l28
[0.101s] [35m[1mConsolidate compiler generated dependencies of target cup_segmentation_color[0m
[0.113s] [ 11%] Built target point_cloud_circle_detector
[0.114s] [ 22%] Built target point_cloud_plantpot_pfh_detector
[0.117s] [ 33%] Built target point_cloud_plantpot_ppf_detector
[0.117s] [ 44%] Built target rgb_edge_filter
[0.117s] [ 61%] Built target point_cloud_plantpot_edge_pfh_detector
[0.118s] [ 66%] Built target point_cloud_plantpot_detector
[0.120s] [ 77%] Built target point_cloud_plantpot_rgb_edge_pfh_detector
[0.120s] [ 88%] Built target point_cloud_cylinder_detector
[0.129s] [ 94%] [32mBuilding CXX object CMakeFiles/cup_segmentation_color.dir/src/cup_segmentation_and_coloring.cpp.o[0m
[6.008s] [01m[K/home/buhrmann/ws_moveit/src/point_cloud_circle_detector/src/cup_segmentation_and_coloring.cpp:125:10:[m[K [01;31m[Kerror: [m[Kâ€˜[01m[Kvoid CupPointCloudProcessor::process_cups_pointcloud()[m[Kâ€™ cannot be overloaded with â€˜[01m[Kvoid CupPointCloudProcessor::process_cups_pointcloud()[m[Kâ€™
[6.008s]   125 |     void [01;31m[Kprocess_cups_pointcloud[m[K()
[6.008s]       |          [01;31m[K^~~~~~~~~~~~~~~~~~~~~~~[m[K
[6.008s] [01m[K/home/buhrmann/ws_moveit/src/point_cloud_circle_detector/src/cup_segmentation_and_coloring.cpp:99:10:[m[K [01;36m[Knote: [m[Kprevious declaration â€˜[01m[Kvoid CupPointCloudProcessor::process_cups_pointcloud()[m[Kâ€™
[6.008s]    99 |     void [01;36m[Kprocess_cups_pointcloud[m[K()
[6.008s]       |          [01;36m[K^~~~~~~~~~~~~~~~~~~~~~~[m[K
[9.804s] gmake[2]: *** [CMakeFiles/cup_segmentation_color.dir/build.make:76: CMakeFiles/cup_segmentation_color.dir/src/cup_segmentation_and_coloring.cpp.o] Error 1
[9.805s] gmake[1]: *** [CMakeFiles/Makefile2:361: CMakeFiles/cup_segmentation_color.dir/all] Error 2
[9.805s] gmake: *** [Makefile:146: all] Error 2
[9.809s] Invoked command in '/home/buhrmann/ws_moveit/build/point_cloud_circle_detector' returned '2': CMAKE_PREFIX_PATH=${CMAKE_PREFIX_PATH}:/home/buhrmann/ws_moveit/install/ros2_azure_bridge:/home/buhrmann/ws_moveit/install/moveit_configs_utils:/opt/ros/iron /usr/bin/cmake --build /home/buhrmann/ws_moveit/build/point_cloud_circle_detector -- -j28 -l28
