[0.009s] Invoking command in '/home/buhrmann/ws_moveit/build/point_cloud_circle_detector': CMAKE_PREFIX_PATH=${CMAKE_PREFIX_PATH}:/home/buhrmann/ws_moveit/install/moveit_configs_utils:/opt/ros/iron /usr/bin/cmake --build /home/buhrmann/ws_moveit/build/point_cloud_circle_detector -- -j28 -l28
[0.063s] [35m[1mConsolidate compiler generated dependencies of target point_cloud_circle_detector[0m
[0.083s] [ 50%] [32mBuilding CXX object CMakeFiles/point_cloud_circle_detector.dir/src/point_cloud_circle_detector.cpp.o[0m
[3.523s] [01m[K/home/buhrmann/ws_moveit/src/point_cloud_circle_detector/src/point_cloud_circle_detector.cpp:[m[K In member function â€˜[01m[Kvoid PointCloudCircleDetector::listener_callback(sensor_msgs::msg::PointCloud2_<std::allocator<void> >::SharedPtr)[m[Kâ€™:
[3.523s] [01m[K/home/buhrmann/ws_moveit/src/point_cloud_circle_detector/src/point_cloud_circle_detector.cpp:68:31:[m[K [01;31m[Kerror: [m[Kâ€˜[01m[KSACMODEL_ELLIPSE3D[m[Kâ€™ is not a member of â€˜[01m[Kpcl[m[Kâ€™; did you mean â€˜[01m[KSACMODEL_LINE[m[Kâ€™?
[3.523s]    68 |         seg.setModelType(pcl::[01;31m[KSACMODEL_ELLIPSE3D[m[K);  // 3D circle model
[3.524s]       |                               [01;31m[K^~~~~~~~~~~~~~~~~~[m[K
[3.524s]       |                               [32m[KSACMODEL_LINE[m[K
[4.752s] gmake[2]: *** [CMakeFiles/point_cloud_circle_detector.dir/build.make:76: CMakeFiles/point_cloud_circle_detector.dir/src/point_cloud_circle_detector.cpp.o] Error 1
[4.752s] gmake[1]: *** [CMakeFiles/Makefile2:137: CMakeFiles/point_cloud_circle_detector.dir/all] Error 2
[4.752s] gmake: *** [Makefile:146: all] Error 2
[4.755s] Invoked command in '/home/buhrmann/ws_moveit/build/point_cloud_circle_detector' returned '2': CMAKE_PREFIX_PATH=${CMAKE_PREFIX_PATH}:/home/buhrmann/ws_moveit/install/moveit_configs_utils:/opt/ros/iron /usr/bin/cmake --build /home/buhrmann/ws_moveit/build/point_cloud_circle_detector -- -j28 -l28
