[0.008s] Invoking command in '/home/buhrmann/ws_moveit/build/point_cloud_circle_detector': CMAKE_PREFIX_PATH=${CMAKE_PREFIX_PATH}:/home/buhrmann/ws_moveit/install/moveit_configs_utils:/opt/ros/iron /usr/bin/cmake --build /home/buhrmann/ws_moveit/build/point_cloud_circle_detector -- -j28 -l28
[0.042s] [35m[1mConsolidate compiler generated dependencies of target point_cloud_plantpot_edge_pfh_detector[0m
[0.055s] [ 16%] Built target point_cloud_plantpot_ppf_detector
[0.056s] [ 33%] Built target point_cloud_plantpot_detector
[0.056s] [ 50%] Built target point_cloud_plantpot_pfh_detector
[0.057s] [ 66%] Built target point_cloud_circle_detector
[0.057s] [ 83%] Built target point_cloud_cylinder_detector
[0.057s] [ 91%] [32mBuilding CXX object CMakeFiles/point_cloud_plantpot_edge_pfh_detector.dir/src/point_cloud_plantpot_edge_pfh_detector.cpp.o[0m
[1.791s] [01m[K/home/buhrmann/ws_moveit/src/point_cloud_circle_detector/src/point_cloud_plantpot_edge_pfh_detector.cpp:[m[K In function â€˜[01m[Kint main()[m[Kâ€™:
[1.791s] [01m[K/home/buhrmann/ws_moveit/src/point_cloud_circle_detector/src/point_cloud_plantpot_edge_pfh_detector.cpp:25:30:[m[K [01;31m[Kerror: [m[Kâ€˜[01m[KPointLT[m[Kâ€™ is not a member of â€˜[01m[Kpcl[m[Kâ€™; did you mean â€˜[01m[KPointXY[m[Kâ€™?
[1.791s]    25 |     (   pcl::PointCloud<pcl::[01;31m[KPointLT[m[K > egdes; // Store the labels (e.g., edge, non-edge, boundary)
[1.791s]       |                              [01;31m[K^~~~~~~[m[K
[1.791s]       |                              [32m[KPointXY[m[K
[1.791s] [01m[K/home/buhrmann/ws_moveit/src/point_cloud_circle_detector/src/point_cloud_plantpot_edge_pfh_detector.cpp:25:38:[m[K [01;31m[Kerror: [m[Ktemplate argument 1 is invalid
[1.791s]    25 |     (   pcl::PointCloud<pcl::PointLT [01;31m[K>[m[K egdes; // Store the labels (e.g., edge, non-edge, boundary)
[1.791s]       |                                      [01;31m[K^[m[K
[1.791s] [01m[K/home/buhrmann/ws_moveit/src/point_cloud_circle_detector/src/point_cloud_plantpot_edge_pfh_detector.cpp:25:39:[m[K [01;31m[Kerror: [m[Kexpected â€˜[01m[K)[m[Kâ€™ before â€˜[01m[Kegdes[m[Kâ€™
[1.791s]    25 |     [34m[K([m[K   pcl::PointCloud<pcl::PointLT >[01;31m[K [m[K[32m[Kegdes[m[K; // Store the labels (e.g., edge, non-edge, boundary)
[1.791s]       |     [34m[K~[m[K                                 [01;31m[K^[m[K[32m[K~~~~~[m[K
[1.791s]       |                                       [32m[K)[m[K
[1.794s] [01m[K/home/buhrmann/ws_moveit/src/point_cloud_circle_detector/src/point_cloud_plantpot_edge_pfh_detector.cpp:29:27:[m[K [01;31m[Kerror: [m[Kâ€˜[01m[Kegdes[m[Kâ€™ was not declared in this scope
[1.794s]    29 |     edge_detector.compute([01;31m[Kegdes[m[K, label_indices);
[1.794s]       |                           [01;31m[K^~~~~[m[K
[2.094s] gmake[2]: *** [CMakeFiles/point_cloud_plantpot_edge_pfh_detector.dir/build.make:76: CMakeFiles/point_cloud_plantpot_edge_pfh_detector.dir/src/point_cloud_plantpot_edge_pfh_detector.cpp.o] Error 1
[2.094s] gmake[1]: *** [CMakeFiles/Makefile2:277: CMakeFiles/point_cloud_plantpot_edge_pfh_detector.dir/all] Error 2
[2.094s] gmake: *** [Makefile:146: all] Error 2
[2.096s] Invoked command in '/home/buhrmann/ws_moveit/build/point_cloud_circle_detector' returned '2': CMAKE_PREFIX_PATH=${CMAKE_PREFIX_PATH}:/home/buhrmann/ws_moveit/install/moveit_configs_utils:/opt/ros/iron /usr/bin/cmake --build /home/buhrmann/ws_moveit/build/point_cloud_circle_detector -- -j28 -l28
