[ 14%] Built target gripper_open_moveit_test
[ 57%] Built target ur5_moveit_test
[ 57%] Built target gripper_close_moveit_test
[ 57%] Built target ur5_read_positions
[ 71%] Built target ur5_moveit_test_object_detection
[ 85%] Built target ur5_moveit_test_launch
[ 92%] [32mBuilding CXX object CMakeFiles/ur5_pickup_sensor.dir/src/ur5_pickup_sensor.cpp.o[0m
[01m[K/home/buhrmann/ws_moveit/src/ur5_moveit_test/src/ur5_pickup_sensor.cpp:5:10:[m[K [01;31m[Kfatal error: [m[Ktrajectory_msgs/JointTrajectory.h: No such file or directory
    5 | #include [01;31m[K<trajectory_msgs/JointTrajectory.h>[m[K
      |          [01;31m[K^~~~~~~~~~~~~~~~~~~~~~~~~~~~~~~~~~~[m[K
compilation terminated.
gmake[2]: *** [CMakeFiles/ur5_pickup_sensor.dir/build.make:76: CMakeFiles/ur5_pickup_sensor.dir/src/ur5_pickup_sensor.cpp.o] Error 1
gmake[1]: *** [CMakeFiles/Makefile2:305: CMakeFiles/ur5_pickup_sensor.dir/all] Error 2
gmake: *** [Makefile:146: all] Error 2
