[35m[1mConsolidate compiler generated dependencies of target ur5_probe_sensor_service[0m
[  7%] Built target ur5_moveit_test_object_detection
[ 15%] Built target ur5_probe_sensor
[ 23%] Built target ur5_moveit_test_launch
[35m[1mConsolidate compiler generated dependencies of target ur5_image_octmap_path[0m
[ 30%] Built target gripper_close_moveit_test
[ 38%] Built target ur5_drop_sensor
[ 46%] Built target ur5_read_positions
[ 53%] Built target ur5_pickup_sensor
[ 61%] Built target gripper_open_moveit_test
[ 69%] Built target ur5_moveit_test
[ 76%] Built target ur5_move_to_home
[ 80%] [32mBuilding CXX object CMakeFiles/ur5_probe_sensor_service.dir/src/ur5_probe_sensor_service.cpp.o[0m
[ 88%] Built target ur5_move_to_camera
[ 96%] Built target ur5_image_octmap_path
[01m[K/home/buhrmann/ws_moveit/src/ur5_moveit_test/src/ur5_probe_sensor_service.cpp:[m[K In function â€˜[01m[Kint main(int, char**)[m[Kâ€™:
[01m[K/home/buhrmann/ws_moveit/src/ur5_moveit_test/src/ur5_probe_sensor_service.cpp:35:19:[m[K [01;31m[Kerror: [m[Kâ€˜[01m[Krviz_visual_tools[m[Kâ€™ is not a namespace-name
   35 |   namespace rvt = [01;31m[Krviz_visual_tools[m[K;
      |                   [01;31m[K^~~~~~~~~~~~~~~~~[m[K
[01m[K/home/buhrmann/ws_moveit/src/ur5_moveit_test/src/ur5_probe_sensor_service.cpp:36:3:[m[K [01;31m[Kerror: [m[Kâ€˜[01m[Kmoveit_visual_tools[m[Kâ€™ has not been declared
   36 |   [01;31m[Kmoveit_visual_tools[m[K::MoveItVisualTools visual_tools(
      |   [01;31m[K^~~~~~~~~~~~~~~~~~~[m[K
[01m[K/home/buhrmann/ws_moveit/src/ur5_moveit_test/src/ur5_probe_sensor_service.cpp:39:3:[m[K [01;31m[Kerror: [m[Kâ€˜[01m[Kvisual_tools[m[Kâ€™ was not declared in this scope
   39 |   [01;31m[Kvisual_tools[m[K.deleteAllMarkers();
      |   [01;31m[K^~~~~~~~~~~~[m[K
[01m[K/home/buhrmann/ws_moveit/src/ur5_moveit_test/src/ur5_probe_sensor_service.cpp:45:56:[m[K [01;31m[Kerror: [m[Kâ€˜[01m[Krvt[m[Kâ€™ has not been declared
   45 |   visual_tools.publishText(text_pose, "Probing_Plant", [01;31m[Krvt[m[K::WHITE,
      |                                                        [01;31m[K^~~[m[K
[01m[K/home/buhrmann/ws_moveit/src/ur5_moveit_test/src/ur5_probe_sensor_service.cpp:46:28:[m[K [01;31m[Kerror: [m[Kâ€˜[01m[Krvt[m[Kâ€™ has not been declared
   46 |                            [01;31m[Krvt[m[K::XLARGE);
      |                            [01;31m[K^~~[m[K
[01m[K/home/buhrmann/ws_moveit/src/ur5_moveit_test/src/ur5_probe_sensor_service.cpp:94:18:[m[K [01;35m[Kwarning: [m[Kunused variable â€˜[01m[Kangle_step[m[Kâ€™ [[01;35m[K]8;;https://gcc.gnu.org/onlinedocs/gcc/Warning-Options.html#index-Wunused-variable-Wunused-variable]8;;[m[K]
   94 |     const double [01;35m[Kangle_step[m[K = M_PI / (num_positions - 1);  // Divide the semicircle into equal parts
      |                  [01;35m[K^~~~~~~~~~[m[K
[01m[K/home/buhrmann/ws_moveit/src/ur5_moveit_test/src/ur5_probe_sensor_service.cpp:287:21:[m[K [01;35m[Kwarning: [m[Kcomparison of integer expressions of different signedness: â€˜[01m[Kint[m[Kâ€™ and â€˜[01m[Kstd::vector<geometry_msgs::msg::Pose_<std::allocator<void> > >::size_type[m[Kâ€™ {aka â€˜[01m[Klong unsigned int[m[Kâ€™} [[01;35m[K]8;;https://gcc.gnu.org/onlinedocs/gcc/Warning-Options.html#index-Wsign-compare-Wsign-compare]8;;[m[K]
  287 |   for (int i = 0; [01;35m[Ki < target_poses.size()[m[K; i++) {
      |                   [01;35m[K~~^~~~~~~~~~~~~~~~~~~~~[m[K
[01m[K/home/buhrmann/ws_moveit/src/ur5_moveit_test/src/ur5_probe_sensor_service.cpp:291:97:[m[K [01;31m[Kerror: [m[Kâ€˜[01m[Krvt[m[Kâ€™ has not been declared
  291 |       visual_tools.publishText(text_pose, "Calculating_Path_to_Pose_" + std::to_string(i + 1) , [01;31m[Krvt[m[K::WHITE, rvt::XLARGE);
      |                                                                                                 [01;31m[K^~~[m[K
[01m[K/home/buhrmann/ws_moveit/src/ur5_moveit_test/src/ur5_probe_sensor_service.cpp:291:109:[m[K [01;31m[Kerror: [m[Kâ€˜[01m[Krvt[m[Kâ€™ has not been declared
  291 |       visual_tools.publishText(text_pose, "Calculating_Path_to_Pose_" + std::to_string(i + 1) , rvt::WHITE, [01;31m[Krvt[m[K::XLARGE);
      |                                                                                                             [01;31m[K^~~[m[K
[01m[K/home/buhrmann/ws_moveit/src/ur5_moveit_test/src/ur5_probe_sensor_service.cpp:301:93:[m[K [01;31m[Kerror: [m[Kâ€˜[01m[Krvt[m[Kâ€™ has not been declared
  301 |       visual_tools.publishText(text_pose, "Moving_to_Probe_point_" + std::to_string(i + 1), [01;31m[Krvt[m[K::WHITE, rvt::XLARGE);
      |                                                                                             [01;31m[K^~~[m[K
[01m[K/home/buhrmann/ws_moveit/src/ur5_moveit_test/src/ur5_probe_sensor_service.cpp:301:105:[m[K [01;31m[Kerror: [m[Kâ€˜[01m[Krvt[m[Kâ€™ has not been declared
  301 |       visual_tools.publishText(text_pose, "Moving_to_Probe_point_" + std::to_string(i + 1), rvt::WHITE, [01;31m[Krvt[m[K::XLARGE);
      |                                                                                                         [01;31m[K^~~[m[K
[01m[K/home/buhrmann/ws_moveit/src/ur5_moveit_test/src/ur5_probe_sensor_service.cpp:302:68:[m[K [01;31m[Kerror: [m[Kâ€˜[01m[Kjoint_model_group[m[Kâ€™ was not declared in this scope
  302 |       visual_tools.publishTrajectoryLine(plan_to_above.trajectory, [01;31m[Kjoint_model_group[m[K);
      |                                                                    [01;31m[K^~~~~~~~~~~~~~~~~[m[K
[01m[K/home/buhrmann/ws_moveit/src/ur5_moveit_test/src/ur5_probe_sensor_service.cpp:322:60:[m[K [01;31m[Kerror: [m[Kâ€˜[01m[Krvt[m[Kâ€™ has not been declared
  322 |         visual_tools.publishText(text_pose, "Moving_Down", [01;31m[Krvt[m[K::WHITE, rvt::XLARGE);
      |                                                            [01;31m[K^~~[m[K
[01m[K/home/buhrmann/ws_moveit/src/ur5_moveit_test/src/ur5_probe_sensor_service.cpp:322:72:[m[K [01;31m[Kerror: [m[Kâ€˜[01m[Krvt[m[Kâ€™ has not been declared
  322 |         visual_tools.publishText(text_pose, "Moving_Down", rvt::WHITE, [01;31m[Krvt[m[K::XLARGE);
      |                                                                        [01;31m[K^~~[m[K
[01m[K/home/buhrmann/ws_moveit/src/ur5_moveit_test/src/ur5_probe_sensor_service.cpp:337:69:[m[K [01;31m[Kerror: [m[Kâ€˜[01m[Krvt[m[Kâ€™ has not been declared
  337 |         visual_tools.publishText(text_pose, "Failed_Moving_Failed", [01;31m[Krvt[m[K::WHITE, rvt::XLARGE);
      |                                                                     [01;31m[K^~~[m[K
[01m[K/home/buhrmann/ws_moveit/src/ur5_moveit_test/src/ur5_probe_sensor_service.cpp:337:81:[m[K [01;31m[Kerror: [m[Kâ€˜[01m[Krvt[m[Kâ€™ has not been declared
  337 |         visual_tools.publishText(text_pose, "Failed_Moving_Failed", rvt::WHITE, [01;31m[Krvt[m[K::XLARGE);
      |                                                                                 [01;31m[K^~~[m[K
gmake[2]: *** [CMakeFiles/ur5_probe_sensor_service.dir/build.make:76: CMakeFiles/ur5_probe_sensor_service.dir/src/ur5_probe_sensor_service.cpp.o] Error 1
gmake[1]: *** [CMakeFiles/Makefile2:395: CMakeFiles/ur5_probe_sensor_service.dir/all] Error 2
gmake: *** [Makefile:146: all] Error 2
