[0.008s] Invoking command in '/home/buhrmann/ws_moveit/build/ppf_test_pkg': CMAKE_PREFIX_PATH=${CMAKE_PREFIX_PATH}:/home/buhrmann/ws_moveit/install/moveit_configs_utils:/opt/ros/iron /usr/bin/cmake --build /home/buhrmann/ws_moveit/build/ppf_test_pkg -- -j28 -l28
[0.039s] [35m[1mConsolidate compiler generated dependencies of target object_detection[0m
[0.059s] [ 50%] [32mBuilding CXX object CMakeFiles/object_detection.dir/src/object_detection.cpp.o[0m
[2.219s] [01m[K/home/buhrmann/ws_moveit/src/ppf_test_pkg/src/object_detection.cpp:[m[K In function â€˜[01m[Kint main()[m[Kâ€™:
[2.219s] [01m[K/home/buhrmann/ws_moveit/src/ppf_test_pkg/src/object_detection.cpp:57:14:[m[K [01;31m[Kerror: [m[Kâ€˜[01m[KPCA[m[Kâ€™ is not a member of â€˜[01m[Kpcl[m[Kâ€™
[2.219s]    57 |         pcl::[01;31m[KPCA[m[K<pcl::PPFSignature> pca;
[2.219s]       |              [01;31m[K^~~[m[K
[2.219s] [01m[K/home/buhrmann/ws_moveit/src/ppf_test_pkg/src/object_detection.cpp:57:35:[m[K [01;31m[Kerror: [m[Kexpected primary-expression before â€˜[01m[K>[m[Kâ€™ token
[2.219s]    57 |         pcl::PCA<pcl::PPFSignature[01;31m[K>[m[K pca;
[2.219s]       |                                   [01;31m[K^[m[K
[2.222s] [01m[K/home/buhrmann/ws_moveit/src/ppf_test_pkg/src/object_detection.cpp:57:37:[m[K [01;31m[Kerror: [m[Kâ€˜[01m[Kpca[m[Kâ€™ was not declared in this scope; did you mean â€˜[01m[Kpcl[m[Kâ€™?
[2.222s]    57 |         pcl::PCA<pcl::PPFSignature> [01;31m[Kpca[m[K;
[2.222s]       |                                     [01;31m[K^~~[m[K
[2.222s]       |                                     [32m[Kpcl[m[K
[5.423s] gmake[2]: *** [CMakeFiles/object_detection.dir/build.make:76: CMakeFiles/object_detection.dir/src/object_detection.cpp.o] Error 1
[5.424s] gmake[1]: *** [CMakeFiles/Makefile2:137: CMakeFiles/object_detection.dir/all] Error 2
[5.424s] gmake: *** [Makefile:146: all] Error 2
[5.425s] Invoked command in '/home/buhrmann/ws_moveit/build/ppf_test_pkg' returned '2': CMAKE_PREFIX_PATH=${CMAKE_PREFIX_PATH}:/home/buhrmann/ws_moveit/install/moveit_configs_utils:/opt/ros/iron /usr/bin/cmake --build /home/buhrmann/ws_moveit/build/ppf_test_pkg -- -j28 -l28
