[35m[1mConsolidate compiler generated dependencies of target add_object_to_planning_scene_node[0m
[ 50%] [32mBuilding CXX object CMakeFiles/add_object_to_planning_scene_node.dir/src/add_object_to_planning_scene.cpp.o[0m
[01m[K/home/buhrmann/ws_moveit/src/edit_planning_scene/src/add_object_to_planning_scene.cpp:[m[K In member function â€˜[01m[Kvoid AddObjectToPlanningScene::addObjectsToScene()[m[Kâ€™:
[01m[K/home/buhrmann/ws_moveit/src/edit_planning_scene/src/add_object_to_planning_scene.cpp:262:32:[m[K [01;31m[Kerror: [m[Kâ€˜[01m[Kusing element_type = class moveit::planning_interface::PlanningSceneInterface[m[Kâ€™ {aka â€˜[01m[Kclass moveit::planning_interface::PlanningSceneInterface[m[Kâ€™} has no member named â€˜[01m[KapplyObjectColors[m[Kâ€™
  262 |     planning_scene_interface_->[01;31m[KapplyObjectColors[m[K(object_colors);
      |                                [01;31m[K^~~~~~~~~~~~~~~~~[m[K
[01m[K/home/buhrmann/ws_moveit/src/edit_planning_scene/src/add_object_to_planning_scene.cpp:262:50:[m[K [01;31m[Kerror: [m[Kâ€˜[01m[Kobject_colors[m[Kâ€™ was not declared in this scope
  262 |     planning_scene_interface_->applyObjectColors([01;31m[Kobject_colors[m[K);
      |                                                  [01;31m[K^~~~~~~~~~~~~[m[K
gmake[2]: *** [CMakeFiles/add_object_to_planning_scene_node.dir/build.make:76: CMakeFiles/add_object_to_planning_scene_node.dir/src/add_object_to_planning_scene.cpp.o] Error 1
gmake[1]: *** [CMakeFiles/Makefile2:137: CMakeFiles/add_object_to_planning_scene_node.dir/all] Error 2
gmake: *** [Makefile:146: all] Error 2
