[0.008s] Invoking command in '/home/buhrmann/ws_moveit/build/ppf_test_pkg': CMAKE_PREFIX_PATH=${CMAKE_PREFIX_PATH}:/home/buhrmann/ws_moveit/install/moveit_configs_utils:/opt/ros/iron /usr/bin/cmake --build /home/buhrmann/ws_moveit/build/ppf_test_pkg -- -j28 -l28
[0.052s] [35m[1mConsolidate compiler generated dependencies of target object_detection[0m
[0.080s] [ 50%] [32mBuilding CXX object CMakeFiles/object_detection.dir/src/object_detection.cpp.o[0m
[2.037s] [01m[K/home/buhrmann/ws_moveit/src/ppf_test_pkg/src/object_detection.cpp:[m[K In function â€˜[01m[Kint main()[m[Kâ€™:
[2.037s] [01m[K/home/buhrmann/ws_moveit/src/ppf_test_pkg/src/object_detection.cpp:21:14:[m[K [01;31m[Kerror: [m[Kâ€˜[01m[KVoxelGrid[m[Kâ€™ is not a member of â€˜[01m[Kpcl[m[Kâ€™
[2.037s]    21 |         pcl::[01;31m[KVoxelGrid[m[K<pcl::PointXYZ> vg;
[2.038s]       |              [01;31m[K^~~~~~~~~[m[K
[2.038s] [01m[K/home/buhrmann/ws_moveit/src/ppf_test_pkg/src/object_detection.cpp:21:37:[m[K [01;31m[Kerror: [m[Kexpected primary-expression before â€˜[01m[K>[m[Kâ€™ token
[2.038s]    21 |         pcl::VoxelGrid<pcl::PointXYZ[01;31m[K>[m[K vg;
[2.038s]       |                                     [01;31m[K^[m[K
[2.041s] [01m[K/home/buhrmann/ws_moveit/src/ppf_test_pkg/src/object_detection.cpp:21:39:[m[K [01;31m[Kerror: [m[Kâ€˜[01m[Kvg[m[Kâ€™ was not declared in this scope
[2.041s]    21 |         pcl::VoxelGrid<pcl::PointXYZ> [01;31m[Kvg[m[K;
[2.041s]       |                                       [01;31m[K^~[m[K
[4.859s] gmake[2]: *** [CMakeFiles/object_detection.dir/build.make:76: CMakeFiles/object_detection.dir/src/object_detection.cpp.o] Error 1
[4.859s] gmake[1]: *** [CMakeFiles/Makefile2:137: CMakeFiles/object_detection.dir/all] Error 2
[4.859s] gmake: *** [Makefile:146: all] Error 2
[4.861s] Invoked command in '/home/buhrmann/ws_moveit/build/ppf_test_pkg' returned '2': CMAKE_PREFIX_PATH=${CMAKE_PREFIX_PATH}:/home/buhrmann/ws_moveit/install/moveit_configs_utils:/opt/ros/iron /usr/bin/cmake --build /home/buhrmann/ws_moveit/build/ppf_test_pkg -- -j28 -l28
