[0.009s] Invoking command in '/home/buhrmann/ws_moveit/build/point_cloud_circle_detector': CMAKE_PREFIX_PATH=${CMAKE_PREFIX_PATH}:/home/buhrmann/ws_moveit/install/moveit_configs_utils:/opt/ros/iron /usr/bin/cmake --build /home/buhrmann/ws_moveit/build/point_cloud_circle_detector -- -j28 -l28
[0.034s] -- Found ament_cmake: 2.0.7 (/opt/ros/iron/share/ament_cmake/cmake)
[0.099s] -- Found Python3: /usr/bin/python3.10 (found version "3.10.12") found components: Interpreter 
[0.151s] -- Override CMake install command with custom implementation using symlinks instead of copying resources
[0.193s] -- FLANN found (include: /usr/include, lib: /usr/lib/x86_64-linux-gnu/libflann_cpp.so)
[0.195s] -- Could NOT find Pcap (missing: PCAP_LIBRARIES PCAP_INCLUDE_DIRS) 
[0.195s] [0m** WARNING ** io features related to pcap will be disabled[0m
[0.271s] -- Found Python3: /usr/bin/python3.10 (found suitable version "3.10.12", minimum required is "3.10") found components: Interpreter Development.Module Development.Embed 
[0.681s] [0m** WARNING **  features related to /opt/ros/iron/lib/libpcl_msgs__rosidl_typesupport_fastrtps_cpp.so will be disabled[0m
[0.698s] -- Found Qhull version 8.0.2
[1.175s] [0m** WARNING **  features related to /opt/ros/iron/lib/libpcl_msgs__rosidl_typesupport_fastrtps_cpp.so will be disabled[0m
[1.180s] -- looking for PCL_COMMON
[1.180s] -- looking for PCL_KDTREE
[1.180s] -- looking for PCL_OCTREE
[1.180s] -- looking for PCL_SEARCH
[1.180s] -- looking for PCL_SAMPLE_CONSENSUS
[1.181s] -- looking for PCL_FILTERS
[1.181s] -- looking for PCL_2D
[1.181s] -- looking for PCL_GEOMETRY
[1.181s] -- looking for PCL_IO
[1.181s] -- looking for PCL_FEATURES
[1.181s] -- looking for PCL_ML
[1.181s] -- looking for PCL_SEGMENTATION
[1.181s] -- looking for PCL_SURFACE
[1.182s] -- looking for PCL_REGISTRATION
[1.182s] -- looking for PCL_KEYPOINTS
[1.182s] -- looking for PCL_TRACKING
[1.182s] -- looking for PCL_RECOGNITION
[1.182s] -- looking for PCL_STEREO
[1.183s] [0mPCL Libraries: TESSSSt[0m
[1.183s] [0mPCL Libraries: /usr/local/share/pcl-1.14[0m
[1.183s] [0mPCL Libraries: pcl_common;pcl_kdtree;pcl_octree;pcl_search;pcl_sample_consensus;pcl_filters;pcl_io;pcl_features;pcl_ml;pcl_segmentation;pcl_surface;pcl_registration;pcl_keypoints;pcl_tracking;pcl_recognition;pcl_stereo;Boost::system;Boost::iostreams;Boost::filesystem;Boost::serialization;FLANN::FLANN;QHULL::QHULL[0m
[1.183s] -- Found sensor_msgs: 5.0.1 (/opt/ros/iron/share/sensor_msgs/cmake)
[1.192s] -- Found rosidl_generator_c: 4.0.1 (/opt/ros/iron/share/rosidl_generator_c/cmake)
[1.196s] -- Found rosidl_generator_cpp: 4.0.1 (/opt/ros/iron/share/rosidl_generator_cpp/cmake)
[1.203s] -- Using all available rosidl_typesupport_c: rosidl_typesupport_fastrtps_c;rosidl_typesupport_introspection_c
[1.212s] -- Using all available rosidl_typesupport_cpp: rosidl_typesupport_fastrtps_cpp;rosidl_typesupport_introspection_cpp
[1.707s] [0mCMake Deprecation Warning at /usr/lib/x86_64-linux-gnu/cmake/vtk-9.1/vtk-use-file-deprecated.cmake:1 (message):
[1.707s]   The `VTK_USE_FILE` is no longer used starting with 8.90.
[1.707s] Call Stack (most recent call first):
[1.707s]   CMakeLists.txt:21 (include)
[1.707s] 
[1.707s] [0m
[1.707s] -- Found rclcpp: 21.0.8 (/opt/ros/iron/share/rclcpp/cmake)
[1.754s] -- Found rmw_implementation_cmake: 7.1.0 (/opt/ros/iron/share/rmw_implementation_cmake/cmake)
[1.756s] -- Found rmw_fastrtps_cpp: 7.1.4 (/opt/ros/iron/share/rmw_fastrtps_cpp/cmake)
[1.837s] -- Using RMW implementation 'rmw_fastrtps_cpp' as default
[1.918s] -- Found pcl_conversions: 2.5.4 (/opt/ros/iron/share/pcl_conversions/cmake)
[2.224s] -- Found ament_lint_auto: 0.14.4 (/opt/ros/iron/share/ament_lint_auto/cmake)
[2.273s] -- Configuring done
[2.295s] -- Generating done
[2.301s] -- Build files have been written to: /home/buhrmann/ws_moveit/build/point_cloud_circle_detector
[2.330s] [35m[1mConsolidate compiler generated dependencies of target point_cloud_circle_detector[0m
[2.334s] [35m[1mConsolidate compiler generated dependencies of target point_cloud_cylinder_detector[0m
[2.334s] [35m[1mConsolidate compiler generated dependencies of target point_cloud_plantpot_detector[0m
[2.350s] [ 16%] [32mBuilding CXX object CMakeFiles/point_cloud_circle_detector.dir/src/point_cloud_circle_detector.cpp.o[0m
[2.353s] [ 33%] [32mBuilding CXX object CMakeFiles/point_cloud_plantpot_detector.dir/src/point_cloud_custom_plant_pot_detection.cpp.o[0m
[2.355s] [ 50%] [32mBuilding CXX object CMakeFiles/point_cloud_cylinder_detector.dir/src/point_cloud_cylinder_detector.cpp.o[0m
[3.061s] In file included from [01m[K/usr/include/pcl-1.12/pcl/visualization/common/actor_map.h:40[m[K,
[3.061s]                  from [01m[K/usr/include/pcl-1.12/pcl/visualization/pcl_visualizer.h:48[m[K,
[3.061s]                  from [01m[K/home/buhrmann/ws_moveit/src/point_cloud_circle_detector/src/point_cloud_circle_detector.cpp:13[m[K:
[3.061s] [01m[K/usr/include/pcl-1.12/pcl/visualization/point_cloud_geometry_handlers.h:49:10:[m[K [01;31m[Kfatal error: [m[KvtkSmartPointer.h: No such file or directory
[3.061s]    49 | #include [01;31m[K<vtkSmartPointer.h>[m[K
[3.061s]       |          [01;31m[K^~~~~~~~~~~~~~~~~~~[m[K
[3.061s] compilation terminated.
[3.064s] In file included from [01m[K/usr/include/pcl-1.12/pcl/visualization/common/actor_map.h:40[m[K,
[3.065s]                  from [01m[K/usr/include/pcl-1.12/pcl/visualization/pcl_visualizer.h:48[m[K,
[3.065s]                  from [01m[K/home/buhrmann/ws_moveit/src/point_cloud_circle_detector/src/point_cloud_cylinder_detector.cpp:13[m[K:
[3.065s] [01m[K/usr/include/pcl-1.12/pcl/visualization/point_cloud_geometry_handlers.h:49:10:[m[K [01;31m[Kfatal error: [m[KvtkSmartPointer.h: No such file or directory
[3.065s]    49 | #include [01;31m[K<vtkSmartPointer.h>[m[K
[3.065s]       |          [01;31m[K^~~~~~~~~~~~~~~~~~~[m[K
[3.065s] compilation terminated.
[3.068s] gmake[2]: *** [CMakeFiles/point_cloud_circle_detector.dir/build.make:76: CMakeFiles/point_cloud_circle_detector.dir/src/point_cloud_circle_detector.cpp.o] Error 1
[3.068s] gmake[1]: *** [CMakeFiles/Makefile2:141: CMakeFiles/point_cloud_circle_detector.dir/all] Error 2
[3.068s] gmake[1]: *** Waiting for unfinished jobs....
[3.071s] gmake[2]: *** [CMakeFiles/point_cloud_cylinder_detector.dir/build.make:76: CMakeFiles/point_cloud_cylinder_detector.dir/src/point_cloud_cylinder_detector.cpp.o] Error 1
[3.071s] gmake[1]: *** [CMakeFiles/Makefile2:167: CMakeFiles/point_cloud_cylinder_detector.dir/all] Error 2
[3.143s] In file included from [01m[K/usr/include/pcl-1.12/pcl/visualization/common/actor_map.h:40[m[K,
[3.143s]                  from [01m[K/usr/include/pcl-1.12/pcl/visualization/pcl_visualizer.h:48[m[K,
[3.143s]                  from [01m[K/home/buhrmann/ws_moveit/src/point_cloud_circle_detector/src/point_cloud_custom_plant_pot_detection.cpp:13[m[K:
[3.143s] [01m[K/usr/include/pcl-1.12/pcl/visualization/point_cloud_geometry_handlers.h:49:10:[m[K [01;31m[Kfatal error: [m[KvtkSmartPointer.h: No such file or directory
[3.143s]    49 | #include [01;31m[K<vtkSmartPointer.h>[m[K
[3.143s]       |          [01;31m[K^~~~~~~~~~~~~~~~~~~[m[K
[3.144s] compilation terminated.
[3.151s] gmake[2]: *** [CMakeFiles/point_cloud_plantpot_detector.dir/build.make:76: CMakeFiles/point_cloud_plantpot_detector.dir/src/point_cloud_custom_plant_pot_detection.cpp.o] Error 1
[3.151s] gmake[1]: *** [CMakeFiles/Makefile2:193: CMakeFiles/point_cloud_plantpot_detector.dir/all] Error 2
[3.151s] gmake: *** [Makefile:146: all] Error 2
[3.153s] Invoked command in '/home/buhrmann/ws_moveit/build/point_cloud_circle_detector' returned '2': CMAKE_PREFIX_PATH=${CMAKE_PREFIX_PATH}:/home/buhrmann/ws_moveit/install/moveit_configs_utils:/opt/ros/iron /usr/bin/cmake --build /home/buhrmann/ws_moveit/build/point_cloud_circle_detector -- -j28 -l28
