[35m[1mConsolidate compiler generated dependencies of target ur5_probe_sensor[0m
[ 11%] Built target ur5_moveit_test
[ 22%] Built target ur5_moveit_test_object_detection
[ 44%] Built target ur5_moveit_test_launch
[ 44%] Built target gripper_close_moveit_test
[ 55%] Built target ur5_drop_sensor
[ 66%] Built target ur5_pickup_sensor
[ 72%] [32mBuilding CXX object CMakeFiles/ur5_probe_sensor.dir/src/ur5_probe_sensor.cpp.o[0m
[ 83%] Built target ur5_read_positions
[ 94%] Built target gripper_open_moveit_test
[01m[K/home/buhrmann/ws_moveit/src/ur5_moveit_test/src/ur5_probe_sensor.cpp:[m[K In lambda function:
[01m[K/home/buhrmann/ws_moveit/src/ur5_moveit_test/src/ur5_probe_sensor.cpp:59:20:[m[K [01;35m[Kwarning: [m[Kunused variable â€˜[01m[Kangle_step[m[Kâ€™ [[01;35m[K]8;;https://gcc.gnu.org/onlinedocs/gcc/Warning-Options.html#index-Wunused-variable-Wunused-variable]8;;[m[K]
   59 |       const double [01;35m[Kangle_step[m[K = M_PI / (num_positions - 1);  // Divide the semicircle into equal parts
      |                    [01;35m[K^~~~~~~~~~[m[K
[01m[K/home/buhrmann/ws_moveit/src/ur5_moveit_test/src/ur5_probe_sensor.cpp:[m[K In function â€˜[01m[Kint main(int, char**)[m[Kâ€™:
[01m[K/home/buhrmann/ws_moveit/src/ur5_moveit_test/src/ur5_probe_sensor.cpp:265:21:[m[K [01;35m[Kwarning: [m[Kcomparison of integer expressions of different signedness: â€˜[01m[Kint[m[Kâ€™ and â€˜[01m[Kstd::vector<geometry_msgs::msg::Pose_<std::allocator<void> > >::size_type[m[Kâ€™ {aka â€˜[01m[Klong unsigned int[m[Kâ€™} [[01;35m[K]8;;https://gcc.gnu.org/onlinedocs/gcc/Warning-Options.html#index-Wsign-compare-Wsign-compare]8;;[m[K]
  265 |   for (int i = 0; [01;35m[Ki < target_poses.size()[m[K; i++) {
      |                   [01;35m[K~~^~~~~~~~~~~~~~~~~~~~~[m[K
[01m[K/home/buhrmann/ws_moveit/src/ur5_moveit_test/src/ur5_probe_sensor.cpp:301:56:[m[K [01;31m[Kerror: [m[Kredeclaration of â€˜[01m[Kmoveit::planning_interface::MoveGroupInterface::Plan plan_to_home[m[Kâ€™
  301 |   moveit::planning_interface::MoveGroupInterface::Plan [01;31m[Kplan_to_home[m[K;
      |                                                        [01;31m[K^~~~~~~~~~~~[m[K
[01m[K/home/buhrmann/ws_moveit/src/ur5_moveit_test/src/ur5_probe_sensor.cpp:264:56:[m[K [01;36m[Knote: [m[Kâ€˜[01m[Kmoveit::planning_interface::MoveGroupInterface::Plan plan_to_home[m[Kâ€™ previously declared here
  264 |   moveit::planning_interface::MoveGroupInterface::Plan [01;36m[Kplan_to_home[m[K;
      |                                                        [01;36m[K^~~~~~~~~~~~[m[K
gmake[2]: *** [CMakeFiles/ur5_probe_sensor.dir/build.make:76: CMakeFiles/ur5_probe_sensor.dir/src/ur5_probe_sensor.cpp.o] Error 1
gmake[1]: *** [CMakeFiles/Makefile2:361: CMakeFiles/ur5_probe_sensor.dir/all] Error 2
gmake: *** [Makefile:146: all] Error 2
