[01m[K/home/buhrmann/ws_moveit/src/ur5_moveit_test/src/ur5_pickup_sensor.cpp:[m[K In function â€˜[01m[Kint main(int, char**)[m[Kâ€™:
[01m[K/home/buhrmann/ws_moveit/src/ur5_moveit_test/src/ur5_pickup_sensor.cpp:102:43:[m[K [01;31m[Kerror: [m[Kâ€˜[01m[Kshoulder_lift_constraint[m[Kâ€™ was not declared in this scope
  102 |   constraints.joint_constraints.push_back([01;31m[Kshoulder_lift_constraint[m[K);
      |                                           [01;31m[K^~~~~~~~~~~~~~~~~~~~~~~~[m[K
[01m[K/home/buhrmann/ws_moveit/src/ur5_moveit_test/src/ur5_pickup_sensor.cpp:19:35:[m[K [01;35m[Kwarning: [m[Kignoring return value of â€˜[01m[Krcutils_ret_t rcutils_logging_set_logger_level(const char*, int)[m[Kâ€™ declared with attribute â€˜[01m[Kwarn_unused_result[m[Kâ€™ [[01;35m[K]8;;https://gcc.gnu.org/onlinedocs/gcc/Warning-Options.html#index-Wunused-result-Wunused-result]8;;[m[K]
   19 |   [01;35m[Krcutils_logging_set_logger_level("UR5.moveit.moveit.ros.trajectory_execution_manager", RCUTILS_LOG_SEVERITY_DEBUG)[m[K;
      |   [01;35m[K~~~~~~~~~~~~~~~~~~~~~~~~~~~~~~~~^~~~~~~~~~~~~~~~~~~~~~~~~~~~~~~~~~~~~~~~~~~~~~~~~~~~~~~~~~~~~~~~~~~~~~~~~~~~~~~~~~[m[K
[01m[K/home/buhrmann/ws_moveit/src/ur5_moveit_test/src/ur5_pickup_sensor.cpp:310:35:[m[K [01;35m[Kwarning: [m[Kignoring return value of â€˜[01m[Krcutils_ret_t rcutils_logging_set_logger_level(const char*, int)[m[Kâ€™ declared with attribute â€˜[01m[Kwarn_unused_result[m[Kâ€™ [[01;35m[K]8;;https://gcc.gnu.org/onlinedocs/gcc/Warning-Options.html#index-Wunused-result-Wunused-result]8;;[m[K]
  310 |   [01;35m[Krcutils_logging_set_logger_level("UR5.moveit.moveit.ros.trajectory_execution_manager", RCUTILS_LOG_SEVERITY_DEBUG)[m[K;
      |   [01;35m[K~~~~~~~~~~~~~~~~~~~~~~~~~~~~~~~~^~~~~~~~~~~~~~~~~~~~~~~~~~~~~~~~~~~~~~~~~~~~~~~~~~~~~~~~~~~~~~~~~~~~~~~~~~~~~~~~~~[m[K
gmake[2]: *** [CMakeFiles/ur5_pickup_sensor.dir/build.make:76: CMakeFiles/ur5_pickup_sensor.dir/src/ur5_pickup_sensor.cpp.o] Error 1
gmake[1]: *** [CMakeFiles/Makefile2:307: CMakeFiles/ur5_pickup_sensor.dir/all] Error 2
gmake: *** [Makefile:146: all] Error 2
