[0.009s] Invoking command in '/home/buhrmann/ws_moveit/build/point_cloud_circle_detector': CMAKE_PREFIX_PATH=${CMAKE_PREFIX_PATH}:/home/buhrmann/ws_moveit/install/moveit_configs_utils:/opt/ros/iron /usr/bin/cmake --build /home/buhrmann/ws_moveit/build/point_cloud_circle_detector -- -j28 -l28
[0.056s] [35m[1mConsolidate compiler generated dependencies of target point_cloud_circle_detector[0m
[0.073s] [ 50%] [32mBuilding CXX object CMakeFiles/point_cloud_circle_detector.dir/src/point_cloud_circle_detector.cpp.o[0m
[0.571s] [01m[K/home/buhrmann/ws_moveit/src/point_cloud_circle_detector/src/point_cloud_circle_detector.cpp:6:10:[m[K [01;31m[Kfatal error: [m[Kpcl/ros/conversions.h: No such file or directory
[0.571s]     6 | #include [01;31m[K<pcl/ros/conversions.h>[m[K
[0.571s]       |          [01;31m[K^~~~~~~~~~~~~~~~~~~~~~~[m[K
[0.571s] compilation terminated.
[0.585s] gmake[2]: *** [CMakeFiles/point_cloud_circle_detector.dir/build.make:76: CMakeFiles/point_cloud_circle_detector.dir/src/point_cloud_circle_detector.cpp.o] Error 1
[0.586s] gmake[1]: *** [CMakeFiles/Makefile2:137: CMakeFiles/point_cloud_circle_detector.dir/all] Error 2
[0.586s] gmake: *** [Makefile:146: all] Error 2
[0.589s] Invoked command in '/home/buhrmann/ws_moveit/build/point_cloud_circle_detector' returned '2': CMAKE_PREFIX_PATH=${CMAKE_PREFIX_PATH}:/home/buhrmann/ws_moveit/install/moveit_configs_utils:/opt/ros/iron /usr/bin/cmake --build /home/buhrmann/ws_moveit/build/point_cloud_circle_detector -- -j28 -l28
