[0.008s] Invoking command in '/home/buhrmann/ws_moveit/build/ppf_test_pkg': CMAKE_PREFIX_PATH=${CMAKE_PREFIX_PATH}:/home/buhrmann/ws_moveit/install/moveit_configs_utils:/opt/ros/iron /usr/bin/cmake --build /home/buhrmann/ws_moveit/build/ppf_test_pkg -- -j28 -l28
[0.049s] [35m[1mConsolidate compiler generated dependencies of target object_detection[0m
[0.078s] [ 50%] [32mBuilding CXX object CMakeFiles/object_detection.dir/src/object_detection.cpp.o[0m
[2.061s] [01m[K/home/buhrmann/ws_moveit/src/ppf_test_pkg/src/object_detection.cpp:[m[K In function â€˜[01m[Kint main()[m[Kâ€™:
[2.061s] [01m[K/home/buhrmann/ws_moveit/src/ppf_test_pkg/src/object_detection.cpp:24:10:[m[K [01;31m[Kerror: [m[Kâ€˜[01m[KVoxelGrid[m[Kâ€™ is not a member of â€˜[01m[Kpcl[m[Kâ€™
[2.061s]    24 |     pcl::[01;31m[KVoxelGrid[m[K<pcl::PointXYZ> vg;
[2.061s]       |          [01;31m[K^~~~~~~~~[m[K
[2.061s] [01m[K/home/buhrmann/ws_moveit/src/ppf_test_pkg/src/object_detection.cpp:24:33:[m[K [01;31m[Kerror: [m[Kexpected primary-expression before â€˜[01m[K>[m[Kâ€™ token
[2.061s]    24 |     pcl::VoxelGrid<pcl::PointXYZ[01;31m[K>[m[K vg;
[2.061s]       |                                 [01;31m[K^[m[K
[2.064s] [01m[K/home/buhrmann/ws_moveit/src/ppf_test_pkg/src/object_detection.cpp:24:35:[m[K [01;31m[Kerror: [m[Kâ€˜[01m[Kvg[m[Kâ€™ was not declared in this scope
[2.064s]    24 |     pcl::VoxelGrid<pcl::PointXYZ> [01;31m[Kvg[m[K;
[2.064s]       |                                   [01;31m[K^~[m[K
[2.079s] [01m[K/home/buhrmann/ws_moveit/src/ppf_test_pkg/src/object_detection.cpp:56:89:[m[K [01;31m[Kerror: [m[Kâ€˜[01m[K__gnu_cxx::__alloc_traits<Eigen::aligned_allocator<pcl::PPFSignature>, pcl::PPFSignature>::value_type[m[Kâ€™ {aka â€˜[01m[Kstruct pcl::PPFSignature[m[Kâ€™} has no member named â€˜[01m[Kdescriptor[m[Kâ€™
[2.079s]    56 |     Eigen::MatrixXf feature_matrix(ppf_features->points.size(), ppf_features->points[0].[01;31m[Kdescriptor[m[K.size());
[2.079s]       |                                                                                         [01;31m[K^~~~~~~~~~[m[K
[2.079s] [01m[K/home/buhrmann/ws_moveit/src/ppf_test_pkg/src/object_detection.cpp:59:56:[m[K [01;31m[Kerror: [m[Kâ€˜[01m[K__gnu_cxx::__alloc_traits<Eigen::aligned_allocator<pcl::PPFSignature>, pcl::PPFSignature>::value_type[m[Kâ€™ {aka â€˜[01m[Kstruct pcl::PPFSignature[m[Kâ€™} has no member named â€˜[01m[Kdescriptor[m[Kâ€™
[2.079s]    59 |         for (size_t j = 0; j < ppf_features->points[i].[01;31m[Kdescriptor[m[K.size(); ++j)
[2.079s]       |                                                        [01;31m[K^~~~~~~~~~[m[K
[2.080s] [01m[K/home/buhrmann/ws_moveit/src/ppf_test_pkg/src/object_detection.cpp:61:60:[m[K [01;31m[Kerror: [m[Kâ€˜[01m[K__gnu_cxx::__alloc_traits<Eigen::aligned_allocator<pcl::PPFSignature>, pcl::PPFSignature>::value_type[m[Kâ€™ {aka â€˜[01m[Kstruct pcl::PPFSignature[m[Kâ€™} has no member named â€˜[01m[Kdescriptor[m[Kâ€™
[2.080s]    61 |             feature_matrix(i, j) = ppf_features->points[i].[01;31m[Kdescriptor[m[K[j];
[2.080s]       |                                                            [01;31m[K^~~~~~~~~~[m[K
[6.399s] gmake[2]: *** [CMakeFiles/object_detection.dir/build.make:76: CMakeFiles/object_detection.dir/src/object_detection.cpp.o] Error 1
[6.399s] gmake[1]: *** [CMakeFiles/Makefile2:137: CMakeFiles/object_detection.dir/all] Error 2
[6.399s] gmake: *** [Makefile:146: all] Error 2
[6.400s] Invoked command in '/home/buhrmann/ws_moveit/build/ppf_test_pkg' returned '2': CMAKE_PREFIX_PATH=${CMAKE_PREFIX_PATH}:/home/buhrmann/ws_moveit/install/moveit_configs_utils:/opt/ros/iron /usr/bin/cmake --build /home/buhrmann/ws_moveit/build/ppf_test_pkg -- -j28 -l28
