[35m[1mConsolidate compiler generated dependencies of target ur5_pickup_sensor[0m
[ 14%] Built target ur5_moveit_test_launch
[ 28%] Built target ur5_moveit_test
[ 42%] Built target gripper_close_moveit_test
[ 57%] Built target ur5_moveit_test_object_detection
[ 71%] Built target gripper_open_moveit_test
[ 85%] Built target ur5_read_positions
[ 92%] [32mBuilding CXX object CMakeFiles/ur5_pickup_sensor.dir/src/ur5_pickup_sensor.cpp.o[0m
[01m[K/home/buhrmann/ws_moveit/src/ur5_moveit_test/src/ur5_pickup_sensor.cpp:[m[K In function â€˜[01m[Kint main(int, char**)[m[Kâ€™:
[01m[K/home/buhrmann/ws_moveit/src/ur5_moveit_test/src/ur5_pickup_sensor.cpp:276:51:[m[K [01;31m[Kerror: [m[Kcannot convert â€˜[01m[Kmoveit_msgs::msg::AttachedCollisionObject[m[Kâ€™ {aka â€˜[01m[Kmoveit_msgs::msg::AttachedCollisionObject_<std::allocator<void> >[m[Kâ€™} to â€˜[01m[Kconst std::vector<std::__cxx11::basic_string<char> >&[m[Kâ€™
  276 |   planning_scene_interface.removeCollisionObjects([01;31m[Kattached_object[m[K);
      |                                                   [01;31m[K^~~~~~~~~~~~~~~[m[K
      |                                                   [01;31m[K|[m[K
      |                                                   [01;31m[Kmoveit_msgs::msg::AttachedCollisionObject {aka moveit_msgs::msg::AttachedCollisionObject_<std::allocator<void> >}[m[K
In file included from [01m[K/home/buhrmann/ws_moveit/src/ur5_moveit_test/src/ur5_pickup_sensor.cpp:7[m[K:
[01m[K/home/buhrmann/ws_moveit/install/moveit_ros_planning_interface/include/moveit_ros_planning_interface/moveit/planning_scene_interface/planning_scene_interface.h:143:63:[m[K [01;36m[Knote: [m[K  initializing argument 1 of â€˜[01m[Kvoid moveit::planning_interface::PlanningSceneInterface::removeCollisionObjects(const std::vector<std::__cxx11::basic_string<char> >&) const[m[Kâ€™
  143 |   void removeCollisionObjects([01;36m[Kconst std::vector<std::string>& object_ids[m[K) const;
      |                               [01;36m[K~~~~~~~~~~~~~~~~~~~~~~~~~~~~~~~~^~~~~~~~~~[m[K
gmake[2]: *** [CMakeFiles/ur5_pickup_sensor.dir/build.make:76: CMakeFiles/ur5_pickup_sensor.dir/src/ur5_pickup_sensor.cpp.o] Error 1
gmake[1]: *** [CMakeFiles/Makefile2:305: CMakeFiles/ur5_pickup_sensor.dir/all] Error 2
gmake: *** [Makefile:146: all] Error 2
