[0.009s] Invoking command in '/home/buhrmann/ws_moveit/build/point_cloud_circle_detector': CMAKE_PREFIX_PATH=${CMAKE_PREFIX_PATH}:/home/buhrmann/ws_moveit/install/moveit_configs_utils:/opt/ros/iron /usr/bin/cmake --build /home/buhrmann/ws_moveit/build/point_cloud_circle_detector -- -j28 -l28
[0.052s] [35m[1mConsolidate compiler generated dependencies of target point_cloud_plantpot_rgb_edge_pfh_detector[0m
[0.060s] [ 28%] Built target point_cloud_cylinder_detector
[0.060s] [ 28%] Built target point_cloud_plantpot_edge_pfh_detector
[0.060s] [ 42%] Built target point_cloud_plantpot_pfh_detector
[0.064s] [ 71%] Built target point_cloud_circle_detector
[0.064s] [ 71%] Built target point_cloud_plantpot_detector
[0.065s] [ 85%] Built target point_cloud_plantpot_ppf_detector
[0.073s] [ 92%] [32mBuilding CXX object CMakeFiles/point_cloud_plantpot_rgb_edge_pfh_detector.dir/src/point_cloud_plantpot_rgb_edge_pfh_detector.cpp.o[0m
[2.840s] [01m[K/home/buhrmann/ws_moveit/src/point_cloud_circle_detector/src/point_cloud_plantpot_rgb_edge_pfh_detector.cpp:[m[K In member function â€˜[01m[Kvoid PointCloudSubscriber::listener_callback(sensor_msgs::msg::PointCloud2_<std::allocator<void> >::SharedPtr)[m[Kâ€™:
[2.840s] [01m[K/home/buhrmann/ws_moveit/src/point_cloud_circle_detector/src/point_cloud_plantpot_rgb_edge_pfh_detector.cpp:51:9:[m[K [01;31m[Kerror: [m[Kexpected â€˜[01m[K;[m[Kâ€™ before â€˜[01m[Kfor[m[Kâ€™
[2.840s]    51 |         [01;31m[Kfor[m[K (size_t i = 0; i < cloud_rgb_filtered->size(); ++i) {
[2.840s]       |         [01;31m[K^~~[m[K
[2.847s] [01m[K/home/buhrmann/ws_moveit/src/point_cloud_circle_detector/src/point_cloud_plantpot_rgb_edge_pfh_detector.cpp:51:28:[m[K [01;31m[Kerror: [m[Kâ€˜[01m[Ki[m[Kâ€™ was not declared in this scope
[2.847s]    51 |         for (size_t i = 0; [01;31m[Ki[m[K < cloud_rgb_filtered->size(); ++i) {
[2.847s]       |                            [01;31m[K^[m[K
[4.159s] gmake[2]: *** [CMakeFiles/point_cloud_plantpot_rgb_edge_pfh_detector.dir/build.make:76: CMakeFiles/point_cloud_plantpot_rgb_edge_pfh_detector.dir/src/point_cloud_plantpot_rgb_edge_pfh_detector.cpp.o] Error 1
[4.159s] gmake[1]: *** [CMakeFiles/Makefile2:305: CMakeFiles/point_cloud_plantpot_rgb_edge_pfh_detector.dir/all] Error 2
[4.159s] gmake: *** [Makefile:146: all] Error 2
[4.161s] Invoked command in '/home/buhrmann/ws_moveit/build/point_cloud_circle_detector' returned '2': CMAKE_PREFIX_PATH=${CMAKE_PREFIX_PATH}:/home/buhrmann/ws_moveit/install/moveit_configs_utils:/opt/ros/iron /usr/bin/cmake --build /home/buhrmann/ws_moveit/build/point_cloud_circle_detector -- -j28 -l28
