[01m[K/home/buhrmann/ws_moveit/src/ur5_moveit_test/src/ur5_probe_sensor_service.cpp:[m[K In function â€˜[01m[Kint main(int, char**)[m[Kâ€™:
[01m[K/home/buhrmann/ws_moveit/src/ur5_moveit_test/src/ur5_probe_sensor_service.cpp:99:18:[m[K [01;35m[Kwarning: [m[Kunused variable â€˜[01m[Kangle_step[m[Kâ€™ [[01;35m[K]8;;https://gcc.gnu.org/onlinedocs/gcc/Warning-Options.html#index-Wunused-variable-Wunused-variable]8;;[m[K]
   99 |     const double [01;35m[Kangle_step[m[K = M_PI / (num_positions - 1);  // Divide the semicircle into equal parts
      |                  [01;35m[K^~~~~~~~~~[m[K
[01m[K/home/buhrmann/ws_moveit/src/ur5_moveit_test/src/ur5_probe_sensor_service.cpp:292:21:[m[K [01;35m[Kwarning: [m[Kcomparison of integer expressions of different signedness: â€˜[01m[Kint[m[Kâ€™ and â€˜[01m[Kstd::vector<geometry_msgs::msg::Pose_<std::allocator<void> > >::size_type[m[Kâ€™ {aka â€˜[01m[Klong unsigned int[m[Kâ€™} [[01;35m[K]8;;https://gcc.gnu.org/onlinedocs/gcc/Warning-Options.html#index-Wsign-compare-Wsign-compare]8;;[m[K]
  292 |   for (int i = 0; [01;35m[Ki < target_poses.size()[m[K; i++) {
      |                   [01;35m[K~~^~~~~~~~~~~~~~~~~~~~~[m[K
[01m[K/home/buhrmann/ws_moveit/src/ur5_moveit_test/src/ur5_image_octmap_path.cpp:[m[K In lambda function:
[01m[K/home/buhrmann/ws_moveit/src/ur5_moveit_test/src/ur5_image_octmap_path.cpp:500:21:[m[K [01;31m[Kerror: [m[Kâ€˜[01m[Knode[m[Kâ€™ was not declared in this scope; did you mean â€˜[01m[KNode[m[Kâ€™?
  500 |                     [01;31m[Knode[m[K, "world", "/UR5/move_group_tutorial",
      |                     [01;31m[K^~~~[m[K
      |                     [32m[KNode[m[K
In file included from [01m[K/opt/ros/iron/include/rclcpp/rclcpp/client.hpp:43[m[K,
                 from [01m[K/opt/ros/iron/include/rclcpp/rclcpp/callback_group.hpp:24[m[K,
                 from [01m[K/opt/ros/iron/include/rclcpp/rclcpp/any_executable.hpp:20[m[K,
                 from [01m[K/opt/ros/iron/include/rclcpp/rclcpp/memory_strategy.hpp:25[m[K,
                 from [01m[K/opt/ros/iron/include/rclcpp/rclcpp/memory_strategies.hpp:18[m[K,
                 from [01m[K/opt/ros/iron/include/rclcpp/rclcpp/executor_options.hpp:20[m[K,
                 from [01m[K/opt/ros/iron/include/rclcpp/rclcpp/executor.hpp:37[m[K,
                 from [01m[K/opt/ros/iron/include/rclcpp/rclcpp/executors/multi_threaded_executor.hpp:25[m[K,
                 from [01m[K/opt/ros/iron/include/rclcpp/rclcpp/executors.hpp:21[m[K,
                 from [01m[K/opt/ros/iron/include/rclcpp/rclcpp/rclcpp.hpp:167[m[K,
                 from [01m[K/home/buhrmann/ws_moveit/src/ur5_moveit_test/src/ur5_image_octmap_path.cpp:2[m[K:
[01m[K/home/buhrmann/ws_moveit/src/ur5_moveit_test/src/ur5_image_octmap_path.cpp:578:33:[m[K [01;31m[Kerror: [m[Kâ€˜[01m[Klogger[m[Kâ€™ was not declared in this scope
  578 |                     RCLCPP_INFO([01;31m[Klogger[m[K, "Visualizing Pose trajectory line");
      |                                 [01;31m[K^~~~~~[m[K
[01m[K/home/buhrmann/ws_moveit/src/ur5_moveit_test/src/ur5_image_octmap_path.cpp:578:21:[m[K [01;31m[Kerror: [m[Ktemplate argument 1 is invalid
  578 |                     [01;31m[KRCLCPP_INFO[m[K(logger, "Visualizing Pose trajectory line");
      |                     [01;31m[K^~~~~~~~~~~[m[K
[01m[K/home/buhrmann/ws_moveit/src/ur5_moveit_test/src/ur5_image_octmap_path.cpp:578:21:[m[K [01;31m[Kerror: [m[Ktemplate argument 1 is invalid
  578 |                     [01;31m[KRCLCPP_INFO[m[K(logger, "Visualizing Pose trajectory line");
      |                     [01;31m[K^~~~~~~~~~~[m[K
[01m[K/home/buhrmann/ws_moveit/src/ur5_moveit_test/src/ur5_image_octmap_path.cpp:578:21:[m[K [01;31m[Kerror: [m[Ktemplate argument 1 is invalid
  578 |                     [01;31m[KRCLCPP_INFO[m[K(logger, "Visualizing Pose trajectory line");
      |                     [01;31m[K^~~~~~~~~~~[m[K
[01m[K/home/buhrmann/ws_moveit/src/ur5_moveit_test/src/ur5_image_octmap_path.cpp:617:33:[m[K [01;31m[Kerror: [m[Kâ€˜[01m[Klogger[m[Kâ€™ was not declared in this scope
  617 |                     RCLCPP_INFO([01;31m[Klogger[m[K, "Visualizing Camera trajectory line");
      |                                 [01;31m[K^~~~~~[m[K
[01m[K/home/buhrmann/ws_moveit/src/ur5_moveit_test/src/ur5_image_octmap_path.cpp:617:21:[m[K [01;31m[Kerror: [m[Ktemplate argument 1 is invalid
  617 |                     [01;31m[KRCLCPP_INFO[m[K(logger, "Visualizing Camera trajectory line");
      |                     [01;31m[K^~~~~~~~~~~[m[K
[01m[K/home/buhrmann/ws_moveit/src/ur5_moveit_test/src/ur5_image_octmap_path.cpp:617:21:[m[K [01;31m[Kerror: [m[Ktemplate argument 1 is invalid
  617 |                     [01;31m[KRCLCPP_INFO[m[K(logger, "Visualizing Camera trajectory line");
      |                     [01;31m[K^~~~~~~~~~~[m[K
[01m[K/home/buhrmann/ws_moveit/src/ur5_moveit_test/src/ur5_image_octmap_path.cpp:617:21:[m[K [01;31m[Kerror: [m[Ktemplate argument 1 is invalid
  617 |                     [01;31m[KRCLCPP_INFO[m[K(logger, "Visualizing Camera trajectory line");
      |                     [01;31m[K^~~~~~~~~~~[m[K
[01m[K/home/buhrmann/ws_moveit/src/ur5_moveit_test/src/ur5_image_octmap_path.cpp:635:33:[m[K [01;31m[Kerror: [m[Kâ€˜[01m[Klogger[m[Kâ€™ was not declared in this scope
  635 |                     RCLCPP_INFO([01;31m[Klogger[m[K, "Visualizing Camera trajectory line");
      |                                 [01;31m[K^~~~~~[m[K
[01m[K/home/buhrmann/ws_moveit/src/ur5_moveit_test/src/ur5_image_octmap_path.cpp:635:21:[m[K [01;31m[Kerror: [m[Ktemplate argument 1 is invalid
  635 |                     [01;31m[KRCLCPP_INFO[m[K(logger, "Visualizing Camera trajectory line");
      |                     [01;31m[K^~~~~~~~~~~[m[K
[01m[K/home/buhrmann/ws_moveit/src/ur5_moveit_test/src/ur5_image_octmap_path.cpp:635:21:[m[K [01;31m[Kerror: [m[Ktemplate argument 1 is invalid
  635 |                     [01;31m[KRCLCPP_INFO[m[K(logger, "Visualizing Camera trajectory line");
      |                     [01;31m[K^~~~~~~~~~~[m[K
[01m[K/home/buhrmann/ws_moveit/src/ur5_moveit_test/src/ur5_image_octmap_path.cpp:635:21:[m[K [01;31m[Kerror: [m[Ktemplate argument 1 is invalid
  635 |                     [01;31m[KRCLCPP_INFO[m[K(logger, "Visualizing Camera trajectory line");
      |                     [01;31m[K^~~~~~~~~~~[m[K
gmake[2]: *** [CMakeFiles/ur5_image_octmap_path.dir/build.make:76: CMakeFiles/ur5_image_octmap_path.dir/src/ur5_image_octmap_path.cpp.o] Error 1
gmake[1]: *** [CMakeFiles/Makefile2:473: CMakeFiles/ur5_image_octmap_path.dir/all] Error 2
gmake: *** [Makefile:146: all] Error 2
