[01m[K/home/buhrmann/ws_moveit/src/ur5_moveit_test/src/ur5_moveit_test_object_detection.cpp:[m[K In function â€˜[01m[Kint main(int, char**)[m[Kâ€™:
[01m[K/home/buhrmann/ws_moveit/src/ur5_moveit_test/src/ur5_moveit_test_object_detection.cpp:27:46:[m[K [01;31m[Kerror: [m[Kâ€˜[01m[Kclass moveit::planning_interface::MoveGroupInterface[m[Kâ€™ has no member named â€˜[01m[KwaitForCurrentRobotState[m[Kâ€™
   27 |   bool state_received = move_group_interface.[01;31m[KwaitForCurrentRobotState[m[K(5.0); // Wait up to 5 seconds
      |                                              [01;31m[K^~~~~~~~~~~~~~~~~~~~~~~~[m[K
[01m[K/home/buhrmann/ws_moveit/src/ur5_moveit_test/src/ur5_moveit_test_object_detection.cpp:[m[K In lambda function:
[01m[K/home/buhrmann/ws_moveit/src/ur5_moveit_test/src/ur5_moveit_test_object_detection.cpp:63:16:[m[K [01;35m[Kwarning: [m[Kunused variable â€˜[01m[Kangle_for_position[m[Kâ€™ [[01;35m[K]8;;https://gcc.gnu.org/onlinedocs/gcc/Warning-Options.html#index-Wunused-variable-Wunused-variable]8;;[m[K]
   63 |         double [01;35m[Kangle_for_position[m[K = i * angle_step;  // Angle for current position
      |                [01;35m[K^~~~~~~~~~~~~~~~~~[m[K
[01m[K/home/buhrmann/ws_moveit/src/ur5_moveit_test/src/ur5_pickup_sensor.cpp:[m[K In function â€˜[01m[Kint main(int, char**)[m[Kâ€™:
[01m[K/home/buhrmann/ws_moveit/src/ur5_moveit_test/src/ur5_pickup_sensor.cpp:23:48:[m[K [01;31m[Kerror: [m[Kâ€˜[01m[Kclass moveit::planning_interface::MoveGroupInterface[m[Kâ€™ has no member named â€˜[01m[KwaitForCurrentRobotState[m[Kâ€™
   23 |     bool state_received = move_group_interface.[01;31m[KwaitForCurrentRobotState[m[K(5.0); // Wait up to 5 seconds
      |                                                [01;31m[K^~~~~~~~~~~~~~~~~~~~~~~~[m[K
gmake[2]: *** [CMakeFiles/ur5_pickup_sensor.dir/build.make:76: CMakeFiles/ur5_pickup_sensor.dir/src/ur5_pickup_sensor.cpp.o] Error 1
gmake[1]: *** [CMakeFiles/Makefile2:305: CMakeFiles/ur5_pickup_sensor.dir/all] Error 2
gmake[1]: *** Waiting for unfinished jobs....
gmake[2]: *** [CMakeFiles/ur5_moveit_test_object_detection.dir/build.make:76: CMakeFiles/ur5_moveit_test_object_detection.dir/src/ur5_moveit_test_object_detection.cpp.o] Error 1
gmake[1]: *** [CMakeFiles/Makefile2:253: CMakeFiles/ur5_moveit_test_object_detection.dir/all] Error 2
gmake: *** [Makefile:146: all] Error 2
