[35m[1mConsolidate compiler generated dependencies of target point_cloud_circle_detector[0m
[ 50%] [32mBuilding CXX object CMakeFiles/point_cloud_circle_detector.dir/src/point_cloud_circle_detector.cpp.o[0m
[01m[K/home/buhrmann/ws_moveit/src/point_cloud_circle_detector/src/point_cloud_circle_detector.cpp:50:78:[m[K [01;31m[Kerror: [m[Kâ€˜[01m[Kpcl::ModelCoefficients[m[Kâ€™ has not been declared
   50 |     void visualize_in_thread(pcl::PointCloud<pcl::PointXYZ>::Ptr cloud, pcl::[01;31m[KModelCoefficients[m[K::Ptr coefficients)
      |                                                                              [01;31m[K^~~~~~~~~~~~~~~~~[m[K
[01m[K/home/buhrmann/ws_moveit/src/point_cloud_circle_detector/src/point_cloud_circle_detector.cpp:50:101:[m[K [01;31m[Kerror: [m[Kexpected â€˜[01m[K,[m[Kâ€™ or â€˜[01m[K...[m[Kâ€™ before â€˜[01m[Kcoefficients[m[Kâ€™
   50 |     void visualize_in_thread(pcl::PointCloud<pcl::PointXYZ>::Ptr cloud, pcl::ModelCoefficients::Ptr [01;31m[Kcoefficients[m[K)
      |                                                                                                     [01;31m[K^~~~~~~~~~~~[m[K
[01m[K/home/buhrmann/ws_moveit/src/point_cloud_circle_detector/src/point_cloud_circle_detector.cpp:[m[K In member function â€˜[01m[Kvoid PointCloudCircleDetector::listener_callback(sensor_msgs::msg::PointCloud2_<std::allocator<void> >::SharedPtr)[m[Kâ€™:
[01m[K/home/buhrmann/ws_moveit/src/point_cloud_circle_detector/src/point_cloud_circle_detector.cpp:38:9:[m[K [01;31m[Kerror: [m[Kâ€˜[01m[Kpcl_conversions[m[Kâ€™ has not been declared
   38 |         [01;31m[Kpcl_conversions[m[K::toPCL(*msg, *cloud);
      |         [01;31m[K^~~~~~~~~~~~~~~[m[K
[01m[K/home/buhrmann/ws_moveit/src/point_cloud_circle_detector/src/point_cloud_circle_detector.cpp:41:14:[m[K [01;31m[Kerror: [m[Kâ€˜[01m[Kpcl::ModelCoefficients[m[Kâ€™ has not been declared
   41 |         pcl::[01;31m[KModelCoefficients[m[K::Ptr coefficients(new pcl::ModelCoefficients);
      |              [01;31m[K^~~~~~~~~~~~~~~~~[m[K
[01m[K/home/buhrmann/ws_moveit/src/point_cloud_circle_detector/src/point_cloud_circle_detector.cpp:42:9:[m[K [01;31m[Kerror: [m[Kâ€˜[01m[Kcoefficients[m[Kâ€™ was not declared in this scope
   42 |         [01;31m[Kcoefficients[m[K->values.push_back(0.0); // X
      |         [01;31m[K^~~~~~~~~~~~[m[K
[01m[K/home/buhrmann/ws_moveit/src/point_cloud_circle_detector/src/point_cloud_circle_detector.cpp:[m[K In member function â€˜[01m[Kvoid PointCloudCircleDetector::visualize_in_thread(pcl::PointCloud<pcl::PointXYZ>::Ptr, int)[m[Kâ€™:
[01m[K/home/buhrmann/ws_moveit/src/point_cloud_circle_detector/src/point_cloud_circle_detector.cpp:52:32:[m[K [01;31m[Kerror: [m[Kâ€˜[01m[Kvisualize_with_vtk[m[Kâ€™ was not declared in this scope
   52 |         std::thread vtk_thread([01;31m[Kvisualize_with_vtk[m[K, cloud, coefficients);
      |                                [01;31m[K^~~~~~~~~~~~~~~~~~[m[K
[01m[K/home/buhrmann/ws_moveit/src/point_cloud_circle_detector/src/point_cloud_circle_detector.cpp:52:59:[m[K [01;31m[Kerror: [m[Kâ€˜[01m[Kcoefficients[m[Kâ€™ was not declared in this scope
   52 |         std::thread vtk_thread(visualize_with_vtk, cloud, [01;31m[Kcoefficients[m[K);
      |                                                           [01;31m[K^~~~~~~~~~~~[m[K
[01m[K/home/buhrmann/ws_moveit/src/point_cloud_circle_detector/src/point_cloud_circle_detector.cpp:50:97:[m[K [01;35m[Kwarning: [m[Kunused parameter â€˜[01m[KPtr[m[Kâ€™ [[01;35m[K]8;;https://gcc.gnu.org/onlinedocs/gcc/Warning-Options.html#index-Wunused-parameter-Wunused-parameter]8;;[m[K]
   50 |     void visualize_in_thread(pcl::PointCloud<pcl::PointXYZ>::Ptr cloud, [01;35m[Kpcl::ModelCoefficients::Ptr[m[K coefficients)
      |                                                                         [01;35m[K~~~~~~~~~~~~~~~~~~~~~~~~^~~[m[K
gmake[2]: *** [CMakeFiles/point_cloud_circle_detector.dir/build.make:76: CMakeFiles/point_cloud_circle_detector.dir/src/point_cloud_circle_detector.cpp.o] Error 1
gmake[1]: *** [CMakeFiles/Makefile2:137: CMakeFiles/point_cloud_circle_detector.dir/all] Error 2
gmake: *** [Makefile:146: all] Error 2
