[35m[1mConsolidate compiler generated dependencies of target ur5_move_plantpot_to_home[0m
[35m[1mConsolidate compiler generated dependencies of target ur5_image_octmap_path[0m
[  7%] Built target ur5_moveit_test_object_detection
[ 14%] Built target ur5_probe_sensor
[ 21%] Built target ur5_pickup_sensor
[ 28%] Built target ur5_moveit_test_launch
[ 35%] Built target ur5_probe_sensor_service
[ 42%] Built target gripper_open_moveit_test
[ 50%] Built target gripper_close_moveit_test
[ 57%] Built target ur5_moveit_test
[ 64%] Built target ur5_move_to_home
[ 71%] Built target ur5_read_positions
[ 78%] Built target ur5_drop_sensor
[ 85%] Built target ur5_move_to_camera
[ 89%] [32mBuilding CXX object CMakeFiles/ur5_move_plantpot_to_home.dir/src/ur5_move_plantpot_to_home.cpp.o[0m
[ 96%] Built target ur5_image_octmap_path
[01m[K/home/buhrmann/ws_moveit/src/ur5_moveit_test/src/ur5_move_plantpot_to_home.cpp:[m[K In function â€˜[01m[Kint main(int, char**)[m[Kâ€™:
[01m[K/home/buhrmann/ws_moveit/src/ur5_moveit_test/src/ur5_move_plantpot_to_home.cpp:115:3:[m[K [01;31m[Kerror: [m[Kexpected initializer before â€˜[01m[Kcurrent_pose[m[Kâ€™
  115 |   [01;31m[Kcurrent_pose[m[K = move_group_interface.getCurrentPose(end_effector_link);
      |   [01;31m[K^~~~~~~~~~~~[m[K
[01m[K/home/buhrmann/ws_moveit/src/ur5_moveit_test/src/ur5_move_plantpot_to_home.cpp:124:16:[m[K [01;31m[Kerror: [m[Kâ€˜[01m[Kcurrent_pose[m[Kâ€™ was not declared in this scope
  124 |   probe_pose = [01;31m[Kcurrent_pose[m[K.pose;
      |                [01;31m[K^~~~~~~~~~~~[m[K
[01m[K/home/buhrmann/ws_moveit/src/ur5_moveit_test/src/ur5_move_plantpot_to_home.cpp:169:8:[m[K [01;35m[Kwarning: [m[Kunused variable â€˜[01m[Ksuccess[m[Kâ€™ [[01;35m[K]8;;https://gcc.gnu.org/onlinedocs/gcc/Warning-Options.html#index-Wunused-variable-Wunused-variable]8;;[m[K]
  169 |   bool [01;35m[Ksuccess[m[K = (move_group_interface.plan(plan_home) ==
      |        [01;35m[K^~~~~~~[m[K
gmake[2]: *** [CMakeFiles/ur5_move_plantpot_to_home.dir/build.make:76: CMakeFiles/ur5_move_plantpot_to_home.dir/src/ur5_move_plantpot_to_home.cpp.o] Error 1
gmake[1]: *** [CMakeFiles/Makefile2:501: CMakeFiles/ur5_move_plantpot_to_home.dir/all] Error 2
gmake: *** [Makefile:146: all] Error 2
