[0.010s] Invoking command in '/home/buhrmann/ws_moveit/build/point_cloud_circle_detector': CMAKE_PREFIX_PATH=${CMAKE_PREFIX_PATH}:/home/buhrmann/ws_moveit/install/moveit_configs_utils:/opt/ros/iron /usr/bin/cmake --build /home/buhrmann/ws_moveit/build/point_cloud_circle_detector -- -j28 -l28
[0.049s] [35m[1mConsolidate compiler generated dependencies of target point_cloud_plantpot_rgb_edge_pfh_detector[0m
[0.059s] [ 21%] Built target point_cloud_plantpot_pfh_detector
[0.060s] [ 28%] Built target point_cloud_cylinder_detector
[0.061s] [ 42%] Built target point_cloud_plantpot_edge_pfh_detector
[0.061s] [ 57%] Built target point_cloud_plantpot_detector
[0.061s] [ 71%] Built target point_cloud_circle_detector
[0.066s] [ 85%] Built target point_cloud_plantpot_ppf_detector
[0.068s] [ 92%] [32mBuilding CXX object CMakeFiles/point_cloud_plantpot_rgb_edge_pfh_detector.dir/src/point_cloud_plantpot_rgb_edge_pfh_detector.cpp.o[0m
[2.837s] [01m[K/home/buhrmann/ws_moveit/src/point_cloud_circle_detector/src/point_cloud_plantpot_rgb_edge_pfh_detector.cpp:[m[K In member function â€˜[01m[Kvoid PointCloudSubscriber::listener_callback(sensor_msgs::msg::PointCloud2_<std::allocator<void> >::SharedPtr)[m[Kâ€™:
[2.837s] [01m[K/home/buhrmann/ws_moveit/src/point_cloud_circle_detector/src/point_cloud_plantpot_rgb_edge_pfh_detector.cpp:51:9:[m[K [01;31m[Kerror: [m[Kexpected â€˜[01m[K;[m[Kâ€™ before â€˜[01m[Kfor[m[Kâ€™
[2.837s]    51 |         [01;31m[Kfor[m[K (size_t i = 0; i < cloud_rgb_filtered.size(); ++i) {
[2.837s]       |         [01;31m[K^~~[m[K
[2.844s] [01m[K/home/buhrmann/ws_moveit/src/point_cloud_circle_detector/src/point_cloud_plantpot_rgb_edge_pfh_detector.cpp:51:28:[m[K [01;31m[Kerror: [m[Kâ€˜[01m[Ki[m[Kâ€™ was not declared in this scope
[2.844s]    51 |         for (size_t i = 0; [01;31m[Ki[m[K < cloud_rgb_filtered.size(); ++i) {
[2.844s]       |                            [01;31m[K^[m[K
[2.844s] [01m[K/home/buhrmann/ws_moveit/src/point_cloud_circle_detector/src/point_cloud_plantpot_rgb_edge_pfh_detector.cpp:51:51:[m[K [01;31m[Kerror: [m[Kâ€˜[01m[Kusing Ptr = class std::shared_ptr<pcl::PointCloud<pcl::PointXYZRGB> >[m[Kâ€™ {aka â€˜[01m[Kclass std::shared_ptr<pcl::PointCloud<pcl::PointXYZRGB> >[m[Kâ€™} has no member named â€˜[01m[Ksize[m[Kâ€™
[2.844s]    51 |         for (size_t i = 0; i < cloud_rgb_filtered.[01;31m[Ksize[m[K(); ++i) {
[2.844s]       |                                                   [01;31m[K^~~~[m[K
[4.167s] gmake[2]: *** [CMakeFiles/point_cloud_plantpot_rgb_edge_pfh_detector.dir/build.make:76: CMakeFiles/point_cloud_plantpot_rgb_edge_pfh_detector.dir/src/point_cloud_plantpot_rgb_edge_pfh_detector.cpp.o] Error 1
[4.167s] gmake[1]: *** [CMakeFiles/Makefile2:305: CMakeFiles/point_cloud_plantpot_rgb_edge_pfh_detector.dir/all] Error 2
[4.168s] gmake: *** [Makefile:146: all] Error 2
[4.169s] Invoked command in '/home/buhrmann/ws_moveit/build/point_cloud_circle_detector' returned '2': CMAKE_PREFIX_PATH=${CMAKE_PREFIX_PATH}:/home/buhrmann/ws_moveit/install/moveit_configs_utils:/opt/ros/iron /usr/bin/cmake --build /home/buhrmann/ws_moveit/build/point_cloud_circle_detector -- -j28 -l28
