[0.515s] Invoking command in '/home/buhrmann/ws_moveit/build/point_cloud_circle_detector': CMAKE_PREFIX_PATH=${CMAKE_PREFIX_PATH}:/home/buhrmann/ws_moveit/install/ros2_azure_bridge:/home/buhrmann/ws_moveit/install/moveit_configs_utils:/opt/ros/iron /usr/bin/cmake --build /home/buhrmann/ws_moveit/build/point_cloud_circle_detector -- -j28 -l28
[0.924s] -- Found ament_cmake: 2.0.7 (/opt/ros/iron/share/ament_cmake/cmake)
[0.924s] -- Found sensor_msgs: 5.0.1 (/opt/ros/iron/share/sensor_msgs/cmake)
[0.924s] -- Found rosidl_generator_c: 4.0.1 (/opt/ros/iron/share/rosidl_generator_c/cmake)
[0.924s] -- Found rosidl_generator_cpp: 4.0.1 (/opt/ros/iron/share/rosidl_generator_cpp/cmake)
[0.924s] -- Using all available rosidl_typesupport_c: rosidl_typesupport_fastrtps_c;rosidl_typesupport_introspection_c
[0.924s] -- Using all available rosidl_typesupport_cpp: rosidl_typesupport_fastrtps_cpp;rosidl_typesupport_introspection_cpp
[1.269s] -- Found rclcpp: 21.0.8 (/opt/ros/iron/share/rclcpp/cmake)
[1.350s] -- Found rmw_implementation_cmake: 7.1.0 (/opt/ros/iron/share/rmw_implementation_cmake/cmake)
[1.355s] -- Found rmw_fastrtps_cpp: 7.1.4 (/opt/ros/iron/share/rmw_fastrtps_cpp/cmake)
[1.538s] -- Using RMW implementation 'rmw_fastrtps_cpp' as default
[1.828s] -- Found pcl_conversions: 2.5.4 (/opt/ros/iron/share/pcl_conversions/cmake)
[2.164s] -- FLANN found (include: /usr/include, lib: /usr/lib/x86_64-linux-gnu/libflann_cpp.so)
[2.181s] -- OpenNI found (version: 1.5.4.0, include: /usr/include/ni, lib: /usr/lib/libOpenNI.so;libusb::libusb)
[2.188s] -- OpenNI2 found (version: 2.2.0.33, include: /usr/include/openni2, lib: /usr/lib/x86_64-linux-gnu/libOpenNI2.so;libusb::libusb)
[2.195s] -- Could NOT find Pcap (missing: PCAP_LIBRARIES PCAP_INCLUDE_DIRS) 
[2.743s] -- OpenNI found (version: 1.5.4.0, include: /usr/include/ni, lib: /usr/lib/libOpenNI.so;libusb::libusb)
[2.752s] -- OpenNI2 found (version: 2.2.0.33, include: /usr/include/openni2, lib: /usr/lib/x86_64-linux-gnu/libOpenNI2.so;libusb::libusb)
[3.244s] -- Found Qhull version 8.0.2
[3.770s] -- Found cv_bridge: 3.5.0 (/opt/ros/iron/share/cv_bridge/cmake)
[3.777s] -- Found moveit_ros_planning_interface: 2.11.0 (/home/buhrmann/ws_moveit/install/moveit_ros_planning_interface/share/moveit_ros_planning_interface/cmake)
[3.791s] -- Found Boost: /usr/lib/x86_64-linux-gnu/cmake/Boost-1.74.0/BoostConfig.cmake (found version "1.74.0") found components: date_time filesystem program_options system thread 
[5.051s] -- Found Boost: /usr/lib/x86_64-linux-gnu/cmake/Boost-1.74.0/BoostConfig.cmake (found version "1.74.0") found components: chrono date_time filesystem iostreams program_options regex serialization system thread 
[5.092s] -- Found parameter_traits: 0.3.9 (/opt/ros/iron/share/parameter_traits/cmake)
[5.110s] -- Found rclcpp_lifecycle: 21.0.8 (/opt/ros/iron/share/rclcpp_lifecycle/cmake)
[5.275s] -- Found Boost: /usr/lib/x86_64-linux-gnu/cmake/Boost-1.74.0/BoostConfig.cmake (found version "1.74.0") found components: filesystem 
[5.334s] -- library: /usr/lib/x86_64-linux-gnu/libcurl.so
[5.618s] -- Ensuring Eigen3 include directory is part of orocos-kdl CMake target
[6.398s] -- Found Boost: /usr/lib/x86_64-linux-gnu/cmake/Boost-1.74.0/BoostConfig.cmake (found version "1.74.0") found components: system filesystem date_time program_options thread chrono 
[7.605s] -- Found Boost: /usr/lib/x86_64-linux-gnu/cmake/Boost-1.74.0/BoostConfig.cmake (found version "1.74.0") found components: thread system filesystem regex date_time program_options 
[8.006s] -- Found Boost: /usr/lib/x86_64-linux-gnu/cmake/Boost-1.74.0/BoostConfig.cmake (found version "1.74.0") found components: system filesystem date_time program_options thread 
[10.710s] -- Found ament_lint_auto: 0.14.4 (/opt/ros/iron/share/ament_lint_auto/cmake)
[10.801s] -- Added test 'cppcheck' to perform static code analysis on C / C++ code
[10.803s] -- Configured cppcheck include dirs: 
[10.803s] -- Configured cppcheck exclude dirs and/or files: 
[10.804s] -- Added test 'lint_cmake' to check CMake code style
[10.805s] -- Added test 'uncrustify' to check C / C++ code style
[10.805s] -- Configured uncrustify additional arguments: 
[10.806s] -- Added test 'xmllint' to check XML markup files
[10.807s] -- Configuring done
[11.094s] -- Generating done
[11.167s] -- Build files have been written to: /home/buhrmann/ws_moveit/build/point_cloud_circle_detector
[11.223s] [35m[1mConsolidate compiler generated dependencies of target point_cloud_circle_detector[0m
[11.223s] [35m[1mConsolidate compiler generated dependencies of target point_cloud_cylinder_detector[0m
[11.223s] [35m[1mConsolidate compiler generated dependencies of target point_cloud_plantpot_rgb_edge_pfh_detector[0m
[11.223s] [35m[1mConsolidate compiler generated dependencies of target point_cloud_plantpot_ppf_detector[0m
[11.227s] [35m[1mConsolidate compiler generated dependencies of target point_cloud_plantpot_pfh_detector[0m
[11.228s] [35m[1mConsolidate compiler generated dependencies of target point_cloud_plantpot_detector[0m
[11.231s] [35m[1mConsolidate compiler generated dependencies of target point_cloud_plantpot_edge_pfh_detector[0m
[11.232s] [35m[1mConsolidate compiler generated dependencies of target cup_pointcloud_segmentation_color[0m
[11.244s] [35m[1mConsolidate compiler generated dependencies of target hsv_color_filter[0m
[11.244s] [35m[1mConsolidate compiler generated dependencies of target plantplot_icp_conversion[0m
[11.248s] [35m[1mConsolidate compiler generated dependencies of target cup_segmentation_color[0m
[11.252s] [35m[1mConsolidate compiler generated dependencies of target rgb_edge_filter[0m
[11.253s] [35m[1mConsolidate compiler generated dependencies of target image_based_hsv_color_filter[0m
[11.275s] [  7%] Built target point_cloud_circle_detector
[11.280s] [ 14%] Built target point_cloud_plantpot_edge_pfh_detector
[11.280s] [ 21%] Built target point_cloud_plantpot_ppf_detector
[11.283s] [ 28%] Built target point_cloud_cylinder_detector
[11.290s] [ 35%] Built target cup_segmentation_color
[11.291s] [ 42%] Built target cup_pointcloud_segmentation_color
[11.291s] [ 50%] Built target point_cloud_plantpot_pfh_detector
[11.293s] [ 53%] [32mBuilding CXX object CMakeFiles/plantplot_ransac_conversion.dir/src/plantplot_ransac_conversion.cpp.o[0m
[11.293s] [ 60%] Built target hsv_color_filter
[11.294s] [ 67%] Built target point_cloud_plantpot_detector
[11.294s] [ 75%] Built target image_based_hsv_color_filter
[11.300s] [ 82%] Built target point_cloud_plantpot_rgb_edge_pfh_detector
[11.301s] [ 89%] Built target plantplot_icp_conversion
[11.311s] [ 96%] Built target rgb_edge_filter
[12.444s] [01m[K/home/buhrmann/ws_moveit/src/point_cloud_circle_detector/src/plantplot_ransac_conversion.cpp:6:10:[m[K [01;31m[Kfatal error: [m[Ktf2_geometry_msgs/tf2_geometry_msgs.hpp: No such file or directory
[12.444s]     6 | #include [01;31m[K<tf2_geometry_msgs/tf2_geometry_msgs.hpp>[m[K
[12.444s]       |          [01;31m[K^~~~~~~~~~~~~~~~~~~~~~~~~~~~~~~~~~~~~~~~~[m[K
[12.444s] compilation terminated.
[12.462s] gmake[2]: *** [CMakeFiles/plantplot_ransac_conversion.dir/build.make:76: CMakeFiles/plantplot_ransac_conversion.dir/src/plantplot_ransac_conversion.cpp.o] Error 1
[12.463s] gmake[1]: *** [CMakeFiles/Makefile2:501: CMakeFiles/plantplot_ransac_conversion.dir/all] Error 2
[12.463s] gmake: *** [Makefile:146: all] Error 2
[12.466s] Invoked command in '/home/buhrmann/ws_moveit/build/point_cloud_circle_detector' returned '2': CMAKE_PREFIX_PATH=${CMAKE_PREFIX_PATH}:/home/buhrmann/ws_moveit/install/ros2_azure_bridge:/home/buhrmann/ws_moveit/install/moveit_configs_utils:/opt/ros/iron /usr/bin/cmake --build /home/buhrmann/ws_moveit/build/point_cloud_circle_detector -- -j28 -l28
