[01m[K/home/buhrmann/ws_moveit/src/ur5_moveit_test/src/ur5_probe_sensor_service.cpp:[m[K In function â€˜[01m[Kint main(int, char**)[m[Kâ€™:
[01m[K/home/buhrmann/ws_moveit/src/ur5_moveit_test/src/ur5_probe_sensor_service.cpp:95:18:[m[K [01;35m[Kwarning: [m[Kunused variable â€˜[01m[Kangle_step[m[Kâ€™ [[01;35m[K]8;;https://gcc.gnu.org/onlinedocs/gcc/Warning-Options.html#index-Wunused-variable-Wunused-variable]8;;[m[K]
   95 |     const double [01;35m[Kangle_step[m[K = M_PI / (num_positions - 1);  // Divide the semicircle into equal parts
      |                  [01;35m[K^~~~~~~~~~[m[K
[01m[K/home/buhrmann/ws_moveit/src/ur5_moveit_test/src/ur5_probe_sensor_service.cpp:288:21:[m[K [01;35m[Kwarning: [m[Kcomparison of integer expressions of different signedness: â€˜[01m[Kint[m[Kâ€™ and â€˜[01m[Kstd::vector<geometry_msgs::msg::Pose_<std::allocator<void> > >::size_type[m[Kâ€™ {aka â€˜[01m[Klong unsigned int[m[Kâ€™} [[01;35m[K]8;;https://gcc.gnu.org/onlinedocs/gcc/Warning-Options.html#index-Wsign-compare-Wsign-compare]8;;[m[K]
  288 |   for (int i = 0; [01;35m[Ki < target_poses.size()[m[K; i++) {
      |                   [01;35m[K~~^~~~~~~~~~~~~~~~~~~~~[m[K
[01m[K/home/buhrmann/ws_moveit/src/ur5_moveit_test/src/ur5_probe_sensor_service.cpp:303:68:[m[K [01;31m[Kerror: [m[Kâ€˜[01m[Kjoint_model_group[m[Kâ€™ was not declared in this scope
  303 |       visual_tools.publishTrajectoryLine(plan_to_above.trajectory, [01;31m[Kjoint_model_group[m[K);
      |                                                                    [01;31m[K^~~~~~~~~~~~~~~~~[m[K
gmake[2]: *** [CMakeFiles/ur5_probe_sensor_service.dir/build.make:76: CMakeFiles/ur5_probe_sensor_service.dir/src/ur5_probe_sensor_service.cpp.o] Error 1
gmake[1]: *** [CMakeFiles/Makefile2:395: CMakeFiles/ur5_probe_sensor_service.dir/all] Error 2
gmake: *** [Makefile:146: all] Error 2
