-- Found ament_cmake: 2.0.7 (/opt/ros/iron/share/ament_cmake/cmake)
-- Found rclcpp: 21.0.8 (/opt/ros/iron/share/rclcpp/cmake)
-- Found rosidl_generator_c: 4.0.1 (/opt/ros/iron/share/rosidl_generator_c/cmake)
-- Found rosidl_generator_cpp: 4.0.1 (/opt/ros/iron/share/rosidl_generator_cpp/cmake)
-- Using all available rosidl_typesupport_c: rosidl_typesupport_fastrtps_c;rosidl_typesupport_introspection_c
-- Using all available rosidl_typesupport_cpp: rosidl_typesupport_fastrtps_cpp;rosidl_typesupport_introspection_cpp
-- Found rmw_implementation_cmake: 7.1.0 (/opt/ros/iron/share/rmw_implementation_cmake/cmake)
-- Found rmw_fastrtps_cpp: 7.1.4 (/opt/ros/iron/share/rmw_fastrtps_cpp/cmake)
-- Using RMW implementation 'rmw_fastrtps_cpp' as default
-- Found moveit_ros_planning_interface: 2.11.0 (/home/buhrmann/ws_moveit/install/moveit_ros_planning_interface/share/moveit_ros_planning_interface/cmake)
-- Found Boost: /usr/lib/x86_64-linux-gnu/cmake/Boost-1.74.0/BoostConfig.cmake (found version "1.74.0") found components: date_time filesystem program_options system thread 
-- Found Boost: /usr/lib/x86_64-linux-gnu/cmake/Boost-1.74.0/BoostConfig.cmake (found version "1.74.0") found components: chrono date_time filesystem iostreams program_options regex serialization system thread 
-- Found parameter_traits: 0.3.9 (/opt/ros/iron/share/parameter_traits/cmake)
-- Found Eigen3: TRUE (found version "3.4.0") 
-- Found rclcpp_lifecycle: 21.0.8 (/opt/ros/iron/share/rclcpp_lifecycle/cmake)
-- Found Boost: /usr/lib/x86_64-linux-gnu/cmake/Boost-1.74.0/BoostConfig.cmake (found version "1.74.0") found components: filesystem 
-- library: /usr/lib/x86_64-linux-gnu/libcurl.so
-- Ensuring Eigen3 include directory is part of orocos-kdl CMake target
-- Found Boost: /usr/lib/x86_64-linux-gnu/cmake/Boost-1.74.0/BoostConfig.cmake (found version "1.74.0") found components: system filesystem date_time program_options thread chrono 
-- Found Boost: /usr/lib/x86_64-linux-gnu/cmake/Boost-1.74.0/BoostConfig.cmake (found version "1.74.0") found components: thread system filesystem regex date_time program_options 
-- Found Boost: /usr/lib/x86_64-linux-gnu/cmake/Boost-1.74.0/BoostConfig.cmake (found version "1.74.0") found components: system filesystem date_time program_options thread 
-- Found Boost: /usr/lib/x86_64-linux-gnu/cmake/Boost-1.74.0/BoostConfig.cmake (found suitable version "1.74.0", minimum required is "1.65.0") found components: system iostreams filesystem serialization 
-- FLANN found (include: /usr/include, lib: /usr/lib/x86_64-linux-gnu/libflann_cpp.so)
-- OpenNI found (version: 1.5.4.0, include: /usr/include/ni, lib: /usr/lib/libOpenNI.so;libusb::libusb)
-- OpenNI2 found (version: 2.2.0.33, include: /usr/include/openni2, lib: /usr/lib/x86_64-linux-gnu/libOpenNI2.so;libusb::libusb)
-- Could NOT find Pcap (missing: PCAP_LIBRARIES PCAP_INCLUDE_DIRS) 
[0m** WARNING ** io features related to pcap will be disabled[0m
-- Found Eigen3: /usr/include/eigen3 (found version "3.4.0") 
-- OpenNI found (version: 1.5.4.0, include: /usr/include/ni, lib: /usr/lib/libOpenNI.so;libusb::libusb)
-- OpenNI2 found (version: 2.2.0.33, include: /usr/include/openni2, lib: /usr/lib/x86_64-linux-gnu/libOpenNI2.so;libusb::libusb)
-- Found Qhull version 8.0.2
-- looking for PCL_COMMON
-- looking for PCL_KDTREE
-- looking for PCL_OCTREE
-- looking for PCL_SEARCH
-- looking for PCL_SAMPLE_CONSENSUS
-- looking for PCL_FILTERS
-- looking for PCL_2D
-- looking for PCL_GEOMETRY
-- looking for PCL_IO
-- looking for PCL_FEATURES
-- looking for PCL_ML
-- looking for PCL_SEGMENTATION
-- looking for PCL_VISUALIZATION
-- looking for PCL_SURFACE
-- looking for PCL_REGISTRATION
-- looking for PCL_KEYPOINTS
-- looking for PCL_TRACKING
-- looking for PCL_RECOGNITION
-- looking for PCL_STEREO
-- looking for PCL_OUTOFCORE
-- looking for PCL_PEOPLE
-- Found pcl_conversions: 2.5.4 (/opt/ros/iron/share/pcl_conversions/cmake)
-- Found ament_lint_auto: 0.14.4 (/opt/ros/iron/share/ament_lint_auto/cmake)
-- Added test 'cppcheck' to perform static code analysis on C / C++ code
-- Configured cppcheck include dirs: 
-- Configured cppcheck exclude dirs and/or files: 
-- Added test 'lint_cmake' to check CMake code style
-- Added test 'uncrustify' to check C / C++ code style
-- Configured uncrustify additional arguments: 
-- Added test 'xmllint' to check XML markup files
-- Configuring done
-- Generating done
-- Build files have been written to: /home/buhrmann/ws_moveit/build/edit_planning_scene
[35m[1mConsolidate compiler generated dependencies of target add_object_to_planning_scene_node[0m
[35m[1mConsolidate compiler generated dependencies of target pointcloud_to_octomap[0m
[ 50%] Built target add_object_to_planning_scene_node
[ 75%] [32mBuilding CXX object CMakeFiles/pointcloud_to_octomap.dir/src/octo_map.cpp.o[0m
In file included from [01m[K/opt/ros/iron/include/rclcpp/rclcpp/logging.hpp:24[m[K,
                 from [01m[K/opt/ros/iron/include/rclcpp/rclcpp/client.hpp:43[m[K,
                 from [01m[K/opt/ros/iron/include/rclcpp/rclcpp/callback_group.hpp:24[m[K,
                 from [01m[K/opt/ros/iron/include/rclcpp/rclcpp/any_executable.hpp:20[m[K,
                 from [01m[K/opt/ros/iron/include/rclcpp/rclcpp/memory_strategy.hpp:25[m[K,
                 from [01m[K/opt/ros/iron/include/rclcpp/rclcpp/memory_strategies.hpp:18[m[K,
                 from [01m[K/opt/ros/iron/include/rclcpp/rclcpp/executor_options.hpp:20[m[K,
                 from [01m[K/opt/ros/iron/include/rclcpp/rclcpp/executor.hpp:37[m[K,
                 from [01m[K/opt/ros/iron/include/rclcpp/rclcpp/executors/multi_threaded_executor.hpp:25[m[K,
                 from [01m[K/opt/ros/iron/include/rclcpp/rclcpp/executors.hpp:21[m[K,
                 from [01m[K/opt/ros/iron/include/rclcpp/rclcpp/rclcpp.hpp:167[m[K,
                 from [01m[K/home/buhrmann/ws_moveit/src/edit_planning_scene/src/octo_map.cpp:2[m[K:
[01m[K/home/buhrmann/ws_moveit/src/edit_planning_scene/src/octo_map.cpp:[m[K In constructor â€˜[01m[KOccupancyMapNode::OccupancyMapNode()[m[Kâ€™:
[01m[K/home/buhrmann/ws_moveit/src/edit_planning_scene/src/octo_map.cpp:60:37:[m[K [01;35m[Kwarning: [m[Kformat â€˜[01m[K%s[m[Kâ€™ expects argument of type â€˜[01m[Kchar*[m[Kâ€™, but argument 5 has type â€˜[01m[Kstd::__cxx11::basic_string<char>[m[Kâ€™ [[01;35m[K]8;;https://gcc.gnu.org/onlinedocs/gcc/Warning-Options.html#index-Wformat=-Wformat=]8;;[m[K]
   60 |     RCLCPP_INFO(this->get_logger(), [01;35m[K"Clear service available at: %s"[m[K,
      |                                     [01;35m[K^~~~~~~~~~~~~~~~~~~~~~~~~~~~~~~~[m[K
   61 |                 [32m[Kthis->get_name() + std::string("/clear_octomap")[m[K);
      |                 [32m[K~~~~~~~~~~~~~~~~~~~~~~~~~~~~~~~~~~~~~~~~~~~~~~~~[m[K
      |                                  [32m[K|[m[K
      |                                  [32m[Kstd::__cxx11::basic_string<char>[m[K
[01m[K/home/buhrmann/ws_moveit/src/edit_planning_scene/src/octo_map.cpp:60:67:[m[K [01;36m[Knote: [m[Kformat string is defined here
   60 |     RCLCPP_INFO(this->get_logger(), "Clear service available at: [01;36m[K%s[m[K",
      |                                                                  [01;36m[K~^[m[K
      |                                                                   [01;36m[K|[m[K
      |                                                                   [01;36m[Kchar*[m[K
[01m[K/home/buhrmann/ws_moveit/src/edit_planning_scene/src/octo_map.cpp:[m[K In member function â€˜[01m[Kvoid OccupancyMapNode::updatePlanningScene()[m[Kâ€™:
[01m[K/home/buhrmann/ws_moveit/src/edit_planning_scene/src/octo_map.cpp:145:32:[m[K [01;31m[Kerror: [m[Kâ€˜[01m[Kusing element_type = class moveit::planning_interface::PlanningSceneInterface[m[Kâ€™ {aka â€˜[01m[Kclass moveit::planning_interface::PlanningSceneInterface[m[Kâ€™} has no member named â€˜[01m[Kpublish[m[Kâ€™
  145 |     planning_scene_interface_->[01;31m[Kpublish[m[K(planning_scene);
      |                                [01;31m[K^~~~~~~[m[K
[01m[K/home/buhrmann/ws_moveit/src/edit_planning_scene/src/octo_map.cpp:[m[K In member function â€˜[01m[Kvoid OccupancyMapNode::clearOctomapCallback(std::shared_ptr<std_srvs::srv::Empty_Request_<std::allocator<void> > >, std::shared_ptr<std_srvs::srv::Empty_Response_<std::allocator<void> > >)[m[Kâ€™:
[01m[K/home/buhrmann/ws_moveit/src/edit_planning_scene/src/octo_map.cpp:152:58:[m[K [01;35m[Kwarning: [m[Kunused parameter â€˜[01m[Krequest[m[Kâ€™ [[01;35m[K]8;;https://gcc.gnu.org/onlinedocs/gcc/Warning-Options.html#index-Wunused-parameter-Wunused-parameter]8;;[m[K]
  152 |     [01;35m[Kconst std::shared_ptr<std_srvs::srv::Empty::Request> request[m[K,
      |     [01;35m[K~~~~~~~~~~~~~~~~~~~~~~~~~~~~~~~~~~~~~~~~~~~~~~~~~~~~~^~~~~~~[m[K
[01m[K/home/buhrmann/ws_moveit/src/edit_planning_scene/src/octo_map.cpp:153:53:[m[K [01;35m[Kwarning: [m[Kunused parameter â€˜[01m[Kresponse[m[Kâ€™ [[01;35m[K]8;;https://gcc.gnu.org/onlinedocs/gcc/Warning-Options.html#index-Wunused-parameter-Wunused-parameter]8;;[m[K]
  153 |     [01;35m[Kstd::shared_ptr<std_srvs::srv::Empty::Response> response[m[K)
      |     [01;35m[K~~~~~~~~~~~~~~~~~~~~~~~~~~~~~~~~~~~~~~~~~~~~~~~~^~~~~~~~[m[K
[01m[K/home/buhrmann/ws_moveit/src/edit_planning_scene/src/octo_map.cpp:[m[K In member function â€˜[01m[Kvoid OccupancyMapNode::clearOctomap()[m[Kâ€™:
[01m[K/home/buhrmann/ws_moveit/src/edit_planning_scene/src/octo_map.cpp:182:32:[m[K [01;31m[Kerror: [m[Kâ€˜[01m[Kusing element_type = class moveit::planning_interface::PlanningSceneInterface[m[Kâ€™ {aka â€˜[01m[Kclass moveit::planning_interface::PlanningSceneInterface[m[Kâ€™} has no member named â€˜[01m[Kpublish[m[Kâ€™
  182 |     planning_scene_interface_->[01;31m[Kpublish[m[K(planning_scene);
      |                                [01;31m[K^~~~~~~[m[K
gmake[2]: *** [CMakeFiles/pointcloud_to_octomap.dir/build.make:76: CMakeFiles/pointcloud_to_octomap.dir/src/octo_map.cpp.o] Error 1
gmake[1]: *** [CMakeFiles/Makefile2:165: CMakeFiles/pointcloud_to_octomap.dir/all] Error 2
gmake: *** [Makefile:146: all] Error 2
