[35m[1mConsolidate compiler generated dependencies of target ur5_pickup_sensor[0m
[ 14%] Built target ur5_moveit_test_object_detection
[ 21%] [32mBuilding CXX object CMakeFiles/ur5_pickup_sensor.dir/src/ur5_pickup_sensor.cpp.o[0m
[ 35%] Built target ur5_moveit_test
[ 50%] Built target ur5_moveit_test_launch
[ 78%] Built target ur5_read_positions
[ 78%] Built target gripper_close_moveit_test
[ 92%] Built target gripper_open_moveit_test
[01m[K/home/buhrmann/ws_moveit/src/ur5_moveit_test/src/ur5_pickup_sensor.cpp:[m[K In function â€˜[01m[Kint main(int, char**)[m[Kâ€™:
[01m[K/home/buhrmann/ws_moveit/src/ur5_moveit_test/src/ur5_pickup_sensor.cpp:40:64:[m[K [01;31m[Kerror: [m[Kâ€˜[01m[KPLANNING_GROUP[m[Kâ€™ was not declared in this scope
   40 |     move_group_interface.getCurrentState()->getJointModelGroup([01;31m[KPLANNING_GROUP[m[K);
      |                                                                [01;31m[K^~~~~~~~~~~~~~[m[K
[01m[K/home/buhrmann/ws_moveit/src/ur5_moveit_test/src/ur5_pickup_sensor.cpp:43:55:[m[K [01;31m[Kerror: [m[Kâ€˜[01m[Kmove_group_node[m[Kâ€™ was not declared in this scope; did you mean â€˜[01m[Kmove_group_interface[m[Kâ€™?
   43 |   moveit_visual_tools::MoveItVisualTools visual_tools([01;31m[Kmove_group_node[m[K, "UR5_base", "move_group_tutorial",
      |                                                       [01;31m[K^~~~~~~~~~~~~~~[m[K
      |                                                       [32m[Kmove_group_interface[m[K
[01m[K/home/buhrmann/ws_moveit/src/ur5_moveit_test/src/ur5_pickup_sensor.cpp:50:66:[m[K [01;31m[Kerror: [m[Kâ€˜[01m[Krvt[m[Kâ€™ has not been declared
   50 |   visual_tools.publishText(text_pose, "MoveGroupInterface_Demo", [01;31m[Krvt[m[K::WHITE, rvt::XLARGE);
      |                                                                  [01;31m[K^~~[m[K
[01m[K/home/buhrmann/ws_moveit/src/ur5_moveit_test/src/ur5_pickup_sensor.cpp:50:78:[m[K [01;31m[Kerror: [m[Kâ€˜[01m[Krvt[m[Kâ€™ has not been declared
   50 |   visual_tools.publishText(text_pose, "MoveGroupInterface_Demo", rvt::WHITE, [01;31m[Krvt[m[K::XLARGE);
      |                                                                              [01;31m[K^~~[m[K
In file included from [01m[K/opt/ros/iron/include/rclcpp/rclcpp/client.hpp:43[m[K,
                 from [01m[K/opt/ros/iron/include/rclcpp/rclcpp/callback_group.hpp:24[m[K,
                 from [01m[K/opt/ros/iron/include/rclcpp/rclcpp/any_executable.hpp:20[m[K,
                 from [01m[K/opt/ros/iron/include/rclcpp/rclcpp/memory_strategy.hpp:25[m[K,
                 from [01m[K/opt/ros/iron/include/rclcpp/rclcpp/memory_strategies.hpp:18[m[K,
                 from [01m[K/opt/ros/iron/include/rclcpp/rclcpp/executor_options.hpp:20[m[K,
                 from [01m[K/opt/ros/iron/include/rclcpp/rclcpp/executor.hpp:37[m[K,
                 from [01m[K/opt/ros/iron/include/rclcpp/rclcpp/executors/multi_threaded_executor.hpp:25[m[K,
                 from [01m[K/opt/ros/iron/include/rclcpp/rclcpp/executors.hpp:21[m[K,
                 from [01m[K/opt/ros/iron/include/rclcpp/rclcpp/rclcpp.hpp:167[m[K,
                 from [01m[K/home/buhrmann/ws_moveit/src/ur5_moveit_test/src/ur5_pickup_sensor.cpp:5[m[K:
[01m[K/home/buhrmann/ws_moveit/src/ur5_moveit_test/src/ur5_pickup_sensor.cpp:148:15:[m[K [01;31m[Kerror: [m[Kâ€˜[01m[KLOGGER[m[Kâ€™ was not declared in this scope
  148 |   RCLCPP_INFO([01;31m[KLOGGER[m[K, "Visualizing plan 1 as trajectory line");
      |               [01;31m[K^~~~~~[m[K
[01m[K/home/buhrmann/ws_moveit/src/ur5_moveit_test/src/ur5_pickup_sensor.cpp:148:3:[m[K [01;31m[Kerror: [m[Ktemplate argument 1 is invalid
  148 |   [01;31m[KRCLCPP_INFO[m[K(LOGGER, "Visualizing plan 1 as trajectory line");
      |   [01;31m[K^~~~~~~~~~~[m[K
[01m[K/home/buhrmann/ws_moveit/src/ur5_moveit_test/src/ur5_pickup_sensor.cpp:148:3:[m[K [01;31m[Kerror: [m[Ktemplate argument 1 is invalid
  148 |   [01;31m[KRCLCPP_INFO[m[K(LOGGER, "Visualizing plan 1 as trajectory line");
      |   [01;31m[K^~~~~~~~~~~[m[K
[01m[K/home/buhrmann/ws_moveit/src/ur5_moveit_test/src/ur5_pickup_sensor.cpp:148:3:[m[K [01;31m[Kerror: [m[Ktemplate argument 1 is invalid
  148 |   [01;31m[KRCLCPP_INFO[m[K(LOGGER, "Visualizing plan 1 as trajectory line");
      |   [01;31m[K^~~~~~~~~~~[m[K
[01m[K/home/buhrmann/ws_moveit/src/ur5_moveit_test/src/ur5_pickup_sensor.cpp:150:52:[m[K [01;31m[Kerror: [m[Kâ€˜[01m[Krvt[m[Kâ€™ has not been declared
  150 |   visual_tools.publishText(text_pose, "Pose_Goal", [01;31m[Krvt[m[K::WHITE, rvt::XLARGE);
      |                                                    [01;31m[K^~~[m[K
[01m[K/home/buhrmann/ws_moveit/src/ur5_moveit_test/src/ur5_pickup_sensor.cpp:150:64:[m[K [01;31m[Kerror: [m[Kâ€˜[01m[Krvt[m[Kâ€™ has not been declared
  150 |   visual_tools.publishText(text_pose, "Pose_Goal", rvt::WHITE, [01;31m[Krvt[m[K::XLARGE);
      |                                                                [01;31m[K^~~[m[K
gmake[2]: *** [CMakeFiles/ur5_pickup_sensor.dir/build.make:76: CMakeFiles/ur5_pickup_sensor.dir/src/ur5_pickup_sensor.cpp.o] Error 1
gmake[1]: *** [CMakeFiles/Makefile2:305: CMakeFiles/ur5_pickup_sensor.dir/all] Error 2
gmake: *** [Makefile:146: all] Error 2
