[35m[1mConsolidate compiler generated dependencies of target ur5_image_octmap_path[0m
[  7%] Built target ur5_moveit_test_object_detection
[ 15%] Built target ur5_moveit_test
[ 23%] Built target gripper_open_moveit_test
[ 30%] Built target ur5_drop_sensor
[ 38%] Built target ur5_move_to_home
[ 46%] Built target ur5_pickup_sensor
[ 53%] Built target gripper_close_moveit_test
[ 57%] [32mBuilding CXX object CMakeFiles/ur5_image_octmap_path.dir/src/ur5_image_octmap_path.cpp.o[0m
[ 65%] Built target ur5_moveit_test_launch
[ 73%] Built target ur5_probe_sensor
[ 80%] Built target ur5_read_positions
[ 88%] Built target ur5_probe_sensor_service
[ 96%] Built target ur5_move_to_camera
[01m[K/home/buhrmann/ws_moveit/src/ur5_moveit_test/src/ur5_image_octmap_path.cpp:16:10:[m[K [01;31m[Kfatal error: [m[Kcv_bridge/cv_bridge.hpp: No such file or directory
   16 | #include [01;31m[K<cv_bridge/cv_bridge.hpp>[m[K
      |          [01;31m[K^~~~~~~~~~~~~~~~~~~~~~~~~[m[K
compilation terminated.
gmake[2]: *** [CMakeFiles/ur5_image_octmap_path.dir/build.make:76: CMakeFiles/ur5_image_octmap_path.dir/src/ur5_image_octmap_path.cpp.o] Error 1
gmake[1]: *** [CMakeFiles/Makefile2:473: CMakeFiles/ur5_image_octmap_path.dir/all] Error 2
gmake: *** [Makefile:146: all] Error 2
