[ 50%] [32mBuilding CXX object CMakeFiles/add_object_to_planning_scene_node.dir/src/add_object_to_planning_scene.cpp.o[0m
[01m[K/home/buhrmann/ws_moveit/src/edit_planning_scene/src/add_object_to_planning_scene.cpp:51:19:[m[K [01;31m[Kerror: [m[Kâ€˜[01m[Kmoveit[m[Kâ€™ was not declared in this scope; did you mean â€˜[01m[Kmode_t[m[Kâ€™?
   51 |   std::shared_ptr<[01;31m[Kmoveit[m[K::planning_interface::PlanningSceneInterface> planning_scene_interface_;
      |                   [01;31m[K^~~~~~[m[K
      |                   [32m[Kmode_t[m[K
[01m[K/home/buhrmann/ws_moveit/src/edit_planning_scene/src/add_object_to_planning_scene.cpp:51:69:[m[K [01;31m[Kerror: [m[Ktemplate argument 1 is invalid
   51 |   std::shared_ptr<moveit::planning_interface::PlanningSceneInterface[01;31m[K>[m[K planning_scene_interface_;
      |                                                                     [01;31m[K^[m[K
[01m[K/home/buhrmann/ws_moveit/src/edit_planning_scene/src/add_object_to_planning_scene.cpp:[m[K In constructor â€˜[01m[KAddObjectToPlanningScene::AddObjectToPlanningScene()[m[Kâ€™:
[01m[K/home/buhrmann/ws_moveit/src/edit_planning_scene/src/add_object_to_planning_scene.cpp:14:50:[m[K [01;31m[Kerror: [m[Kâ€˜[01m[Kmoveit[m[Kâ€™ was not declared in this scope; did you mean â€˜[01m[Kmode_t[m[Kâ€™?
   14 |     planning_scene_interface_ = std::make_shared<[01;31m[Kmoveit[m[K::planning_interface::PlanningSceneInterface>();
      |                                                  [01;31m[K^~~~~~[m[K
      |                                                  [32m[Kmode_t[m[K
[01m[K/home/buhrmann/ws_moveit/src/edit_planning_scene/src/add_object_to_planning_scene.cpp:14:38:[m[K [01;31m[Kerror: [m[Kparse error in template argument list
   14 |     planning_scene_interface_ = std::[01;31m[Kmake_shared<moveit::planning_interface::PlanningSceneInterface>[m[K();
      |                                      [01;31m[K^~~~~~~~~~~~~~~~~~~~~~~~~~~~~~~~~~~~~~~~~~~~~~~~~~~~~~~~~~~~~~~[m[K
[01m[K/home/buhrmann/ws_moveit/src/edit_planning_scene/src/add_object_to_planning_scene.cpp:14:101:[m[K [01;31m[Kerror: [m[Kno matching function for call to â€˜[01m[Kmake_shared<<expression error> >()[m[Kâ€™
   14 |     planning_scene_interface_ = [01;31m[Kstd::make_shared<moveit::planning_interface::PlanningSceneInterface>()[m[K;
      |                                 [01;31m[K~~~~~~~~~~~~~~~~~~~~~~~~~~~~~~~~~~~~~~~~~~~~~~~~~~~~~~~~~~~~~~~~~~~~^~[m[K
In file included from [01m[K/usr/include/c++/11/memory:77[m[K,
                 from [01m[K/opt/ros/iron/include/rclcpp/rclcpp/rclcpp.hpp:165[m[K,
                 from [01m[K/home/buhrmann/ws_moveit/src/edit_planning_scene/src/add_object_to_planning_scene.cpp:1[m[K:
[01m[K/usr/include/c++/11/bits/shared_ptr.h:875:5:[m[K [01;36m[Knote: [m[Kcandidate: â€˜[01m[Ktemplate<class _Tp, class ... _Args> std::shared_ptr<_Tp> std::make_shared(_Args&& ...)[m[Kâ€™
  875 |     [01;36m[Kmake_shared[m[K(_Args&&... __args)
      |     [01;36m[K^~~~~~~~~~~[m[K
[01m[K/usr/include/c++/11/bits/shared_ptr.h:875:5:[m[K [01;36m[Knote: [m[K  template argument deduction/substitution failed:
[01m[K/home/buhrmann/ws_moveit/src/edit_planning_scene/src/add_object_to_planning_scene.cpp:14:101:[m[K [01;31m[Kerror: [m[Ktemplate argument 1 is invalid
   14 |     planning_scene_interface_ = [01;31m[Kstd::make_shared<moveit::planning_interface::PlanningSceneInterface>()[m[K;
      |                                 [01;31m[K~~~~~~~~~~~~~~~~~~~~~~~~~~~~~~~~~~~~~~~~~~~~~~~~~~~~~~~~~~~~~~~~~~~~^~[m[K
[01m[K/home/buhrmann/ws_moveit/src/edit_planning_scene/src/add_object_to_planning_scene.cpp:[m[K In member function â€˜[01m[Kvoid AddObjectToPlanningScene::addObjectToScene()[m[Kâ€™:
[01m[K/home/buhrmann/ws_moveit/src/edit_planning_scene/src/add_object_to_planning_scene.cpp:46:30:[m[K [01;31m[Kerror: [m[Kbase operand of â€˜[01m[K->[m[Kâ€™ is not a pointer
   46 |     planning_scene_interface_[01;31m[K->[m[KapplyCollisionObject(collision_object);
      |                              [01;31m[K^~[m[K
gmake[2]: *** [CMakeFiles/add_object_to_planning_scene_node.dir/build.make:76: CMakeFiles/add_object_to_planning_scene_node.dir/src/add_object_to_planning_scene.cpp.o] Error 1
gmake[1]: *** [CMakeFiles/Makefile2:137: CMakeFiles/add_object_to_planning_scene_node.dir/all] Error 2
gmake: *** [Makefile:146: all] Error 2
