[35m[1mConsolidate compiler generated dependencies of target ur5_probe_sensor[0m
[ 11%] Built target ur5_moveit_test_launch
[ 22%] Built target ur5_moveit_test
[ 44%] Built target ur5_moveit_test_object_detection
[ 44%] Built target ur5_read_positions
[ 55%] Built target ur5_pickup_sensor
[ 61%] [32mBuilding CXX object CMakeFiles/ur5_probe_sensor.dir/src/ur5_probe_sensor.cpp.o[0m
[ 72%] Built target gripper_open_moveit_test
[ 83%] Built target gripper_close_moveit_test
[ 94%] Built target ur5_drop_sensor
[01m[K/home/buhrmann/ws_moveit/src/ur5_moveit_test/src/ur5_probe_sensor.cpp:[m[K In lambda function:
[01m[K/home/buhrmann/ws_moveit/src/ur5_moveit_test/src/ur5_probe_sensor.cpp:152:15:[m[K [01;31m[Kerror: [m[Kredeclaration of â€˜[01m[Kfloat r[m[Kâ€™
  152 |         float [01;31m[Kr[m[K = colors[i % 10][0];
      |               [01;31m[K^[m[K
[01m[K/home/buhrmann/ws_moveit/src/ur5_moveit_test/src/ur5_probe_sensor.cpp:150:15:[m[K [01;36m[Knote: [m[Kâ€˜[01m[Kfloat r[m[Kâ€™ previously declared here
  150 |         float [01;36m[Kr[m[K, g, b;
      |               [01;36m[K^[m[K
[01m[K/home/buhrmann/ws_moveit/src/ur5_moveit_test/src/ur5_probe_sensor.cpp:153:15:[m[K [01;31m[Kerror: [m[Kredeclaration of â€˜[01m[Kfloat g[m[Kâ€™
  153 |         float [01;31m[Kg[m[K = colors[i % 10][1];
      |               [01;31m[K^[m[K
[01m[K/home/buhrmann/ws_moveit/src/ur5_moveit_test/src/ur5_probe_sensor.cpp:150:18:[m[K [01;36m[Knote: [m[Kâ€˜[01m[Kfloat g[m[Kâ€™ previously declared here
  150 |         float r, [01;36m[Kg[m[K, b;
      |                  [01;36m[K^[m[K
[01m[K/home/buhrmann/ws_moveit/src/ur5_moveit_test/src/ur5_probe_sensor.cpp:154:15:[m[K [01;31m[Kerror: [m[Kredeclaration of â€˜[01m[Kfloat b[m[Kâ€™
  154 |         float [01;31m[Kb[m[K = colors[i % 10][2];
      |               [01;31m[K^[m[K
[01m[K/home/buhrmann/ws_moveit/src/ur5_moveit_test/src/ur5_probe_sensor.cpp:150:21:[m[K [01;36m[Knote: [m[Kâ€˜[01m[Kfloat b[m[Kâ€™ previously declared here
  150 |         float r, g, [01;36m[Kb[m[K;
      |                     [01;36m[K^[m[K
[01m[K/home/buhrmann/ws_moveit/src/ur5_moveit_test/src/ur5_probe_sensor.cpp:149:15:[m[K [01;35m[Kwarning: [m[Kunused variable â€˜[01m[Kc[m[Kâ€™ [[01;35m[K]8;;https://gcc.gnu.org/onlinedocs/gcc/Warning-Options.html#index-Wunused-variable-Wunused-variable]8;;[m[K]
  149 |         float [01;35m[Kc[m[K = chroma * (1.0f - std::abs(fmod(h_prime, 2.0f) - 1.0f));
      |               [01;35m[K^[m[K
[01m[K/home/buhrmann/ws_moveit/src/ur5_moveit_test/src/ur5_probe_sensor.cpp:52:20:[m[K [01;35m[Kwarning: [m[Kunused variable â€˜[01m[Kangle_step[m[Kâ€™ [[01;35m[K]8;;https://gcc.gnu.org/onlinedocs/gcc/Warning-Options.html#index-Wunused-variable-Wunused-variable]8;;[m[K]
   52 |       const double [01;35m[Kangle_step[m[K = M_PI / (num_positions - 1);  // Divide the semicircle into equal parts
      |                    [01;35m[K^~~~~~~~~~[m[K
gmake[2]: *** [CMakeFiles/ur5_probe_sensor.dir/build.make:76: CMakeFiles/ur5_probe_sensor.dir/src/ur5_probe_sensor.cpp.o] Error 1
gmake[1]: *** [CMakeFiles/Makefile2:361: CMakeFiles/ur5_probe_sensor.dir/all] Error 2
gmake: *** [Makefile:146: all] Error 2
