[0.473s] Invoking command in '/home/buhrmann/ws_moveit/build/point_cloud_circle_detector': CMAKE_PREFIX_PATH=${CMAKE_PREFIX_PATH}:/home/buhrmann/ws_moveit/install/ros2_azure_bridge:/home/buhrmann/ws_moveit/install/moveit_configs_utils:/opt/ros/iron /usr/bin/cmake --build /home/buhrmann/ws_moveit/build/point_cloud_circle_detector -- -j28 -l28
[0.578s] [35m[1mConsolidate compiler generated dependencies of target cup_pointcloud_segmentation_color[0m
[0.599s] [ 10%] Built target point_cloud_circle_detector
[0.607s] [ 20%] Built target rgb_edge_filter
[0.614s] [ 30%] Built target point_cloud_plantpot_edge_pfh_detector
[0.615s] [ 40%] Built target point_cloud_plantpot_detector
[0.617s] [ 50%] Built target point_cloud_plantpot_ppf_detector
[0.618s] [ 60%] Built target point_cloud_plantpot_pfh_detector
[0.618s] [ 70%] Built target point_cloud_plantpot_rgb_edge_pfh_detector
[0.623s] [ 80%] Built target point_cloud_cylinder_detector
[0.623s] [ 90%] Built target cup_segmentation_color
[0.625s] [ 95%] [32mBuilding CXX object CMakeFiles/cup_pointcloud_segmentation_color.dir/src/cup_pointcloud_segmentation_and_coloring.cpp.o[0m
[7.345s] [01m[K/home/buhrmann/ws_moveit/src/point_cloud_circle_detector/src/cup_pointcloud_segmentation_and_coloring.cpp:[m[K In constructor â€˜[01m[KRGBDPointCloudGenerator::RGBDPointCloudGenerator()[m[Kâ€™:
[7.345s] [01m[K/home/buhrmann/ws_moveit/src/point_cloud_circle_detector/src/cup_pointcloud_segmentation_and_coloring.cpp:40:54:[m[K [01;31m[Kerror: [m[Kâ€˜[01m[KPointCloud2[m[Kâ€™ is not a member of â€˜[01m[Ksensor_msgs[m[Kâ€™; did you mean â€˜[01m[Ksensor_msgs::msg::PointCloud2[m[Kâ€™?
[7.345s]    40 |         pointcloud_pub_ = nh_.advertise<sensor_msgs::[01;31m[KPointCloud2[m[K>("/UR5/cup_pointcloud", 1);
[7.345s]       |                                                      [01;31m[K^~~~~~~~~~~[m[K
[7.345s] In file included from [01m[K/opt/ros/iron/include/sensor_msgs/sensor_msgs/msg/point_cloud2.hpp:7[m[K,
[7.345s]                  from [01m[K/opt/ros/iron/include/pcl_conversions/pcl_conversions/pcl_conversions.h:59[m[K,
[7.345s]                  from [01m[K/home/buhrmann/ws_moveit/src/point_cloud_circle_detector/src/cup_pointcloud_segmentation_and_coloring.cpp:8[m[K:
[7.345s] [01m[K/opt/ros/iron/include/sensor_msgs/sensor_msgs/msg/detail/point_cloud2__struct.hpp:235:7:[m[K [01;36m[Knote: [m[Kâ€˜[01m[Ksensor_msgs::msg::PointCloud2[m[Kâ€™ declared here
[7.346s]   235 | using [01;36m[KPointCloud2[m[K =
[7.346s]       |       [01;36m[K^~~~~~~~~~~[m[K
[7.346s] [01m[K/home/buhrmann/ws_moveit/src/point_cloud_circle_detector/src/cup_pointcloud_segmentation_and_coloring.cpp:40:66:[m[K [01;31m[Kerror: [m[Kno matching function for call to â€˜[01m[Kros::NodeHandle::advertise<<expression error> >(const char [20], int)[m[Kâ€™
[7.346s]    40 |         pointcloud_pub_ = [01;31m[Knh_.advertise<sensor_msgs::PointCloud2>("/UR5/cup_pointcloud", 1)[m[K;
[7.346s]       |                           [01;31m[K~~~~~~~~~~~~~~~~~~~~~~~~~~~~~~~~~~~~~~~^~~~~~~~~~~~~~~~~~~~~~~~~~[m[K
[7.346s] In file included from [01m[K/usr/include/ros/ros.h:45[m[K,
[7.346s]                  from [01m[K/home/buhrmann/ws_moveit/src/point_cloud_circle_detector/src/cup_pointcloud_segmentation_and_coloring.cpp:1[m[K:
[7.346s] [01m[K/usr/include/ros/node_handle.h:249:15:[m[K [01;36m[Knote: [m[Kcandidate: â€˜[01m[Ktemplate<class M> ros::Publisher ros::NodeHandle::advertise(const string&, uint32_t, bool)[m[Kâ€™
[7.346s]   249 |     Publisher [01;36m[Kadvertise[m[K(const std::string& topic, uint32_t queue_size, bool latch = false)
[7.346s]       |               [01;36m[K^~~~~~~~~[m[K
[7.346s] [01m[K/usr/include/ros/node_handle.h:249:15:[m[K [01;36m[Knote: [m[K  template argument deduction/substitution failed:
[7.346s] [01m[K/home/buhrmann/ws_moveit/src/point_cloud_circle_detector/src/cup_pointcloud_segmentation_and_coloring.cpp:40:66:[m[K [01;31m[Kerror: [m[Ktemplate argument 1 is invalid
[7.346s]    40 |         pointcloud_pub_ = [01;31m[Knh_.advertise<sensor_msgs::PointCloud2>("/UR5/cup_pointcloud", 1)[m[K;
[7.346s]       |                           [01;31m[K~~~~~~~~~~~~~~~~~~~~~~~~~~~~~~~~~~~~~~~^~~~~~~~~~~~~~~~~~~~~~~~~~[m[K
[7.346s] In file included from [01m[K/usr/include/ros/ros.h:45[m[K,
[7.346s]                  from [01m[K/home/buhrmann/ws_moveit/src/point_cloud_circle_detector/src/cup_pointcloud_segmentation_and_coloring.cpp:1[m[K:
[7.346s] [01m[K/usr/include/ros/node_handle.h:315:13:[m[K [01;36m[Knote: [m[Kcandidate: â€˜[01m[Ktemplate<class M> ros::Publisher ros::NodeHandle::advertise(const string&, uint32_t, const SubscriberStatusCallback&, const SubscriberStatusCallback&, const VoidConstPtr&, bool)[m[Kâ€™
[7.346s]   315 |   Publisher [01;36m[Kadvertise[m[K(const std::string& topic, uint32_t queue_size,
[7.346s]       |             [01;36m[K^~~~~~~~~[m[K
[7.346s] [01m[K/usr/include/ros/node_handle.h:315:13:[m[K [01;36m[Knote: [m[K  template argument deduction/substitution failed:
[7.347s] [01m[K/home/buhrmann/ws_moveit/src/point_cloud_circle_detector/src/cup_pointcloud_segmentation_and_coloring.cpp:40:66:[m[K [01;31m[Kerror: [m[Ktemplate argument 1 is invalid
[7.347s]    40 |         pointcloud_pub_ = [01;31m[Knh_.advertise<sensor_msgs::PointCloud2>("/UR5/cup_pointcloud", 1)[m[K;
[7.347s]       |                           [01;31m[K~~~~~~~~~~~~~~~~~~~~~~~~~~~~~~~~~~~~~~~^~~~~~~~~~~~~~~~~~~~~~~~~~[m[K
[7.354s] [01m[K/home/buhrmann/ws_moveit/src/point_cloud_circle_detector/src/cup_pointcloud_segmentation_and_coloring.cpp:[m[K In member function â€˜[01m[Kvoid RGBDPointCloudGenerator::rgbdCallback(const ImageConstPtr&)[m[Kâ€™:
[7.354s] [01m[K/home/buhrmann/ws_moveit/src/point_cloud_circle_detector/src/cup_pointcloud_segmentation_and_coloring.cpp:56:63:[m[K [01;31m[Kerror: [m[Kâ€˜[01m[Kmsg[m[Kâ€™ in namespace â€˜[01m[Kpcl[m[Kâ€™ does not name a type
[7.355s]    56 |         pcl::PointCloud<pcl::PointXYZRGB>::Ptr cloud(new pcl::[01;31m[Kmsg[m[K::PointCloud<pcl::PointXYZRGB>());
[7.355s]       |                                                               [01;31m[K^~~[m[K
[7.355s] [01m[K/home/buhrmann/ws_moveit/src/point_cloud_circle_detector/src/cup_pointcloud_segmentation_and_coloring.cpp:59:82:[m[K [01;31m[Kerror: [m[Kâ€˜[01m[Kconst struct sensor_msgs::Image_<std::allocator<void> >[m[Kâ€™ has no member named â€˜[01m[Kdepth[m[Kâ€™
[7.355s]    59 |         const uint16_t* depth_ptr = reinterpret_cast<const uint16_t*>(&rgbd_msg->[01;31m[Kdepth[m[K[0]);
[7.355s]       |                                                                                  [01;31m[K^~~~~[m[K
[7.355s] [01m[K/home/buhrmann/ws_moveit/src/point_cloud_circle_detector/src/cup_pointcloud_segmentation_and_coloring.cpp:60:45:[m[K [01;31m[Kerror: [m[Kâ€˜[01m[Kconst struct sensor_msgs::Image_<std::allocator<void> >[m[Kâ€™ has no member named â€˜[01m[Krgb[m[Kâ€™
[7.355s]    60 |         const uint8_t* rgb_ptr = &rgbd_msg->[01;31m[Krgb[m[K[0];
[7.355s]       |                                             [01;31m[K^~~[m[K
[7.356s] [01m[K/home/buhrmann/ws_moveit/src/point_cloud_circle_detector/src/cup_pointcloud_segmentation_and_coloring.cpp:69:19:[m[K [01;35m[Kwarning: [m[Kcomparison of integer expressions of different signedness: â€˜[01m[Kint[m[Kâ€™ and â€˜[01m[Kconst _width_type[m[Kâ€™ {aka â€˜[01m[Kconst unsigned int[m[Kâ€™} [[01;35m[K]8;;https://gcc.gnu.org/onlinedocs/gcc/Warning-Options.html#index-Wsign-compare-Wsign-compare]8;;[m[K]
[7.356s]    69 |                 [01;35m[Ku >= rgbd_msg->width[m[K ||
[7.356s]       |                 [01;35m[K~~^~~~~~~~~~~~~~~~~~[m[K
[7.356s] [01m[K/home/buhrmann/ws_moveit/src/point_cloud_circle_detector/src/cup_pointcloud_segmentation_and_coloring.cpp:70:19:[m[K [01;35m[Kwarning: [m[Kcomparison of integer expressions of different signedness: â€˜[01m[Kint[m[Kâ€™ and â€˜[01m[Kconst _height_type[m[Kâ€™ {aka â€˜[01m[Kconst unsigned int[m[Kâ€™} [[01;35m[K]8;;https://gcc.gnu.org/onlinedocs/gcc/Warning-Options.html#index-Wsign-compare-Wsign-compare]8;;[m[K]
[7.356s]    70 |                 [01;35m[Kv >= rgbd_msg->height[m[K) {
[7.356s]       |                 [01;35m[K~~^~~~~~~~~~~~~~~~~~~[m[K
[7.359s] [01m[K/home/buhrmann/ws_moveit/src/point_cloud_circle_detector/src/cup_pointcloud_segmentation_and_coloring.cpp:100:26:[m[K [01;31m[Kerror: [m[Kâ€˜[01m[KPointCloud2[m[Kâ€™ is not a member of â€˜[01m[Ksensor_msgs[m[Kâ€™; did you mean â€˜[01m[Ksensor_msgs::msg::PointCloud2[m[Kâ€™?
[7.359s]   100 |             sensor_msgs::[01;31m[KPointCloud2[m[K output;
[7.359s]       |                          [01;31m[K^~~~~~~~~~~[m[K
[7.359s] In file included from [01m[K/opt/ros/iron/include/sensor_msgs/sensor_msgs/msg/point_cloud2.hpp:7[m[K,
[7.359s]                  from [01m[K/opt/ros/iron/include/pcl_conversions/pcl_conversions/pcl_conversions.h:59[m[K,
[7.359s]                  from [01m[K/home/buhrmann/ws_moveit/src/point_cloud_circle_detector/src/cup_pointcloud_segmentation_and_coloring.cpp:8[m[K:
[7.359s] [01m[K/opt/ros/iron/include/sensor_msgs/sensor_msgs/msg/detail/point_cloud2__struct.hpp:235:7:[m[K [01;36m[Knote: [m[Kâ€˜[01m[Ksensor_msgs::msg::PointCloud2[m[Kâ€™ declared here
[7.360s]   235 | using [01;36m[KPointCloud2[m[K =
[7.360s]       |       [01;36m[K^~~~~~~~~~~[m[K
[7.371s] [01m[K/home/buhrmann/ws_moveit/src/point_cloud_circle_detector/src/cup_pointcloud_segmentation_and_coloring.cpp:101:35:[m[K [01;31m[Kerror: [m[Kâ€˜[01m[Koutput[m[Kâ€™ was not declared in this scope
[7.371s]   101 |             pcl::toROSMsg(*cloud, [01;31m[Koutput[m[K);
[7.371s]       |                                   [01;31m[K^~~~~~[m[K
[8.258s] gmake[2]: *** [CMakeFiles/cup_pointcloud_segmentation_color.dir/build.make:76: CMakeFiles/cup_pointcloud_segmentation_color.dir/src/cup_pointcloud_segmentation_and_coloring.cpp.o] Error 1
[8.259s] gmake[1]: *** [CMakeFiles/Makefile2:389: CMakeFiles/cup_pointcloud_segmentation_color.dir/all] Error 2
[8.259s] gmake: *** [Makefile:146: all] Error 2
[8.262s] Invoked command in '/home/buhrmann/ws_moveit/build/point_cloud_circle_detector' returned '2': CMAKE_PREFIX_PATH=${CMAKE_PREFIX_PATH}:/home/buhrmann/ws_moveit/install/ros2_azure_bridge:/home/buhrmann/ws_moveit/install/moveit_configs_utils:/opt/ros/iron /usr/bin/cmake --build /home/buhrmann/ws_moveit/build/point_cloud_circle_detector -- -j28 -l28
