[35m[1mConsolidate compiler generated dependencies of target ur5_probe_sensor_service[0m
[  7%] Built target ur5_moveit_test_object_detection
[ 15%] Built target ur5_probe_sensor
[ 23%] Built target ur5_moveit_test_launch
[ 30%] Built target ur5_moveit_test
[ 46%] Built target ur5_drop_sensor
[ 46%] Built target gripper_close_moveit_test
[ 53%] Built target ur5_pickup_sensor
[ 61%] Built target ur5_read_positions
[ 69%] Built target ur5_move_to_camera
[ 76%] Built target gripper_open_moveit_test
[ 88%] Built target ur5_image_octmap_path
[ 92%] Built target ur5_move_to_home
[ 96%] [32mBuilding CXX object CMakeFiles/ur5_probe_sensor_service.dir/src/ur5_probe_sensor_service.cpp.o[0m
[01m[K/home/buhrmann/ws_moveit/src/ur5_moveit_test/src/ur5_probe_sensor_service.cpp:[m[K In function â€˜[01m[Kint main(int, char**)[m[Kâ€™:
[01m[K/home/buhrmann/ws_moveit/src/ur5_moveit_test/src/ur5_probe_sensor_service.cpp:50:86:[m[K [01;31m[Kerror: [m[Kinvalid initialization of reference of type â€˜[01m[Kconst RobotModelPtr&[m[Kâ€™ {aka â€˜[01m[Kconst std::shared_ptr<moveit::core::RobotModel>&[m[Kâ€™} from expression of type â€˜[01m[Kmoveit::core::RobotModelConstPtr[m[Kâ€™ {aka â€˜[01m[Kstd::shared_ptr<const moveit::core::RobotModel>[m[Kâ€™}
   50 |   const moveit::core::RobotModelPtr& robot_model = [01;31m[Kmove_group_interface.getRobotModel()[m[K;
      |                                                    [01;31m[K~~~~~~~~~~~~~~~~~~~~~~~~~~~~~~~~~~^~[m[K
[01m[K/home/buhrmann/ws_moveit/src/ur5_moveit_test/src/ur5_probe_sensor_service.cpp:98:18:[m[K [01;35m[Kwarning: [m[Kunused variable â€˜[01m[Kangle_step[m[Kâ€™ [[01;35m[K]8;;https://gcc.gnu.org/onlinedocs/gcc/Warning-Options.html#index-Wunused-variable-Wunused-variable]8;;[m[K]
   98 |     const double [01;35m[Kangle_step[m[K = M_PI / (num_positions - 1);  // Divide the semicircle into equal parts
      |                  [01;35m[K^~~~~~~~~~[m[K
[01m[K/home/buhrmann/ws_moveit/src/ur5_moveit_test/src/ur5_probe_sensor_service.cpp:291:21:[m[K [01;35m[Kwarning: [m[Kcomparison of integer expressions of different signedness: â€˜[01m[Kint[m[Kâ€™ and â€˜[01m[Kstd::vector<geometry_msgs::msg::Pose_<std::allocator<void> > >::size_type[m[Kâ€™ {aka â€˜[01m[Klong unsigned int[m[Kâ€™} [[01;35m[K]8;;https://gcc.gnu.org/onlinedocs/gcc/Warning-Options.html#index-Wsign-compare-Wsign-compare]8;;[m[K]
  291 |   for (int i = 0; [01;35m[Ki < target_poses.size()[m[K; i++) {
      |                   [01;35m[K~~^~~~~~~~~~~~~~~~~~~~~[m[K
gmake[2]: *** [CMakeFiles/ur5_probe_sensor_service.dir/build.make:76: CMakeFiles/ur5_probe_sensor_service.dir/src/ur5_probe_sensor_service.cpp.o] Error 1
gmake[1]: *** [CMakeFiles/Makefile2:395: CMakeFiles/ur5_probe_sensor_service.dir/all] Error 2
gmake: *** [Makefile:146: all] Error 2
