[0.009s] Invoking command in '/home/buhrmann/ws_moveit/build/point_cloud_circle_detector': CMAKE_PREFIX_PATH=${CMAKE_PREFIX_PATH}:/home/buhrmann/ws_moveit/install/moveit_configs_utils:/opt/ros/iron /usr/bin/cmake --build /home/buhrmann/ws_moveit/build/point_cloud_circle_detector -- -j28 -l28
[0.035s] -- Found ament_cmake: 2.0.7 (/opt/ros/iron/share/ament_cmake/cmake)
[0.137s] -- Override CMake install command with custom implementation using symlinks instead of copying resources
[0.140s] -- Found sensor_msgs: 5.0.1 (/opt/ros/iron/share/sensor_msgs/cmake)
[0.154s] -- Found rosidl_generator_c: 4.0.1 (/opt/ros/iron/share/rosidl_generator_c/cmake)
[0.158s] -- Found rosidl_generator_cpp: 4.0.1 (/opt/ros/iron/share/rosidl_generator_cpp/cmake)
[0.166s] -- Using all available rosidl_typesupport_c: rosidl_typesupport_fastrtps_c;rosidl_typesupport_introspection_c
[0.175s] -- Using all available rosidl_typesupport_cpp: rosidl_typesupport_fastrtps_cpp;rosidl_typesupport_introspection_cpp
[0.270s] -- Found rclcpp: 21.0.8 (/opt/ros/iron/share/rclcpp/cmake)
[0.316s] -- Found rmw_implementation_cmake: 7.1.0 (/opt/ros/iron/share/rmw_implementation_cmake/cmake)
[0.318s] -- Found rmw_fastrtps_cpp: 7.1.4 (/opt/ros/iron/share/rmw_fastrtps_cpp/cmake)
[0.394s] -- Using RMW implementation 'rmw_fastrtps_cpp' as default
[0.476s] -- Found pcl_conversions: 2.5.4 (/opt/ros/iron/share/pcl_conversions/cmake)
[0.559s] [33mCMake Warning (dev) at /opt/ros/iron/share/pcl_conversions/cmake/ament_cmake_export_dependencies-extras.cmake:21 (find_package):
[0.559s]   Policy CMP0074 is not set: find_package uses <PackageName>_ROOT variables.
[0.559s]   Run "cmake --help-policy CMP0074" for policy details.  Use the cmake_policy
[0.559s]   command to set the policy and suppress this warning.
[0.559s] 
[0.559s]   CMake variable PCL_ROOT is set to:
[0.559s] 
[0.559s]     /usr/local/include/pcl-1.14
[0.559s] 
[0.559s]   For compatibility, CMake is ignoring the variable.
[0.559s] Call Stack (most recent call first):
[0.559s]   /opt/ros/iron/share/pcl_conversions/cmake/pcl_conversionsConfig.cmake:41 (include)
[0.559s]   CMakeLists.txt:18 (find_package)
[0.559s] This warning is for project developers.  Use -Wno-dev to suppress it.
[0.559s] [0m
[0.587s] -- FLANN found (include: /usr/include, lib: /usr/lib/x86_64-linux-gnu/libflann_cpp.so)
[0.591s] -- Could NOT find Pcap (missing: PCAP_LIBRARIES PCAP_INCLUDE_DIRS) 
[1.124s] -- Found Qhull version 8.0.2
[1.621s] [0mPCL Libraries: pcl_common;pcl_kdtree;pcl_octree;pcl_search;pcl_sample_consensus;pcl_filters;pcl_io;pcl_features;pcl_ml;pcl_segmentation;pcl_surface;pcl_registration;pcl_keypoints;pcl_tracking;pcl_recognition;pcl_stereo;Boost::system;Boost::iostreams;Boost::filesystem;Boost::serialization;FLANN::FLANN;QHULL::QHULL[0m
[1.621s] [0m - pcl_common[0m
[1.621s] [0m - pcl_kdtree[0m
[1.621s] [0m - pcl_octree[0m
[1.621s] [0m - pcl_search[0m
[1.621s] [0m - pcl_sample_consensus[0m
[1.621s] [0m - pcl_filters[0m
[1.621s] [0m - pcl_io[0m
[1.621s] [0m - pcl_features[0m
[1.621s] [0m - pcl_ml[0m
[1.621s] [0m - pcl_segmentation[0m
[1.621s] [0m - pcl_surface[0m
[1.621s] [0m - pcl_registration[0m
[1.621s] [0m - pcl_keypoints[0m
[1.621s] [0m - pcl_tracking[0m
[1.621s] [0m - pcl_recognition[0m
[1.621s] [0m - pcl_stereo[0m
[1.621s] [0m - Boost::system[0m
[1.621s] [0m - Boost::iostreams[0m
[1.621s] [0m - Boost::filesystem[0m
[1.621s] [0m - Boost::serialization[0m
[1.622s] [0m - FLANN::FLANN[0m
[1.622s] [0m - QHULL::QHULL[0m
[1.906s] -- Found ament_lint_auto: 0.14.4 (/opt/ros/iron/share/ament_lint_auto/cmake)
[1.947s] -- Configuring done
[1.974s] -- Generating done
[1.981s] -- Build files have been written to: /home/buhrmann/ws_moveit/build/point_cloud_circle_detector
[2.008s] [35m[1mConsolidate compiler generated dependencies of target point_cloud_plantpot_detector[0m
[2.010s] [35m[1mConsolidate compiler generated dependencies of target point_cloud_cylinder_detector[0m
[2.010s] [35m[1mConsolidate compiler generated dependencies of target point_cloud_circle_detector[0m
[2.010s] [35m[1mConsolidate compiler generated dependencies of target point_cloud_plantpot_ppf_detector[0m
[2.027s] [ 25%] Built target point_cloud_cylinder_detector
[2.027s] [ 50%] Built target point_cloud_plantpot_detector
[2.029s] [ 62%] [32m[1mLinking CXX executable point_cloud_plantpot_ppf_detector[0m
[2.029s] [ 87%] Built target point_cloud_circle_detector
[2.859s] /usr/bin/ld: CMakeFiles/point_cloud_plantpot_ppf_detector.dir/src/point_cloud_plantpot_ppf_detector.cpp.o: in function `PointCloudCustomObjectMatcher::listener_callback(std::shared_ptr<sensor_msgs::msg::PointCloud2_<std::allocator<void> > >)':
[2.859s] point_cloud_plantpot_ppf_detector.cpp:(.text._ZN29PointCloudCustomObjectMatcher17listener_callbackESt10shared_ptrIN11sensor_msgs3msg12PointCloud2_ISaIvEEEE[_ZN29PointCloudCustomObjectMatcher17listener_callbackESt10shared_ptrIN11sensor_msgs3msg12PointCloud2_ISaIvEEEE]+0xfc9): undefined reference to `pcl::PPFEstimation<pcl::PointXYZ, pcl::PointXYZ, pcl::PPFSignature>::PPFEstimation()'
[2.860s] /usr/bin/ld: point_cloud_plantpot_ppf_detector.cpp:(.text._ZN29PointCloudCustomObjectMatcher17listener_callbackESt10shared_ptrIN11sensor_msgs3msg12PointCloud2_ISaIvEEEE[_ZN29PointCloudCustomObjectMatcher17listener_callbackESt10shared_ptrIN11sensor_msgs3msg12PointCloud2_ISaIvEEEE]+0x12f6): undefined reference to `pcl::PPFEstimation<pcl::PointXYZ, pcl::PointXYZ, pcl::PPFSignature>::PPFEstimation()'
[2.862s] /usr/bin/ld: CMakeFiles/point_cloud_plantpot_ppf_detector.dir/src/point_cloud_plantpot_ppf_detector.cpp.o:(.data.rel.ro._ZTVN3pcl13PPFEstimationINS_8PointXYZES1_NS_12PPFSignatureEEE[_ZTVN3pcl13PPFEstimationINS_8PointXYZES1_NS_12PPFSignatureEEE]+0x58): undefined reference to `pcl::PPFEstimation<pcl::PointXYZ, pcl::PointXYZ, pcl::PPFSignature>::computeFeature(pcl::PointCloud<pcl::PPFSignature>&)'
[2.893s] collect2: error: ld returned 1 exit status
[2.894s] gmake[2]: *** [CMakeFiles/point_cloud_plantpot_ppf_detector.dir/build.make:263: point_cloud_plantpot_ppf_detector] Error 1
[2.895s] gmake[1]: *** [CMakeFiles/Makefile2:221: CMakeFiles/point_cloud_plantpot_ppf_detector.dir/all] Error 2
[2.895s] gmake: *** [Makefile:146: all] Error 2
[2.897s] Invoked command in '/home/buhrmann/ws_moveit/build/point_cloud_circle_detector' returned '2': CMAKE_PREFIX_PATH=${CMAKE_PREFIX_PATH}:/home/buhrmann/ws_moveit/install/moveit_configs_utils:/opt/ros/iron /usr/bin/cmake --build /home/buhrmann/ws_moveit/build/point_cloud_circle_detector -- -j28 -l28
