[0.008s] Invoking command in '/home/buhrmann/ws_moveit/build/ppf_test_pkg': CMAKE_PREFIX_PATH=${CMAKE_PREFIX_PATH}:/home/buhrmann/ws_moveit/install/moveit_configs_utils:/opt/ros/iron /usr/bin/cmake --build /home/buhrmann/ws_moveit/build/ppf_test_pkg -- -j28 -l28
[0.059s] [35m[1mConsolidate compiler generated dependencies of target object_detection[0m
[0.099s] [ 50%] [32mBuilding CXX object CMakeFiles/object_detection.dir/src/object_detection.cpp.o[0m
[2.389s] In file included from [01m[K/usr/local/include/pcl-1.14/pcl/features/ppf.h:104[m[K,
[2.389s]                  from [01m[K/home/buhrmann/ws_moveit/src/ppf_test_pkg/src/object_detection.cpp:4[m[K:
[2.389s] /usr/local/include/pcl-1.14/pcl/features/impl/ppf.hpp: In instantiation of â€˜[01m[Kvoid pcl::PPFEstimation<PointInT, PointNT, PointOutT>::computeFeature(pcl::PPFEstimation<PointInT, PointNT, PointOutT>::PointCloudOut&) [with PointInT = pcl::PointXYZ; PointNT = pcl::PointXYZ; PointOutT = pcl::PPFSignature; pcl::PPFEstimation<PointInT, PointNT, PointOutT>::PointCloudOut = pcl::PointCloud<pcl::PPFSignature>][m[Kâ€™:
[2.389s] [01m[K/usr/local/include/pcl-1.14/pcl/features/impl/ppf.hpp:61:1:[m[K   required from here
[2.390s] [01m[K/usr/local/include/pcl-1.14/pcl/features/impl/ppf.hpp:80:54:[m[K [01;31m[Kerror: [m[Kâ€˜[01m[Kconst struct pcl::PointXYZ[m[Kâ€™ has no member named â€˜[01m[KgetNormalVector4fMap[m[Kâ€™; did you mean â€˜[01m[KgetVector4fMap[m[Kâ€™?
[2.390s]    80 |                                       [01;31m[K(*normals_)[i].getNormalVector4fMap[m[K (),
[2.390s]       |                                       [01;31m[K~~~~~~~~~~~~~~~^~~~~~~~~~~~~~~~~~~~[m[K
[2.390s]       |                                       [32m[KgetVector4fMap[m[K
[2.390s] [01m[K/usr/local/include/pcl-1.14/pcl/features/impl/ppf.hpp:82:54:[m[K [01;31m[Kerror: [m[Kâ€˜[01m[Kconst struct pcl::PointXYZ[m[Kâ€™ has no member named â€˜[01m[KgetNormalVector4fMap[m[Kâ€™; did you mean â€˜[01m[KgetVector4fMap[m[Kâ€™?
[2.390s]    82 |                                       [01;31m[K(*normals_)[j].getNormalVector4fMap[m[K (),
[2.390s]       |                                       [01;31m[K~~~~~~~~~~~~~~~^~~~~~~~~~~~~~~~~~~~[m[K
[2.390s]       |                                       [32m[KgetVector4fMap[m[K
[2.390s] [01m[K/usr/local/include/pcl-1.14/pcl/features/impl/ppf.hpp:87:67:[m[K [01;31m[Kerror: [m[Kâ€˜[01m[Kconst struct pcl::PointXYZ[m[Kâ€™ has no member named â€˜[01m[KgetNormalVector3fMap[m[Kâ€™; did you mean â€˜[01m[KgetVector3fMap[m[Kâ€™?
[2.390s]    87 |                           model_reference_normal = [01;31m[K(*normals_)[i].getNormalVector3fMap[m[K (),
[2.390s]       |                                                    [01;31m[K~~~~~~~~~~~~~~~^~~~~~~~~~~~~~~~~~~~[m[K
[2.390s]       |                                                    [32m[KgetVector3fMap[m[K
[4.494s] gmake[2]: *** [CMakeFiles/object_detection.dir/build.make:76: CMakeFiles/object_detection.dir/src/object_detection.cpp.o] Error 1
[4.494s] gmake[1]: *** [CMakeFiles/Makefile2:137: CMakeFiles/object_detection.dir/all] Error 2
[4.494s] gmake: *** [Makefile:146: all] Error 2
[4.496s] Invoked command in '/home/buhrmann/ws_moveit/build/ppf_test_pkg' returned '2': CMAKE_PREFIX_PATH=${CMAKE_PREFIX_PATH}:/home/buhrmann/ws_moveit/install/moveit_configs_utils:/opt/ros/iron /usr/bin/cmake --build /home/buhrmann/ws_moveit/build/ppf_test_pkg -- -j28 -l28
