[0.008s] Invoking command in '/home/buhrmann/ws_moveit/build/point_cloud_circle_detector': CMAKE_PREFIX_PATH=${CMAKE_PREFIX_PATH}:/home/buhrmann/ws_moveit/install/moveit_configs_utils:/opt/ros/iron /usr/bin/cmake --build /home/buhrmann/ws_moveit/build/point_cloud_circle_detector -- -j28 -l28
[0.045s] [35m[1mConsolidate compiler generated dependencies of target point_cloud_plantpot_edge_pfh_detector[0m
[0.055s] [ 16%] Built target point_cloud_cylinder_detector
[0.057s] [ 33%] Built target point_cloud_plantpot_ppf_detector
[0.059s] [ 50%] Built target point_cloud_circle_detector
[0.059s] [ 58%] [32mBuilding CXX object CMakeFiles/point_cloud_plantpot_edge_pfh_detector.dir/src/point_cloud_plantpot_edge_pfh_detector.cpp.o[0m
[0.060s] [ 75%] Built target point_cloud_plantpot_pfh_detector
[0.061s] [ 91%] Built target point_cloud_plantpot_detector
[1.768s] [01m[K/home/buhrmann/ws_moveit/src/point_cloud_circle_detector/src/point_cloud_plantpot_edge_pfh_detector.cpp:[m[K In function â€˜[01m[Kint main()[m[Kâ€™:
[1.768s] [01m[K/home/buhrmann/ws_moveit/src/point_cloud_circle_detector/src/point_cloud_plantpot_edge_pfh_detector.cpp:31:36:[m[K [01;31m[Kerror: [m[Kâ€˜[01m[Klabel[m[Kâ€™ was not declared in this scope; did you mean â€˜[01m[Kpcl::fields::label[m[Kâ€™?
[1.768s]    31 |     edge_detector.compute( cloud , [01;31m[Klabel[m[K);
[1.768s]       |                                    [01;31m[K^~~~~[m[K
[1.768s]       |                                    [32m[Kpcl::fields::label[m[K
[1.768s] In file included from [01m[K/usr/include/boost/preprocessor/tuple/elem.hpp:23[m[K,
[1.768s]                  from [01m[K/usr/include/boost/preprocessor/arithmetic/add.hpp:21[m[K,
[1.768s]                  from [01m[K/usr/include/boost/mpl/aux_/preprocessor/def_params_tail.hpp:66[m[K,
[1.768s]                  from [01m[K/usr/include/boost/mpl/aux_/na_spec.hpp:28[m[K,
[1.768s]                  from [01m[K/usr/include/boost/mpl/not.hpp:20[m[K,
[1.768s]                  from [01m[K/usr/include/boost/mpl/assert.hpp:17[m[K,
[1.768s]                  from [01m[K/usr/include/pcl-1.12/pcl/point_struct_traits.h:40[m[K,
[1.768s]                  from [01m[K/usr/include/pcl-1.12/pcl/type_traits.h:40[m[K,
[1.768s]                  from [01m[K/usr/include/pcl-1.12/pcl/memory.h:46[m[K,
[1.768s]                  from [01m[K/usr/include/pcl-1.12/pcl/PCLHeader.h:3[m[K,
[1.768s]                  from [01m[K/usr/include/pcl-1.12/pcl/point_cloud.h:47[m[K,
[1.768s]                  from [01m[K/home/buhrmann/ws_moveit/src/point_cloud_circle_detector/src/point_cloud_plantpot_edge_pfh_detector.cpp:2[m[K:
[1.768s] [01m[K/usr/include/pcl-1.12/pcl/impl/point_types.hpp:1964:1:[m[K [01;36m[Knote: [m[Kâ€˜[01m[Kpcl::fields::label[m[Kâ€™ declared here
[1.769s]  1964 | [01;36m[KPOINT_CLOUD_REGISTER_POINT_STRUCT[m[K (pcl::_PointXYZRGBL,
[1.769s]       | [01;36m[K^~~~~~~~~~~~~~~~~~~~~~~~~~~~~~~~~[m[K
[2.079s] gmake[2]: *** [CMakeFiles/point_cloud_plantpot_edge_pfh_detector.dir/build.make:76: CMakeFiles/point_cloud_plantpot_edge_pfh_detector.dir/src/point_cloud_plantpot_edge_pfh_detector.cpp.o] Error 1
[2.079s] gmake[1]: *** [CMakeFiles/Makefile2:277: CMakeFiles/point_cloud_plantpot_edge_pfh_detector.dir/all] Error 2
[2.079s] gmake: *** [Makefile:146: all] Error 2
[2.081s] Invoked command in '/home/buhrmann/ws_moveit/build/point_cloud_circle_detector' returned '2': CMAKE_PREFIX_PATH=${CMAKE_PREFIX_PATH}:/home/buhrmann/ws_moveit/install/moveit_configs_utils:/opt/ros/iron /usr/bin/cmake --build /home/buhrmann/ws_moveit/build/point_cloud_circle_detector -- -j28 -l28
