[0.160s] Invoking command in '/home/buhrmann/ws_moveit/build/ppf_test_pkg': CMAKE_PREFIX_PATH=${CMAKE_PREFIX_PATH}:/home/buhrmann/ws_moveit/install/moveit_configs_utils:/opt/ros/iron /usr/bin/cmake --build /home/buhrmann/ws_moveit/build/ppf_test_pkg -- -j28 -l28
[0.203s] [35m[1mConsolidate compiler generated dependencies of target object_detection[0m
[0.231s] [ 50%] [32m[1mLinking CXX executable object_detection[0m
[0.839s] /usr/bin/ld: CMakeFiles/object_detection.dir/src/object_detection.cpp.o: in function `main':
[0.839s] object_detection.cpp:(.text+0xf1): undefined reference to `pcl::PPFEstimation<pcl::PointXYZ, pcl::PointXYZ, pcl::PPFSignature>::PPFEstimation()'
[0.839s] /usr/bin/ld: CMakeFiles/object_detection.dir/src/object_detection.cpp.o:(.data.rel.ro._ZTVN3pcl13PPFEstimationINS_8PointXYZES1_NS_12PPFSignatureEEE[_ZTVN3pcl13PPFEstimationINS_8PointXYZES1_NS_12PPFSignatureEEE]+0x58): undefined reference to `pcl::PPFEstimation<pcl::PointXYZ, pcl::PointXYZ, pcl::PPFSignature>::computeFeature(pcl::PointCloud<pcl::PPFSignature>&)'
[0.863s] collect2: error: ld returned 1 exit status
[0.864s] gmake[2]: *** [CMakeFiles/object_detection.dir/build.make:281: object_detection] Error 1
[0.864s] gmake[1]: *** [CMakeFiles/Makefile2:137: CMakeFiles/object_detection.dir/all] Error 2
[0.864s] gmake: *** [Makefile:146: all] Error 2
[0.865s] Invoked command in '/home/buhrmann/ws_moveit/build/ppf_test_pkg' returned '2': CMAKE_PREFIX_PATH=${CMAKE_PREFIX_PATH}:/home/buhrmann/ws_moveit/install/moveit_configs_utils:/opt/ros/iron /usr/bin/cmake --build /home/buhrmann/ws_moveit/build/ppf_test_pkg -- -j28 -l28
