[35m[1mConsolidate compiler generated dependencies of target ur5_pickup_sensor[0m
[ 14%] Built target ur5_moveit_test_launch
[ 28%] Built target ur5_moveit_test
[ 42%] Built target gripper_close_moveit_test
[ 57%] Built target ur5_moveit_test_object_detection
[ 71%] Built target ur5_read_positions
[ 85%] Built target gripper_open_moveit_test
[ 92%] [32mBuilding CXX object CMakeFiles/ur5_pickup_sensor.dir/src/ur5_pickup_sensor.cpp.o[0m
[01m[K/home/buhrmann/ws_moveit/src/ur5_moveit_test/src/ur5_pickup_sensor.cpp:[m[K In function â€˜[01m[Kint main(int, char**)[m[Kâ€™:
[01m[K/home/buhrmann/ws_moveit/src/ur5_moveit_test/src/ur5_pickup_sensor.cpp:336:35:[m[K [01;31m[Kerror: [m[Kno matching function for call to â€˜[01m[Kmoveit::planning_interface::MoveGroupInterface::plan()[m[Kâ€™
  336 |   plan = [01;31m[Kmove_group_interface.plan()[m[K
      |          [01;31m[K~~~~~~~~~~~~~~~~~~~~~~~~~^~[m[K
In file included from [01m[K/home/buhrmann/ws_moveit/src/ur5_moveit_test/src/ur5_pickup_sensor.cpp:6[m[K:
[01m[K/home/buhrmann/ws_moveit/install/moveit_ros_planning_interface/include/moveit_ros_planning_interface/moveit/move_group_interface/move_group_interface.h:717:33:[m[K [01;36m[Knote: [m[Kcandidate: â€˜[01m[Kmoveit::core::MoveItErrorCode moveit::planning_interface::MoveGroupInterface::plan(moveit::planning_interface::MoveGroupInterface::Plan&)[m[Kâ€™
  717 |   moveit::core::MoveItErrorCode [01;36m[Kplan[m[K(Plan& plan);
      |                                 [01;36m[K^~~~[m[K
[01m[K/home/buhrmann/ws_moveit/install/moveit_ros_planning_interface/include/moveit_ros_planning_interface/moveit/move_group_interface/move_group_interface.h:717:33:[m[K [01;36m[Knote: [m[K  candidate expects 1 argument, 0 provided
gmake[2]: *** [CMakeFiles/ur5_pickup_sensor.dir/build.make:76: CMakeFiles/ur5_pickup_sensor.dir/src/ur5_pickup_sensor.cpp.o] Error 1
gmake[1]: *** [CMakeFiles/Makefile2:305: CMakeFiles/ur5_pickup_sensor.dir/all] Error 2
gmake: *** [Makefile:146: all] Error 2
