[01m[K/home/buhrmann/ws_moveit/src/ur5_moveit_test/src/ur5_image_octmap_path.cpp:[m[K In member function â€˜[01m[Kvoid SensorProbeNode::runMain()[m[Kâ€™:
[01m[K/home/buhrmann/ws_moveit/src/ur5_moveit_test/src/ur5_image_octmap_path.cpp:283:31:[m[K [01;35m[Kwarning: [m[Kvariable â€˜[01m[Ktext_pose[m[Kâ€™ set but not used [[01;35m[K]8;;https://gcc.gnu.org/onlinedocs/gcc/Warning-Options.html#index-Wunused-but-set-variable-Wunused-but-set-variable]8;;[m[K]
  283 |             Eigen::Isometry3d [01;35m[Ktext_pose[m[K = Eigen::Isometry3d::Identity();
      |                               [01;35m[K^~~~~~~~~[m[K
[01m[K/home/buhrmann/ws_moveit/src/ur5_moveit_test/src/ur5_image_octmap_path.cpp:[m[K In lambda function:
[01m[K/home/buhrmann/ws_moveit/src/ur5_moveit_test/src/ur5_image_octmap_path.cpp:506:17:[m[K [01;31m[Kerror: [m[Kâ€˜[01m[Ktext_pose[m[Kâ€™ was not declared in this scope
  506 |                 [01;31m[Ktext_pose[m[K.translation().z() = 1.0;
      |                 [01;31m[K^~~~~~~~~[m[K
gmake[2]: *** [CMakeFiles/ur5_image_octmap_path.dir/build.make:76: CMakeFiles/ur5_image_octmap_path.dir/src/ur5_image_octmap_path.cpp.o] Error 1
gmake[1]: *** [CMakeFiles/Makefile2:473: CMakeFiles/ur5_image_octmap_path.dir/all] Error 2
gmake: *** [Makefile:146: all] Error 2
