[0.008s] Invoking command in '/home/buhrmann/ws_moveit/build/ppf_test_pkg': CMAKE_PREFIX_PATH=${CMAKE_PREFIX_PATH}:/home/buhrmann/ws_moveit/install/moveit_configs_utils:/opt/ros/iron /usr/bin/cmake --build /home/buhrmann/ws_moveit/build/ppf_test_pkg -- -j28 -l28
[0.070s] [35m[1mConsolidate compiler generated dependencies of target object_detection[0m
[0.100s] [ 50%] [32mBuilding CXX object CMakeFiles/object_detection.dir/src/object_detection.cpp.o[0m
[2.253s] [01m[K/home/buhrmann/ws_moveit/src/ppf_test_pkg/src/object_detection.cpp:[m[K In function â€˜[01m[Kint main()[m[Kâ€™:
[2.253s] [01m[K/home/buhrmann/ws_moveit/src/ppf_test_pkg/src/object_detection.cpp:57:89:[m[K [01;31m[Kerror: [m[Kâ€˜[01m[K__gnu_cxx::__alloc_traits<Eigen::aligned_allocator<pcl::PPFSignature>, pcl::PPFSignature>::value_type[m[Kâ€™ {aka â€˜[01m[Kstruct pcl::PPFSignature[m[Kâ€™} has no member named â€˜[01m[Kdescriptor[m[Kâ€™
[2.253s]    57 |     Eigen::MatrixXf feature_matrix(ppf_features->points.size(), ppf_features->points[0].[01;31m[Kdescriptor[m[K.size());
[2.253s]       |                                                                                         [01;31m[K^~~~~~~~~~[m[K
[2.253s] [01m[K/home/buhrmann/ws_moveit/src/ppf_test_pkg/src/object_detection.cpp:60:56:[m[K [01;31m[Kerror: [m[Kâ€˜[01m[K__gnu_cxx::__alloc_traits<Eigen::aligned_allocator<pcl::PPFSignature>, pcl::PPFSignature>::value_type[m[Kâ€™ {aka â€˜[01m[Kstruct pcl::PPFSignature[m[Kâ€™} has no member named â€˜[01m[Kdescriptor[m[Kâ€™
[2.253s]    60 |         for (size_t j = 0; j < ppf_features->points[i].[01;31m[Kdescriptor[m[K.size(); ++j)
[2.253s]       |                                                        [01;31m[K^~~~~~~~~~[m[K
[2.254s] [01m[K/home/buhrmann/ws_moveit/src/ppf_test_pkg/src/object_detection.cpp:62:60:[m[K [01;31m[Kerror: [m[Kâ€˜[01m[K__gnu_cxx::__alloc_traits<Eigen::aligned_allocator<pcl::PPFSignature>, pcl::PPFSignature>::value_type[m[Kâ€™ {aka â€˜[01m[Kstruct pcl::PPFSignature[m[Kâ€™} has no member named â€˜[01m[Kdescriptor[m[Kâ€™
[2.254s]    62 |             feature_matrix(i, j) = ppf_features->points[i].[01;31m[Kdescriptor[m[K[j];
[2.254s]       |                                                            [01;31m[K^~~~~~~~~~[m[K
[6.937s] gmake[2]: *** [CMakeFiles/object_detection.dir/build.make:76: CMakeFiles/object_detection.dir/src/object_detection.cpp.o] Error 1
[6.937s] gmake[1]: *** [CMakeFiles/Makefile2:137: CMakeFiles/object_detection.dir/all] Error 2
[6.937s] gmake: *** [Makefile:146: all] Error 2
[6.939s] Invoked command in '/home/buhrmann/ws_moveit/build/ppf_test_pkg' returned '2': CMAKE_PREFIX_PATH=${CMAKE_PREFIX_PATH}:/home/buhrmann/ws_moveit/install/moveit_configs_utils:/opt/ros/iron /usr/bin/cmake --build /home/buhrmann/ws_moveit/build/ppf_test_pkg -- -j28 -l28
