[01m[K/home/buhrmann/ws_moveit/src/ur5_moveit_test/src/ur5_probe_sensor_service.cpp:[m[K In function â€˜[01m[Kint main(int, char**)[m[Kâ€™:
[01m[K/home/buhrmann/ws_moveit/src/ur5_moveit_test/src/ur5_probe_sensor_service.cpp:79:18:[m[K [01;35m[Kwarning: [m[Kunused variable â€˜[01m[Kangle_step[m[Kâ€™ [[01;35m[K]8;;https://gcc.gnu.org/onlinedocs/gcc/Warning-Options.html#index-Wunused-variable-Wunused-variable]8;;[m[K]
   79 |     const double [01;35m[Kangle_step[m[K = M_PI / (num_positions - 1);  // Divide the semicircle into equal parts
      |                  [01;35m[K^~~~~~~~~~[m[K
[01m[K/home/buhrmann/ws_moveit/src/ur5_moveit_test/src/ur5_probe_sensor_service.cpp:262:21:[m[K [01;35m[Kwarning: [m[Kcomparison of integer expressions of different signedness: â€˜[01m[Kint[m[Kâ€™ and â€˜[01m[Kstd::vector<geometry_msgs::msg::Pose_<std::allocator<void> > >::size_type[m[Kâ€™ {aka â€˜[01m[Klong unsigned int[m[Kâ€™} [[01;35m[K]8;;https://gcc.gnu.org/onlinedocs/gcc/Warning-Options.html#index-Wsign-compare-Wsign-compare]8;;[m[K]
  262 |   for (int i = 0; [01;35m[Ki < target_poses.size()[m[K; i++) {
      |                   [01;35m[K~~^~~~~~~~~~~~~~~~~~~~~[m[K
[01m[K/home/buhrmann/ws_moveit/src/ur5_moveit_test/src/ur5_move_to_camera.cpp:[m[K In function â€˜[01m[Kint main(int, char**)[m[Kâ€™:
[01m[K/home/buhrmann/ws_moveit/src/ur5_moveit_test/src/ur5_move_to_camera.cpp:38:7:[m[K [01;31m[Kerror: [m[Kâ€˜[01m[Kmove_group_interface[m[Kâ€™ was not declared in this scope; did you mean â€˜[01m[KMoveGroupInterface[m[Kâ€™?
   38 |       [01;31m[Kmove_group_interface[m[K.getCurrentState()->getJointModelGroup("ur5_arm");
      |       [01;31m[K^~~~~~~~~~~~~~~~~~~~[m[K
      |       [32m[KMoveGroupInterface[m[K
[01m[K/home/buhrmann/ws_moveit/src/ur5_moveit_test/src/ur5_move_to_camera.cpp:72:3:[m[K [01;31m[Kerror: [m[Kâ€˜[01m[Kgripper_group[m[Kâ€™ was not declared in this scope
   72 |   [01;31m[Kgripper_group[m[K.setMaxVelocityScalingFactor(0.1);
      |   [01;31m[K^~~~~~~~~~~~~[m[K
[01m[K/home/buhrmann/ws_moveit/src/ur5_moveit_test/src/ur5_move_to_camera.cpp:129:3:[m[K [01;31m[Kerror: [m[Kâ€˜[01m[Ksuccess[m[Kâ€™ was not declared in this scope; did you mean â€˜[01m[Keaccess[m[Kâ€™?
  129 |   [01;31m[Ksuccess[m[K = (move_group_interface.plan(plan_home) ==
      |   [01;31m[K^~~~~~~[m[K
      |   [32m[Keaccess[m[K
[01m[K/home/buhrmann/ws_moveit/src/ur5_moveit_test/src/ur5_move_to_camera.cpp:129:40:[m[K [01;31m[Kerror: [m[Kâ€˜[01m[Kplan_home[m[Kâ€™ was not declared in this scope; did you mean â€˜[01m[Kplan_camera[m[Kâ€™?
  129 |   success = (move_group_interface.plan([01;31m[Kplan_home[m[K) ==
      |                                        [01;31m[K^~~~~~~~~[m[K
      |                                        [32m[Kplan_camera[m[K
[01m[K/home/buhrmann/ws_moveit/src/ur5_moveit_test/src/ur5_move_to_home.cpp:[m[K In function â€˜[01m[Kint main(int, char**)[m[Kâ€™:
[01m[K/home/buhrmann/ws_moveit/src/ur5_moveit_test/src/ur5_move_to_home.cpp:38:7:[m[K [01;31m[Kerror: [m[Kâ€˜[01m[Kmove_group_interface[m[Kâ€™ was not declared in this scope; did you mean â€˜[01m[KMoveGroupInterface[m[Kâ€™?
   38 |       [01;31m[Kmove_group_interface[m[K.getCurrentState()->getJointModelGroup("ur5_arm");
      |       [01;31m[K^~~~~~~~~~~~~~~~~~~~[m[K
      |       [32m[KMoveGroupInterface[m[K
[01m[K/home/buhrmann/ws_moveit/src/ur5_moveit_test/src/ur5_move_to_home.cpp:72:3:[m[K [01;31m[Kerror: [m[Kâ€˜[01m[Kgripper_group[m[Kâ€™ was not declared in this scope
   72 |   [01;31m[Kgripper_group[m[K.setMaxVelocityScalingFactor(0.1);
      |   [01;31m[K^~~~~~~~~~~~~[m[K
[01m[K/home/buhrmann/ws_moveit/src/ur5_moveit_test/src/ur5_move_to_home.cpp:124:3:[m[K [01;31m[Kerror: [m[Kâ€˜[01m[Ksuccess[m[Kâ€™ was not declared in this scope; did you mean â€˜[01m[Keaccess[m[Kâ€™?
  124 |   [01;31m[Ksuccess[m[K = (move_group_interface.plan(plan_home) ==
      |   [01;31m[K^~~~~~~[m[K
      |   [32m[Keaccess[m[K
gmake[2]: *** [CMakeFiles/ur5_move_to_home.dir/build.make:76: CMakeFiles/ur5_move_to_home.dir/src/ur5_move_to_home.cpp.o] Error 1
gmake[1]: *** [CMakeFiles/Makefile2:419: CMakeFiles/ur5_move_to_home.dir/all] Error 2
gmake[1]: *** Waiting for unfinished jobs....
gmake[2]: *** [CMakeFiles/ur5_move_to_camera.dir/build.make:76: CMakeFiles/ur5_move_to_camera.dir/src/ur5_move_to_camera.cpp.o] Error 1
gmake[1]: *** [CMakeFiles/Makefile2:445: CMakeFiles/ur5_move_to_camera.dir/all] Error 2
gmake: *** [Makefile:146: all] Error 2
