[35m[1mConsolidate compiler generated dependencies of target ur5_image_octmap_path[0m
[  7%] Built target gripper_open_moveit_test
[ 15%] Built target ur5_moveit_test
[ 23%] Built target ur5_moveit_test_object_detection
[ 30%] Built target ur5_moveit_test_launch
[ 38%] Built target ur5_probe_sensor
[ 46%] Built target ur5_pickup_sensor
[ 53%] Built target gripper_close_moveit_test
[ 61%] Built target ur5_move_to_camera
[ 69%] Built target ur5_probe_sensor_service
[ 76%] Built target ur5_read_positions
[ 80%] [32mBuilding CXX object CMakeFiles/ur5_image_octmap_path.dir/src/ur5_image_octmap_path.cpp.o[0m
[ 88%] Built target ur5_move_to_home
[ 96%] Built target ur5_drop_sensor
[01m[K/home/buhrmann/ws_moveit/src/ur5_moveit_test/src/ur5_image_octmap_path.cpp:[m[K In constructor â€˜[01m[KSensorProbeNode::SensorProbeNode()[m[Kâ€™:
[01m[K/home/buhrmann/ws_moveit/src/ur5_moveit_test/src/ur5_image_octmap_path.cpp:158:56:[m[K [01;31m[Kerror: [m[Kâ€˜[01m[Knode[m[Kâ€™ was not declared in this scope; did you mean â€˜[01m[KNode[m[Kâ€™?
  158 |         auto move_group_interface = MoveGroupInterface([01;31m[Knode[m[K, options);
      |                                                        [01;31m[K^~~~[m[K
      |                                                        [32m[KNode[m[K
gmake[2]: *** [CMakeFiles/ur5_image_octmap_path.dir/build.make:76: CMakeFiles/ur5_image_octmap_path.dir/src/ur5_image_octmap_path.cpp.o] Error 1
gmake[1]: *** [CMakeFiles/Makefile2:473: CMakeFiles/ur5_image_octmap_path.dir/all] Error 2
gmake: *** [Makefile:146: all] Error 2
