[0.020s] Invoking command in '/home/buhrmann/ws_moveit/build/point_cloud_circle_detector': CMAKE_PREFIX_PATH=${CMAKE_PREFIX_PATH}:/home/buhrmann/ws_moveit/install/moveit_configs_utils:/opt/ros/iron /usr/bin/cmake --build /home/buhrmann/ws_moveit/build/point_cloud_circle_detector -- -j28 -l28
[0.089s] [35m[1mConsolidate compiler generated dependencies of target point_cloud_circle_detector[0m
[0.126s] [ 50%] [32mBuilding CXX object CMakeFiles/point_cloud_circle_detector.dir/src/point_cloud_circle_detector.cpp.o[0m
[6.776s] [01m[K/home/buhrmann/ws_moveit/src/point_cloud_circle_detector/src/point_cloud_circle_detector.cpp:[m[K In member function â€˜[01m[Kvoid PointCloudCircleDetector::visualize_with_vtk(pcl::PointCloud<pcl::PointXYZ>::Ptr, pcl::ModelCoefficients::Ptr)[m[Kâ€™:
[6.776s] [01m[K/home/buhrmann/ws_moveit/src/point_cloud_circle_detector/src/point_cloud_circle_detector.cpp:114:36:[m[K [01;31m[Kerror: [m[Kinvalid use of incomplete type â€˜[01m[Kclass vtkProperty[m[Kâ€™
[6.776s]   114 |         sphere_actor->GetProperty()[01;31m[K->[m[KSetColor(1.0, 0.0, 0.0);  // Red color for the detected circle
[6.776s]       |                                    [01;31m[K^~[m[K
[6.776s] In file included from [01m[K/usr/include/vtk-9.1/vtkActorCollection.h:30[m[K,
[6.776s]                  from [01m[K/usr/include/vtk-9.1/vtkRenderer.h:38[m[K,
[6.776s]                  from [01m[K/home/buhrmann/ws_moveit/src/point_cloud_circle_detector/src/point_cloud_circle_detector.cpp:11[m[K:
[6.776s] [01m[K/usr/include/vtk-9.1/vtkActor.h:43:7:[m[K [01;36m[Knote: [m[Kforward declaration of â€˜[01m[Kclass vtkProperty[m[Kâ€™
[6.776s]    43 | class [01;36m[KvtkProperty[m[K;
[6.777s]       |       [01;36m[K^~~~~~~~~~~[m[K
[10.367s] gmake[2]: *** [CMakeFiles/point_cloud_circle_detector.dir/build.make:76: CMakeFiles/point_cloud_circle_detector.dir/src/point_cloud_circle_detector.cpp.o] Error 1
[10.367s] gmake[1]: *** [CMakeFiles/Makefile2:137: CMakeFiles/point_cloud_circle_detector.dir/all] Error 2
[10.367s] gmake: *** [Makefile:146: all] Error 2
[10.371s] Invoked command in '/home/buhrmann/ws_moveit/build/point_cloud_circle_detector' returned '2': CMAKE_PREFIX_PATH=${CMAKE_PREFIX_PATH}:/home/buhrmann/ws_moveit/install/moveit_configs_utils:/opt/ros/iron /usr/bin/cmake --build /home/buhrmann/ws_moveit/build/point_cloud_circle_detector -- -j28 -l28
