[0.009s] Invoking command in '/home/buhrmann/ws_moveit/build/point_cloud_circle_detector': CMAKE_PREFIX_PATH=${CMAKE_PREFIX_PATH}:/home/buhrmann/ws_moveit/install/moveit_configs_utils:/opt/ros/iron /usr/bin/cmake --build /home/buhrmann/ws_moveit/build/point_cloud_circle_detector -- -j28 -l28
[0.051s] [35m[1mConsolidate compiler generated dependencies of target point_cloud_plantpot_rgb_edge_pfh_detector[0m
[0.062s] [ 25%] Built target point_cloud_plantpot_edge_pfh_detector
[0.062s] [ 25%] Built target point_cloud_plantpot_ppf_detector
[0.064s] [ 37%] Built target rgb_edge_filter
[0.066s] [ 50%] Built target point_cloud_plantpot_detector
[0.067s] [ 62%] Built target point_cloud_cylinder_detector
[0.067s] [ 75%] Built target point_cloud_circle_detector
[0.068s] [ 87%] Built target point_cloud_plantpot_pfh_detector
[0.068s] [ 93%] [32mBuilding CXX object CMakeFiles/point_cloud_plantpot_rgb_edge_pfh_detector.dir/src/point_cloud_plantpot_rgb_edge_pfh_detector.cpp.o[0m
[3.891s] [01m[K/home/buhrmann/ws_moveit/src/point_cloud_circle_detector/src/point_cloud_plantpot_rgb_edge_pfh_detector.cpp:341:41:[m[K [01;31m[Kerror: [m[Kexpected â€˜[01m[K;[m[Kâ€™ at end of member declaration
[3.891s]   341 |     pcl::PointCloud<pcl::PointXYZ>::Ptr [01;31m[Kcustom_object_[m[K
[3.891s]       |                                         [01;31m[K^~~~~~~~~~~~~~[m[K
[3.891s]       |                                                       [32m[K;[m[K
[3.969s] In file included from [01m[K/opt/ros/iron/include/rclcpp/rclcpp/logging.hpp:24[m[K,
[3.969s]                  from [01m[K/opt/ros/iron/include/rclcpp/rclcpp/client.hpp:43[m[K,
[3.969s]                  from [01m[K/opt/ros/iron/include/rclcpp/rclcpp/callback_group.hpp:24[m[K,
[3.969s]                  from [01m[K/opt/ros/iron/include/rclcpp/rclcpp/any_executable.hpp:20[m[K,
[3.969s]                  from [01m[K/opt/ros/iron/include/rclcpp/rclcpp/memory_strategy.hpp:25[m[K,
[3.969s]                  from [01m[K/opt/ros/iron/include/rclcpp/rclcpp/memory_strategies.hpp:18[m[K,
[3.969s]                  from [01m[K/opt/ros/iron/include/rclcpp/rclcpp/executor_options.hpp:20[m[K,
[3.969s]                  from [01m[K/opt/ros/iron/include/rclcpp/rclcpp/executor.hpp:37[m[K,
[3.969s]                  from [01m[K/opt/ros/iron/include/rclcpp/rclcpp/executors/multi_threaded_executor.hpp:25[m[K,
[3.969s]                  from [01m[K/opt/ros/iron/include/rclcpp/rclcpp/executors.hpp:21[m[K,
[3.969s]                  from [01m[K/opt/ros/iron/include/rclcpp/rclcpp/rclcpp.hpp:167[m[K,
[3.969s]                  from [01m[K/opt/ros/iron/include/pcl_conversions/pcl_conversions/pcl_conversions.h:43[m[K,
[3.969s]                  from [01m[K/home/buhrmann/ws_moveit/src/point_cloud_circle_detector/src/point_cloud_plantpot_rgb_edge_pfh_detector.cpp:8[m[K:
[3.969s] [01m[K/home/buhrmann/ws_moveit/src/point_cloud_circle_detector/src/point_cloud_plantpot_rgb_edge_pfh_detector.cpp:[m[K In member function â€˜[01m[Kvoid PointCloudCustomObjectMatcher::listener_callback(sensor_msgs::msg::PointCloud2_<std::allocator<void> >::SharedPtr)[m[Kâ€™:
[3.969s] [01m[K/home/buhrmann/ws_moveit/src/point_cloud_circle_detector/src/point_cloud_plantpot_rgb_edge_pfh_detector.cpp:292:74:[m[K [01;31m[Kerror: [m[Kâ€˜[01m[Kcloud_filtered_voxel[m[Kâ€™ was not declared in this scope
[3.969s]   292 |             RCLCPP_INFO(this->get_logger(), "Target points points: %zu", [01;31m[Kcloud_filtered_voxel[m[K->points.size());
[3.969s]       |                                                                          [01;31m[K^~~~~~~~~~~~~~~~~~~~[m[K
[4.002s] [01m[K/home/buhrmann/ws_moveit/src/point_cloud_circle_detector/src/point_cloud_plantpot_rgb_edge_pfh_detector.cpp:306:35:[m[K [01;31m[Kerror: [m[Kâ€˜[01m[Kcloud_filtered_voxel[m[Kâ€™ was not declared in this scope
[4.002s]   306 |             sac_ia.setInputTarget([01;31m[Kcloud_filtered_voxel[m[K);  // The filtered scene point cloud
[4.002s]       |                                   [01;31m[K^~~~~~~~~~~~~~~~~~~~[m[K
[4.014s] [01m[K/home/buhrmann/ws_moveit/src/point_cloud_circle_detector/src/point_cloud_plantpot_rgb_edge_pfh_detector.cpp:[m[K In function â€˜[01m[Kint main(int, char**)[m[Kâ€™:
[4.014s] [01m[K/home/buhrmann/ws_moveit/src/point_cloud_circle_detector/src/point_cloud_plantpot_rgb_edge_pfh_detector.cpp:353:18:[m[K [01;31m[Kerror: [m[Kâ€˜[01m[Knode[m[Kâ€™ was not declared in this scope
[4.014s]   353 |     rclcpp::spin([01;31m[Knode[m[K);
[4.014s]       |                  [01;31m[K^~~~[m[K
[11.445s] gmake[2]: *** [CMakeFiles/point_cloud_plantpot_rgb_edge_pfh_detector.dir/build.make:76: CMakeFiles/point_cloud_plantpot_rgb_edge_pfh_detector.dir/src/point_cloud_plantpot_rgb_edge_pfh_detector.cpp.o] Error 1
[11.445s] gmake[1]: *** [CMakeFiles/Makefile2:307: CMakeFiles/point_cloud_plantpot_rgb_edge_pfh_detector.dir/all] Error 2
[11.445s] gmake: *** [Makefile:146: all] Error 2
[11.447s] Invoked command in '/home/buhrmann/ws_moveit/build/point_cloud_circle_detector' returned '2': CMAKE_PREFIX_PATH=${CMAKE_PREFIX_PATH}:/home/buhrmann/ws_moveit/install/moveit_configs_utils:/opt/ros/iron /usr/bin/cmake --build /home/buhrmann/ws_moveit/build/point_cloud_circle_detector -- -j28 -l28
