[35m[1mConsolidate compiler generated dependencies of target plantplot_ransac_conversion[0m
[  7%] Built target point_cloud_plantpot_edge_pfh_detector
[ 14%] Built target cup_segmentation_color
[ 21%] Built target point_cloud_plantpot_rgb_edge_pfh_detector
[ 28%] Built target point_cloud_plantpot_ppf_detector
[ 35%] Built target point_cloud_plantpot_pfh_detector
[ 42%] Built target point_cloud_plantpot_detector
[ 50%] Built target point_cloud_cylinder_detector
[ 57%] Built target cup_pointcloud_segmentation_color
[ 64%] Built target plantplot_icp_conversion
[ 71%] Built target point_cloud_circle_detector
[ 78%] Built target rgb_edge_filter
[ 85%] Built target image_based_hsv_color_filter
[ 92%] Built target hsv_color_filter
[ 96%] [32mBuilding CXX object CMakeFiles/plantplot_ransac_conversion.dir/src/plantplot_ransac_conversion.cpp.o[0m
[01m[K/home/buhrmann/ws_moveit/src/point_cloud_circle_detector/src/plantplot_ransac_conversion.cpp:[m[K In member function â€˜[01m[Kvoid PointCloudCustomObjectMatcher::listener_callback(sensor_msgs::msg::PointCloud2_<std::allocator<void> >::SharedPtr)[m[Kâ€™:
[01m[K/home/buhrmann/ws_moveit/src/point_cloud_circle_detector/src/plantplot_ransac_conversion.cpp:167:25:[m[K [01;31m[Kerror: [m[Kâ€˜[01m[Knormals[m[Kâ€™ was not declared in this scope
  167 |             ne.compute(*[01;31m[Knormals[m[K);
      |                         [01;31m[K^~~~~~~[m[K
gmake[2]: *** [CMakeFiles/plantplot_ransac_conversion.dir/build.make:76: CMakeFiles/plantplot_ransac_conversion.dir/src/plantplot_ransac_conversion.cpp.o] Error 1
gmake[1]: *** [CMakeFiles/Makefile2:501: CMakeFiles/plantplot_ransac_conversion.dir/all] Error 2
gmake: *** [Makefile:146: all] Error 2
