[35m[1mConsolidate compiler generated dependencies of target point_cloud_plantpot_edge_pfh_detector[0m
[ 16%] Built target point_cloud_circle_detector
[ 25%] [32mBuilding CXX object CMakeFiles/point_cloud_plantpot_edge_pfh_detector.dir/src/point_cloud_plantpot_edge__pfh_detector.cpp.o[0m
[ 41%] Built target point_cloud_plantpot_ppf_detector
[ 58%] Built target point_cloud_plantpot_pfh_detector
[ 75%] Built target point_cloud_cylinder_detector
[ 91%] Built target point_cloud_plantpot_detector
[01m[K/home/buhrmann/ws_moveit/src/point_cloud_circle_detector/src/point_cloud_plantpot_edge__pfh_detector.cpp:[m[K In function â€˜[01m[Kint main()[m[Kâ€™:
[01m[K/home/buhrmann/ws_moveit/src/point_cloud_circle_detector/src/point_cloud_plantpot_edge__pfh_detector.cpp:20:10:[m[K [01;31m[Kerror: [m[Kâ€˜[01m[KOrganizedEdgeDetection[m[Kâ€™ is not a member of â€˜[01m[Kpcl[m[Kâ€™; did you mean â€˜[01m[KOrganizedEdgeBase[m[Kâ€™?
   20 |     pcl::[01;31m[KOrganizedEdgeDetection[m[K<pcl::PointXYZ> edge_detector;
      |          [01;31m[K^~~~~~~~~~~~~~~~~~~~~~[m[K
      |          [32m[KOrganizedEdgeBase[m[K
[01m[K/home/buhrmann/ws_moveit/src/point_cloud_circle_detector/src/point_cloud_plantpot_edge__pfh_detector.cpp:20:46:[m[K [01;31m[Kerror: [m[Kexpected primary-expression before â€˜[01m[K>[m[Kâ€™ token
   20 |     pcl::OrganizedEdgeDetection<pcl::PointXYZ[01;31m[K>[m[K edge_detector;
      |                                              [01;31m[K^[m[K
[01m[K/home/buhrmann/ws_moveit/src/point_cloud_circle_detector/src/point_cloud_plantpot_edge__pfh_detector.cpp:20:48:[m[K [01;31m[Kerror: [m[Kâ€˜[01m[Kedge_detector[m[Kâ€™ was not declared in this scope
   20 |     pcl::OrganizedEdgeDetection<pcl::PointXYZ> [01;31m[Kedge_detector[m[K;
      |                                                [01;31m[K^~~~~~~~~~~~~[m[K
gmake[2]: *** [CMakeFiles/point_cloud_plantpot_edge_pfh_detector.dir/build.make:76: CMakeFiles/point_cloud_plantpot_edge_pfh_detector.dir/src/point_cloud_plantpot_edge__pfh_detector.cpp.o] Error 1
gmake[1]: *** [CMakeFiles/Makefile2:277: CMakeFiles/point_cloud_plantpot_edge_pfh_detector.dir/all] Error 2
gmake: *** [Makefile:146: all] Error 2
