[35m[1mConsolidate compiler generated dependencies of target point_cloud_circle_detector[0m
[ 50%] [32mBuilding CXX object CMakeFiles/point_cloud_circle_detector.dir/src/point_cloud_circle_detector.cpp.o[0m
[01m[K/home/buhrmann/ws_moveit/src/point_cloud_circle_detector/src/point_cloud_circle_detector.cpp:[m[K In member function â€˜[01m[Kvoid PointCloudCircleDetector::listener_callback(sensor_msgs::msg::PointCloud2_<std::allocator<void> >::SharedPtr)[m[Kâ€™:
[01m[K/home/buhrmann/ws_moveit/src/point_cloud_circle_detector/src/point_cloud_circle_detector.cpp:68:31:[m[K [01;31m[Kerror: [m[Kâ€˜[01m[KSACMODEL_CYLYNDER[m[Kâ€™ is not a member of â€˜[01m[Kpcl[m[Kâ€™; did you mean â€˜[01m[KSACMODEL_CYLINDER[m[Kâ€™?
   68 |         seg.setModelType(pcl::[01;31m[KSACMODEL_CYLYNDER[m[K);  // 3D circle model
      |                               [01;31m[K^~~~~~~~~~~~~~~~~[m[K
      |                               [32m[KSACMODEL_CYLINDER[m[K
gmake[2]: *** [CMakeFiles/point_cloud_circle_detector.dir/build.make:76: CMakeFiles/point_cloud_circle_detector.dir/src/point_cloud_circle_detector.cpp.o] Error 1
gmake[1]: *** [CMakeFiles/Makefile2:137: CMakeFiles/point_cloud_circle_detector.dir/all] Error 2
gmake: *** [Makefile:146: all] Error 2
