[35m[1mConsolidate compiler generated dependencies of target point_cloud_circle_detector[0m
[ 50%] [32mBuilding CXX object CMakeFiles/point_cloud_circle_detector.dir/src/point_cloud_circle_detector.cpp.o[0m
[01m[K/home/buhrmann/ws_moveit/src/point_cloud_circle_detector/src/point_cloud_circle_detector.cpp:[m[K In member function â€˜[01m[Kvoid PointCloudCircleDetector::listener_callback(sensor_msgs::msg::PointCloud2_<std::allocator<void> >::SharedPtr)[m[Kâ€™:
[01m[K/home/buhrmann/ws_moveit/src/point_cloud_circle_detector/src/point_cloud_circle_detector.cpp:88:18:[m[K [01;31m[Kerror: [m[Kâ€˜[01m[KExtractIndices[m[Kâ€™ is not a member of â€˜[01m[Kpcl[m[Kâ€™
   88 |             pcl::[01;31m[KExtractIndices[m[K<pcl::PointXYZ> extract;
      |                  [01;31m[K^~~~~~~~~~~~~~[m[K
[01m[K/home/buhrmann/ws_moveit/src/point_cloud_circle_detector/src/point_cloud_circle_detector.cpp:88:46:[m[K [01;31m[Kerror: [m[Kexpected primary-expression before â€˜[01m[K>[m[Kâ€™ token
   88 |             pcl::ExtractIndices<pcl::PointXYZ[01;31m[K>[m[K extract;
      |                                              [01;31m[K^[m[K
[01m[K/home/buhrmann/ws_moveit/src/point_cloud_circle_detector/src/point_cloud_circle_detector.cpp:88:48:[m[K [01;31m[Kerror: [m[Kâ€˜[01m[Kextract[m[Kâ€™ was not declared in this scope
   88 |             pcl::ExtractIndices<pcl::PointXYZ> [01;31m[Kextract[m[K;
      |                                                [01;31m[K^~~~~~~[m[K
gmake[2]: *** [CMakeFiles/point_cloud_circle_detector.dir/build.make:76: CMakeFiles/point_cloud_circle_detector.dir/src/point_cloud_circle_detector.cpp.o] Error 1
gmake[1]: *** [CMakeFiles/Makefile2:137: CMakeFiles/point_cloud_circle_detector.dir/all] Error 2
gmake: *** [Makefile:146: all] Error 2
